{"preview":false,"result":{"_time":"2020-12-07T12:14:52.133+0400","EventRecordID":"4482","_raw":"<Event xmlns='http://schemas.microsoft.com/win/2004/08/events/event'><System><Provider Name='Microsoft-Windows-Sysmon' Guid='{5770385F-C22A-43E0-BF4C-06F5698FFBD9}'/><EventID>1</EventID><Version>5</Version><Level>4</Level><Task>1</Task><Opcode>0</Opcode><Keywords>0x8000000000000000</Keywords><TimeCreated SystemTime='2020-12-07T12:14:52.133413500Z'/><EventRecordID>4482</EventRecordID><Correlation/><Execution ProcessID='2984' ThreadID='3592'/><Channel>Microsoft-Windows-Sysmon/Operational</Channel><Computer>win-dc-61.attackrange.local</Computer><Security UserID='S-1-5-18'/></System><EventData><Data Name='RuleName'>-</Data><Data Name='UtcTime'>2020-12-07 12:14:52.129</Data><Data Name='ProcessGuid'>{D14C3FAC-1CBC-5FCE-EE00-000000009101}</Data><Data Name='ProcessId'>4912</Data><Data Name='Image'>C:\\Windows\\System32\\sc.exe</Data><Data Name='FileVersion'>10.0.14393.0 (rs1_release.160715-1616)</Data><Data Name='Description'>Service Control Manager Configuration Tool</Data><Data Name='Product'>Microsoft® Windows® Operating System</Data><Data Name='Company'>Microsoft Corporation</Data><Data Name='OriginalFileName'>sc.exe</Data><Data Name='CommandLine'>sc  config Fax binPath= \"C:\\windows\\system32\\WindowsPowerShell\\v1.0\\powershell.exe -noexit -c \\\"write-host 'T1543.003 Test'\\\"\" </Data><Data Name='CurrentDirectory'>C:\\Users\\ADMINI~1\\AppData\\Local\\Temp\\</Data><Data Name='User'>ATTACKRANGE\\Administrator</Data><Data Name='LogonGuid'>{D14C3FAC-1CB9-5FCE-01A4-080000000000}</Data><Data Name='LogonId'>0x8a401</Data><Data Name='TerminalSessionId'>0</Data><Data Name='IntegrityLevel'>High</Data><Data Name='Hashes'>MD5=BD31EB150F6547D18329E5F00801D1CD,SHA256=8A775B86CE1A057E290CCD26C59C96070684468A3119790743A346CD54F4DFDF,IMPHASH=A68324ADB4F5664AF8A79E04062F4A92</Data><Data Name='ParentProcessGuid'>{D14C3FAC-1CBC-5FCE-ED00-000000009101}</Data><Data Name='ParentProcessId'>4732</Data><Data Name='ParentImage'>C:\\Windows\\System32\\cmd.exe</Data><Data Name='ParentCommandLine'>\"C:\\Windows\\system32\\cmd.exe\" /c \"sc config Fax binPath= \"C:\\windows\\system32\\WindowsPowerShell\\v1.0\\powershell.exe -noexit -c \\\"write-host 'T1543.003 Test'\\\"\" &amp; sc start Fax\" </Data></EventData></Event>"}}
{"preview":false,"result":{"_time":"2020-12-07T12:14:52.218+0400","EventRecordID":"4522","_raw":"<Event xmlns='http://schemas.microsoft.com/win/2004/08/events/event'><System><Provider Name='Microsoft-Windows-Sysmon' Guid='{5770385F-C22A-43E0-BF4C-06F5698FFBD9}'/><EventID>1</EventID><Version>5</Version><Level>4</Level><Task>1</Task><Opcode>0</Opcode><Keywords>0x8000000000000000</Keywords><TimeCreated SystemTime='2020-12-07T12:14:52.218324100Z'/><EventRecordID>4522</EventRecordID><Correlation/><Execution ProcessID='2984' ThreadID='3592'/><Channel>Microsoft-Windows-Sysmon/Operational</Channel><Computer>win-dc-61.attackrange.local</Computer><Security UserID='S-1-5-18'/></System><EventData><Data Name='RuleName'>-</Data><Data Name='UtcTime'>2020-12-07 12:14:52.216</Data><Data Name='ProcessGuid'>{D14C3FAC-1CBC-5FCE-F100-000000009101}</Data><Data Name='ProcessId'>4868</Data><Data Name='Image'>C:\\Windows\\System32\\sc.exe</Data><Data Name='FileVersion'>10.0.14393.0 (rs1_release.160715-1616)</Data><Data Name='Description'>Service Control Manager Configuration Tool</Data><Data Name='Product'>Microsoft® Windows® Operating System</Data><Data Name='Company'>Microsoft Corporation</Data><Data Name='OriginalFileName'>sc.exe</Data><Data Name='CommandLine'>sc.exe  create AtomicTestService_CMD binPath= C:\\AtomicRedTeam\\atomics\\T1543.003\\bin\\AtomicService.exe </Data><Data Name='CurrentDirectory'>C:\\Users\\ADMINI~1\\AppData\\Local\\Temp\\</Data><Data Name='User'>ATTACKRANGE\\Administrator</Data><Data Name='LogonGuid'>{D14C3FAC-1CB9-5FCE-01A4-080000000000}</Data><Data Name='LogonId'>0x8a401</Data><Data Name='TerminalSessionId'>0</Data><Data Name='IntegrityLevel'>High</Data><Data Name='Hashes'>MD5=BD31EB150F6547D18329E5F00801D1CD,SHA256=8A775B86CE1A057E290CCD26C59C96070684468A3119790743A346CD54F4DFDF,IMPHASH=A68324ADB4F5664AF8A79E04062F4A92</Data><Data Name='ParentProcessGuid'>{D14C3FAC-1CBC-5FCE-F000-000000009101}</Data><Data Name='ParentProcessId'>668</Data><Data Name='ParentImage'>C:\\Windows\\System32\\cmd.exe</Data><Data Name='ParentCommandLine'>\"C:\\Windows\\system32\\cmd.exe\" /c \"sc.exe create AtomicTestService_CMD binPath= C:\\AtomicRedTeam\\atomics\\T1543.003\\bin\\AtomicService.exe &amp; sc.exe start AtomicTestService_CMD\" </Data></EventData></Event>"}}
{"preview":false,"result":{"_time":"2020-12-07T12:14:52.227+0400","EventRecordID":"4537","_raw":"<Event xmlns='http://schemas.microsoft.com/win/2004/08/events/event'><System><Provider Name='Microsoft-Windows-Sysmon' Guid='{5770385F-C22A-43E0-BF4C-06F5698FFBD9}'/><EventID>1</EventID><Version>5</Version><Level>4</Level><Task>1</Task><Opcode>0</Opcode><Keywords>0x8000000000000000</Keywords><TimeCreated SystemTime='2020-12-07T12:14:52.227622700Z'/><EventRecordID>4537</EventRecordID><Correlation/><Execution ProcessID='2984' ThreadID='3592'/><Channel>Microsoft-Windows-Sysmon/Operational</Channel><Computer>win-dc-61.attackrange.local</Computer><Security UserID='S-1-5-18'/></System><EventData><Data Name='RuleName'>-</Data><Data Name='UtcTime'>2020-12-07 12:14:52.225</Data><Data Name='ProcessGuid'>{D14C3FAC-1CBC-5FCE-F200-000000009101}</Data><Data Name='ProcessId'>1284</Data><Data Name='Image'>C:\\Windows\\System32\\sc.exe</Data><Data Name='FileVersion'>10.0.14393.0 (rs1_release.160715-1616)</Data><Data Name='Description'>Service Control Manager Configuration Tool</Data><Data Name='Product'>Microsoft® Windows® Operating System</Data><Data Name='Company'>Microsoft Corporation</Data><Data Name='OriginalFileName'>sc.exe</Data><Data Name='CommandLine'>sc.exe  start AtomicTestService_CMD </Data><Data Name='CurrentDirectory'>C:\\Users\\ADMINI~1\\AppData\\Local\\Temp\\</Data><Data Name='User'>ATTACKRANGE\\Administrator</Data><Data Name='LogonGuid'>{D14C3FAC-1CB9-5FCE-01A4-080000000000}</Data><Data Name='LogonId'>0x8a401</Data><Data Name='TerminalSessionId'>0</Data><Data Name='IntegrityLevel'>High</Data><Data Name='Hashes'>MD5=BD31EB150F6547D18329E5F00801D1CD,SHA256=8A775B86CE1A057E290CCD26C59C96070684468A3119790743A346CD54F4DFDF,IMPHASH=A68324ADB4F5664AF8A79E04062F4A92</Data><Data Name='ParentProcessGuid'>{D14C3FAC-1CBC-5FCE-F000-000000009101}</Data><Data Name='ParentProcessId'>668</Data><Data Name='ParentImage'>C:\\Windows\\System32\\cmd.exe</Data><Data Name='ParentCommandLine'>\"C:\\Windows\\system32\\cmd.exe\" /c \"sc.exe create AtomicTestService_CMD binPath= C:\\AtomicRedTeam\\atomics\\T1543.003\\bin\\AtomicService.exe &amp; sc.exe start AtomicTestService_CMD\" </Data></EventData></Event>"}}
{"preview":false,"result":{"_time":"2020-12-07T12:14:52.284+0400","EventRecordID":"4563","_raw":"<Event xmlns='http://schemas.microsoft.com/win/2004/08/events/event'><System><Provider Name='Microsoft-Windows-Sysmon' Guid='{5770385F-C22A-43E0-BF4C-06F5698FFBD9}'/><EventID>1</EventID><Version>5</Version><Level>4</Level><Task>1</Task><Opcode>0</Opcode><Keywords>0x8000000000000000</Keywords><TimeCreated SystemTime='2020-12-07T12:14:52.284197200Z'/><EventRecordID>4563</EventRecordID><Correlation/><Execution ProcessID='2984' ThreadID='3592'/><Channel>Microsoft-Windows-Sysmon/Operational</Channel><Computer>win-dc-61.attackrange.local</Computer><Security UserID='S-1-5-18'/></System><EventData><Data Name='RuleName'>-</Data><Data Name='UtcTime'>2020-12-07 12:14:52.282</Data><Data Name='ProcessGuid'>{D14C3FAC-1CBC-5FCE-F400-000000009101}</Data><Data Name='ProcessId'>1000</Data><Data Name='Image'>C:\\Windows\\System32\\WindowsPowerShell\\v1.0\\powershell.exe</Data><Data Name='FileVersion'>10.0.14393.206 (rs1_release.160915-0644)</Data><Data Name='Description'>Windows PowerShell</Data><Data Name='Product'>Microsoft® Windows® Operating System</Data><Data Name='Company'>Microsoft Corporation</Data><Data Name='OriginalFileName'>PowerShell.EXE</Data><Data Name='CommandLine'>\"C:\\Windows\\System32\\WindowsPowerShell\\v1.0\\powershell.exe\" &amp; {New-Service -Name \\\"\"AtomicTestService_PowerShell\\\"\" -BinaryPathName \\\"\"C:\\AtomicRedTeam\\atomics\\T1543.003\\bin\\AtomicService.exe\\\"\"\nStart-Service -Name \\\"\"AtomicTestService_PowerShell\\\"\"} </Data><Data Name='CurrentDirectory'>C:\\Users\\ADMINI~1\\AppData\\Local\\Temp\\</Data><Data Name='User'>ATTACKRANGE\\Administrator</Data><Data Name='LogonGuid'>{D14C3FAC-1CB9-5FCE-01A4-080000000000}</Data><Data Name='LogonId'>0x8a401</Data><Data Name='TerminalSessionId'>0</Data><Data Name='IntegrityLevel'>High</Data><Data Name='Hashes'>MD5=097CE5761C89434367598B34FE32893B,SHA256=BA4038FD20E474C047BE8AAD5BFACDB1BFC1DDBE12F803F473B7918D8D819436,IMPHASH=CAEE994F79D85E47C06E5FA9CDEAE453</Data><Data Name='ParentProcessGuid'>{D14C3FAC-1CBB-5FCE-E800-000000009101}</Data><Data Name='ParentProcessId'>2856</Data><Data Name='ParentImage'>C:\\Windows\\System32\\WindowsPowerShell\\v1.0\\powershell.exe</Data><Data Name='ParentCommandLine'>\"powershell.exe\" -noninteractive -encodedcommand WwBDAG8AbgBzAG8AbABlAF0AOgA6AEkAbgBwAHUAdABFAG4AYwBvAGQAaQBuAGcAIAA9ACAATgBlAHcALQBPAGIAagBlAGMAdAAgAFQAZQB4AHQALgBVAFQARgA4AEUAbgBjAG8AZABpAG4AZwAgACQAZgBhAGwAcwBlADsAIABJAG0AcABvAHIAdAAtAE0AbwBkAHUAbABlACAAIgBDADoAXABBAHQAbwBtAGkAYwBSAGUAZABUAGUAYQBtAFwAaQBuAHYAbwBrAGUALQBhAHQAbwBtAGkAYwByAGUAZAB0AGUAYQBtAFwASQBuAHYAbwBrAGUALQBBAHQAbwBtAGkAYwBSAGUAZABUAGUAYQBtAC4AcABzAGQAMQAiACAALQBGAG8AcgBjAGUACgBJAG4AdgBvAGsAZQAtAEEAdABvAG0AaQBjAFQAZQBzAHQAIAAiAFQAMQA1ADQAMwAuADAAMAAzACIAIAAtAEMAbwBuAGYAaQByAG0AOgAkAGYAYQBsAHMAZQAgAC0AVABpAG0AZQBvAHUAdABTAGUAYwBvAG4AZABzACAAMwAwADAAIAAtAEUAeABlAGMAdQB0AGkAbwBuAEwAbwBnAFAAYQB0AGgAIABDADoAXABBAHQAbwBtAGkAYwBSAGUAZABUAGUAYQBtAFwAYQB0AGMAXwBlAHgAZQBjAHUAdABpAG8AbgAuAGMAcwB2AA==</Data></EventData></Event>"}}
{"preview":false,"result":{"_time":"2020-12-07T12:14:52.491+0400","EventRecordID":"4583","_raw":"<Event xmlns='http://schemas.microsoft.com/win/2004/08/events/event'><System><Provider Name='Microsoft-Windows-Sysmon' Guid='{5770385F-C22A-43E0-BF4C-06F5698FFBD9}'/><EventID>1</EventID><Version>5</Version><Level>4</Level><Task>1</Task><Opcode>0</Opcode><Keywords>0x8000000000000000</Keywords><TimeCreated SystemTime='2020-12-07T12:14:52.491280200Z'/><EventRecordID>4583</EventRecordID><Correlation/><Execution ProcessID='2984' ThreadID='3592'/><Channel>Microsoft-Windows-Sysmon/Operational</Channel><Computer>win-dc-61.attackrange.local</Computer><Security UserID='S-1-5-18'/></System><EventData><Data Name='RuleName'>-</Data><Data Name='UtcTime'>2020-12-07 12:14:52.489</Data><Data Name='ProcessGuid'>{D14C3FAC-1CBC-5FCE-F500-000000009101}</Data><Data Name='ProcessId'>4948</Data><Data Name='Image'>C:\\AtomicRedTeam\\atomics\\T1543.003\\bin\\AtomicService.exe</Data><Data Name='FileVersion'>0.0.0.0</Data><Data Name='Description'> </Data><Data Name='Product'>-</Data><Data Name='Company'>-</Data><Data Name='OriginalFileName'>AtomicService.exe</Data><Data Name='CommandLine'>C:\\AtomicRedTeam\\atomics\\T1543.003\\bin\\AtomicService.exe</Data><Data Name='CurrentDirectory'>C:\\Windows\\system32\\</Data><Data Name='User'>NT AUTHORITY\\SYSTEM</Data><Data Name='LogonGuid'>{D14C3FAC-1C5D-5FCE-E703-000000000000}</Data><Data Name='LogonId'>0x3e7</Data><Data Name='TerminalSessionId'>0</Data><Data Name='IntegrityLevel'>System</Data><Data Name='Hashes'>MD5=411DA57CAB442A79351E2028D0D6F344,SHA256=9C125ECF7D9D6BBD56112A6BAB84799DED8A3B90D223366E09664A8FF2AB6651,IMPHASH=F34D5F2D4577ED6D9CEEC516C1F5A744</Data><Data Name='ParentProcessGuid'>{D14C3FAC-1C5C-5FCE-0A00-000000009101}</Data><Data Name='ParentProcessId'>852</Data><Data Name='ParentImage'>C:\\Windows\\System32\\services.exe</Data><Data Name='ParentCommandLine'>C:\\Windows\\system32\\services.exe</Data></EventData></Event>"}}
{"preview":false,"result":{"_time":"2020-12-07T12:14:55.350+0400","EventRecordID":"4808","_raw":"<Event xmlns='http://schemas.microsoft.com/win/2004/08/events/event'><System><Provider Name='Microsoft-Windows-Sysmon' Guid='{5770385F-C22A-43E0-BF4C-06F5698FFBD9}'/><EventID>1</EventID><Version>5</Version><Level>4</Level><Task>1</Task><Opcode>0</Opcode><Keywords>0x8000000000000000</Keywords><TimeCreated SystemTime='2020-12-07T12:14:55.350892400Z'/><EventRecordID>4808</EventRecordID><Correlation/><Execution ProcessID='2984' ThreadID='3592'/><Channel>Microsoft-Windows-Sysmon/Operational</Channel><Computer>win-dc-61.attackrange.local</Computer><Security UserID='S-1-5-18'/></System><EventData><Data Name='RuleName'>-</Data><Data Name='UtcTime'>2020-12-07 12:14:55.349</Data><Data Name='ProcessGuid'>{D14C3FAC-1CBF-5FCE-0401-000000009101}</Data><Data Name='ProcessId'>4880</Data><Data Name='Image'>C:\\Windows\\System32\\sc.exe</Data><Data Name='FileVersion'>10.0.14393.0 (rs1_release.160715-1616)</Data><Data Name='Description'>Service Control Manager Configuration Tool</Data><Data Name='Product'>Microsoft® Windows® Operating System</Data><Data Name='Company'>Microsoft Corporation</Data><Data Name='OriginalFileName'>sc.exe</Data><Data Name='CommandLine'>sc  config Fax binPath= \"C:\\WINDOWS\\system32\\fxssvc.exe\"  </Data><Data Name='CurrentDirectory'>C:\\Users\\ADMINI~1\\AppData\\Local\\Temp\\</Data><Data Name='User'>ATTACKRANGE\\Administrator</Data><Data Name='LogonGuid'>{D14C3FAC-1CBD-5FCE-875C-090000000000}</Data><Data Name='LogonId'>0x95c87</Data><Data Name='TerminalSessionId'>0</Data><Data Name='IntegrityLevel'>High</Data><Data Name='Hashes'>MD5=BD31EB150F6547D18329E5F00801D1CD,SHA256=8A775B86CE1A057E290CCD26C59C96070684468A3119790743A346CD54F4DFDF,IMPHASH=A68324ADB4F5664AF8A79E04062F4A92</Data><Data Name='ParentProcessGuid'>{D14C3FAC-1CBF-5FCE-0301-000000009101}</Data><Data Name='ParentProcessId'>4136</Data><Data Name='ParentImage'>C:\\Windows\\System32\\cmd.exe</Data><Data Name='ParentCommandLine'>\"C:\\Windows\\system32\\cmd.exe\" /c \"sc config Fax binPath= \"C:\\WINDOWS\\system32\\fxssvc.exe\" &gt;nul 2&gt;&amp;1\" </Data></EventData></Event>"},"lastrow":true}
