{"preview":false,"result":{"_time":"2021-02-09T22:38:48.157+0400","EventRecordID":"14386","_raw":"<Event xmlns='http://schemas.microsoft.com/win/2004/08/events/event'><System><Provider Name='Microsoft-Windows-Sysmon' Guid='{5770385F-C22A-43E0-BF4C-06F5698FFBD9}'/><EventID>1</EventID><Version>5</Version><Level>4</Level><Task>1</Task><Opcode>0</Opcode><Keywords>0x8000000000000000</Keywords><TimeCreated SystemTime='2021-02-09T22:38:48.157120400Z'/><EventRecordID>14386</EventRecordID><Correlation/><Execution ProcessID='2108' ThreadID='3228'/><Channel>Microsoft-Windows-Sysmon/Operational</Channel><Computer>win-dc-782.attackrange.local</Computer><Security UserID='S-1-5-18'/></System><EventData><Data Name='RuleName'>-</Data><Data Name='UtcTime'>2021-02-09 22:38:48.155</Data><Data Name='ProcessGuid'>{6F8181CE-0EF8-6023-A905-00000000A301}</Data><Data Name='ProcessId'>5480</Data><Data Name='Image'>C:\\Windows\\System32\\certutil.exe</Data><Data Name='FileVersion'>10.0.14393.4169 (rs1_release.210107-1130)</Data><Data Name='Description'>CertUtil.exe</Data><Data Name='Product'>Microsoft® Windows® Operating System</Data><Data Name='Company'>Microsoft Corporation</Data><Data Name='OriginalFileName'>CertUtil.exe</Data><Data Name='CommandLine'>certutil.exe  -privatekey -exportpfx \"Computer\" Computer.pfx</Data><Data Name='CurrentDirectory'>C:\\Users\\Administrator\\</Data><Data Name='User'>ATTACKRANGE\\Administrator</Data><Data Name='LogonGuid'>{6F8181CE-080A-6023-4630-2A0000000000}</Data><Data Name='LogonId'>0x2a3046</Data><Data Name='TerminalSessionId'>2</Data><Data Name='IntegrityLevel'>High</Data><Data Name='Hashes'>MD5=BF7CEA72AE186A10239F830F93492A73,SHA256=A50DFE408565C2BB011D013AC43E616B2A595B1D06EB9B083F519672732498DA,IMPHASH=442218E88D4D6AA0BE3165DD7B20A4C4</Data><Data Name='ParentProcessGuid'>{6F8181CE-087B-6023-D404-00000000A301}</Data><Data Name='ParentProcessId'>3532</Data><Data Name='ParentImage'>C:\\Windows\\System32\\cmd.exe</Data><Data Name='ParentCommandLine'>\"C:\\Windows\\system32\\cmd.exe\" </Data></EventData></Event>"}}
{"preview":false,"result":{"_time":"2021-02-09T22:42:05.032+0400","EventRecordID":"14673","_raw":"<Event xmlns='http://schemas.microsoft.com/win/2004/08/events/event'><System><Provider Name='Microsoft-Windows-Sysmon' Guid='{5770385F-C22A-43E0-BF4C-06F5698FFBD9}'/><EventID>1</EventID><Version>5</Version><Level>4</Level><Task>1</Task><Opcode>0</Opcode><Keywords>0x8000000000000000</Keywords><TimeCreated SystemTime='2021-02-09T22:42:05.032637400Z'/><EventRecordID>14673</EventRecordID><Correlation/><Execution ProcessID='2108' ThreadID='3228'/><Channel>Microsoft-Windows-Sysmon/Operational</Channel><Computer>win-dc-782.attackrange.local</Computer><Security UserID='S-1-5-18'/></System><EventData><Data Name='RuleName'>-</Data><Data Name='UtcTime'>2021-02-09 22:42:05.030</Data><Data Name='ProcessGuid'>{6F8181CE-0FBD-6023-C105-00000000A301}</Data><Data Name='ProcessId'>6416</Data><Data Name='Image'>C:\\Windows\\System32\\certutil.exe</Data><Data Name='FileVersion'>10.0.14393.4169 (rs1_release.210107-1130)</Data><Data Name='Description'>CertUtil.exe</Data><Data Name='Product'>Microsoft® Windows® Operating System</Data><Data Name='Company'>Microsoft Corporation</Data><Data Name='OriginalFileName'>CertUtil.exe</Data><Data Name='CommandLine'>certutil.exe  -privatekey -exportpfx \"1234\" test.pfx</Data><Data Name='CurrentDirectory'>C:\\Users\\Administrator\\</Data><Data Name='User'>ATTACKRANGE\\Administrator</Data><Data Name='LogonGuid'>{6F8181CE-080A-6023-4630-2A0000000000}</Data><Data Name='LogonId'>0x2a3046</Data><Data Name='TerminalSessionId'>2</Data><Data Name='IntegrityLevel'>High</Data><Data Name='Hashes'>MD5=BF7CEA72AE186A10239F830F93492A73,SHA256=A50DFE408565C2BB011D013AC43E616B2A595B1D06EB9B083F519672732498DA,IMPHASH=442218E88D4D6AA0BE3165DD7B20A4C4</Data><Data Name='ParentProcessGuid'>{6F8181CE-087B-6023-D404-00000000A301}</Data><Data Name='ParentProcessId'>3532</Data><Data Name='ParentImage'>C:\\Windows\\System32\\cmd.exe</Data><Data Name='ParentCommandLine'>\"C:\\Windows\\system32\\cmd.exe\" </Data></EventData></Event>"}}
{"preview":false,"result":{"_time":"2021-02-09T22:43:03.127+0400","EventRecordID":"14745","_raw":"<Event xmlns='http://schemas.microsoft.com/win/2004/08/events/event'><System><Provider Name='Microsoft-Windows-Sysmon' Guid='{5770385F-C22A-43E0-BF4C-06F5698FFBD9}'/><EventID>1</EventID><Version>5</Version><Level>4</Level><Task>1</Task><Opcode>0</Opcode><Keywords>0x8000000000000000</Keywords><TimeCreated SystemTime='2021-02-09T22:43:03.127971700Z'/><EventRecordID>14745</EventRecordID><Correlation/><Execution ProcessID='2108' ThreadID='3228'/><Channel>Microsoft-Windows-Sysmon/Operational</Channel><Computer>win-dc-782.attackrange.local</Computer><Security UserID='S-1-5-18'/></System><EventData><Data Name='RuleName'>-</Data><Data Name='UtcTime'>2021-02-09 22:43:03.125</Data><Data Name='ProcessGuid'>{6F8181CE-0FF7-6023-C905-00000000A301}</Data><Data Name='ProcessId'>1100</Data><Data Name='Image'>C:\\Windows\\System32\\certutil.exe</Data><Data Name='FileVersion'>10.0.14393.4169 (rs1_release.210107-1130)</Data><Data Name='Description'>CertUtil.exe</Data><Data Name='Product'>Microsoft® Windows® Operating System</Data><Data Name='Company'>Microsoft Corporation</Data><Data Name='OriginalFileName'>CertUtil.exe</Data><Data Name='CommandLine'>certutil  -dcinfo</Data><Data Name='CurrentDirectory'>C:\\Users\\Administrator\\</Data><Data Name='User'>ATTACKRANGE\\Administrator</Data><Data Name='LogonGuid'>{6F8181CE-080A-6023-4630-2A0000000000}</Data><Data Name='LogonId'>0x2a3046</Data><Data Name='TerminalSessionId'>2</Data><Data Name='IntegrityLevel'>High</Data><Data Name='Hashes'>MD5=BF7CEA72AE186A10239F830F93492A73,SHA256=A50DFE408565C2BB011D013AC43E616B2A595B1D06EB9B083F519672732498DA,IMPHASH=442218E88D4D6AA0BE3165DD7B20A4C4</Data><Data Name='ParentProcessGuid'>{6F8181CE-087B-6023-D404-00000000A301}</Data><Data Name='ParentProcessId'>3532</Data><Data Name='ParentImage'>C:\\Windows\\System32\\cmd.exe</Data><Data Name='ParentCommandLine'>\"C:\\Windows\\system32\\cmd.exe\" </Data></EventData></Event>"}}
{"preview":false,"result":{"_time":"2021-02-09T23:28:15.192+0400","EventRecordID":"20445","_raw":"<Event xmlns='http://schemas.microsoft.com/win/2004/08/events/event'><System><Provider Name='Microsoft-Windows-Sysmon' Guid='{5770385F-C22A-43E0-BF4C-06F5698FFBD9}'/><EventID>1</EventID><Version>5</Version><Level>4</Level><Task>1</Task><Opcode>0</Opcode><Keywords>0x8000000000000000</Keywords><TimeCreated SystemTime='2021-02-09T23:28:15.192535000Z'/><EventRecordID>20445</EventRecordID><Correlation/><Execution ProcessID='2108' ThreadID='3228'/><Channel>Microsoft-Windows-Sysmon/Operational</Channel><Computer>win-dc-782.attackrange.local</Computer><Security UserID='S-1-5-18'/></System><EventData><Data Name='RuleName'>-</Data><Data Name='UtcTime'>2021-02-09 23:28:15.190</Data><Data Name='ProcessGuid'>{6F8181CE-1A8F-6023-8407-00000000A301}</Data><Data Name='ProcessId'>5224</Data><Data Name='Image'>C:\\Windows\\System32\\certutil.exe</Data><Data Name='FileVersion'>10.0.14393.4169 (rs1_release.210107-1130)</Data><Data Name='Description'>CertUtil.exe</Data><Data Name='Product'>Microsoft® Windows® Operating System</Data><Data Name='Company'>Microsoft Corporation</Data><Data Name='OriginalFileName'>CertUtil.exe</Data><Data Name='CommandLine'>certutil  -Store MY</Data><Data Name='CurrentDirectory'>C:\\Users\\Administrator\\</Data><Data Name='User'>ATTACKRANGE\\Administrator</Data><Data Name='LogonGuid'>{6F8181CE-080A-6023-4630-2A0000000000}</Data><Data Name='LogonId'>0x2a3046</Data><Data Name='TerminalSessionId'>2</Data><Data Name='IntegrityLevel'>High</Data><Data Name='Hashes'>MD5=BF7CEA72AE186A10239F830F93492A73,SHA256=A50DFE408565C2BB011D013AC43E616B2A595B1D06EB9B083F519672732498DA,IMPHASH=442218E88D4D6AA0BE3165DD7B20A4C4</Data><Data Name='ParentProcessGuid'>{6F8181CE-087B-6023-D404-00000000A301}</Data><Data Name='ParentProcessId'>3532</Data><Data Name='ParentImage'>C:\\Windows\\System32\\cmd.exe</Data><Data Name='ParentCommandLine'>\"C:\\Windows\\system32\\cmd.exe\" </Data></EventData></Event>"}}
{"preview":false,"result":{"_time":"2021-02-09T23:30:11.619+0400","EventRecordID":"20623","_raw":"<Event xmlns='http://schemas.microsoft.com/win/2004/08/events/event'><System><Provider Name='Microsoft-Windows-Sysmon' Guid='{5770385F-C22A-43E0-BF4C-06F5698FFBD9}'/><EventID>1</EventID><Version>5</Version><Level>4</Level><Task>1</Task><Opcode>0</Opcode><Keywords>0x8000000000000000</Keywords><TimeCreated SystemTime='2021-02-09T23:30:11.619796400Z'/><EventRecordID>20623</EventRecordID><Correlation/><Execution ProcessID='2108' ThreadID='3228'/><Channel>Microsoft-Windows-Sysmon/Operational</Channel><Computer>win-dc-782.attackrange.local</Computer><Security UserID='S-1-5-18'/></System><EventData><Data Name='RuleName'>-</Data><Data Name='UtcTime'>2021-02-09 23:30:11.617</Data><Data Name='ProcessGuid'>{6F8181CE-1B03-6023-9307-00000000A301}</Data><Data Name='ProcessId'>5332</Data><Data Name='Image'>C:\\Windows\\System32\\certutil.exe</Data><Data Name='FileVersion'>10.0.14393.4169 (rs1_release.210107-1130)</Data><Data Name='Description'>CertUtil.exe</Data><Data Name='Product'>Microsoft® Windows® Operating System</Data><Data Name='Company'>Microsoft Corporation</Data><Data Name='OriginalFileName'>CertUtil.exe</Data><Data Name='CommandLine'>certutil  -exportPFX My 74ae941ce26523ae422d501e631decd0 C:\\cert.pfx</Data><Data Name='CurrentDirectory'>C:\\Users\\Administrator\\</Data><Data Name='User'>ATTACKRANGE\\Administrator</Data><Data Name='LogonGuid'>{6F8181CE-080A-6023-4630-2A0000000000}</Data><Data Name='LogonId'>0x2a3046</Data><Data Name='TerminalSessionId'>2</Data><Data Name='IntegrityLevel'>High</Data><Data Name='Hashes'>MD5=BF7CEA72AE186A10239F830F93492A73,SHA256=A50DFE408565C2BB011D013AC43E616B2A595B1D06EB9B083F519672732498DA,IMPHASH=442218E88D4D6AA0BE3165DD7B20A4C4</Data><Data Name='ParentProcessGuid'>{6F8181CE-087B-6023-D404-00000000A301}</Data><Data Name='ParentProcessId'>3532</Data><Data Name='ParentImage'>C:\\Windows\\System32\\cmd.exe</Data><Data Name='ParentCommandLine'>\"C:\\Windows\\system32\\cmd.exe\" </Data></EventData></Event>"},"lastrow":true}
