{"preview":false,"result":{"_time":"2020-12-09T11:21:53.832+0400","EventRecordID":"8385","_raw":"<Event xmlns='http://schemas.microsoft.com/win/2004/08/events/event'><System><Provider Name='Microsoft-Windows-Sysmon' Guid='{5770385F-C22A-43E0-BF4C-06F5698FFBD9}'/><EventID>1</EventID><Version>5</Version><Level>4</Level><Task>1</Task><Opcode>0</Opcode><Keywords>0x8000000000000000</Keywords><TimeCreated SystemTime='2020-12-09T11:21:53.832952200Z'/><EventRecordID>8385</EventRecordID><Correlation/><Execution ProcessID='2728' ThreadID='3576'/><Channel>Microsoft-Windows-Sysmon/Operational</Channel><Computer>win-dc-533.attackrange.local</Computer><Security UserID='S-1-5-18'/></System><EventData><Data Name='RuleName'></Data><Data Name='UtcTime'>2020-12-09 11:21:53.831</Data><Data Name='ProcessGuid'>{58D8C100-B351-5FD0-0000-001008731100}</Data><Data Name='ProcessId'>4420</Data><Data Name='Image'>C:\\Windows\\System32\\cmd.exe</Data><Data Name='FileVersion'>10.0.14393.0 (rs1_release.160715-1616)</Data><Data Name='Description'>Windows Command Processor</Data><Data Name='Product'>Microsoft® Windows® Operating System</Data><Data Name='Company'>Microsoft Corporation</Data><Data Name='OriginalFileName'>Cmd.Exe</Data><Data Name='CommandLine'>\"C:\\Windows\\system32\\cmd.exe\" /c \"copy C:\\AtomicRedTeam\\atomics\\T1574.009\\bin\\WindowsServiceExample.exe \"C:\\Program Files\\windows_service.exe\" &amp; copy C:\\AtomicRedTeam\\atomics\\T1574.009\\bin\\WindowsServiceExample.exe \"C:\\program.exe\" &amp; sc create \"Example Service\" binpath= \"C:\\Program Files\\windows_service.exe\" Displayname= \"Example Service\" start= auto &amp; sc start \"Example Service\"\" </Data><Data Name='CurrentDirectory'>C:\\Users\\ADMINI~1\\AppData\\Local\\Temp\\</Data><Data Name='User'>ATTACKRANGE\\Administrator</Data><Data Name='LogonGuid'>{58D8C100-B34F-5FD0-0000-0020B5FE1000}</Data><Data Name='LogonId'>0x10feb5</Data><Data Name='TerminalSessionId'>0</Data><Data Name='IntegrityLevel'>High</Data><Data Name='Hashes'>MD5=F4F684066175B77E0C3A000549D2922C,SHA256=935C1861DF1F4018D698E8B65ABFA02D7E9037D8F68CA3C2065B6CA165D44AD2,IMPHASH=3062ED732D4B25D1C64F084DAC97D37A</Data><Data Name='ParentProcessGuid'>{58D8C100-B350-5FD0-0000-0010733C1100}</Data><Data Name='ParentProcessId'>4416</Data><Data Name='ParentImage'>C:\\Windows\\System32\\WindowsPowerShell\\v1.0\\powershell.exe</Data><Data Name='ParentCommandLine'>\"powershell.exe\" -noninteractive -encodedcommand WwBDAG8AbgBzAG8AbABlAF0AOgA6AEkAbgBwAHUAdABFAG4AYwBvAGQAaQBuAGcAIAA9ACAATgBlAHcALQBPAGIAagBlAGMAdAAgAFQAZQB4AHQALgBVAFQARgA4AEUAbgBjAG8AZABpAG4AZwAgACQAZgBhAGwAcwBlADsAIABJAG0AcABvAHIAdAAtAE0AbwBkAHUAbABlACAAIgBDADoAXABBAHQAbwBtAGkAYwBSAGUAZABUAGUAYQBtAFwAaQBuAHYAbwBrAGUALQBhAHQAbwBtAGkAYwByAGUAZAB0AGUAYQBtAFwASQBuAHYAbwBrAGUALQBBAHQAbwBtAGkAYwBSAGUAZABUAGUAYQBtAC4AcABzAGQAMQAiACAALQBGAG8AcgBjAGUACgBJAG4AdgBvAGsAZQAtAEEAdABvAG0AaQBjAFQAZQBzAHQAIAAiAFQAMQA1ADcANAAuADAAMAA5ACIAIAAtAEMAbwBuAGYAaQByAG0AOgAkAGYAYQBsAHMAZQAgAC0AVABpAG0AZQBvAHUAdABTAGUAYwBvAG4AZABzACAAMwAwADAAIAAtAEUAeABlAGMAdQB0AGkAbwBuAEwAbwBnAFAAYQB0AGgAIABDADoAXABBAHQAbwBtAGkAYwBSAGUAZABUAGUAYQBtAFwAYQB0AGMAXwBlAHgAZQBjAHUAdABpAG8AbgAuAGMAcwB2AA==</Data></EventData></Event>"}}
{"preview":false,"result":{"_time":"2020-12-09T11:21:53.849+0400","EventRecordID":"8401","_raw":"<Event xmlns='http://schemas.microsoft.com/win/2004/08/events/event'><System><Provider Name='Microsoft-Windows-Sysmon' Guid='{5770385F-C22A-43E0-BF4C-06F5698FFBD9}'/><EventID>1</EventID><Version>5</Version><Level>4</Level><Task>1</Task><Opcode>0</Opcode><Keywords>0x8000000000000000</Keywords><TimeCreated SystemTime='2020-12-09T11:21:53.849215000Z'/><EventRecordID>8401</EventRecordID><Correlation/><Execution ProcessID='2728' ThreadID='3576'/><Channel>Microsoft-Windows-Sysmon/Operational</Channel><Computer>win-dc-533.attackrange.local</Computer><Security UserID='S-1-5-18'/></System><EventData><Data Name='RuleName'></Data><Data Name='UtcTime'>2020-12-09 11:21:53.845</Data><Data Name='ProcessGuid'>{58D8C100-B351-5FD0-0000-0010E7731100}</Data><Data Name='ProcessId'>4812</Data><Data Name='Image'>C:\\Windows\\System32\\sc.exe</Data><Data Name='FileVersion'>10.0.14393.0 (rs1_release.160715-1616)</Data><Data Name='Description'>Service Control Manager Configuration Tool</Data><Data Name='Product'>Microsoft® Windows® Operating System</Data><Data Name='Company'>Microsoft Corporation</Data><Data Name='OriginalFileName'>sc.exe</Data><Data Name='CommandLine'>sc  create \"Example Service\" binpath= \"C:\\Program Files\\windows_service.exe\" Displayname= \"Example Service\" start= auto </Data><Data Name='CurrentDirectory'>C:\\Users\\ADMINI~1\\AppData\\Local\\Temp\\</Data><Data Name='User'>ATTACKRANGE\\Administrator</Data><Data Name='LogonGuid'>{58D8C100-B34F-5FD0-0000-0020B5FE1000}</Data><Data Name='LogonId'>0x10feb5</Data><Data Name='TerminalSessionId'>0</Data><Data Name='IntegrityLevel'>High</Data><Data Name='Hashes'>MD5=BD31EB150F6547D18329E5F00801D1CD,SHA256=8A775B86CE1A057E290CCD26C59C96070684468A3119790743A346CD54F4DFDF,IMPHASH=A68324ADB4F5664AF8A79E04062F4A92</Data><Data Name='ParentProcessGuid'>{58D8C100-B351-5FD0-0000-001008731100}</Data><Data Name='ParentProcessId'>4420</Data><Data Name='ParentImage'>C:\\Windows\\System32\\cmd.exe</Data><Data Name='ParentCommandLine'>\"C:\\Windows\\system32\\cmd.exe\" /c \"copy C:\\AtomicRedTeam\\atomics\\T1574.009\\bin\\WindowsServiceExample.exe \"C:\\Program Files\\windows_service.exe\" &amp; copy C:\\AtomicRedTeam\\atomics\\T1574.009\\bin\\WindowsServiceExample.exe \"C:\\program.exe\" &amp; sc create \"Example Service\" binpath= \"C:\\Program Files\\windows_service.exe\" Displayname= \"Example Service\" start= auto &amp; sc start \"Example Service\"\" </Data></EventData></Event>"}}
{"preview":false,"result":{"_time":"2020-12-09T11:21:53.857+0400","EventRecordID":"8420","_raw":"<Event xmlns='http://schemas.microsoft.com/win/2004/08/events/event'><System><Provider Name='Microsoft-Windows-Sysmon' Guid='{5770385F-C22A-43E0-BF4C-06F5698FFBD9}'/><EventID>1</EventID><Version>5</Version><Level>4</Level><Task>1</Task><Opcode>0</Opcode><Keywords>0x8000000000000000</Keywords><TimeCreated SystemTime='2020-12-09T11:21:53.857822700Z'/><EventRecordID>8420</EventRecordID><Correlation/><Execution ProcessID='2728' ThreadID='3576'/><Channel>Microsoft-Windows-Sysmon/Operational</Channel><Computer>win-dc-533.attackrange.local</Computer><Security UserID='S-1-5-18'/></System><EventData><Data Name='RuleName'></Data><Data Name='UtcTime'>2020-12-09 11:21:53.856</Data><Data Name='ProcessGuid'>{58D8C100-B351-5FD0-0000-0010BC741100}</Data><Data Name='ProcessId'>4980</Data><Data Name='Image'>C:\\Windows\\System32\\sc.exe</Data><Data Name='FileVersion'>10.0.14393.0 (rs1_release.160715-1616)</Data><Data Name='Description'>Service Control Manager Configuration Tool</Data><Data Name='Product'>Microsoft® Windows® Operating System</Data><Data Name='Company'>Microsoft Corporation</Data><Data Name='OriginalFileName'>sc.exe</Data><Data Name='CommandLine'>sc  start \"Example Service\" </Data><Data Name='CurrentDirectory'>C:\\Users\\ADMINI~1\\AppData\\Local\\Temp\\</Data><Data Name='User'>ATTACKRANGE\\Administrator</Data><Data Name='LogonGuid'>{58D8C100-B34F-5FD0-0000-0020B5FE1000}</Data><Data Name='LogonId'>0x10feb5</Data><Data Name='TerminalSessionId'>0</Data><Data Name='IntegrityLevel'>High</Data><Data Name='Hashes'>MD5=BD31EB150F6547D18329E5F00801D1CD,SHA256=8A775B86CE1A057E290CCD26C59C96070684468A3119790743A346CD54F4DFDF,IMPHASH=A68324ADB4F5664AF8A79E04062F4A92</Data><Data Name='ParentProcessGuid'>{58D8C100-B351-5FD0-0000-001008731100}</Data><Data Name='ParentProcessId'>4420</Data><Data Name='ParentImage'>C:\\Windows\\System32\\cmd.exe</Data><Data Name='ParentCommandLine'>\"C:\\Windows\\system32\\cmd.exe\" /c \"copy C:\\AtomicRedTeam\\atomics\\T1574.009\\bin\\WindowsServiceExample.exe \"C:\\Program Files\\windows_service.exe\" &amp; copy C:\\AtomicRedTeam\\atomics\\T1574.009\\bin\\WindowsServiceExample.exe \"C:\\program.exe\" &amp; sc create \"Example Service\" binpath= \"C:\\Program Files\\windows_service.exe\" Displayname= \"Example Service\" start= auto &amp; sc start \"Example Service\"\" </Data></EventData></Event>"}}
{"preview":false,"result":{"_time":"2020-12-09T11:21:53.863+0400","EventRecordID":"8433","_raw":"<Event xmlns='http://schemas.microsoft.com/win/2004/08/events/event'><System><Provider Name='Microsoft-Windows-Sysmon' Guid='{5770385F-C22A-43E0-BF4C-06F5698FFBD9}'/><EventID>1</EventID><Version>5</Version><Level>4</Level><Task>1</Task><Opcode>0</Opcode><Keywords>0x8000000000000000</Keywords><TimeCreated SystemTime='2020-12-09T11:21:53.863416500Z'/><EventRecordID>8433</EventRecordID><Correlation/><Execution ProcessID='2728' ThreadID='3576'/><Channel>Microsoft-Windows-Sysmon/Operational</Channel><Computer>win-dc-533.attackrange.local</Computer><Security UserID='S-1-5-18'/></System><EventData><Data Name='RuleName'></Data><Data Name='UtcTime'>2020-12-09 11:21:53.861</Data><Data Name='ProcessGuid'>{58D8C100-B351-5FD0-0000-00108F751100}</Data><Data Name='ProcessId'>3612</Data><Data Name='Image'>C:\\program.exe</Data><Data Name='FileVersion'>1.0.0.0</Data><Data Name='Description'>WindowsServiceExample</Data><Data Name='Product'>WindowsServiceExample</Data><Data Name='Company'></Data><Data Name='OriginalFileName'>WindowsServiceExample.exe</Data><Data Name='CommandLine'>C:\\Program Files\\windows_service.exe</Data><Data Name='CurrentDirectory'>C:\\Windows\\system32\\</Data><Data Name='User'>NT AUTHORITY\\SYSTEM</Data><Data Name='LogonGuid'>{58D8C100-B00E-5FD0-0000-0020E7030000}</Data><Data Name='LogonId'>0x3e7</Data><Data Name='TerminalSessionId'>0</Data><Data Name='IntegrityLevel'>System</Data><Data Name='Hashes'>MD5=0655D1BD0C0C8C35999C9644A214EA4F,SHA256=F37FDC504696F1BD51F634EACE4786A3D13E9E77E0A015633BB3674A95BE84BD,IMPHASH=F34D5F2D4577ED6D9CEEC516C1F5A744</Data><Data Name='ParentProcessGuid'>{58D8C100-B00E-5FD0-0000-001018530000}</Data><Data Name='ParentProcessId'>852</Data><Data Name='ParentImage'>C:\\Windows\\System32\\services.exe</Data><Data Name='ParentCommandLine'>C:\\Windows\\system32\\services.exe</Data></EventData></Event>"}}
{"preview":false,"result":{"_time":"2020-12-09T11:21:57.309+0400","EventRecordID":"8701","_raw":"<Event xmlns='http://schemas.microsoft.com/win/2004/08/events/event'><System><Provider Name='Microsoft-Windows-Sysmon' Guid='{5770385F-C22A-43E0-BF4C-06F5698FFBD9}'/><EventID>1</EventID><Version>5</Version><Level>4</Level><Task>1</Task><Opcode>0</Opcode><Keywords>0x8000000000000000</Keywords><TimeCreated SystemTime='2020-12-09T11:21:57.309968700Z'/><EventRecordID>8701</EventRecordID><Correlation/><Execution ProcessID='2728' ThreadID='3576'/><Channel>Microsoft-Windows-Sysmon/Operational</Channel><Computer>win-dc-533.attackrange.local</Computer><Security UserID='S-1-5-18'/></System><EventData><Data Name='RuleName'></Data><Data Name='UtcTime'>2020-12-09 11:21:57.308</Data><Data Name='ProcessGuid'>{58D8C100-B355-5FD0-0000-001032E61100}</Data><Data Name='ProcessId'>872</Data><Data Name='Image'>C:\\Windows\\System32\\sc.exe</Data><Data Name='FileVersion'>10.0.14393.0 (rs1_release.160715-1616)</Data><Data Name='Description'>Service Control Manager Configuration Tool</Data><Data Name='Product'>Microsoft® Windows® Operating System</Data><Data Name='Company'>Microsoft Corporation</Data><Data Name='OriginalFileName'>sc.exe</Data><Data Name='CommandLine'>sc  delete \"Example Service\"  </Data><Data Name='CurrentDirectory'>C:\\Users\\ADMINI~1\\AppData\\Local\\Temp\\</Data><Data Name='User'>ATTACKRANGE\\Administrator</Data><Data Name='LogonGuid'>{58D8C100-B352-5FD0-0000-00206F821100}</Data><Data Name='LogonId'>0x11826f</Data><Data Name='TerminalSessionId'>0</Data><Data Name='IntegrityLevel'>High</Data><Data Name='Hashes'>MD5=BD31EB150F6547D18329E5F00801D1CD,SHA256=8A775B86CE1A057E290CCD26C59C96070684468A3119790743A346CD54F4DFDF,IMPHASH=A68324ADB4F5664AF8A79E04062F4A92</Data><Data Name='ParentProcessGuid'>{58D8C100-B355-5FD0-0000-001097E41100}</Data><Data Name='ParentProcessId'>4528</Data><Data Name='ParentImage'>C:\\Windows\\System32\\cmd.exe</Data><Data Name='ParentCommandLine'>\"C:\\Windows\\system32\\cmd.exe\" /c \"sc stop \"Example Service\" &gt;nul 2&gt;&amp;1 &amp; sc delete \"Example Service\" &gt;nul 2&gt;&amp;1 &amp; del \"C:\\Program Files\\windows_service.exe\" &gt;nul 2&gt;&amp;1 &amp; del \"C:\\program.exe\" &gt;nul 2&gt;&amp;1 &amp; del \"C:\\Time.log\" &gt;nul 2&gt;&amp;1\" </Data></EventData></Event>"},"lastrow":true}
