{"preview":false,"result":{"_time":"2023-01-24T21:58:01.396+0400","EventRecordID":"341746","_raw":"<Event xmlns='http://schemas.microsoft.com/win/2004/08/events/event'><System><Provider Name='Microsoft-Windows-Security-Auditing' Guid='{54849625-5478-4994-A5BA-3E3B0328C30D}'/><EventID>4698</EventID><Version>0</Version><Level>0</Level><Task>12804</Task><Opcode>0</Opcode><Keywords>0x8020000000000000</Keywords><TimeCreated SystemTime='2023-01-24T21:58:01.396924600Z'/><EventRecordID>341746</EventRecordID><Correlation ActivityID='{B037EBAE-303E-0000-BDEB-37B03E30D901}'/><Execution ProcessID='612' ThreadID='656'/><Channel>Security</Channel><Computer>win-host-mhaag-attack-range-569</Computer><Security/></System><EventData><Data Name='SubjectUserSid'>WIN-HOST-MHAAG-\\Administrator</Data><Data Name='SubjectUserName'>Administrator</Data><Data Name='SubjectDomainName'>WIN-HOST-MHAAG-</Data><Data Name='SubjectLogonId'>0x7aeea</Data><Data Name='TaskName'>\\Mozilla\\Firefox Default Browser Agent 308046B0AF4A39CB</Data><Data Name='TaskContent'>&lt;?xml version=\"1.0\" encoding=\"UTF-16\"?&gt;\r\n&lt;Task version=\"1.2\" xmlns=\"http://schemas.microsoft.com/windows/2004/02/mit/task\"&gt;\r\n  &lt;RegistrationInfo&gt;\r\n    &lt;Author&gt;Mozilla&lt;/Author&gt;\r\n    &lt;Description&gt;The Default Browser Agent task checks when the default changes from Firefox to another browser. If the change happens under suspicious circumstances, it will prompt users to change back to Firefox no more than two times. This task is installed automatically by Firefox, and is reinstalled when Firefox updates. To disable this task, update the “default-browser-agent.enabled” preference on the about:config page or the Firefox enterprise policy setting “DisableDefaultBrowserAgent”.&lt;/Description&gt;\r\n    &lt;URI&gt;\\Mozilla\\Firefox Default Browser Agent 308046B0AF4A39CB&lt;/URI&gt;\r\n  &lt;/RegistrationInfo&gt;\r\n  &lt;Triggers&gt;\r\n    &lt;CalendarTrigger&gt;\r\n      &lt;StartBoundary&gt;2023-01-24T21:57:01Z&lt;/StartBoundary&gt;\r\n      &lt;Enabled&gt;true&lt;/Enabled&gt;\r\n      &lt;ScheduleByDay&gt;\r\n        &lt;DaysInterval&gt;1&lt;/DaysInterval&gt;\r\n      &lt;/ScheduleByDay&gt;\r\n    &lt;/CalendarTrigger&gt;\r\n  &lt;/Triggers&gt;\r\n  &lt;Settings&gt;\r\n    &lt;MultipleInstancesPolicy&gt;IgnoreNew&lt;/MultipleInstancesPolicy&gt;\r\n    &lt;DisallowStartIfOnBatteries&gt;false&lt;/DisallowStartIfOnBatteries&gt;\r\n    &lt;StopIfGoingOnBatteries&gt;false&lt;/StopIfGoingOnBatteries&gt;\r\n    &lt;AllowHardTerminate&gt;true&lt;/AllowHardTerminate&gt;\r\n    &lt;StartWhenAvailable&gt;true&lt;/StartWhenAvailable&gt;\r\n    &lt;RunOnlyIfNetworkAvailable&gt;false&lt;/RunOnlyIfNetworkAvailable&gt;\r\n    &lt;IdleSettings&gt;\r\n      &lt;Duration&gt;PT10M&lt;/Duration&gt;\r\n      &lt;WaitTimeout&gt;PT1H&lt;/WaitTimeout&gt;\r\n      &lt;StopOnIdleEnd&gt;true&lt;/StopOnIdleEnd&gt;\r\n      &lt;RestartOnIdle&gt;false&lt;/RestartOnIdle&gt;\r\n    &lt;/IdleSettings&gt;\r\n    &lt;AllowStartOnDemand&gt;true&lt;/AllowStartOnDemand&gt;\r\n    &lt;Enabled&gt;true&lt;/Enabled&gt;\r\n    &lt;Hidden&gt;false&lt;/Hidden&gt;\r\n    &lt;RunOnlyIfIdle&gt;false&lt;/RunOnlyIfIdle&gt;\r\n    &lt;WakeToRun&gt;false&lt;/WakeToRun&gt;\r\n    &lt;ExecutionTimeLimit&gt;PT12H5M&lt;/ExecutionTimeLimit&gt;\r\n    &lt;Priority&gt;7&lt;/Priority&gt;\r\n  &lt;/Settings&gt;\r\n  &lt;Actions Context=\"Author\"&gt;\r\n    &lt;Exec&gt;\r\n      &lt;Command&gt;C:\\Program Files\\Mozilla Firefox\\default-browser-agent.exe&lt;/Command&gt;\r\n      &lt;Arguments&gt;do-task \"308046B0AF4A39CB\"&lt;/Arguments&gt;\r\n    &lt;/Exec&gt;\r\n  &lt;/Actions&gt;\r\n  &lt;Principals&gt;\r\n    &lt;Principal id=\"Author\"&gt;\r\n      &lt;UserId&gt;WIN-HOST-MHAAG-\\Administrator&lt;/UserId&gt;\r\n      &lt;LogonType&gt;InteractiveToken&lt;/LogonType&gt;\r\n      &lt;RunLevel&gt;LeastPrivilege&lt;/RunLevel&gt;\r\n    &lt;/Principal&gt;\r\n  &lt;/Principals&gt;\r\n&lt;/Task&gt;</Data></EventData></Event>"}}
{"preview":false,"result":{"_time":"2023-01-24T22:01:36.052+0400","EventRecordID":"349689","_raw":"<Event xmlns='http://schemas.microsoft.com/win/2004/08/events/event'><System><Provider Name='Microsoft-Windows-Security-Auditing' Guid='{54849625-5478-4994-A5BA-3E3B0328C30D}'/><EventID>4698</EventID><Version>0</Version><Level>0</Level><Task>12804</Task><Opcode>0</Opcode><Keywords>0x8020000000000000</Keywords><TimeCreated SystemTime='2023-01-24T22:01:36.052988300Z'/><EventRecordID>349689</EventRecordID><Correlation ActivityID='{2639F657-303F-0000-63F6-39263F30D901}'/><Execution ProcessID='616' ThreadID='3256'/><Channel>Security</Channel><Computer>win-host-mhaag-attack-range-569</Computer><Security/></System><EventData><Data Name='SubjectUserSid'>WIN-HOST-MHAAG-\\Administrator</Data><Data Name='SubjectUserName'>Administrator</Data><Data Name='SubjectDomainName'>WIN-HOST-MHAAG-</Data><Data Name='SubjectLogonId'>0xaf95b</Data><Data Name='TaskName'>\\aurora-agent-signature-update</Data><Data Name='TaskContent'>&lt;?xml version=\"1.0\" encoding=\"UTF-16\"?&gt;\r\n&lt;Task version=\"1.2\" xmlns=\"http://schemas.microsoft.com/windows/2004/02/mit/task\"&gt;\r\n  &lt;RegistrationInfo&gt;\r\n    &lt;Date&gt;2023-01-24T22:01:35&lt;/Date&gt;\r\n    &lt;Author&gt;Nextron Systems&lt;/Author&gt;\r\n    &lt;Description&gt;Aurora Signature Update&lt;/Description&gt;\r\n    &lt;SecurityDescriptor /&gt;\r\n    &lt;URI&gt;\\aurora-agent-signature-update&lt;/URI&gt;\r\n  &lt;/RegistrationInfo&gt;\r\n  &lt;Triggers&gt;\r\n    &lt;CalendarTrigger&gt;\r\n      &lt;StartBoundary&gt;2023-01-25T12:30:00&lt;/StartBoundary&gt;\r\n      &lt;ExecutionTimeLimit&gt;P0D&lt;/ExecutionTimeLimit&gt;\r\n      &lt;Enabled&gt;true&lt;/Enabled&gt;\r\n      &lt;RandomDelay&gt;PT8H&lt;/RandomDelay&gt;\r\n      &lt;ScheduleByDay&gt;\r\n        &lt;DaysInterval&gt;1&lt;/DaysInterval&gt;\r\n      &lt;/ScheduleByDay&gt;\r\n    &lt;/CalendarTrigger&gt;\r\n    &lt;LogonTrigger&gt;\r\n      &lt;ExecutionTimeLimit&gt;P0D&lt;/ExecutionTimeLimit&gt;\r\n      &lt;Enabled&gt;true&lt;/Enabled&gt;\r\n      &lt;Delay&gt;P0D&lt;/Delay&gt;\r\n    &lt;/LogonTrigger&gt;\r\n  &lt;/Triggers&gt;\r\n  &lt;Principals&gt;\r\n    &lt;Principal id=\"Author\"&gt;\r\n      &lt;UserId&gt;S-1-5-18&lt;/UserId&gt;\r\n      &lt;RunLevel&gt;HighestAvailable&lt;/RunLevel&gt;\r\n    &lt;/Principal&gt;\r\n  &lt;/Principals&gt;\r\n  &lt;Settings&gt;\r\n    &lt;MultipleInstancesPolicy&gt;IgnoreNew&lt;/MultipleInstancesPolicy&gt;\r\n    &lt;DisallowStartIfOnBatteries&gt;true&lt;/DisallowStartIfOnBatteries&gt;\r\n    &lt;StopIfGoingOnBatteries&gt;true&lt;/StopIfGoingOnBatteries&gt;\r\n    &lt;AllowHardTerminate&gt;true&lt;/AllowHardTerminate&gt;\r\n    &lt;StartWhenAvailable&gt;false&lt;/StartWhenAvailable&gt;\r\n    &lt;RunOnlyIfNetworkAvailable&gt;false&lt;/RunOnlyIfNetworkAvailable&gt;\r\n    &lt;IdleSettings&gt;\r\n      &lt;Duration&gt;PT10M&lt;/Duration&gt;\r\n      &lt;WaitTimeout&gt;PT1H&lt;/WaitTimeout&gt;\r\n      &lt;StopOnIdleEnd&gt;true&lt;/StopOnIdleEnd&gt;\r\n      &lt;RestartOnIdle&gt;false&lt;/RestartOnIdle&gt;\r\n    &lt;/IdleSettings&gt;\r\n    &lt;AllowStartOnDemand&gt;true&lt;/AllowStartOnDemand&gt;\r\n    &lt;Enabled&gt;true&lt;/Enabled&gt;\r\n    &lt;Hidden&gt;false&lt;/Hidden&gt;\r\n    &lt;RunOnlyIfIdle&gt;false&lt;/RunOnlyIfIdle&gt;\r\n    &lt;WakeToRun&gt;false&lt;/WakeToRun&gt;\r\n    &lt;ExecutionTimeLimit&gt;PT72H&lt;/ExecutionTimeLimit&gt;\r\n    &lt;Priority&gt;7&lt;/Priority&gt;\r\n  &lt;/Settings&gt;\r\n  &lt;Actions Context=\"Author\"&gt;\r\n    &lt;Exec&gt;\r\n      &lt;Command&gt;C:\\Program Files\\Aurora-Agent\\aurora-agent-util.exe&lt;/Command&gt;\r\n      &lt;Arguments&gt;update --restart-service --agent-name aurora-agent --license-path \"C:\\\\Program Files\\\\Aurora-Agent\"&lt;/Arguments&gt;\r\n    &lt;/Exec&gt;\r\n  &lt;/Actions&gt;\r\n&lt;/Task&gt;</Data></EventData></Event>"}}
{"preview":false,"result":{"_time":"2023-01-24T22:01:36.071+0400","EventRecordID":"349690","_raw":"<Event xmlns='http://schemas.microsoft.com/win/2004/08/events/event'><System><Provider Name='Microsoft-Windows-Security-Auditing' Guid='{54849625-5478-4994-A5BA-3E3B0328C30D}'/><EventID>4698</EventID><Version>0</Version><Level>0</Level><Task>12804</Task><Opcode>0</Opcode><Keywords>0x8020000000000000</Keywords><TimeCreated SystemTime='2023-01-24T22:01:36.071236300Z'/><EventRecordID>349690</EventRecordID><Correlation ActivityID='{2639F657-303F-0000-63F6-39263F30D901}'/><Execution ProcessID='616' ThreadID='3256'/><Channel>Security</Channel><Computer>win-host-mhaag-attack-range-569</Computer><Security/></System><EventData><Data Name='SubjectUserSid'>WIN-HOST-MHAAG-\\Administrator</Data><Data Name='SubjectUserName'>Administrator</Data><Data Name='SubjectDomainName'>WIN-HOST-MHAAG-</Data><Data Name='SubjectLogonId'>0xaf95b</Data><Data Name='TaskName'>\\aurora-agent-program-update</Data><Data Name='TaskContent'>&lt;?xml version=\"1.0\" encoding=\"UTF-16\"?&gt;\r\n&lt;Task version=\"1.2\" xmlns=\"http://schemas.microsoft.com/windows/2004/02/mit/task\"&gt;\r\n  &lt;RegistrationInfo&gt;\r\n    &lt;Date&gt;2023-01-24T22:01:36&lt;/Date&gt;\r\n    &lt;Author&gt;Nextron Systems&lt;/Author&gt;\r\n    &lt;Description&gt;Aurora Program and Signature Update&lt;/Description&gt;\r\n    &lt;URI&gt;\\aurora-agent-program-update&lt;/URI&gt;\r\n  &lt;/RegistrationInfo&gt;\r\n  &lt;Triggers&gt;\r\n    &lt;CalendarTrigger&gt;\r\n      &lt;StartBoundary&gt;2023-01-25T12:30:00&lt;/StartBoundary&gt;\r\n      &lt;ExecutionTimeLimit&gt;P0D&lt;/ExecutionTimeLimit&gt;\r\n      &lt;Enabled&gt;true&lt;/Enabled&gt;\r\n      &lt;RandomDelay&gt;PT8H&lt;/RandomDelay&gt;\r\n      &lt;ScheduleByWeek&gt;\r\n        &lt;DaysOfWeek&gt;\r\n          &lt;Monday /&gt;\r\n        &lt;/DaysOfWeek&gt;\r\n        &lt;WeeksInterval&gt;1&lt;/WeeksInterval&gt;\r\n      &lt;/ScheduleByWeek&gt;\r\n    &lt;/CalendarTrigger&gt;\r\n  &lt;/Triggers&gt;\r\n  &lt;Principals&gt;\r\n    &lt;Principal id=\"Author\"&gt;\r\n      &lt;UserId&gt;S-1-5-18&lt;/UserId&gt;\r\n      &lt;RunLevel&gt;HighestAvailable&lt;/RunLevel&gt;\r\n    &lt;/Principal&gt;\r\n  &lt;/Principals&gt;\r\n  &lt;Settings&gt;\r\n    &lt;MultipleInstancesPolicy&gt;IgnoreNew&lt;/MultipleInstancesPolicy&gt;\r\n    &lt;DisallowStartIfOnBatteries&gt;true&lt;/DisallowStartIfOnBatteries&gt;\r\n    &lt;StopIfGoingOnBatteries&gt;true&lt;/StopIfGoingOnBatteries&gt;\r\n    &lt;AllowHardTerminate&gt;true&lt;/AllowHardTerminate&gt;\r\n    &lt;StartWhenAvailable&gt;false&lt;/StartWhenAvailable&gt;\r\n    &lt;RunOnlyIfNetworkAvailable&gt;false&lt;/RunOnlyIfNetworkAvailable&gt;\r\n    &lt;IdleSettings&gt;\r\n      &lt;Duration&gt;PT10M&lt;/Duration&gt;\r\n      &lt;WaitTimeout&gt;PT1H&lt;/WaitTimeout&gt;\r\n      &lt;StopOnIdleEnd&gt;true&lt;/StopOnIdleEnd&gt;\r\n      &lt;RestartOnIdle&gt;false&lt;/RestartOnIdle&gt;\r\n    &lt;/IdleSettings&gt;\r\n    &lt;AllowStartOnDemand&gt;true&lt;/AllowStartOnDemand&gt;\r\n    &lt;Enabled&gt;true&lt;/Enabled&gt;\r\n    &lt;Hidden&gt;false&lt;/Hidden&gt;\r\n    &lt;RunOnlyIfIdle&gt;false&lt;/RunOnlyIfIdle&gt;\r\n    &lt;WakeToRun&gt;false&lt;/WakeToRun&gt;\r\n    &lt;ExecutionTimeLimit&gt;PT72H&lt;/ExecutionTimeLimit&gt;\r\n    &lt;Priority&gt;7&lt;/Priority&gt;\r\n  &lt;/Settings&gt;\r\n  &lt;Actions Context=\"Author\"&gt;\r\n    &lt;Exec&gt;\r\n      &lt;Command&gt;C:\\Program Files\\Aurora-Agent\\aurora-agent-util.exe&lt;/Command&gt;\r\n      &lt;Arguments&gt;upgrade --restart-service --agent-name aurora-agent --license-path \"C:\\\\Program Files\\\\Aurora-Agent\"&lt;/Arguments&gt;\r\n    &lt;/Exec&gt;\r\n  &lt;/Actions&gt;\r\n&lt;/Task&gt;</Data></EventData></Event>"}}
{"preview":false,"result":{"_time":"2023-01-24T22:03:40.715+0400","EventRecordID":"353006","_raw":"<Event xmlns='http://schemas.microsoft.com/win/2004/08/events/event'><System><Provider Name='Microsoft-Windows-Security-Auditing' Guid='{54849625-5478-4994-A5BA-3E3B0328C30D}'/><EventID>4698</EventID><Version>0</Version><Level>0</Level><Task>12804</Task><Opcode>0</Opcode><Keywords>0x8020000000000000</Keywords><TimeCreated SystemTime='2023-01-24T22:03:40.715492700Z'/><EventRecordID>353006</EventRecordID><Correlation ActivityID='{A7A6F8E1-303F-0002-E6F8-A6A73F30D901}'/><Execution ProcessID='624' ThreadID='712'/><Channel>Security</Channel><Computer>win-host-mhaag-attack-range-569</Computer><Security/></System><EventData><Data Name='SubjectUserSid'>NT AUTHORITY\\SYSTEM</Data><Data Name='SubjectUserName'>WIN-HOST-MHAAG-$</Data><Data Name='SubjectDomainName'>WORKGROUP</Data><Data Name='SubjectLogonId'>0x3e7</Data><Data Name='TaskName'>\\npcapwatchdog</Data><Data Name='TaskContent'>&lt;?xml version=\"1.0\" encoding=\"UTF-16\"?&gt;\r\n&lt;Task version=\"1.3\" xmlns=\"http://schemas.microsoft.com/windows/2004/02/mit/task\"&gt;\r\n  &lt;RegistrationInfo&gt;\r\n    &lt;Description&gt;Ensure Npcap service is configured to start at boot&lt;/Description&gt;\r\n    &lt;URI&gt;\\npcapwatchdog&lt;/URI&gt;\r\n  &lt;/RegistrationInfo&gt;\r\n  &lt;Triggers&gt;\r\n    &lt;BootTrigger&gt;\r\n      &lt;Enabled&gt;true&lt;/Enabled&gt;\r\n    &lt;/BootTrigger&gt;\r\n  &lt;/Triggers&gt;\r\n  &lt;Principals&gt;\r\n    &lt;Principal id=\"Author\"&gt;\r\n      &lt;UserId&gt;NT AUTHORITY\\SYSTEM&lt;/UserId&gt;\r\n      &lt;RunLevel&gt;LeastPrivilege&lt;/RunLevel&gt;\r\n      &lt;LogonType&gt;InteractiveToken&lt;/LogonType&gt;\r\n    &lt;/Principal&gt;\r\n  &lt;/Principals&gt;\r\n  &lt;Settings&gt;\r\n    &lt;MultipleInstancesPolicy&gt;IgnoreNew&lt;/MultipleInstancesPolicy&gt;\r\n    &lt;DisallowStartIfOnBatteries&gt;true&lt;/DisallowStartIfOnBatteries&gt;\r\n    &lt;StopIfGoingOnBatteries&gt;true&lt;/StopIfGoingOnBatteries&gt;\r\n    &lt;AllowHardTerminate&gt;true&lt;/AllowHardTerminate&gt;\r\n    &lt;StartWhenAvailable&gt;false&lt;/StartWhenAvailable&gt;\r\n    &lt;RunOnlyIfNetworkAvailable&gt;false&lt;/RunOnlyIfNetworkAvailable&gt;\r\n    &lt;IdleSettings&gt;\r\n      &lt;Duration&gt;PT10M&lt;/Duration&gt;\r\n      &lt;WaitTimeout&gt;PT1H&lt;/WaitTimeout&gt;\r\n      &lt;StopOnIdleEnd&gt;true&lt;/StopOnIdleEnd&gt;\r\n      &lt;RestartOnIdle&gt;false&lt;/RestartOnIdle&gt;\r\n    &lt;/IdleSettings&gt;\r\n    &lt;AllowStartOnDemand&gt;true&lt;/AllowStartOnDemand&gt;\r\n    &lt;Enabled&gt;true&lt;/Enabled&gt;\r\n    &lt;Hidden&gt;false&lt;/Hidden&gt;\r\n    &lt;RunOnlyIfIdle&gt;false&lt;/RunOnlyIfIdle&gt;\r\n    &lt;DisallowStartOnRemoteAppSession&gt;false&lt;/DisallowStartOnRemoteAppSession&gt;\r\n    &lt;UseUnifiedSchedulingEngine&gt;false&lt;/UseUnifiedSchedulingEngine&gt;\r\n    &lt;WakeToRun&gt;false&lt;/WakeToRun&gt;\r\n    &lt;ExecutionTimeLimit&gt;PT72H&lt;/ExecutionTimeLimit&gt;\r\n    &lt;Priority&gt;7&lt;/Priority&gt;\r\n  &lt;/Settings&gt;\r\n  &lt;Actions Context=\"Author\"&gt;\r\n    &lt;Exec&gt;\r\n      &lt;Command&gt;C:\\Program Files\\Npcap\\CheckStatus.bat&lt;/Command&gt;\r\n    &lt;/Exec&gt;\r\n  &lt;/Actions&gt;\r\n&lt;/Task&gt;</Data></EventData></Event>"},"lastrow":true}
