{"preview":false,"result":{"_time":"2021-06-03T13:51:58.211+0400","EventRecordID":"648984","_raw":"<Event xmlns='http://schemas.microsoft.com/win/2004/08/events/event'><System><Provider Name='Microsoft-Windows-Sysmon' Guid='{5770385F-C22A-43E0-BF4C-06F5698FFBD9}'/><EventID>1</EventID><Version>5</Version><Level>4</Level><Task>1</Task><Opcode>0</Opcode><Keywords>0x8000000000000000</Keywords><TimeCreated SystemTime='2021-06-03T13:51:58.211902500Z'/><EventRecordID>648984</EventRecordID><Correlation/><Execution ProcessID='3020' ThreadID='636'/><Channel>Microsoft-Windows-Sysmon/Operational</Channel><Computer>win-dc-233.attackrange.local</Computer><Security UserID='S-1-5-18'/></System><EventData><Data Name='RuleName'>-</Data><Data Name='UtcTime'>2021-06-03 13:51:58.205</Data><Data Name='ProcessGuid'>{D419E45B-DE7E-60B8-674E-00000000C401}</Data><Data Name='ProcessId'>4812</Data><Data Name='Image'>C:\\Windows\\System32\\WindowsPowerShell\\v1.0\\powershell.exe</Data><Data Name='FileVersion'>10.0.14393.206 (rs1_release.160915-0644)</Data><Data Name='Description'>Windows PowerShell</Data><Data Name='Product'>Microsoft® Windows® Operating System</Data><Data Name='Company'>Microsoft Corporation</Data><Data Name='OriginalFileName'>PowerShell.EXE</Data><Data Name='CommandLine'>powershell.exe  import-module c:\\temp\\SharpHound.ps1</Data><Data Name='CurrentDirectory'>C:\\Temp\\</Data><Data Name='User'>ATTACKRANGE\\Administrator</Data><Data Name='LogonGuid'>{D419E45B-78A2-60B6-C5F5-1C0000000000}</Data><Data Name='LogonId'>0x1cf5c5</Data><Data Name='TerminalSessionId'>2</Data><Data Name='IntegrityLevel'>High</Data><Data Name='Hashes'>MD5=097CE5761C89434367598B34FE32893B,SHA256=BA4038FD20E474C047BE8AAD5BFACDB1BFC1DDBE12F803F473B7918D8D819436,IMPHASH=CAEE994F79D85E47C06E5FA9CDEAE453</Data><Data Name='ParentProcessGuid'>{D419E45B-DE7E-60B8-664E-00000000C401}</Data><Data Name='ParentProcessId'>6100</Data><Data Name='ParentImage'>C:\\Windows\\System32\\cmd.exe</Data><Data Name='ParentCommandLine'>\"C:\\Windows\\system32\\cmd.exe\" /c powershell.exe import-module c:\\temp\\SharpHound.ps1</Data></EventData></Event>"}}
{"preview":false,"result":{"_time":"2021-06-03T13:53:52.859+0400","EventRecordID":"649806","_raw":"<Event xmlns='http://schemas.microsoft.com/win/2004/08/events/event'><System><Provider Name='Microsoft-Windows-Sysmon' Guid='{5770385F-C22A-43E0-BF4C-06F5698FFBD9}'/><EventID>1</EventID><Version>5</Version><Level>4</Level><Task>1</Task><Opcode>0</Opcode><Keywords>0x8000000000000000</Keywords><TimeCreated SystemTime='2021-06-03T13:53:52.859058100Z'/><EventRecordID>649806</EventRecordID><Correlation/><Execution ProcessID='3020' ThreadID='636'/><Channel>Microsoft-Windows-Sysmon/Operational</Channel><Computer>win-dc-233.attackrange.local</Computer><Security UserID='S-1-5-18'/></System><EventData><Data Name='RuleName'>-</Data><Data Name='UtcTime'>2021-06-03 13:53:52.849</Data><Data Name='ProcessGuid'>{D419E45B-DEF0-60B8-814E-00000000C401}</Data><Data Name='ProcessId'>1084</Data><Data Name='Image'>C:\\Temp\\SharpHound.exe</Data><Data Name='FileVersion'>3.0.0.0</Data><Data Name='Description'>SharpHound</Data><Data Name='Product'>SharpHound</Data><Data Name='Company'>-</Data><Data Name='OriginalFileName'>SharpHound.exe</Data><Data Name='CommandLine'>c:\\temp\\sharphound.exe  --CollectionMethod all</Data><Data Name='CurrentDirectory'>C:\\Temp\\</Data><Data Name='User'>ATTACKRANGE\\Administrator</Data><Data Name='LogonGuid'>{D419E45B-78A2-60B6-C5F5-1C0000000000}</Data><Data Name='LogonId'>0x1cf5c5</Data><Data Name='TerminalSessionId'>2</Data><Data Name='IntegrityLevel'>High</Data><Data Name='Hashes'>MD5=63D22AE0568B760B5E3AABB915313E44,SHA256=61F897ED69646E0509F6802FB2D7C5E88C3E3B93C4CA86942E24D203AA878863,IMPHASH=F34D5F2D4577ED6D9CEEC516C1F5A744</Data><Data Name='ParentProcessGuid'>{D419E45B-DEF0-60B8-804E-00000000C401}</Data><Data Name='ParentProcessId'>4760</Data><Data Name='ParentImage'>C:\\Windows\\System32\\cmd.exe</Data><Data Name='ParentCommandLine'>\"C:\\Windows\\system32\\cmd.exe\" /c c:\\temp\\sharphound.exe --CollectionMethod all</Data></EventData></Event>"}}
{"preview":false,"result":{"_time":"2021-06-03T13:53:54.609+0400","EventRecordID":"649831","_raw":"<Event xmlns='http://schemas.microsoft.com/win/2004/08/events/event'><System><Provider Name='Microsoft-Windows-Sysmon' Guid='{5770385F-C22A-43E0-BF4C-06F5698FFBD9}'/><EventID>11</EventID><Version>2</Version><Level>4</Level><Task>11</Task><Opcode>0</Opcode><Keywords>0x8000000000000000</Keywords><TimeCreated SystemTime='2021-06-03T13:53:54.609144300Z'/><EventRecordID>649831</EventRecordID><Correlation/><Execution ProcessID='3020' ThreadID='636'/><Channel>Microsoft-Windows-Sysmon/Operational</Channel><Computer>win-dc-233.attackrange.local</Computer><Security UserID='S-1-5-18'/></System><EventData><Data Name='RuleName'>T1053</Data><Data Name='UtcTime'>2021-06-03 13:53:54.595</Data><Data Name='ProcessGuid'>{D419E45B-DEF0-60B8-814E-00000000C401}</Data><Data Name='ProcessId'>1084</Data><Data Name='Image'>c:\\temp\\SharpHound.exe</Data><Data Name='TargetFilename'>C:\\Temp\\20210603135353_groups.json</Data><Data Name='CreationUtcTime'>2021-06-03 13:53:54.595</Data></EventData></Event>"}}
{"preview":false,"result":{"_time":"2021-06-03T13:53:54.659+0400","EventRecordID":"649842","_raw":"<Event xmlns='http://schemas.microsoft.com/win/2004/08/events/event'><System><Provider Name='Microsoft-Windows-Sysmon' Guid='{5770385F-C22A-43E0-BF4C-06F5698FFBD9}'/><EventID>11</EventID><Version>2</Version><Level>4</Level><Task>11</Task><Opcode>0</Opcode><Keywords>0x8000000000000000</Keywords><TimeCreated SystemTime='2021-06-03T13:53:54.659151600Z'/><EventRecordID>649842</EventRecordID><Correlation/><Execution ProcessID='3020' ThreadID='636'/><Channel>Microsoft-Windows-Sysmon/Operational</Channel><Computer>win-dc-233.attackrange.local</Computer><Security UserID='S-1-5-18'/></System><EventData><Data Name='RuleName'>T1053</Data><Data Name='UtcTime'>2021-06-03 13:53:54.658</Data><Data Name='ProcessGuid'>{D419E45B-DEF0-60B8-814E-00000000C401}</Data><Data Name='ProcessId'>1084</Data><Data Name='Image'>c:\\temp\\SharpHound.exe</Data><Data Name='TargetFilename'>C:\\Temp\\20210603135353_gpos.json</Data><Data Name='CreationUtcTime'>2021-06-03 13:53:54.658</Data></EventData></Event>"}}
{"preview":false,"result":{"_time":"2021-06-03T13:53:54.661+0400","EventRecordID":"649843","_raw":"<Event xmlns='http://schemas.microsoft.com/win/2004/08/events/event'><System><Provider Name='Microsoft-Windows-Sysmon' Guid='{5770385F-C22A-43E0-BF4C-06F5698FFBD9}'/><EventID>11</EventID><Version>2</Version><Level>4</Level><Task>11</Task><Opcode>0</Opcode><Keywords>0x8000000000000000</Keywords><TimeCreated SystemTime='2021-06-03T13:53:54.661020600Z'/><EventRecordID>649843</EventRecordID><Correlation/><Execution ProcessID='3020' ThreadID='636'/><Channel>Microsoft-Windows-Sysmon/Operational</Channel><Computer>win-dc-233.attackrange.local</Computer><Security UserID='S-1-5-18'/></System><EventData><Data Name='RuleName'>T1053</Data><Data Name='UtcTime'>2021-06-03 13:53:54.658</Data><Data Name='ProcessGuid'>{D419E45B-DEF0-60B8-814E-00000000C401}</Data><Data Name='ProcessId'>1084</Data><Data Name='Image'>c:\\temp\\SharpHound.exe</Data><Data Name='TargetFilename'>C:\\Temp\\20210603135353_users.json</Data><Data Name='CreationUtcTime'>2021-06-03 13:53:54.658</Data></EventData></Event>"}}
{"preview":false,"result":{"_time":"2021-06-03T13:53:54.666+0400","EventRecordID":"649844","_raw":"<Event xmlns='http://schemas.microsoft.com/win/2004/08/events/event'><System><Provider Name='Microsoft-Windows-Sysmon' Guid='{5770385F-C22A-43E0-BF4C-06F5698FFBD9}'/><EventID>11</EventID><Version>2</Version><Level>4</Level><Task>11</Task><Opcode>0</Opcode><Keywords>0x8000000000000000</Keywords><TimeCreated SystemTime='2021-06-03T13:53:54.666225000Z'/><EventRecordID>649844</EventRecordID><Correlation/><Execution ProcessID='3020' ThreadID='636'/><Channel>Microsoft-Windows-Sysmon/Operational</Channel><Computer>win-dc-233.attackrange.local</Computer><Security UserID='S-1-5-18'/></System><EventData><Data Name='RuleName'>T1053</Data><Data Name='UtcTime'>2021-06-03 13:53:54.658</Data><Data Name='ProcessGuid'>{D419E45B-DEF0-60B8-814E-00000000C401}</Data><Data Name='ProcessId'>1084</Data><Data Name='Image'>c:\\temp\\SharpHound.exe</Data><Data Name='TargetFilename'>C:\\Temp\\20210603135353_ous.json</Data><Data Name='CreationUtcTime'>2021-06-03 13:53:54.658</Data></EventData></Event>"}}
{"preview":false,"result":{"_time":"2021-06-03T13:53:54.670+0400","EventRecordID":"649845","_raw":"<Event xmlns='http://schemas.microsoft.com/win/2004/08/events/event'><System><Provider Name='Microsoft-Windows-Sysmon' Guid='{5770385F-C22A-43E0-BF4C-06F5698FFBD9}'/><EventID>11</EventID><Version>2</Version><Level>4</Level><Task>11</Task><Opcode>0</Opcode><Keywords>0x8000000000000000</Keywords><TimeCreated SystemTime='2021-06-03T13:53:54.670457800Z'/><EventRecordID>649845</EventRecordID><Correlation/><Execution ProcessID='3020' ThreadID='636'/><Channel>Microsoft-Windows-Sysmon/Operational</Channel><Computer>win-dc-233.attackrange.local</Computer><Security UserID='S-1-5-18'/></System><EventData><Data Name='RuleName'>T1053</Data><Data Name='UtcTime'>2021-06-03 13:53:54.658</Data><Data Name='ProcessGuid'>{D419E45B-DEF0-60B8-814E-00000000C401}</Data><Data Name='ProcessId'>1084</Data><Data Name='Image'>c:\\temp\\SharpHound.exe</Data><Data Name='TargetFilename'>C:\\Temp\\20210603135353_domains.json</Data><Data Name='CreationUtcTime'>2021-06-03 13:53:54.658</Data></EventData></Event>"}}
{"preview":false,"result":{"_time":"2021-06-03T13:53:54.674+0400","EventRecordID":"649846","_raw":"<Event xmlns='http://schemas.microsoft.com/win/2004/08/events/event'><System><Provider Name='Microsoft-Windows-Sysmon' Guid='{5770385F-C22A-43E0-BF4C-06F5698FFBD9}'/><EventID>11</EventID><Version>2</Version><Level>4</Level><Task>11</Task><Opcode>0</Opcode><Keywords>0x8000000000000000</Keywords><TimeCreated SystemTime='2021-06-03T13:53:54.674361400Z'/><EventRecordID>649846</EventRecordID><Correlation/><Execution ProcessID='3020' ThreadID='636'/><Channel>Microsoft-Windows-Sysmon/Operational</Channel><Computer>win-dc-233.attackrange.local</Computer><Security UserID='S-1-5-18'/></System><EventData><Data Name='RuleName'>T1053</Data><Data Name='UtcTime'>2021-06-03 13:53:54.674</Data><Data Name='ProcessGuid'>{D419E45B-DEF0-60B8-814E-00000000C401}</Data><Data Name='ProcessId'>1084</Data><Data Name='Image'>c:\\temp\\SharpHound.exe</Data><Data Name='TargetFilename'>C:\\Temp\\20210603135353_computers.json</Data><Data Name='CreationUtcTime'>2021-06-03 13:53:54.658</Data></EventData></Event>"}}
{"preview":false,"result":{"_time":"2021-06-03T13:53:54.703+0400","EventRecordID":"649857","_raw":"<Event xmlns='http://schemas.microsoft.com/win/2004/08/events/event'><System><Provider Name='Microsoft-Windows-Sysmon' Guid='{5770385F-C22A-43E0-BF4C-06F5698FFBD9}'/><EventID>11</EventID><Version>2</Version><Level>4</Level><Task>11</Task><Opcode>0</Opcode><Keywords>0x8000000000000000</Keywords><TimeCreated SystemTime='2021-06-03T13:53:54.703920600Z'/><EventRecordID>649857</EventRecordID><Correlation/><Execution ProcessID='3020' ThreadID='636'/><Channel>Microsoft-Windows-Sysmon/Operational</Channel><Computer>win-dc-233.attackrange.local</Computer><Security UserID='S-1-5-18'/></System><EventData><Data Name='RuleName'>T1053</Data><Data Name='UtcTime'>2021-06-03 13:53:54.689</Data><Data Name='ProcessGuid'>{D419E45B-DEF0-60B8-814E-00000000C401}</Data><Data Name='ProcessId'>1084</Data><Data Name='Image'>c:\\temp\\SharpHound.exe</Data><Data Name='TargetFilename'>C:\\Temp\\20210603135353_BloodHound.zip</Data><Data Name='CreationUtcTime'>2021-06-03 13:53:54.689</Data></EventData></Event>"},"lastrow":true}
