{"preview":false,"result":{"_time":"2021-02-03T21:34:49.728+0400","EventRecordID":"204798","_raw":"<Event xmlns='http://schemas.microsoft.com/win/2004/08/events/event'><System><Provider Name='Microsoft-Windows-Sysmon' Guid='{5770385F-C22A-43E0-BF4C-06F5698FFBD9}'/><EventID>1</EventID><Version>5</Version><Level>4</Level><Task>1</Task><Opcode>0</Opcode><Keywords>0x8000000000000000</Keywords><TimeCreated SystemTime='2021-02-03T21:34:49.728193800Z'/><EventRecordID>204798</EventRecordID><Correlation/><Execution ProcessID='2868' ThreadID='3264'/><Channel>Microsoft-Windows-Sysmon/Operational</Channel><Computer>win-dc-262.attackrange.local</Computer><Security UserID='S-1-5-18'/></System><EventData><Data Name='RuleName'>-</Data><Data Name='UtcTime'>2021-02-03 21:34:49.722</Data><Data Name='ProcessGuid'>{29E67E80-16F9-601B-3D38-00000000A301}</Data><Data Name='ProcessId'>4400</Data><Data Name='Image'>C:\\Windows\\System32\\Taskmgr.exe</Data><Data Name='FileVersion'>1, 0, 0, 1</Data><Data Name='Description'>Task Manager</Data><Data Name='Product'>Task Manager</Data><Data Name='Company'>Microsoft® Windows® Operating System</Data><Data Name='OriginalFileName'>Taskmgr.exe</Data><Data Name='CommandLine'>\"C:\\Windows\\system32\\taskmgr.exe\" /4</Data><Data Name='CurrentDirectory'>C:\\Windows\\system32\\</Data><Data Name='User'>ATTACKRANGE\\Administrator</Data><Data Name='LogonGuid'>{29E67E80-84F5-6019-88B2-2E0000000000}</Data><Data Name='LogonId'>0x2eb288</Data><Data Name='TerminalSessionId'>2</Data><Data Name='IntegrityLevel'>High</Data><Data Name='Hashes'>MD5=F4429ADA273FF82A9D1EC804018A0039,SHA256=1BB6FBFFBDB585DE220DB58BAAB9327E5FF03E53AE88CBCAFF777A7819044615,IMPHASH=65D7A86C4F0360F63A506C4247D3E410</Data><Data Name='ParentProcessGuid'>{29E67E80-84F7-6019-4105-00000000A301}</Data><Data Name='ParentProcessId'>3600</Data><Data Name='ParentImage'>C:\\Windows\\explorer.exe</Data><Data Name='ParentCommandLine'>C:\\Windows\\Explorer.EXE /NOUACCHECK</Data></EventData></Event>"}}
{"preview":false,"result":{"_time":"2021-02-03T21:34:49.773+0400","EventRecordID":"204847","_raw":"<Event xmlns='http://schemas.microsoft.com/win/2004/08/events/event'><System><Provider Name='Microsoft-Windows-Sysmon' Guid='{5770385F-C22A-43E0-BF4C-06F5698FFBD9}'/><EventID>10</EventID><Version>3</Version><Level>4</Level><Task>10</Task><Opcode>0</Opcode><Keywords>0x8000000000000000</Keywords><TimeCreated SystemTime='2021-02-03T21:34:49.773257300Z'/><EventRecordID>204847</EventRecordID><Correlation/><Execution ProcessID='2868' ThreadID='3264'/><Channel>Microsoft-Windows-Sysmon/Operational</Channel><Computer>win-dc-262.attackrange.local</Computer><Security UserID='S-1-5-18'/></System><EventData><Data Name='RuleName'>-</Data><Data Name='UtcTime'>2021-02-03 21:34:49.770</Data><Data Name='SourceProcessGUID'>{29E67E80-16F9-601B-3D38-00000000A301}</Data><Data Name='SourceProcessId'>4400</Data><Data Name='SourceThreadId'>6212</Data><Data Name='SourceImage'>C:\\Windows\\system32\\taskmgr.exe</Data><Data Name='TargetProcessGUID'>{29E67E80-7CBD-6019-0B00-00000000A301}</Data><Data Name='TargetProcessId'>856</Data><Data Name='TargetImage'>C:\\Windows\\system32\\lsass.exe</Data><Data Name='GrantedAccess'>0x1400</Data><Data Name='CallTrace'>C:\\Windows\\SYSTEM32\\ntdll.dll+a5a94|C:\\Windows\\System32\\KERNELBASE.dll+221bd|C:\\Windows\\system32\\taskmgr.exe+b3bc|C:\\Windows\\system32\\taskmgr.exe+b2b8|C:\\Windows\\system32\\taskmgr.exe+19d0d|C:\\Windows\\system32\\taskmgr.exe+1cc42|C:\\Windows\\system32\\taskmgr.exe+14fa9|C:\\Windows\\system32\\taskmgr.exe+2cdd3|C:\\Windows\\System32\\KERNEL32.DLL+84d4|C:\\Windows\\SYSTEM32\\ntdll.dll+51791</Data></EventData></Event>"}}
{"preview":false,"result":{"_time":"2021-02-03T21:34:49.786+0400","EventRecordID":"204850","_raw":"<Event xmlns='http://schemas.microsoft.com/win/2004/08/events/event'><System><Provider Name='Microsoft-Windows-Sysmon' Guid='{5770385F-C22A-43E0-BF4C-06F5698FFBD9}'/><EventID>10</EventID><Version>3</Version><Level>4</Level><Task>10</Task><Opcode>0</Opcode><Keywords>0x8000000000000000</Keywords><TimeCreated SystemTime='2021-02-03T21:34:49.786484900Z'/><EventRecordID>204850</EventRecordID><Correlation/><Execution ProcessID='2868' ThreadID='3264'/><Channel>Microsoft-Windows-Sysmon/Operational</Channel><Computer>win-dc-262.attackrange.local</Computer><Security UserID='S-1-5-18'/></System><EventData><Data Name='RuleName'>-</Data><Data Name='UtcTime'>2021-02-03 21:34:49.785</Data><Data Name='SourceProcessGUID'>{29E67E80-16F9-601B-3D38-00000000A301}</Data><Data Name='SourceProcessId'>4400</Data><Data Name='SourceThreadId'>6212</Data><Data Name='SourceImage'>C:\\Windows\\system32\\taskmgr.exe</Data><Data Name='TargetProcessGUID'>{29E67E80-7CBD-6019-0B00-00000000A301}</Data><Data Name='TargetProcessId'>856</Data><Data Name='TargetImage'>C:\\Windows\\system32\\lsass.exe</Data><Data Name='GrantedAccess'>0x1410</Data><Data Name='CallTrace'>C:\\Windows\\SYSTEM32\\ntdll.dll+a5a94|C:\\Windows\\System32\\KERNELBASE.dll+221bd|C:\\Windows\\system32\\taskmgr.exe+b3bc|C:\\Windows\\system32\\taskmgr.exe+19544|C:\\Windows\\system32\\taskmgr.exe+1a290|C:\\Windows\\system32\\taskmgr.exe+19e20|C:\\Windows\\system32\\taskmgr.exe+1cc42|C:\\Windows\\system32\\taskmgr.exe+14fa9|C:\\Windows\\system32\\taskmgr.exe+2cdd3|C:\\Windows\\System32\\KERNEL32.DLL+84d4|C:\\Windows\\SYSTEM32\\ntdll.dll+51791</Data></EventData></Event>"}}
{"preview":false,"result":{"_time":"2021-02-03T21:34:57.924+0400","EventRecordID":"205112","_raw":"<Event xmlns='http://schemas.microsoft.com/win/2004/08/events/event'><System><Provider Name='Microsoft-Windows-Sysmon' Guid='{5770385F-C22A-43E0-BF4C-06F5698FFBD9}'/><EventID>11</EventID><Version>2</Version><Level>4</Level><Task>11</Task><Opcode>0</Opcode><Keywords>0x8000000000000000</Keywords><TimeCreated SystemTime='2021-02-03T21:34:57.924440800Z'/><EventRecordID>205112</EventRecordID><Correlation/><Execution ProcessID='2868' ThreadID='3264'/><Channel>Microsoft-Windows-Sysmon/Operational</Channel><Computer>win-dc-262.attackrange.local</Computer><Security UserID='S-1-5-18'/></System><EventData><Data Name='RuleName'>-</Data><Data Name='UtcTime'>2021-02-03 21:34:57.910</Data><Data Name='ProcessGuid'>{29E67E80-16F9-601B-3D38-00000000A301}</Data><Data Name='ProcessId'>4400</Data><Data Name='Image'>C:\\Windows\\system32\\taskmgr.exe</Data><Data Name='TargetFilename'>C:\\Users\\ADMINI~1\\AppData\\Local\\Temp\\2\\lsass (2).DMP</Data><Data Name='CreationUtcTime'>2021-02-03 21:34:57.910</Data></EventData></Event>"}}
{"preview":false,"result":{"_time":"2021-02-03T21:34:57.927+0400","EventRecordID":"205113","_raw":"<Event xmlns='http://schemas.microsoft.com/win/2004/08/events/event'><System><Provider Name='Microsoft-Windows-Sysmon' Guid='{5770385F-C22A-43E0-BF4C-06F5698FFBD9}'/><EventID>10</EventID><Version>3</Version><Level>4</Level><Task>10</Task><Opcode>0</Opcode><Keywords>0x8000000000000000</Keywords><TimeCreated SystemTime='2021-02-03T21:34:57.927792400Z'/><EventRecordID>205113</EventRecordID><Correlation/><Execution ProcessID='2868' ThreadID='3264'/><Channel>Microsoft-Windows-Sysmon/Operational</Channel><Computer>win-dc-262.attackrange.local</Computer><Security UserID='S-1-5-18'/></System><EventData><Data Name='RuleName'>-</Data><Data Name='UtcTime'>2021-02-03 21:34:57.926</Data><Data Name='SourceProcessGUID'>{29E67E80-16F9-601B-3D38-00000000A301}</Data><Data Name='SourceProcessId'>4400</Data><Data Name='SourceThreadId'>6524</Data><Data Name='SourceImage'>C:\\Windows\\system32\\taskmgr.exe</Data><Data Name='TargetProcessGUID'>{29E67E80-7CBD-6019-0B00-00000000A301}</Data><Data Name='TargetProcessId'>856</Data><Data Name='TargetImage'>C:\\Windows\\system32\\lsass.exe</Data><Data Name='GrantedAccess'>0x1fffff</Data><Data Name='CallTrace'>C:\\Windows\\SYSTEM32\\ntdll.dll+a5a94|C:\\Windows\\SYSTEM32\\ntdll.dll+6cd1a|C:\\Windows\\System32\\KERNEL32.DLL+1cff8|C:\\Windows\\System32\\KERNEL32.DLL+25a87|C:\\Windows\\system32\\dbgcore.DLL+15a38|C:\\Windows\\system32\\dbgcore.DLL+e3f5|C:\\Windows\\system32\\dbgcore.DLL+b027|C:\\Windows\\system32\\dbgcore.DLL+5db1|C:\\Windows\\system32\\dbgcore.DLL+67d3|C:\\Windows\\system32\\taskmgr.exe+83bcb|C:\\Windows\\System32\\KERNEL32.DLL+84d4|C:\\Windows\\SYSTEM32\\ntdll.dll+51791</Data></EventData></Event>"},"lastrow":true}
