{"preview":false,"result":{"_time":"2021-09-06T14:02:45.638+0400","EventRecordID":"48598","_raw":"<Event xmlns='http://schemas.microsoft.com/win/2004/08/events/event'><System><Provider Name='Microsoft-Windows-Sysmon' Guid='{5770385F-C22A-43E0-BF4C-06F5698FFBD9}'/><EventID>1</EventID><Version>5</Version><Level>4</Level><Task>1</Task><Opcode>0</Opcode><Keywords>0x8000000000000000</Keywords><TimeCreated SystemTime='2021-09-06T14:02:45.638216300Z'/><EventRecordID>48598</EventRecordID><Correlation/><Execution ProcessID='2368' ThreadID='3084'/><Channel>Microsoft-Windows-Sysmon/Operational</Channel><Computer>win-dc-456.attackrange.local</Computer><Security UserID='S-1-5-18'/></System><EventData><Data Name='RuleName'>-</Data><Data Name='UtcTime'>2021-09-06 14:02:45.636</Data><Data Name='ProcessGuid'>{323FE7D8-1F85-6136-7A09-00000000F001}</Data><Data Name='ProcessId'>4984</Data><Data Name='Image'>C:\\Windows\\System32\\reg.exe</Data><Data Name='FileVersion'>10.0.14393.0 (rs1_release.160715-1616)</Data><Data Name='Description'>Registry Console Tool</Data><Data Name='Product'>Microsoft® Windows® Operating System</Data><Data Name='Company'>Microsoft Corporation</Data><Data Name='OriginalFileName'>reg.exe</Data><Data Name='CommandLine'>reg  add \"HKEY_LOCAL_MACHINE\\SOFTWARE\\Microsoft\\Windows NT\\CurrentVersion\\Winlogon\" /v DefaultUserName /t REG_SZ /d administrator /f</Data><Data Name='CurrentDirectory'>C:\\Temp\\</Data><Data Name='User'>ATTACKRANGE\\Administrator</Data><Data Name='LogonGuid'>{323FE7D8-0539-6136-E7C9-190000000000}</Data><Data Name='LogonId'>0x19c9e7</Data><Data Name='TerminalSessionId'>2</Data><Data Name='IntegrityLevel'>High</Data><Data Name='Hashes'>MD5=59A22FA6CF85026BB6BC69A1ADD75C50,SHA256=9E28034CE3AEEA6951F790F8997DF44CFBF80BEFF9FB17413DBA317016A716AD,IMPHASH=EE7EB7FA7D163340753B7223ADA14352</Data><Data Name='ParentProcessGuid'>{323FE7D8-1F82-6136-7809-00000000F001}</Data><Data Name='ParentProcessId'>3876</Data><Data Name='ParentImage'>C:\\Windows\\System32\\cmd.exe</Data><Data Name='ParentCommandLine'>C:\\Windows\\system32\\cmd.exe /c \"\"C:\\Temp\\1.bat\" \"</Data></EventData></Event>"}}
{"preview":false,"result":{"_time":"2021-09-06T14:02:45.646+0400","EventRecordID":"48606","_raw":"<Event xmlns='http://schemas.microsoft.com/win/2004/08/events/event'><System><Provider Name='Microsoft-Windows-Sysmon' Guid='{5770385F-C22A-43E0-BF4C-06F5698FFBD9}'/><EventID>13</EventID><Version>2</Version><Level>4</Level><Task>13</Task><Opcode>0</Opcode><Keywords>0x8000000000000000</Keywords><TimeCreated SystemTime='2021-09-06T14:02:45.646161600Z'/><EventRecordID>48606</EventRecordID><Correlation/><Execution ProcessID='2368' ThreadID='3084'/><Channel>Microsoft-Windows-Sysmon/Operational</Channel><Computer>win-dc-456.attackrange.local</Computer><Security UserID='S-1-5-18'/></System><EventData><Data Name='RuleName'>-</Data><Data Name='EventType'>SetValue</Data><Data Name='UtcTime'>2021-09-06 14:02:45.638</Data><Data Name='ProcessGuid'>{323FE7D8-1F85-6136-7A09-00000000F001}</Data><Data Name='ProcessId'>4984</Data><Data Name='Image'>C:\\Windows\\system32\\reg.exe</Data><Data Name='TargetObject'>HKLM\\SOFTWARE\\Microsoft\\Windows NT\\CurrentVersion\\Winlogon\\DefaultUserName</Data><Data Name='Details'>administrator</Data></EventData></Event>"}}
{"preview":false,"result":{"_time":"2021-09-06T14:02:45.655+0400","EventRecordID":"48607","_raw":"<Event xmlns='http://schemas.microsoft.com/win/2004/08/events/event'><System><Provider Name='Microsoft-Windows-Sysmon' Guid='{5770385F-C22A-43E0-BF4C-06F5698FFBD9}'/><EventID>1</EventID><Version>5</Version><Level>4</Level><Task>1</Task><Opcode>0</Opcode><Keywords>0x8000000000000000</Keywords><TimeCreated SystemTime='2021-09-06T14:02:45.655215500Z'/><EventRecordID>48607</EventRecordID><Correlation/><Execution ProcessID='2368' ThreadID='3084'/><Channel>Microsoft-Windows-Sysmon/Operational</Channel><Computer>win-dc-456.attackrange.local</Computer><Security UserID='S-1-5-18'/></System><EventData><Data Name='RuleName'>-</Data><Data Name='UtcTime'>2021-09-06 14:02:45.648</Data><Data Name='ProcessGuid'>{323FE7D8-1F85-6136-7B09-00000000F001}</Data><Data Name='ProcessId'>6724</Data><Data Name='Image'>C:\\Windows\\System32\\reg.exe</Data><Data Name='FileVersion'>10.0.14393.0 (rs1_release.160715-1616)</Data><Data Name='Description'>Registry Console Tool</Data><Data Name='Product'>Microsoft® Windows® Operating System</Data><Data Name='Company'>Microsoft Corporation</Data><Data Name='OriginalFileName'>reg.exe</Data><Data Name='CommandLine'>reg  add \"HKEY_LOCAL_MACHINE\\SOFTWARE\\Microsoft\\Windows NT\\CurrentVersion\\Winlogon\" /v DefaultPassword /t REG_SZ /d 12345 /f</Data><Data Name='CurrentDirectory'>C:\\Temp\\</Data><Data Name='User'>ATTACKRANGE\\Administrator</Data><Data Name='LogonGuid'>{323FE7D8-0539-6136-E7C9-190000000000}</Data><Data Name='LogonId'>0x19c9e7</Data><Data Name='TerminalSessionId'>2</Data><Data Name='IntegrityLevel'>High</Data><Data Name='Hashes'>MD5=59A22FA6CF85026BB6BC69A1ADD75C50,SHA256=9E28034CE3AEEA6951F790F8997DF44CFBF80BEFF9FB17413DBA317016A716AD,IMPHASH=EE7EB7FA7D163340753B7223ADA14352</Data><Data Name='ParentProcessGuid'>{323FE7D8-1F82-6136-7809-00000000F001}</Data><Data Name='ParentProcessId'>3876</Data><Data Name='ParentImage'>C:\\Windows\\System32\\cmd.exe</Data><Data Name='ParentCommandLine'>C:\\Windows\\system32\\cmd.exe /c \"\"C:\\Temp\\1.bat\" \"</Data></EventData></Event>"}}
{"preview":false,"result":{"_time":"2021-09-06T14:02:45.659+0400","EventRecordID":"48615","_raw":"<Event xmlns='http://schemas.microsoft.com/win/2004/08/events/event'><System><Provider Name='Microsoft-Windows-Sysmon' Guid='{5770385F-C22A-43E0-BF4C-06F5698FFBD9}'/><EventID>13</EventID><Version>2</Version><Level>4</Level><Task>13</Task><Opcode>0</Opcode><Keywords>0x8000000000000000</Keywords><TimeCreated SystemTime='2021-09-06T14:02:45.659614600Z'/><EventRecordID>48615</EventRecordID><Correlation/><Execution ProcessID='2368' ThreadID='3084'/><Channel>Microsoft-Windows-Sysmon/Operational</Channel><Computer>win-dc-456.attackrange.local</Computer><Security UserID='S-1-5-18'/></System><EventData><Data Name='RuleName'>-</Data><Data Name='EventType'>SetValue</Data><Data Name='UtcTime'>2021-09-06 14:02:45.654</Data><Data Name='ProcessGuid'>{323FE7D8-1F85-6136-7B09-00000000F001}</Data><Data Name='ProcessId'>6724</Data><Data Name='Image'>C:\\Windows\\system32\\reg.exe</Data><Data Name='TargetObject'>HKLM\\SOFTWARE\\Microsoft\\Windows NT\\CurrentVersion\\Winlogon\\DefaultPassword</Data><Data Name='Details'>12345</Data></EventData></Event>"}}
{"preview":false,"result":{"_time":"2021-09-06T14:03:32.881+0400","EventRecordID":"48813","_raw":"<Event xmlns='http://schemas.microsoft.com/win/2004/08/events/event'><System><Provider Name='Microsoft-Windows-Sysmon' Guid='{5770385F-C22A-43E0-BF4C-06F5698FFBD9}'/><EventID>12</EventID><Version>2</Version><Level>4</Level><Task>12</Task><Opcode>0</Opcode><Keywords>0x8000000000000000</Keywords><TimeCreated SystemTime='2021-09-06T14:03:32.881351300Z'/><EventRecordID>48813</EventRecordID><Correlation/><Execution ProcessID='2368' ThreadID='3084'/><Channel>Microsoft-Windows-Sysmon/Operational</Channel><Computer>win-dc-456.attackrange.local</Computer><Security UserID='S-1-5-18'/></System><EventData><Data Name='RuleName'>-</Data><Data Name='EventType'>DeleteValue</Data><Data Name='UtcTime'>2021-09-06 14:03:32.873</Data><Data Name='ProcessGuid'>{323FE7D8-0A16-6136-E106-00000000F001}</Data><Data Name='ProcessId'>4448</Data><Data Name='Image'>C:\\Windows\\regedit.exe</Data><Data Name='TargetObject'>HKLM\\SOFTWARE\\Microsoft\\Windows NT\\CurrentVersion\\Winlogon\\DefaultPassword</Data></EventData></Event>"},"lastrow":true}
