{"preview":false,"result":{"_time":"2021-04-22T18:35:57.982+0400","EventRecordID":"2530424","_raw":"<Event xmlns='http://schemas.microsoft.com/win/2004/08/events/event'><System><Provider Name='Microsoft-Windows-Sysmon' Guid='{5770385F-C22A-43E0-BF4C-06F5698FFBD9}'/><EventID>1</EventID><Version>5</Version><Level>4</Level><Task>1</Task><Opcode>0</Opcode><Keywords>0x8000000000000000</Keywords><TimeCreated SystemTime='2021-04-22T18:35:57.982985400Z'/><EventRecordID>2530424</EventRecordID><Correlation/><Execution ProcessID='1960' ThreadID='2904'/><Channel>Microsoft-Windows-Sysmon/Operational</Channel><Computer>win-host-5.attackrange.local</Computer><Security UserID='S-1-5-18'/></System><EventData><Data Name='RuleName'>-</Data><Data Name='UtcTime'>2021-04-22 18:35:57.982</Data><Data Name='ProcessGuid'>{21761711-C20D-6081-C887-00000000BB01}</Data><Data Name='ProcessId'>4508</Data><Data Name='Image'>C:\\Users\\Administrator\\Documents\\7z.exe</Data><Data Name='FileVersion'>19.00</Data><Data Name='Description'>7-Zip Console</Data><Data Name='Product'>7-Zip</Data><Data Name='Company'>Igor Pavlov</Data><Data Name='OriginalFileName'>7z.exe</Data><Data Name='CommandLine'>C:\\Users\\Administrator\\Documents\\7z.exe a -v500m -mx9 -r0 .\\file1.zip</Data><Data Name='CurrentDirectory'>C:\\Users\\Administrator\\</Data><Data Name='User'>WIN-HOST-5\\Administrator</Data><Data Name='LogonGuid'>{21761711-84C7-607D-C8E0-090000000000}</Data><Data Name='LogonId'>0x9e0c8</Data><Data Name='TerminalSessionId'>2</Data><Data Name='IntegrityLevel'>High</Data><Data Name='Hashes'>MD5=AFC08CE359E79887E45B8460E124D63E,SHA256=A20D93E7DC3711E8B8A8F63BD148DDC70DE8C952DE882C5495AC121BFEDB749F</Data><Data Name='ParentProcessGuid'>{21761711-C14F-6081-B287-00000000BB01}</Data><Data Name='ParentProcessId'>788</Data><Data Name='ParentImage'>C:\\Windows\\SysWOW64\\rundll32.exe</Data><Data Name='ParentCommandLine'>C:\\Windows\\syswow64\\rundll32.exe</Data></EventData></Event>"}}
{"preview":false,"result":{"_time":"2021-04-22T18:35:57.988+0400","EventRecordID":"2530439","_raw":"<Event xmlns='http://schemas.microsoft.com/win/2004/08/events/event'><System><Provider Name='Microsoft-Windows-Sysmon' Guid='{5770385F-C22A-43E0-BF4C-06F5698FFBD9}'/><EventID>1</EventID><Version>5</Version><Level>4</Level><Task>1</Task><Opcode>0</Opcode><Keywords>0x8000000000000000</Keywords><TimeCreated SystemTime='2021-04-22T18:35:57.988273400Z'/><EventRecordID>2530439</EventRecordID><Correlation/><Execution ProcessID='1960' ThreadID='2904'/><Channel>Microsoft-Windows-Sysmon/Operational</Channel><Computer>win-host-5.attackrange.local</Computer><Security UserID='S-1-5-18'/></System><EventData><Data Name='RuleName'>-</Data><Data Name='UtcTime'>2021-04-22 18:35:57.987</Data><Data Name='ProcessGuid'>{21761711-C20D-6081-C987-00000000BB01}</Data><Data Name='ProcessId'>3748</Data><Data Name='Image'>C:\\Windows\\System32\\conhost.exe</Data><Data Name='FileVersion'>10.0.14393.0 (rs1_release.160715-1616)</Data><Data Name='Description'>Console Window Host</Data><Data Name='Product'>Microsoft® Windows® Operating System</Data><Data Name='Company'>Microsoft Corporation</Data><Data Name='OriginalFileName'>CONHOST.EXE</Data><Data Name='CommandLine'>\\??\\C:\\Windows\\system32\\conhost.exe 0xffffffff -ForceV1</Data><Data Name='CurrentDirectory'>C:\\Windows</Data><Data Name='User'>WIN-HOST-5\\Administrator</Data><Data Name='LogonGuid'>{21761711-84C7-607D-C8E0-090000000000}</Data><Data Name='LogonId'>0x9e0c8</Data><Data Name='TerminalSessionId'>2</Data><Data Name='IntegrityLevel'>High</Data><Data Name='Hashes'>MD5=D752C96401E2540A443C599154FC6FA9,SHA256=046F7A1B4DE67562547ED9A180A72F481FC41E803DE49A96D7D7C731964D53A0</Data><Data Name='ParentProcessGuid'>{21761711-C20D-6081-C887-00000000BB01}</Data><Data Name='ParentProcessId'>4508</Data><Data Name='ParentImage'>C:\\Users\\Administrator\\Documents\\7z.exe</Data><Data Name='ParentCommandLine'>C:\\Users\\Administrator\\Documents\\7z.exe a -v500m -mx9 -r0 .\\file1.zip</Data></EventData></Event>"}}
{"preview":false,"result":{"_time":"2021-04-22T20:01:50.462+0400","EventRecordID":"2592578","_raw":"<Event xmlns='http://schemas.microsoft.com/win/2004/08/events/event'><System><Provider Name='Microsoft-Windows-Sysmon' Guid='{5770385F-C22A-43E0-BF4C-06F5698FFBD9}'/><EventID>1</EventID><Version>5</Version><Level>4</Level><Task>1</Task><Opcode>0</Opcode><Keywords>0x8000000000000000</Keywords><TimeCreated SystemTime='2021-04-22T20:01:50.462156800Z'/><EventRecordID>2592578</EventRecordID><Correlation/><Execution ProcessID='1960' ThreadID='2904'/><Channel>Microsoft-Windows-Sysmon/Operational</Channel><Computer>win-host-5.attackrange.local</Computer><Security UserID='S-1-5-18'/></System><EventData><Data Name='RuleName'>-</Data><Data Name='UtcTime'>2021-04-22 20:01:50.461</Data><Data Name='ProcessGuid'>{21761711-D62E-6081-3B8A-00000000BB01}</Data><Data Name='ProcessId'>7228</Data><Data Name='Image'>C:\\Users\\Administrator\\Documents\\7z.exe</Data><Data Name='FileVersion'>19.00</Data><Data Name='Description'>7-Zip Console</Data><Data Name='Product'>7-Zip</Data><Data Name='Company'>Igor Pavlov</Data><Data Name='OriginalFileName'>7z.exe</Data><Data Name='CommandLine'>C:\\Users\\Administrator\\Documents\\7z.exe a -v500m -mx9 -r0 .\\file2.txt</Data><Data Name='CurrentDirectory'>C:\\Users\\Administrator\\</Data><Data Name='User'>WIN-HOST-5\\Administrator</Data><Data Name='LogonGuid'>{21761711-84C7-607D-C8E0-090000000000}</Data><Data Name='LogonId'>0x9e0c8</Data><Data Name='TerminalSessionId'>2</Data><Data Name='IntegrityLevel'>High</Data><Data Name='Hashes'>MD5=AFC08CE359E79887E45B8460E124D63E,SHA256=A20D93E7DC3711E8B8A8F63BD148DDC70DE8C952DE882C5495AC121BFEDB749F</Data><Data Name='ParentProcessGuid'>{21761711-D5A2-6081-2A8A-00000000BB01}</Data><Data Name='ParentProcessId'>6956</Data><Data Name='ParentImage'>C:\\Windows\\SysWOW64\\rundll32.exe</Data><Data Name='ParentCommandLine'>C:\\Windows\\syswow64\\rundll32.exe</Data></EventData></Event>"}}
{"preview":false,"result":{"_time":"2021-04-22T20:01:50.610+0400","EventRecordID":"2592647","_raw":"<Event xmlns='http://schemas.microsoft.com/win/2004/08/events/event'><System><Provider Name='Microsoft-Windows-Sysmon' Guid='{5770385F-C22A-43E0-BF4C-06F5698FFBD9}'/><EventID>11</EventID><Version>2</Version><Level>4</Level><Task>11</Task><Opcode>0</Opcode><Keywords>0x8000000000000000</Keywords><TimeCreated SystemTime='2021-04-22T20:01:50.610798700Z'/><EventRecordID>2592647</EventRecordID><Correlation/><Execution ProcessID='1960' ThreadID='2904'/><Channel>Microsoft-Windows-Sysmon/Operational</Channel><Computer>win-host-5.attackrange.local</Computer><Security UserID='S-1-5-18'/></System><EventData><Data Name='RuleName'>-</Data><Data Name='UtcTime'>2021-04-22 20:01:50.604</Data><Data Name='ProcessGuid'>{21761711-D62E-6081-3B8A-00000000BB01}</Data><Data Name='ProcessId'>7228</Data><Data Name='Image'>C:\\Users\\Administrator\\Documents\\7z.exe</Data><Data Name='TargetFilename'>C:\\Users\\Administrator\\file2.txt.001</Data><Data Name='CreationUtcTime'>2021-04-22 20:01:50.604</Data></EventData></Event>"},"lastrow":true}
