{"preview":false,"result":{"_time":"2025-01-10T19:33:06.289+0400","EventRecordID":"4816","_raw":"<Event xmlns='http://schemas.microsoft.com/win/2004/08/events/event'><System><Provider Name='Microsoft-Windows-Sysmon' Guid='{5770385f-c22a-43e0-bf4c-06f5698ffbd9}'/><EventID>3</EventID><Version>5</Version><Level>4</Level><Task>3</Task><Opcode>0</Opcode><Keywords>0x8000000000000000</Keywords><TimeCreated SystemTime='2025-01-10T19:33:06.2899097Z'/><EventRecordID>4816</EventRecordID><Correlation/><Execution ProcessID='908' ThreadID='3936'/><Channel>Microsoft-Windows-Sysmon/Operational</Channel><Computer>ar-win-dc.attackrange.local</Computer><Security UserID='S-1-5-18'/></System><EventData><Data Name='RuleName'>RDP</Data><Data Name='UtcTime'>2025-01-10 19:33:03.678</Data><Data Name='ProcessGuid'>{cc0ec799-66e1-6781-1300-000000000202}</Data><Data Name='ProcessId'>712</Data><Data Name='Image'>C:\\Windows\\System32\\svchost.exe</Data><Data Name='User'>NT AUTHORITY\\NETWORK SERVICE</Data><Data Name='Protocol'>tcp</Data><Data Name='Initiated'>false</Data><Data Name='SourceIsIpv6'>false</Data><Data Name='SourceIp'>23.93.242.200</Data><Data Name='SourceHostname'>-</Data><Data Name='SourcePort'>52977</Data><Data Name='SourcePortName'>-</Data><Data Name='DestinationIsIpv6'>false</Data><Data Name='DestinationIp'>10.0.1.14</Data><Data Name='DestinationHostname'>ar-win-dc.attackrange.local</Data><Data Name='DestinationPort'>3389</Data><Data Name='DestinationPortName'>ms-wbt-server</Data></EventData></Event>\r\n"}}
{"preview":false,"result":{"_time":"2025-01-10T19:33:39.127+0400","EventRecordID":"4827","_raw":"<Event xmlns='http://schemas.microsoft.com/win/2004/08/events/event'><System><Provider Name='Microsoft-Windows-Sysmon' Guid='{5770385f-c22a-43e0-bf4c-06f5698ffbd9}'/><EventID>3</EventID><Version>5</Version><Level>4</Level><Task>3</Task><Opcode>0</Opcode><Keywords>0x8000000000000000</Keywords><TimeCreated SystemTime='2025-01-10T19:33:39.1277526Z'/><EventRecordID>4827</EventRecordID><Correlation/><Execution ProcessID='908' ThreadID='3936'/><Channel>Microsoft-Windows-Sysmon/Operational</Channel><Computer>ar-win-dc.attackrange.local</Computer><Security UserID='S-1-5-18'/></System><EventData><Data Name='RuleName'>RDP</Data><Data Name='UtcTime'>2025-01-10 19:33:36.657</Data><Data Name='ProcessGuid'>{cc0ec799-66e1-6781-1300-000000000202}</Data><Data Name='ProcessId'>712</Data><Data Name='Image'>C:\\Windows\\System32\\svchost.exe</Data><Data Name='User'>NT AUTHORITY\\NETWORK SERVICE</Data><Data Name='Protocol'>tcp</Data><Data Name='Initiated'>false</Data><Data Name='SourceIsIpv6'>false</Data><Data Name='SourceIp'>23.93.242.200</Data><Data Name='SourceHostname'>-</Data><Data Name='SourcePort'>52994</Data><Data Name='SourcePortName'>-</Data><Data Name='DestinationIsIpv6'>false</Data><Data Name='DestinationIp'>10.0.1.14</Data><Data Name='DestinationHostname'>ar-win-dc.attackrange.local</Data><Data Name='DestinationPort'>3389</Data><Data Name='DestinationPortName'>ms-wbt-server</Data></EventData></Event>"}}
{"preview":false,"result":{"_time":"2025-01-10T19:33:43.519+0400","EventRecordID":"4828","_raw":"<Event xmlns='http://schemas.microsoft.com/win/2004/08/events/event'><System><Provider Name='Microsoft-Windows-Sysmon' Guid='{5770385f-c22a-43e0-bf4c-06f5698ffbd9}'/><EventID>3</EventID><Version>5</Version><Level>4</Level><Task>3</Task><Opcode>0</Opcode><Keywords>0x8000000000000000</Keywords><TimeCreated SystemTime='2025-01-10T19:33:43.5191727Z'/><EventRecordID>4828</EventRecordID><Correlation/><Execution ProcessID='908' ThreadID='3936'/><Channel>Microsoft-Windows-Sysmon/Operational</Channel><Computer>ar-win-dc.attackrange.local</Computer><Security UserID='S-1-5-18'/></System><EventData><Data Name='RuleName'>RDP</Data><Data Name='UtcTime'>2025-01-10 19:33:40.762</Data><Data Name='ProcessGuid'>{cc0ec799-66e1-6781-1300-000000000202}</Data><Data Name='ProcessId'>712</Data><Data Name='Image'>C:\\Windows\\System32\\svchost.exe</Data><Data Name='User'>NT AUTHORITY\\NETWORK SERVICE</Data><Data Name='Protocol'>tcp</Data><Data Name='Initiated'>false</Data><Data Name='SourceIsIpv6'>false</Data><Data Name='SourceIp'>23.93.242.200</Data><Data Name='SourceHostname'>-</Data><Data Name='SourcePort'>52995</Data><Data Name='SourcePortName'>-</Data><Data Name='DestinationIsIpv6'>false</Data><Data Name='DestinationIp'>10.0.1.14</Data><Data Name='DestinationHostname'>ar-win-dc.attackrange.local</Data><Data Name='DestinationPort'>3389</Data><Data Name='DestinationPortName'>ms-wbt-server</Data></EventData></Event>"}}
{"preview":false,"result":{"_time":"2025-01-10T19:33:44.535+0400","EventRecordID":"4829","_raw":"<Event xmlns='http://schemas.microsoft.com/win/2004/08/events/event'><System><Provider Name='Microsoft-Windows-Sysmon' Guid='{5770385f-c22a-43e0-bf4c-06f5698ffbd9}'/><EventID>3</EventID><Version>5</Version><Level>4</Level><Task>3</Task><Opcode>0</Opcode><Keywords>0x8000000000000000</Keywords><TimeCreated SystemTime='2025-01-10T19:33:44.5357098Z'/><EventRecordID>4829</EventRecordID><Correlation/><Execution ProcessID='908' ThreadID='3936'/><Channel>Microsoft-Windows-Sysmon/Operational</Channel><Computer>ar-win-dc.attackrange.local</Computer><Security UserID='S-1-5-18'/></System><EventData><Data Name='RuleName'>RDP</Data><Data Name='UtcTime'>2025-01-10 19:33:42.375</Data><Data Name='ProcessGuid'>{cc0ec799-66e1-6781-1300-000000000202}</Data><Data Name='ProcessId'>712</Data><Data Name='Image'>C:\\Windows\\System32\\svchost.exe</Data><Data Name='User'>NT AUTHORITY\\NETWORK SERVICE</Data><Data Name='Protocol'>tcp</Data><Data Name='Initiated'>false</Data><Data Name='SourceIsIpv6'>false</Data><Data Name='SourceIp'>23.93.242.200</Data><Data Name='SourceHostname'>-</Data><Data Name='SourcePort'>52996</Data><Data Name='SourcePortName'>-</Data><Data Name='DestinationIsIpv6'>false</Data><Data Name='DestinationIp'>10.0.1.14</Data><Data Name='DestinationHostname'>ar-win-dc.attackrange.local</Data><Data Name='DestinationPort'>3389</Data><Data Name='DestinationPortName'>ms-wbt-server</Data></EventData></Event>"}}
{"preview":false,"result":{"_time":"2025-01-10T19:33:53.553+0400","EventRecordID":"4830","_raw":"<Event xmlns='http://schemas.microsoft.com/win/2004/08/events/event'><System><Provider Name='Microsoft-Windows-Sysmon' Guid='{5770385f-c22a-43e0-bf4c-06f5698ffbd9}'/><EventID>3</EventID><Version>5</Version><Level>4</Level><Task>3</Task><Opcode>0</Opcode><Keywords>0x8000000000000000</Keywords><TimeCreated SystemTime='2025-01-10T19:33:53.5531577Z'/><EventRecordID>4830</EventRecordID><Correlation/><Execution ProcessID='908' ThreadID='3936'/><Channel>Microsoft-Windows-Sysmon/Operational</Channel><Computer>ar-win-dc.attackrange.local</Computer><Security UserID='S-1-5-18'/></System><EventData><Data Name='RuleName'>RDP</Data><Data Name='UtcTime'>2025-01-10 19:33:50.936</Data><Data Name='ProcessGuid'>{cc0ec799-66e1-6781-1300-000000000202}</Data><Data Name='ProcessId'>712</Data><Data Name='Image'>C:\\Windows\\System32\\svchost.exe</Data><Data Name='User'>NT AUTHORITY\\NETWORK SERVICE</Data><Data Name='Protocol'>tcp</Data><Data Name='Initiated'>false</Data><Data Name='SourceIsIpv6'>false</Data><Data Name='SourceIp'>23.93.242.200</Data><Data Name='SourceHostname'>-</Data><Data Name='SourcePort'>52999</Data><Data Name='SourcePortName'>-</Data><Data Name='DestinationIsIpv6'>false</Data><Data Name='DestinationIp'>10.0.1.14</Data><Data Name='DestinationHostname'>ar-win-dc.attackrange.local</Data><Data Name='DestinationPort'>3389</Data><Data Name='DestinationPortName'>ms-wbt-server</Data></EventData></Event>"}}
{"preview":false,"result":{"_time":"2025-01-10T19:34:03.276+0400","EventRecordID":"4831","_raw":"<Event xmlns='http://schemas.microsoft.com/win/2004/08/events/event'><System><Provider Name='Microsoft-Windows-Sysmon' Guid='{5770385f-c22a-43e0-bf4c-06f5698ffbd9}'/><EventID>3</EventID><Version>5</Version><Level>4</Level><Task>3</Task><Opcode>0</Opcode><Keywords>0x8000000000000000</Keywords><TimeCreated SystemTime='2025-01-10T19:34:03.2762107Z'/><EventRecordID>4831</EventRecordID><Correlation/><Execution ProcessID='908' ThreadID='3936'/><Channel>Microsoft-Windows-Sysmon/Operational</Channel><Computer>ar-win-dc.attackrange.local</Computer><Security UserID='S-1-5-18'/></System><EventData><Data Name='RuleName'>RDP</Data><Data Name='UtcTime'>2025-01-10 19:34:00.891</Data><Data Name='ProcessGuid'>{cc0ec799-66e1-6781-1300-000000000202}</Data><Data Name='ProcessId'>712</Data><Data Name='Image'>C:\\Windows\\System32\\svchost.exe</Data><Data Name='User'>NT AUTHORITY\\NETWORK SERVICE</Data><Data Name='Protocol'>tcp</Data><Data Name='Initiated'>false</Data><Data Name='SourceIsIpv6'>false</Data><Data Name='SourceIp'>23.93.242.200</Data><Data Name='SourceHostname'>-</Data><Data Name='SourcePort'>53010</Data><Data Name='SourcePortName'>-</Data><Data Name='DestinationIsIpv6'>false</Data><Data Name='DestinationIp'>10.0.1.14</Data><Data Name='DestinationHostname'>ar-win-dc.attackrange.local</Data><Data Name='DestinationPort'>3389</Data><Data Name='DestinationPortName'>ms-wbt-server</Data></EventData></Event>"}}
{"preview":false,"result":{"_time":"2025-01-10T19:35:22.121+0400","EventRecordID":"4840","_raw":"<Event xmlns='http://schemas.microsoft.com/win/2004/08/events/event'><System><Provider Name='Microsoft-Windows-Sysmon' Guid='{5770385f-c22a-43e0-bf4c-06f5698ffbd9}'/><EventID>3</EventID><Version>5</Version><Level>4</Level><Task>3</Task><Opcode>0</Opcode><Keywords>0x8000000000000000</Keywords><TimeCreated SystemTime='2025-01-10T19:35:22.1215140Z'/><EventRecordID>4840</EventRecordID><Correlation/><Execution ProcessID='908' ThreadID='3936'/><Channel>Microsoft-Windows-Sysmon/Operational</Channel><Computer>ar-win-dc.attackrange.local</Computer><Security UserID='S-1-5-18'/></System><EventData><Data Name='RuleName'>RDP</Data><Data Name='UtcTime'>2025-01-10 19:35:19.328</Data><Data Name='ProcessGuid'>{cc0ec799-66e1-6781-1300-000000000202}</Data><Data Name='ProcessId'>712</Data><Data Name='Image'>C:\\Windows\\System32\\svchost.exe</Data><Data Name='User'>NT AUTHORITY\\NETWORK SERVICE</Data><Data Name='Protocol'>tcp</Data><Data Name='Initiated'>false</Data><Data Name='SourceIsIpv6'>false</Data><Data Name='SourceIp'>23.93.242.200</Data><Data Name='SourceHostname'>-</Data><Data Name='SourcePort'>53049</Data><Data Name='SourcePortName'>-</Data><Data Name='DestinationIsIpv6'>false</Data><Data Name='DestinationIp'>10.0.1.14</Data><Data Name='DestinationHostname'>ar-win-dc.attackrange.local</Data><Data Name='DestinationPort'>3389</Data><Data Name='DestinationPortName'>ms-wbt-server</Data></EventData></Event>"}}
{"preview":false,"result":{"_time":"2025-01-10T19:37:16.997+0400","EventRecordID":"4851","_raw":"<Event xmlns='http://schemas.microsoft.com/win/2004/08/events/event'><System><Provider Name='Microsoft-Windows-Sysmon' Guid='{5770385f-c22a-43e0-bf4c-06f5698ffbd9}'/><EventID>3</EventID><Version>5</Version><Level>4</Level><Task>3</Task><Opcode>0</Opcode><Keywords>0x8000000000000000</Keywords><TimeCreated SystemTime='2025-01-10T19:37:16.9975593Z'/><EventRecordID>4851</EventRecordID><Correlation/><Execution ProcessID='908' ThreadID='3936'/><Channel>Microsoft-Windows-Sysmon/Operational</Channel><Computer>ar-win-dc.attackrange.local</Computer><Security UserID='S-1-5-18'/></System><EventData><Data Name='RuleName'>RDP</Data><Data Name='UtcTime'>2025-01-10 19:37:13.961</Data><Data Name='ProcessGuid'>{cc0ec799-66e1-6781-1300-000000000202}</Data><Data Name='ProcessId'>712</Data><Data Name='Image'>C:\\Windows\\System32\\svchost.exe</Data><Data Name='User'>NT AUTHORITY\\NETWORK SERVICE</Data><Data Name='Protocol'>tcp</Data><Data Name='Initiated'>false</Data><Data Name='SourceIsIpv6'>false</Data><Data Name='SourceIp'>23.93.242.200</Data><Data Name='SourceHostname'>-</Data><Data Name='SourcePort'>53104</Data><Data Name='SourcePortName'>-</Data><Data Name='DestinationIsIpv6'>false</Data><Data Name='DestinationIp'>10.0.1.14</Data><Data Name='DestinationHostname'>ar-win-dc.attackrange.local</Data><Data Name='DestinationPort'>3389</Data><Data Name='DestinationPortName'>ms-wbt-server</Data></EventData></Event>"}}
{"preview":false,"result":{"_time":"2025-01-10T19:37:30.378+0400","EventRecordID":"4853","_raw":"<Event xmlns='http://schemas.microsoft.com/win/2004/08/events/event'><System><Provider Name='Microsoft-Windows-Sysmon' Guid='{5770385f-c22a-43e0-bf4c-06f5698ffbd9}'/><EventID>3</EventID><Version>5</Version><Level>4</Level><Task>3</Task><Opcode>0</Opcode><Keywords>0x8000000000000000</Keywords><TimeCreated SystemTime='2025-01-10T19:37:30.3781330Z'/><EventRecordID>4853</EventRecordID><Correlation/><Execution ProcessID='908' ThreadID='3936'/><Channel>Microsoft-Windows-Sysmon/Operational</Channel><Computer>ar-win-dc.attackrange.local</Computer><Security UserID='S-1-5-18'/></System><EventData><Data Name='RuleName'>RDP</Data><Data Name='UtcTime'>2025-01-10 19:37:27.722</Data><Data Name='ProcessGuid'>{cc0ec799-66e1-6781-1300-000000000202}</Data><Data Name='ProcessId'>712</Data><Data Name='Image'>C:\\Windows\\System32\\svchost.exe</Data><Data Name='User'>NT AUTHORITY\\NETWORK SERVICE</Data><Data Name='Protocol'>tcp</Data><Data Name='Initiated'>false</Data><Data Name='SourceIsIpv6'>false</Data><Data Name='SourceIp'>23.93.242.200</Data><Data Name='SourceHostname'>-</Data><Data Name='SourcePort'>53108</Data><Data Name='SourcePortName'>-</Data><Data Name='DestinationIsIpv6'>false</Data><Data Name='DestinationIp'>10.0.1.14</Data><Data Name='DestinationHostname'>ar-win-dc.attackrange.local</Data><Data Name='DestinationPort'>3389</Data><Data Name='DestinationPortName'>ms-wbt-server</Data></EventData></Event>"}}
{"preview":false,"result":{"_time":"2025-01-10T19:37:44.775+0400","EventRecordID":"4858","_raw":"<Event xmlns='http://schemas.microsoft.com/win/2004/08/events/event'><System><Provider Name='Microsoft-Windows-Sysmon' Guid='{5770385f-c22a-43e0-bf4c-06f5698ffbd9}'/><EventID>3</EventID><Version>5</Version><Level>4</Level><Task>3</Task><Opcode>0</Opcode><Keywords>0x8000000000000000</Keywords><TimeCreated SystemTime='2025-01-10T19:37:44.7759147Z'/><EventRecordID>4858</EventRecordID><Correlation/><Execution ProcessID='908' ThreadID='3936'/><Channel>Microsoft-Windows-Sysmon/Operational</Channel><Computer>ar-win-dc.attackrange.local</Computer><Security UserID='S-1-5-18'/></System><EventData><Data Name='RuleName'>RDP</Data><Data Name='UtcTime'>2025-01-10 19:37:42.443</Data><Data Name='ProcessGuid'>{cc0ec799-66e1-6781-1300-000000000202}</Data><Data Name='ProcessId'>712</Data><Data Name='Image'>C:\\Windows\\System32\\svchost.exe</Data><Data Name='User'>NT AUTHORITY\\NETWORK SERVICE</Data><Data Name='Protocol'>tcp</Data><Data Name='Initiated'>false</Data><Data Name='SourceIsIpv6'>false</Data><Data Name='SourceIp'>23.93.242.200</Data><Data Name='SourceHostname'>-</Data><Data Name='SourcePort'>53115</Data><Data Name='SourcePortName'>-</Data><Data Name='DestinationIsIpv6'>false</Data><Data Name='DestinationIp'>10.0.1.14</Data><Data Name='DestinationHostname'>ar-win-dc.attackrange.local</Data><Data Name='DestinationPort'>3389</Data><Data Name='DestinationPortName'>ms-wbt-server</Data></EventData></Event>"}}
{"preview":false,"result":{"_time":"2025-01-10T19:37:48.886+0400","EventRecordID":"4859","_raw":"<Event xmlns='http://schemas.microsoft.com/win/2004/08/events/event'><System><Provider Name='Microsoft-Windows-Sysmon' Guid='{5770385f-c22a-43e0-bf4c-06f5698ffbd9}'/><EventID>3</EventID><Version>5</Version><Level>4</Level><Task>3</Task><Opcode>0</Opcode><Keywords>0x8000000000000000</Keywords><TimeCreated SystemTime='2025-01-10T19:37:48.8868857Z'/><EventRecordID>4859</EventRecordID><Correlation/><Execution ProcessID='908' ThreadID='3936'/><Channel>Microsoft-Windows-Sysmon/Operational</Channel><Computer>ar-win-dc.attackrange.local</Computer><Security UserID='S-1-5-18'/></System><EventData><Data Name='RuleName'>RDP</Data><Data Name='UtcTime'>2025-01-10 19:37:46.442</Data><Data Name='ProcessGuid'>{cc0ec799-66e1-6781-1300-000000000202}</Data><Data Name='ProcessId'>712</Data><Data Name='Image'>C:\\Windows\\System32\\svchost.exe</Data><Data Name='User'>NT AUTHORITY\\NETWORK SERVICE</Data><Data Name='Protocol'>tcp</Data><Data Name='Initiated'>false</Data><Data Name='SourceIsIpv6'>false</Data><Data Name='SourceIp'>23.93.242.200</Data><Data Name='SourceHostname'>-</Data><Data Name='SourcePort'>53116</Data><Data Name='SourcePortName'>-</Data><Data Name='DestinationIsIpv6'>false</Data><Data Name='DestinationIp'>10.0.1.14</Data><Data Name='DestinationHostname'>ar-win-dc.attackrange.local</Data><Data Name='DestinationPort'>3389</Data><Data Name='DestinationPortName'>ms-wbt-server</Data></EventData></Event>"}}
{"preview":false,"result":{"_time":"2025-01-10T19:37:58.093+0400","EventRecordID":"4860","_raw":"<Event xmlns='http://schemas.microsoft.com/win/2004/08/events/event'><System><Provider Name='Microsoft-Windows-Sysmon' Guid='{5770385f-c22a-43e0-bf4c-06f5698ffbd9}'/><EventID>3</EventID><Version>5</Version><Level>4</Level><Task>3</Task><Opcode>0</Opcode><Keywords>0x8000000000000000</Keywords><TimeCreated SystemTime='2025-01-10T19:37:58.0937672Z'/><EventRecordID>4860</EventRecordID><Correlation/><Execution ProcessID='908' ThreadID='3936'/><Channel>Microsoft-Windows-Sysmon/Operational</Channel><Computer>ar-win-dc.attackrange.local</Computer><Security UserID='S-1-5-18'/></System><EventData><Data Name='RuleName'>RDP</Data><Data Name='UtcTime'>2025-01-10 19:37:55.274</Data><Data Name='ProcessGuid'>{cc0ec799-66e1-6781-1300-000000000202}</Data><Data Name='ProcessId'>712</Data><Data Name='Image'>C:\\Windows\\System32\\svchost.exe</Data><Data Name='User'>NT AUTHORITY\\NETWORK SERVICE</Data><Data Name='Protocol'>tcp</Data><Data Name='Initiated'>false</Data><Data Name='SourceIsIpv6'>false</Data><Data Name='SourceIp'>23.93.242.200</Data><Data Name='SourceHostname'>-</Data><Data Name='SourcePort'>53118</Data><Data Name='SourcePortName'>-</Data><Data Name='DestinationIsIpv6'>false</Data><Data Name='DestinationIp'>10.0.1.14</Data><Data Name='DestinationHostname'>ar-win-dc.attackrange.local</Data><Data Name='DestinationPort'>3389</Data><Data Name='DestinationPortName'>ms-wbt-server</Data></EventData></Event>"}}
{"preview":false,"result":{"_time":"2025-01-10T19:38:02.470+0400","EventRecordID":"4861","_raw":"<Event xmlns='http://schemas.microsoft.com/win/2004/08/events/event'><System><Provider Name='Microsoft-Windows-Sysmon' Guid='{5770385f-c22a-43e0-bf4c-06f5698ffbd9}'/><EventID>3</EventID><Version>5</Version><Level>4</Level><Task>3</Task><Opcode>0</Opcode><Keywords>0x8000000000000000</Keywords><TimeCreated SystemTime='2025-01-10T19:38:02.4708363Z'/><EventRecordID>4861</EventRecordID><Correlation/><Execution ProcessID='908' ThreadID='3936'/><Channel>Microsoft-Windows-Sysmon/Operational</Channel><Computer>ar-win-dc.attackrange.local</Computer><Security UserID='S-1-5-18'/></System><EventData><Data Name='RuleName'>RDP</Data><Data Name='UtcTime'>2025-01-10 19:38:00.078</Data><Data Name='ProcessGuid'>{cc0ec799-66e1-6781-1300-000000000202}</Data><Data Name='ProcessId'>712</Data><Data Name='Image'>C:\\Windows\\System32\\svchost.exe</Data><Data Name='User'>NT AUTHORITY\\NETWORK SERVICE</Data><Data Name='Protocol'>tcp</Data><Data Name='Initiated'>false</Data><Data Name='SourceIsIpv6'>false</Data><Data Name='SourceIp'>23.93.242.200</Data><Data Name='SourceHostname'>-</Data><Data Name='SourcePort'>53121</Data><Data Name='SourcePortName'>-</Data><Data Name='DestinationIsIpv6'>false</Data><Data Name='DestinationIp'>10.0.1.14</Data><Data Name='DestinationHostname'>ar-win-dc.attackrange.local</Data><Data Name='DestinationPort'>3389</Data><Data Name='DestinationPortName'>ms-wbt-server</Data></EventData></Event>"}}
{"preview":false,"result":{"_time":"2025-01-10T19:38:05.768+0400","EventRecordID":"4862","_raw":"<Event xmlns='http://schemas.microsoft.com/win/2004/08/events/event'><System><Provider Name='Microsoft-Windows-Sysmon' Guid='{5770385f-c22a-43e0-bf4c-06f5698ffbd9}'/><EventID>3</EventID><Version>5</Version><Level>4</Level><Task>3</Task><Opcode>0</Opcode><Keywords>0x8000000000000000</Keywords><TimeCreated SystemTime='2025-01-10T19:38:05.7689237Z'/><EventRecordID>4862</EventRecordID><Correlation/><Execution ProcessID='908' ThreadID='3936'/><Channel>Microsoft-Windows-Sysmon/Operational</Channel><Computer>ar-win-dc.attackrange.local</Computer><Security UserID='S-1-5-18'/></System><EventData><Data Name='RuleName'>RDP</Data><Data Name='UtcTime'>2025-01-10 19:38:02.836</Data><Data Name='ProcessGuid'>{cc0ec799-66e1-6781-1300-000000000202}</Data><Data Name='ProcessId'>712</Data><Data Name='Image'>C:\\Windows\\System32\\svchost.exe</Data><Data Name='User'>NT AUTHORITY\\NETWORK SERVICE</Data><Data Name='Protocol'>tcp</Data><Data Name='Initiated'>false</Data><Data Name='SourceIsIpv6'>false</Data><Data Name='SourceIp'>23.93.242.200</Data><Data Name='SourceHostname'>-</Data><Data Name='SourcePort'>53122</Data><Data Name='SourcePortName'>-</Data><Data Name='DestinationIsIpv6'>false</Data><Data Name='DestinationIp'>10.0.1.14</Data><Data Name='DestinationHostname'>ar-win-dc.attackrange.local</Data><Data Name='DestinationPort'>3389</Data><Data Name='DestinationPortName'>ms-wbt-server</Data></EventData></Event>"}}
{"preview":false,"result":{"_time":"2025-01-10T19:38:06.784+0400","EventRecordID":"4863","_raw":"<Event xmlns='http://schemas.microsoft.com/win/2004/08/events/event'><System><Provider Name='Microsoft-Windows-Sysmon' Guid='{5770385f-c22a-43e0-bf4c-06f5698ffbd9}'/><EventID>3</EventID><Version>5</Version><Level>4</Level><Task>3</Task><Opcode>0</Opcode><Keywords>0x8000000000000000</Keywords><TimeCreated SystemTime='2025-01-10T19:38:06.7846179Z'/><EventRecordID>4863</EventRecordID><Correlation/><Execution ProcessID='908' ThreadID='3936'/><Channel>Microsoft-Windows-Sysmon/Operational</Channel><Computer>ar-win-dc.attackrange.local</Computer><Security UserID='S-1-5-18'/></System><EventData><Data Name='RuleName'>RDP</Data><Data Name='UtcTime'>2025-01-10 19:38:04.343</Data><Data Name='ProcessGuid'>{cc0ec799-66e1-6781-1300-000000000202}</Data><Data Name='ProcessId'>712</Data><Data Name='Image'>C:\\Windows\\System32\\svchost.exe</Data><Data Name='User'>NT AUTHORITY\\NETWORK SERVICE</Data><Data Name='Protocol'>tcp</Data><Data Name='Initiated'>false</Data><Data Name='SourceIsIpv6'>false</Data><Data Name='SourceIp'>23.93.242.200</Data><Data Name='SourceHostname'>-</Data><Data Name='SourcePort'>53123</Data><Data Name='SourcePortName'>-</Data><Data Name='DestinationIsIpv6'>false</Data><Data Name='DestinationIp'>10.0.1.14</Data><Data Name='DestinationHostname'>ar-win-dc.attackrange.local</Data><Data Name='DestinationPort'>3389</Data><Data Name='DestinationPortName'>ms-wbt-server</Data></EventData></Event>"}}
{"preview":false,"result":{"_time":"2025-01-10T19:38:11.192+0400","EventRecordID":"4864","_raw":"<Event xmlns='http://schemas.microsoft.com/win/2004/08/events/event'><System><Provider Name='Microsoft-Windows-Sysmon' Guid='{5770385f-c22a-43e0-bf4c-06f5698ffbd9}'/><EventID>3</EventID><Version>5</Version><Level>4</Level><Task>3</Task><Opcode>0</Opcode><Keywords>0x8000000000000000</Keywords><TimeCreated SystemTime='2025-01-10T19:38:11.1929764Z'/><EventRecordID>4864</EventRecordID><Correlation/><Execution ProcessID='908' ThreadID='3936'/><Channel>Microsoft-Windows-Sysmon/Operational</Channel><Computer>ar-win-dc.attackrange.local</Computer><Security UserID='S-1-5-18'/></System><EventData><Data Name='RuleName'>RDP</Data><Data Name='UtcTime'>2025-01-10 19:38:08.808</Data><Data Name='ProcessGuid'>{cc0ec799-66e1-6781-1300-000000000202}</Data><Data Name='ProcessId'>712</Data><Data Name='Image'>C:\\Windows\\System32\\svchost.exe</Data><Data Name='User'>NT AUTHORITY\\NETWORK SERVICE</Data><Data Name='Protocol'>tcp</Data><Data Name='Initiated'>false</Data><Data Name='SourceIsIpv6'>false</Data><Data Name='SourceIp'>23.93.242.200</Data><Data Name='SourceHostname'>-</Data><Data Name='SourcePort'>53125</Data><Data Name='SourcePortName'>-</Data><Data Name='DestinationIsIpv6'>false</Data><Data Name='DestinationIp'>10.0.1.14</Data><Data Name='DestinationHostname'>ar-win-dc.attackrange.local</Data><Data Name='DestinationPort'>3389</Data><Data Name='DestinationPortName'>ms-wbt-server</Data></EventData></Event>"}}
{"preview":false,"result":{"_time":"2025-01-10T19:38:13.240+0400","EventRecordID":"4865","_raw":"<Event xmlns='http://schemas.microsoft.com/win/2004/08/events/event'><System><Provider Name='Microsoft-Windows-Sysmon' Guid='{5770385f-c22a-43e0-bf4c-06f5698ffbd9}'/><EventID>3</EventID><Version>5</Version><Level>4</Level><Task>3</Task><Opcode>0</Opcode><Keywords>0x8000000000000000</Keywords><TimeCreated SystemTime='2025-01-10T19:38:13.2408086Z'/><EventRecordID>4865</EventRecordID><Correlation/><Execution ProcessID='908' ThreadID='3936'/><Channel>Microsoft-Windows-Sysmon/Operational</Channel><Computer>ar-win-dc.attackrange.local</Computer><Security UserID='S-1-5-18'/></System><EventData><Data Name='RuleName'>RDP</Data><Data Name='UtcTime'>2025-01-10 19:38:11.162</Data><Data Name='ProcessGuid'>{cc0ec799-66e1-6781-1300-000000000202}</Data><Data Name='ProcessId'>712</Data><Data Name='Image'>C:\\Windows\\System32\\svchost.exe</Data><Data Name='User'>NT AUTHORITY\\NETWORK SERVICE</Data><Data Name='Protocol'>tcp</Data><Data Name='Initiated'>false</Data><Data Name='SourceIsIpv6'>false</Data><Data Name='SourceIp'>23.93.242.200</Data><Data Name='SourceHostname'>-</Data><Data Name='SourcePort'>53128</Data><Data Name='SourcePortName'>-</Data><Data Name='DestinationIsIpv6'>false</Data><Data Name='DestinationIp'>10.0.1.14</Data><Data Name='DestinationHostname'>ar-win-dc.attackrange.local</Data><Data Name='DestinationPort'>3389</Data><Data Name='DestinationPortName'>ms-wbt-server</Data></EventData></Event>"}}
{"preview":false,"result":{"_time":"2025-01-10T19:38:14.287+0400","EventRecordID":"4866","_raw":"<Event xmlns='http://schemas.microsoft.com/win/2004/08/events/event'><System><Provider Name='Microsoft-Windows-Sysmon' Guid='{5770385f-c22a-43e0-bf4c-06f5698ffbd9}'/><EventID>3</EventID><Version>5</Version><Level>4</Level><Task>3</Task><Opcode>0</Opcode><Keywords>0x8000000000000000</Keywords><TimeCreated SystemTime='2025-01-10T19:38:14.2878901Z'/><EventRecordID>4866</EventRecordID><Correlation/><Execution ProcessID='908' ThreadID='3936'/><Channel>Microsoft-Windows-Sysmon/Operational</Channel><Computer>ar-win-dc.attackrange.local</Computer><Security UserID='S-1-5-18'/></System><EventData><Data Name='RuleName'>RDP</Data><Data Name='UtcTime'>2025-01-10 19:38:12.117</Data><Data Name='ProcessGuid'>{cc0ec799-66e1-6781-1300-000000000202}</Data><Data Name='ProcessId'>712</Data><Data Name='Image'>C:\\Windows\\System32\\svchost.exe</Data><Data Name='User'>NT AUTHORITY\\NETWORK SERVICE</Data><Data Name='Protocol'>tcp</Data><Data Name='Initiated'>false</Data><Data Name='SourceIsIpv6'>false</Data><Data Name='SourceIp'>23.93.242.200</Data><Data Name='SourceHostname'>-</Data><Data Name='SourcePort'>53129</Data><Data Name='SourcePortName'>-</Data><Data Name='DestinationIsIpv6'>false</Data><Data Name='DestinationIp'>10.0.1.14</Data><Data Name='DestinationHostname'>ar-win-dc.attackrange.local</Data><Data Name='DestinationPort'>3389</Data><Data Name='DestinationPortName'>ms-wbt-server</Data></EventData></Event>"}}
{"preview":false,"result":{"_time":"2025-01-10T19:38:16.350+0400","EventRecordID":"4867","_raw":"<Event xmlns='http://schemas.microsoft.com/win/2004/08/events/event'><System><Provider Name='Microsoft-Windows-Sysmon' Guid='{5770385f-c22a-43e0-bf4c-06f5698ffbd9}'/><EventID>3</EventID><Version>5</Version><Level>4</Level><Task>3</Task><Opcode>0</Opcode><Keywords>0x8000000000000000</Keywords><TimeCreated SystemTime='2025-01-10T19:38:16.3508818Z'/><EventRecordID>4867</EventRecordID><Correlation/><Execution ProcessID='908' ThreadID='3936'/><Channel>Microsoft-Windows-Sysmon/Operational</Channel><Computer>ar-win-dc.attackrange.local</Computer><Security UserID='S-1-5-18'/></System><EventData><Data Name='RuleName'>RDP</Data><Data Name='UtcTime'>2025-01-10 19:38:13.460</Data><Data Name='ProcessGuid'>{cc0ec799-66e1-6781-1300-000000000202}</Data><Data Name='ProcessId'>712</Data><Data Name='Image'>C:\\Windows\\System32\\svchost.exe</Data><Data Name='User'>NT AUTHORITY\\NETWORK SERVICE</Data><Data Name='Protocol'>tcp</Data><Data Name='Initiated'>false</Data><Data Name='SourceIsIpv6'>false</Data><Data Name='SourceIp'>23.93.242.200</Data><Data Name='SourceHostname'>-</Data><Data Name='SourcePort'>53130</Data><Data Name='SourcePortName'>-</Data><Data Name='DestinationIsIpv6'>false</Data><Data Name='DestinationIp'>10.0.1.14</Data><Data Name='DestinationHostname'>ar-win-dc.attackrange.local</Data><Data Name='DestinationPort'>3389</Data><Data Name='DestinationPortName'>ms-wbt-server</Data></EventData></Event>"}}
{"preview":false,"result":{"_time":"2025-01-10T19:38:18.413+0400","EventRecordID":"4868","_raw":"<Event xmlns='http://schemas.microsoft.com/win/2004/08/events/event'><System><Provider Name='Microsoft-Windows-Sysmon' Guid='{5770385f-c22a-43e0-bf4c-06f5698ffbd9}'/><EventID>3</EventID><Version>5</Version><Level>4</Level><Task>3</Task><Opcode>0</Opcode><Keywords>0x8000000000000000</Keywords><TimeCreated SystemTime='2025-01-10T19:38:18.4136209Z'/><EventRecordID>4868</EventRecordID><Correlation/><Execution ProcessID='908' ThreadID='3936'/><Channel>Microsoft-Windows-Sysmon/Operational</Channel><Computer>ar-win-dc.attackrange.local</Computer><Security UserID='S-1-5-18'/></System><EventData><Data Name='RuleName'>RDP</Data><Data Name='UtcTime'>2025-01-10 19:38:15.789</Data><Data Name='ProcessGuid'>{cc0ec799-66e1-6781-1300-000000000202}</Data><Data Name='ProcessId'>712</Data><Data Name='Image'>C:\\Windows\\System32\\svchost.exe</Data><Data Name='User'>NT AUTHORITY\\NETWORK SERVICE</Data><Data Name='Protocol'>tcp</Data><Data Name='Initiated'>false</Data><Data Name='SourceIsIpv6'>false</Data><Data Name='SourceIp'>23.93.242.200</Data><Data Name='SourceHostname'>-</Data><Data Name='SourcePort'>53132</Data><Data Name='SourcePortName'>-</Data><Data Name='DestinationIsIpv6'>false</Data><Data Name='DestinationIp'>10.0.1.14</Data><Data Name='DestinationHostname'>ar-win-dc.attackrange.local</Data><Data Name='DestinationPort'>3389</Data><Data Name='DestinationPortName'>ms-wbt-server</Data></EventData></Event>"}}
{"preview":false,"result":{"_time":"2025-01-10T19:38:28.651+0400","EventRecordID":"4869","_raw":"<Event xmlns='http://schemas.microsoft.com/win/2004/08/events/event'><System><Provider Name='Microsoft-Windows-Sysmon' Guid='{5770385f-c22a-43e0-bf4c-06f5698ffbd9}'/><EventID>3</EventID><Version>5</Version><Level>4</Level><Task>3</Task><Opcode>0</Opcode><Keywords>0x8000000000000000</Keywords><TimeCreated SystemTime='2025-01-10T19:38:28.6517239Z'/><EventRecordID>4869</EventRecordID><Correlation/><Execution ProcessID='908' ThreadID='3936'/><Channel>Microsoft-Windows-Sysmon/Operational</Channel><Computer>ar-win-dc.attackrange.local</Computer><Security UserID='S-1-5-18'/></System><EventData><Data Name='RuleName'>RDP</Data><Data Name='UtcTime'>2025-01-10 19:38:26.176</Data><Data Name='ProcessGuid'>{cc0ec799-66e1-6781-1300-000000000202}</Data><Data Name='ProcessId'>712</Data><Data Name='Image'>C:\\Windows\\System32\\svchost.exe</Data><Data Name='User'>NT AUTHORITY\\NETWORK SERVICE</Data><Data Name='Protocol'>tcp</Data><Data Name='Initiated'>false</Data><Data Name='SourceIsIpv6'>false</Data><Data Name='SourceIp'>23.93.242.200</Data><Data Name='SourceHostname'>-</Data><Data Name='SourcePort'>53133</Data><Data Name='SourcePortName'>-</Data><Data Name='DestinationIsIpv6'>false</Data><Data Name='DestinationIp'>10.0.1.14</Data><Data Name='DestinationHostname'>ar-win-dc.attackrange.local</Data><Data Name='DestinationPort'>3389</Data><Data Name='DestinationPortName'>ms-wbt-server</Data></EventData></Event>"}}
{"preview":false,"result":{"_time":"2025-01-10T19:38:30.949+0400","EventRecordID":"4871","_raw":"<Event xmlns='http://schemas.microsoft.com/win/2004/08/events/event'><System><Provider Name='Microsoft-Windows-Sysmon' Guid='{5770385f-c22a-43e0-bf4c-06f5698ffbd9}'/><EventID>3</EventID><Version>5</Version><Level>4</Level><Task>3</Task><Opcode>0</Opcode><Keywords>0x8000000000000000</Keywords><TimeCreated SystemTime='2025-01-10T19:38:30.9495719Z'/><EventRecordID>4871</EventRecordID><Correlation/><Execution ProcessID='908' ThreadID='3936'/><Channel>Microsoft-Windows-Sysmon/Operational</Channel><Computer>ar-win-dc.attackrange.local</Computer><Security UserID='S-1-5-18'/></System><EventData><Data Name='RuleName'>RDP</Data><Data Name='UtcTime'>2025-01-10 19:38:28.842</Data><Data Name='ProcessGuid'>{cc0ec799-66e1-6781-1300-000000000202}</Data><Data Name='ProcessId'>712</Data><Data Name='Image'>C:\\Windows\\System32\\svchost.exe</Data><Data Name='User'>NT AUTHORITY\\NETWORK SERVICE</Data><Data Name='Protocol'>tcp</Data><Data Name='Initiated'>false</Data><Data Name='SourceIsIpv6'>false</Data><Data Name='SourceIp'>23.93.242.200</Data><Data Name='SourceHostname'>-</Data><Data Name='SourcePort'>53134</Data><Data Name='SourcePortName'>-</Data><Data Name='DestinationIsIpv6'>false</Data><Data Name='DestinationIp'>10.0.1.14</Data><Data Name='DestinationHostname'>ar-win-dc.attackrange.local</Data><Data Name='DestinationPort'>3389</Data><Data Name='DestinationPortName'>ms-wbt-server</Data></EventData></Event>"}}
{"preview":false,"result":{"_time":"2025-01-10T19:38:40.991+0400","EventRecordID":"4885","_raw":"<Event xmlns='http://schemas.microsoft.com/win/2004/08/events/event'><System><Provider Name='Microsoft-Windows-Sysmon' Guid='{5770385f-c22a-43e0-bf4c-06f5698ffbd9}'/><EventID>3</EventID><Version>5</Version><Level>4</Level><Task>3</Task><Opcode>0</Opcode><Keywords>0x8000000000000000</Keywords><TimeCreated SystemTime='2025-01-10T19:38:40.9917168Z'/><EventRecordID>4885</EventRecordID><Correlation/><Execution ProcessID='908' ThreadID='3936'/><Channel>Microsoft-Windows-Sysmon/Operational</Channel><Computer>ar-win-dc.attackrange.local</Computer><Security UserID='S-1-5-18'/></System><EventData><Data Name='RuleName'>RDP</Data><Data Name='UtcTime'>2025-01-10 19:38:38.195</Data><Data Name='ProcessGuid'>{cc0ec799-66e1-6781-1300-000000000202}</Data><Data Name='ProcessId'>712</Data><Data Name='Image'>C:\\Windows\\System32\\svchost.exe</Data><Data Name='User'>NT AUTHORITY\\NETWORK SERVICE</Data><Data Name='Protocol'>tcp</Data><Data Name='Initiated'>false</Data><Data Name='SourceIsIpv6'>false</Data><Data Name='SourceIp'>23.93.242.200</Data><Data Name='SourceHostname'>-</Data><Data Name='SourcePort'>53140</Data><Data Name='SourcePortName'>-</Data><Data Name='DestinationIsIpv6'>false</Data><Data Name='DestinationIp'>10.0.1.14</Data><Data Name='DestinationHostname'>ar-win-dc.attackrange.local</Data><Data Name='DestinationPort'>3389</Data><Data Name='DestinationPortName'>ms-wbt-server</Data></EventData></Event>"},"lastrow":true}
