{"preview":false,"result":{"_time":"2021-01-19T12:29:03.081+0400","EventRecordID":"28429","_raw":"<Event xmlns='http://schemas.microsoft.com/win/2004/08/events/event'><System><Provider Name='Microsoft-Windows-Sysmon' Guid='{5770385F-C22A-43E0-BF4C-06F5698FFBD9}'/><EventID>1</EventID><Version>5</Version><Level>4</Level><Task>1</Task><Opcode>0</Opcode><Keywords>0x8000000000000000</Keywords><TimeCreated SystemTime='2021-01-19T12:29:03.081494500Z'/><EventRecordID>28429</EventRecordID><Correlation/><Execution ProcessID='2052' ThreadID='3448'/><Channel>Microsoft-Windows-Sysmon/Operational</Channel><Computer>win-dc-397.attackrange.local</Computer><Security UserID='S-1-5-18'/></System><EventData><Data Name='RuleName'>-</Data><Data Name='UtcTime'>2021-01-19 12:29:03.077</Data><Data Name='ProcessGuid'>{E983936C-D08F-6006-FB07-00000000A301}</Data><Data Name='ProcessId'>4936</Data><Data Name='Image'>C:\\Windows\\System32\\cmd.exe</Data><Data Name='FileVersion'>10.0.14393.0 (rs1_release.160715-1616)</Data><Data Name='Description'>Windows Command Processor</Data><Data Name='Product'>Microsoft® Windows® Operating System</Data><Data Name='Company'>Microsoft Corporation</Data><Data Name='OriginalFileName'>Cmd.Exe</Data><Data Name='CommandLine'>\"C:\\Windows\\system32\\cmd.exe\" </Data><Data Name='CurrentDirectory'>C:\\Users\\Administrator\\</Data><Data Name='User'>ATTACKRANGE\\Administrator</Data><Data Name='LogonGuid'>{E983936C-CCDB-6006-3B2A-3C0000000000}</Data><Data Name='LogonId'>0x3c2a3b</Data><Data Name='TerminalSessionId'>2</Data><Data Name='IntegrityLevel'>High</Data><Data Name='Hashes'>MD5=F4F684066175B77E0C3A000549D2922C,SHA256=935C1861DF1F4018D698E8B65ABFA02D7E9037D8F68CA3C2065B6CA165D44AD2,IMPHASH=3062ED732D4B25D1C64F084DAC97D37A</Data><Data Name='ParentProcessGuid'>{E983936C-CCDD-6006-4607-00000000A301}</Data><Data Name='ParentProcessId'>5080</Data><Data Name='ParentImage'>C:\\Windows\\explorer.exe</Data><Data Name='ParentCommandLine'>C:\\Windows\\Explorer.EXE /NOUACCHECK</Data></EventData></Event>"}}
{"preview":false,"result":{"_time":"2021-01-19T12:29:13.981+0400","EventRecordID":"28476","_raw":"<Event xmlns='http://schemas.microsoft.com/win/2004/08/events/event'><System><Provider Name='Microsoft-Windows-Sysmon' Guid='{5770385F-C22A-43E0-BF4C-06F5698FFBD9}'/><EventID>1</EventID><Version>5</Version><Level>4</Level><Task>1</Task><Opcode>0</Opcode><Keywords>0x8000000000000000</Keywords><TimeCreated SystemTime='2021-01-19T12:29:13.981320100Z'/><EventRecordID>28476</EventRecordID><Correlation/><Execution ProcessID='2052' ThreadID='3448'/><Channel>Microsoft-Windows-Sysmon/Operational</Channel><Computer>win-dc-397.attackrange.local</Computer><Security UserID='S-1-5-18'/></System><EventData><Data Name='RuleName'>-</Data><Data Name='UtcTime'>2021-01-19 12:29:13.979</Data><Data Name='ProcessGuid'>{E983936C-D099-6006-FD07-00000000A301}</Data><Data Name='ProcessId'>3196</Data><Data Name='Image'>C:\\Windows\\System32\\WindowsPowerShell\\v1.0\\powershell.exe</Data><Data Name='FileVersion'>10.0.14393.206 (rs1_release.160915-0644)</Data><Data Name='Description'>Windows PowerShell</Data><Data Name='Product'>Microsoft® Windows® Operating System</Data><Data Name='Company'>Microsoft Corporation</Data><Data Name='OriginalFileName'>PowerShell.EXE</Data><Data Name='CommandLine'>powershell.exe  \"('Wri'+'te-Host '+'aAgHello, '+'World!'+'aAg').RePlAcE('aAg',[stRINg][cHaR]39) | ieX\"</Data><Data Name='CurrentDirectory'>C:\\Users\\Administrator\\</Data><Data Name='User'>ATTACKRANGE\\Administrator</Data><Data Name='LogonGuid'>{E983936C-CCDB-6006-3B2A-3C0000000000}</Data><Data Name='LogonId'>0x3c2a3b</Data><Data Name='TerminalSessionId'>2</Data><Data Name='IntegrityLevel'>High</Data><Data Name='Hashes'>MD5=097CE5761C89434367598B34FE32893B,SHA256=BA4038FD20E474C047BE8AAD5BFACDB1BFC1DDBE12F803F473B7918D8D819436,IMPHASH=CAEE994F79D85E47C06E5FA9CDEAE453</Data><Data Name='ParentProcessGuid'>{E983936C-D08F-6006-FB07-00000000A301}</Data><Data Name='ParentProcessId'>4936</Data><Data Name='ParentImage'>C:\\Windows\\System32\\cmd.exe</Data><Data Name='ParentCommandLine'>\"C:\\Windows\\system32\\cmd.exe\" </Data></EventData></Event>"}}
{"preview":false,"result":{"_time":"2021-01-19T12:29:14.036+0400","EventRecordID":"28485","_raw":"<Event xmlns='http://schemas.microsoft.com/win/2004/08/events/event'><System><Provider Name='Microsoft-Windows-Sysmon' Guid='{5770385F-C22A-43E0-BF4C-06F5698FFBD9}'/><EventID>11</EventID><Version>2</Version><Level>4</Level><Task>11</Task><Opcode>0</Opcode><Keywords>0x8000000000000000</Keywords><TimeCreated SystemTime='2021-01-19T12:29:14.036762700Z'/><EventRecordID>28485</EventRecordID><Correlation/><Execution ProcessID='2052' ThreadID='3448'/><Channel>Microsoft-Windows-Sysmon/Operational</Channel><Computer>win-dc-397.attackrange.local</Computer><Security UserID='S-1-5-18'/></System><EventData><Data Name='RuleName'>-</Data><Data Name='UtcTime'>2021-01-19 12:29:14.025</Data><Data Name='ProcessGuid'>{E983936C-D099-6006-FD07-00000000A301}</Data><Data Name='ProcessId'>3196</Data><Data Name='Image'>C:\\Windows\\System32\\WindowsPowerShell\\v1.0\\powershell.exe</Data><Data Name='TargetFilename'>C:\\Users\\Administrator\\AppData\\Local\\Temp\\__PSScriptPolicyTest_zhl35y2y.rsp.ps1</Data><Data Name='CreationUtcTime'>2021-01-19 12:29:14.025</Data></EventData></Event>"}}
{"preview":false,"result":{"_time":"2021-01-19T12:29:14.074+0400","EventRecordID":"28486","_raw":"<Event xmlns='http://schemas.microsoft.com/win/2004/08/events/event'><System><Provider Name='Microsoft-Windows-Sysmon' Guid='{5770385F-C22A-43E0-BF4C-06F5698FFBD9}'/><EventID>10</EventID><Version>3</Version><Level>4</Level><Task>10</Task><Opcode>0</Opcode><Keywords>0x8000000000000000</Keywords><TimeCreated SystemTime='2021-01-19T12:29:14.074404500Z'/><EventRecordID>28486</EventRecordID><Correlation/><Execution ProcessID='2052' ThreadID='3448'/><Channel>Microsoft-Windows-Sysmon/Operational</Channel><Computer>win-dc-397.attackrange.local</Computer><Security UserID='S-1-5-18'/></System><EventData><Data Name='RuleName'>-</Data><Data Name='UtcTime'>2021-01-19 12:29:14.067</Data><Data Name='SourceProcessGUID'>{E983936C-B38D-6006-0B00-00000000A301}</Data><Data Name='SourceProcessId'>852</Data><Data Name='SourceThreadId'>5052</Data><Data Name='SourceImage'>C:\\Windows\\system32\\lsass.exe</Data><Data Name='TargetProcessGUID'>{E983936C-D099-6006-FD07-00000000A301}</Data><Data Name='TargetProcessId'>3196</Data><Data Name='TargetImage'>C:\\Windows\\System32\\WindowsPowerShell\\v1.0\\powershell.exe</Data><Data Name='GrantedAccess'>0x1000</Data><Data Name='CallTrace'>C:\\Windows\\SYSTEM32\\ntdll.dll+a6624|C:\\Windows\\System32\\RPCRT4.dll+4ab4f|C:\\Windows\\system32\\lsasrv.dll+25add|C:\\Windows\\SYSTEM32\\SspiSrv.dll+11a2|C:\\Windows\\System32\\RPCRT4.dll+78e23|C:\\Windows\\System32\\RPCRT4.dll+d96bd|C:\\Windows\\System32\\RPCRT4.dll+6194c|C:\\Windows\\System32\\RPCRT4.dll+52bf4|C:\\Windows\\System32\\RPCRT4.dll+51b0d|C:\\Windows\\System32\\RPCRT4.dll+523bb|C:\\Windows\\System32\\RPCRT4.dll+2469c|C:\\Windows\\System32\\RPCRT4.dll+24b1c|C:\\Windows\\System32\\RPCRT4.dll+111bc|C:\\Windows\\System32\\RPCRT4.dll+12a1b|C:\\Windows\\System32\\RPCRT4.dll+1e12a|C:\\Windows\\SYSTEM32\\ntdll.dll+1d34e|C:\\Windows\\SYSTEM32\\ntdll.dll+1ecb9|C:\\Windows\\System32\\KERNEL32.DLL+84d4|C:\\Windows\\SYSTEM32\\ntdll.dll+51791</Data></EventData></Event>"}}
{"preview":false,"result":{"_time":"2021-01-19T12:29:14.074+0400","EventRecordID":"28487","_raw":"<Event xmlns='http://schemas.microsoft.com/win/2004/08/events/event'><System><Provider Name='Microsoft-Windows-Sysmon' Guid='{5770385F-C22A-43E0-BF4C-06F5698FFBD9}'/><EventID>10</EventID><Version>3</Version><Level>4</Level><Task>10</Task><Opcode>0</Opcode><Keywords>0x8000000000000000</Keywords><TimeCreated SystemTime='2021-01-19T12:29:14.074513200Z'/><EventRecordID>28487</EventRecordID><Correlation/><Execution ProcessID='2052' ThreadID='3448'/><Channel>Microsoft-Windows-Sysmon/Operational</Channel><Computer>win-dc-397.attackrange.local</Computer><Security UserID='S-1-5-18'/></System><EventData><Data Name='RuleName'>-</Data><Data Name='UtcTime'>2021-01-19 12:29:14.067</Data><Data Name='SourceProcessGUID'>{E983936C-B38D-6006-0B00-00000000A301}</Data><Data Name='SourceProcessId'>852</Data><Data Name='SourceThreadId'>5052</Data><Data Name='SourceImage'>C:\\Windows\\system32\\lsass.exe</Data><Data Name='TargetProcessGUID'>{E983936C-D099-6006-FD07-00000000A301}</Data><Data Name='TargetProcessId'>3196</Data><Data Name='TargetImage'>C:\\Windows\\System32\\WindowsPowerShell\\v1.0\\powershell.exe</Data><Data Name='GrantedAccess'>0x1478</Data><Data Name='CallTrace'>C:\\Windows\\SYSTEM32\\ntdll.dll+a5a94|C:\\Windows\\system32\\lsasrv.dll+25d17|C:\\Windows\\system32\\lsasrv.dll+26ded|C:\\Windows\\system32\\lsasrv.dll+25b95|C:\\Windows\\SYSTEM32\\SspiSrv.dll+11a2|C:\\Windows\\System32\\RPCRT4.dll+78e23|C:\\Windows\\System32\\RPCRT4.dll+d96bd|C:\\Windows\\System32\\RPCRT4.dll+6194c|C:\\Windows\\System32\\RPCRT4.dll+52bf4|C:\\Windows\\System32\\RPCRT4.dll+51b0d|C:\\Windows\\System32\\RPCRT4.dll+523bb|C:\\Windows\\System32\\RPCRT4.dll+2469c|C:\\Windows\\System32\\RPCRT4.dll+24b1c|C:\\Windows\\System32\\RPCRT4.dll+111bc|C:\\Windows\\System32\\RPCRT4.dll+12a1b|C:\\Windows\\System32\\RPCRT4.dll+1e12a|C:\\Windows\\SYSTEM32\\ntdll.dll+1d34e|C:\\Windows\\SYSTEM32\\ntdll.dll+1ecb9|C:\\Windows\\System32\\KERNEL32.DLL+84d4|C:\\Windows\\SYSTEM32\\ntdll.dll+51791</Data></EventData></Event>"},"lastrow":true}
