{"preview":false,"result":{"_time":"02/23/2022 10:56:42 AM","source":"olympic_security.log","EventRecordID":"324614","_raw":"02/23/2022 10:56:42 AM\nLogName=Security\nSourceName=Microsoft-Windows-Eventlog\nEventCode=1102\nEventType=4\nType=Information\nComputerName=win-dc-tcontreras-attack-range-173.attackrange.local\nTaskCategory=Log clear\nOpCode=Info\nRecordNumber=324614\nKeywords=Audit Success\nMessage=The audit log was cleared.\nSubject:\n\tSecurity ID:\tATTACKRANGE\\Administrator\n\tAccount Name:\tadministrator\n\tDomain Name:\tATTACKRANGE\n\tLogon ID:\t0xB1EB3"}}
{"preview":false,"result":{"_time":"2022-02-23T10:56:41.815258900Z","source":"olympic_sysmon.log","EventRecordID":"290147","_raw":"<Event xmlns='http://schemas.microsoft.com/win/2004/08/events/event'><System><Provider Name='Microsoft-Windows-Sysmon' Guid='{5770385F-C22A-43E0-BF4C-06F5698FFBD9}'/><EventID>1</EventID><Version>5</Version><Level>4</Level><Task>1</Task><Opcode>0</Opcode><Keywords>0x8000000000000000</Keywords><TimeCreated SystemTime='2022-02-23T10:56:41.815258900Z'/><EventRecordID>290147</EventRecordID><Correlation/><Execution ProcessID='3060' ThreadID='3184'/><Channel>Microsoft-Windows-Sysmon/Operational</Channel><Computer>win-dc-tcontreras-attack-range-173.attackrange.local</Computer><Security UserID='S-1-5-18'/></System><EventData><Data Name='RuleName'>-</Data><Data Name='UtcTime'>2022-02-23 10:56:41.807</Data><Data Name='ProcessGuid'>{C8EA50B7-12E9-6216-5205-000000003802}</Data><Data Name='ProcessId'>7044</Data><Data Name='Image'>C:\\Windows\\System32\\vssadmin.exe</Data><Data Name='FileVersion'>10.0.14393.0 (rs1_release.160715-1616)</Data><Data Name='Description'>Command Line Interface for Microsoft® Volume Shadow Copy Service </Data><Data Name='Product'>Microsoft® Windows® Operating System</Data><Data Name='Company'>Microsoft Corporation</Data><Data Name='OriginalFileName'>VSSADMIN.EXE</Data><Data Name='CommandLine'>c:\\Windows\\system32\\vssadmin.exe  delete shadows /all /quiet</Data><Data Name='CurrentDirectory'>C:\\Temp\\</Data><Data Name='User'>ATTACKRANGE\\Administrator</Data><Data Name='LogonGuid'>{C8EA50B7-F2AC-6215-B31E-0B0000000000}</Data><Data Name='LogonId'>0xb1eb3</Data><Data Name='TerminalSessionId'>2</Data><Data Name='IntegrityLevel'>High</Data><Data Name='Hashes'>MD5=2964D232005BD840B38F9DB4F95DC7DB,SHA256=4FE71EB779B57354E5600DC31E3DC1875ADC8A06663654AEC83F11109751E8FC,IMPHASH=974DD2AFBD6D9BAE89608D1B181CCCF8</Data><Data Name='ParentProcessGuid'>{C8EA50B7-12E9-6216-4F05-000000003802}</Data><Data Name='ParentProcessId'>6960</Data><Data Name='ParentImage'>C:\\Windows\\System32\\cmd.exe</Data><Data Name='ParentCommandLine'>C:\\Windows\\system32\\cmd.exe /c c:\\Windows\\system32\\vssadmin.exe delete shadows /all /quiet</Data></EventData></Event>"}}
{"preview":false,"result":{"_time":"2022-02-23T10:56:42.487979600Z","source":"olympic_sysmon.log","EventRecordID":"290231","_raw":"<Event xmlns='http://schemas.microsoft.com/win/2004/08/events/event'><System><Provider Name='Microsoft-Windows-Sysmon' Guid='{5770385F-C22A-43E0-BF4C-06F5698FFBD9}'/><EventID>1</EventID><Version>5</Version><Level>4</Level><Task>1</Task><Opcode>0</Opcode><Keywords>0x8000000000000000</Keywords><TimeCreated SystemTime='2022-02-23T10:56:42.487979600Z'/><EventRecordID>290231</EventRecordID><Correlation/><Execution ProcessID='3060' ThreadID='3184'/><Channel>Microsoft-Windows-Sysmon/Operational</Channel><Computer>win-dc-tcontreras-attack-range-173.attackrange.local</Computer><Security UserID='S-1-5-18'/></System><EventData><Data Name='RuleName'>-</Data><Data Name='UtcTime'>2022-02-23 10:56:42.399</Data><Data Name='ProcessGuid'>{C8EA50B7-12EA-6216-5C05-000000003802}</Data><Data Name='ProcessId'>4176</Data><Data Name='Image'>C:\\Windows\\System32\\bcdedit.exe</Data><Data Name='FileVersion'>10.0.14393.4770 (rs1_release.211101-1440)</Data><Data Name='Description'>Boot Configuration Data Editor</Data><Data Name='Product'>Microsoft® Windows® Operating System</Data><Data Name='Company'>Microsoft Corporation</Data><Data Name='OriginalFileName'>bcdedit.exe</Data><Data Name='CommandLine'>bcdedit.exe  /set {default} bootstatuspolicy ignoreallfailures </Data><Data Name='CurrentDirectory'>C:\\Temp\\</Data><Data Name='User'>ATTACKRANGE\\Administrator</Data><Data Name='LogonGuid'>{C8EA50B7-F2AC-6215-B31E-0B0000000000}</Data><Data Name='LogonId'>0xb1eb3</Data><Data Name='TerminalSessionId'>2</Data><Data Name='IntegrityLevel'>High</Data><Data Name='Hashes'>MD5=5639B10AF2E2A56F54A63A7BF1553EED,SHA256=999C9F92E914F69E278FD684E5DB5AECD16A01C324DF2FF351BCF041E3B4019A,IMPHASH=640CFCF7F00029D52EF0C4D45E2E87A6</Data><Data Name='ParentProcessGuid'>{C8EA50B7-12EA-6216-5A05-000000003802}</Data><Data Name='ParentProcessId'>5172</Data><Data Name='ParentImage'>C:\\Windows\\System32\\cmd.exe</Data><Data Name='ParentCommandLine'>C:\\Windows\\system32\\cmd.exe /c bcdedit.exe /set {default} bootstatuspolicy ignoreallfailures &amp; bcdedit /set {default} recoveryenabled no</Data></EventData></Event>"}}
{"preview":false,"result":{"_time":"2022-02-23T10:56:42.501863300Z","source":"olympic_sysmon.log","EventRecordID":"290240","_raw":"<Event xmlns='http://schemas.microsoft.com/win/2004/08/events/event'><System><Provider Name='Microsoft-Windows-Sysmon' Guid='{5770385F-C22A-43E0-BF4C-06F5698FFBD9}'/><EventID>1</EventID><Version>5</Version><Level>4</Level><Task>1</Task><Opcode>0</Opcode><Keywords>0x8000000000000000</Keywords><TimeCreated SystemTime='2022-02-23T10:56:42.501863300Z'/><EventRecordID>290240</EventRecordID><Correlation/><Execution ProcessID='3060' ThreadID='3184'/><Channel>Microsoft-Windows-Sysmon/Operational</Channel><Computer>win-dc-tcontreras-attack-range-173.attackrange.local</Computer><Security UserID='S-1-5-18'/></System><EventData><Data Name='RuleName'>-</Data><Data Name='UtcTime'>2022-02-23 10:56:42.429</Data><Data Name='ProcessGuid'>{C8EA50B7-12EA-6216-5D05-000000003802}</Data><Data Name='ProcessId'>5956</Data><Data Name='Image'>C:\\Windows\\System32\\bcdedit.exe</Data><Data Name='FileVersion'>10.0.14393.4770 (rs1_release.211101-1440)</Data><Data Name='Description'>Boot Configuration Data Editor</Data><Data Name='Product'>Microsoft® Windows® Operating System</Data><Data Name='Company'>Microsoft Corporation</Data><Data Name='OriginalFileName'>bcdedit.exe</Data><Data Name='CommandLine'>bcdedit  /set {default} recoveryenabled no</Data><Data Name='CurrentDirectory'>C:\\Temp\\</Data><Data Name='User'>ATTACKRANGE\\Administrator</Data><Data Name='LogonGuid'>{C8EA50B7-F2AC-6215-B31E-0B0000000000}</Data><Data Name='LogonId'>0xb1eb3</Data><Data Name='TerminalSessionId'>2</Data><Data Name='IntegrityLevel'>High</Data><Data Name='Hashes'>MD5=5639B10AF2E2A56F54A63A7BF1553EED,SHA256=999C9F92E914F69E278FD684E5DB5AECD16A01C324DF2FF351BCF041E3B4019A,IMPHASH=640CFCF7F00029D52EF0C4D45E2E87A6</Data><Data Name='ParentProcessGuid'>{C8EA50B7-12EA-6216-5A05-000000003802}</Data><Data Name='ParentProcessId'>5172</Data><Data Name='ParentImage'>C:\\Windows\\System32\\cmd.exe</Data><Data Name='ParentCommandLine'>C:\\Windows\\system32\\cmd.exe /c bcdedit.exe /set {default} bootstatuspolicy ignoreallfailures &amp; bcdedit /set {default} recoveryenabled no</Data></EventData></Event>"}}
{"preview":false,"result":{"_time":"2022-02-23T10:56:42.562894500Z","source":"olympic_sysmon.log","EventRecordID":"290266","_raw":"<Event xmlns='http://schemas.microsoft.com/win/2004/08/events/event'><System><Provider Name='Microsoft-Windows-Sysmon' Guid='{5770385F-C22A-43E0-BF4C-06F5698FFBD9}'/><EventID>1</EventID><Version>5</Version><Level>4</Level><Task>1</Task><Opcode>0</Opcode><Keywords>0x8000000000000000</Keywords><TimeCreated SystemTime='2022-02-23T10:56:42.562894500Z'/><EventRecordID>290266</EventRecordID><Correlation/><Execution ProcessID='3060' ThreadID='3184'/><Channel>Microsoft-Windows-Sysmon/Operational</Channel><Computer>win-dc-tcontreras-attack-range-173.attackrange.local</Computer><Security UserID='S-1-5-18'/></System><EventData><Data Name='RuleName'>-</Data><Data Name='UtcTime'>2022-02-23 10:56:42.532</Data><Data Name='ProcessGuid'>{C8EA50B7-12EA-6216-6005-000000003802}</Data><Data Name='ProcessId'>6308</Data><Data Name='Image'>C:\\Windows\\System32\\wevtutil.exe</Data><Data Name='FileVersion'>10.0.14393.2430 (rs1_release_inmarket_aim.180806-1810)</Data><Data Name='Description'>Eventing Command Line Utility</Data><Data Name='Product'>Microsoft® Windows® Operating System</Data><Data Name='Company'>Microsoft Corporation</Data><Data Name='OriginalFileName'>wevtutil.exe</Data><Data Name='CommandLine'>wevtutil.exe  cl System</Data><Data Name='CurrentDirectory'>C:\\Temp\\</Data><Data Name='User'>ATTACKRANGE\\Administrator</Data><Data Name='LogonGuid'>{C8EA50B7-F2AC-6215-B31E-0B0000000000}</Data><Data Name='LogonId'>0xb1eb3</Data><Data Name='TerminalSessionId'>2</Data><Data Name='IntegrityLevel'>High</Data><Data Name='Hashes'>MD5=91803E340A7E7AFDF95A8031F6EF3F3E,SHA256=DCFD99FE08A5D46C52E810FE2F9CC15AC82008975C0A731A11773B11ADE0F3CC,IMPHASH=51FFA3B7FBD1EF82ECE0730B54406E64</Data><Data Name='ParentProcessGuid'>{C8EA50B7-12EA-6216-5E05-000000003802}</Data><Data Name='ParentProcessId'>6688</Data><Data Name='ParentImage'>C:\\Windows\\System32\\cmd.exe</Data><Data Name='ParentCommandLine'>C:\\Windows\\system32\\cmd.exe /c wevtutil.exe cl System</Data></EventData></Event>"}}
{"preview":false,"result":{"_time":"2022-02-23T10:56:42.665314400Z","source":"olympic_sysmon.log","EventRecordID":"290300","_raw":"<Event xmlns='http://schemas.microsoft.com/win/2004/08/events/event'><System><Provider Name='Microsoft-Windows-Sysmon' Guid='{5770385F-C22A-43E0-BF4C-06F5698FFBD9}'/><EventID>1</EventID><Version>5</Version><Level>4</Level><Task>1</Task><Opcode>0</Opcode><Keywords>0x8000000000000000</Keywords><TimeCreated SystemTime='2022-02-23T10:56:42.665314400Z'/><EventRecordID>290300</EventRecordID><Correlation/><Execution ProcessID='3060' ThreadID='3184'/><Channel>Microsoft-Windows-Sysmon/Operational</Channel><Computer>win-dc-tcontreras-attack-range-173.attackrange.local</Computer><Security UserID='S-1-5-18'/></System><EventData><Data Name='RuleName'>-</Data><Data Name='UtcTime'>2022-02-23 10:56:42.660</Data><Data Name='ProcessGuid'>{C8EA50B7-12EA-6216-6405-000000003802}</Data><Data Name='ProcessId'>6244</Data><Data Name='Image'>C:\\Windows\\System32\\wevtutil.exe</Data><Data Name='FileVersion'>10.0.14393.2430 (rs1_release_inmarket_aim.180806-1810)</Data><Data Name='Description'>Eventing Command Line Utility</Data><Data Name='Product'>Microsoft® Windows® Operating System</Data><Data Name='Company'>Microsoft Corporation</Data><Data Name='OriginalFileName'>wevtutil.exe</Data><Data Name='CommandLine'>wevtutil.exe  cl Security</Data><Data Name='CurrentDirectory'>C:\\Temp\\</Data><Data Name='User'>ATTACKRANGE\\Administrator</Data><Data Name='LogonGuid'>{C8EA50B7-F2AC-6215-B31E-0B0000000000}</Data><Data Name='LogonId'>0xb1eb3</Data><Data Name='TerminalSessionId'>2</Data><Data Name='IntegrityLevel'>High</Data><Data Name='Hashes'>MD5=91803E340A7E7AFDF95A8031F6EF3F3E,SHA256=DCFD99FE08A5D46C52E810FE2F9CC15AC82008975C0A731A11773B11ADE0F3CC,IMPHASH=51FFA3B7FBD1EF82ECE0730B54406E64</Data><Data Name='ParentProcessGuid'>{C8EA50B7-12EA-6216-6105-000000003802}</Data><Data Name='ParentProcessId'>4408</Data><Data Name='ParentImage'>C:\\Windows\\System32\\cmd.exe</Data><Data Name='ParentCommandLine'>C:\\Windows\\system32\\cmd.exe /c wevtutil.exe cl Security</Data></EventData></Event>"},"lastrow":true}
