{"preview":false,"result":{"_time":"2020-12-07T12:36:14.448677900Z","EventRecordID":"4439","_raw":"<Event xmlns='http://schemas.microsoft.com/win/2004/08/events/event'><System><Provider Name='Microsoft-Windows-Sysmon' Guid='{5770385F-C22A-43E0-BF4C-06F5698FFBD9}'/><EventID>1</EventID><Version>5</Version><Level>4</Level><Task>1</Task><Opcode>0</Opcode><Keywords>0x8000000000000000</Keywords><TimeCreated SystemTime='2020-12-07T12:36:14.448677900Z'/><EventRecordID>4439</EventRecordID><Correlation/><Execution ProcessID='3184' ThreadID='3588'/><Channel>Microsoft-Windows-Sysmon/Operational</Channel><Computer>win-dc-893.attackrange.local</Computer><Security UserID='S-1-5-18'/></System><EventData><Data Name='RuleName'>-</Data><Data Name='UtcTime'>2020-12-07 12:36:14.442</Data><Data Name='ProcessGuid'>{40924FE2-21BE-5FCE-EC00-000000009101}</Data><Data Name='ProcessId'>4860</Data><Data Name='Image'>C:\\Windows\\System32\\schtasks.exe</Data><Data Name='FileVersion'>10.0.14393.0 (rs1_release.160715-1616)</Data><Data Name='Description'>Task Scheduler Configuration Tool</Data><Data Name='Product'>Microsoft® Windows® Operating System</Data><Data Name='Company'>Microsoft Corporation</Data><Data Name='OriginalFileName'>sctasks.exe</Data><Data Name='CommandLine'>schtasks  /create /tn \"T1053_005_OnLogon\" /sc onlogon /tr \"cmd.exe /c calc.exe\" </Data><Data Name='CurrentDirectory'>C:\\Users\\ADMINI~1\\AppData\\Local\\Temp\\</Data><Data Name='User'>ATTACKRANGE\\Administrator</Data><Data Name='LogonGuid'>{40924FE2-21BC-5FCE-3A8D-080000000000}</Data><Data Name='LogonId'>0x88d3a</Data><Data Name='TerminalSessionId'>0</Data><Data Name='IntegrityLevel'>High</Data><Data Name='Hashes'>MD5=EEB7A2162E4DBE32B56BEB84658483AE,SHA256=A9A4FD9C1BB7C5CF8F77F761CAE60F4AC4AFB8DAEEBB46B3AD6983D5E599CDC1,IMPHASH=8AC94113AD25518D369E4EE37BEDAB4F</Data><Data Name='ParentProcessGuid'>{40924FE2-21BE-5FCE-EB00-000000009101}</Data><Data Name='ParentProcessId'>5064</Data><Data Name='ParentImage'>C:\\Windows\\System32\\cmd.exe</Data><Data Name='ParentCommandLine'>\"C:\\Windows\\system32\\cmd.exe\" /c \"schtasks /create /tn \"T1053_005_OnLogon\" /sc onlogon /tr \"cmd.exe /c calc.exe\" &amp; schtasks /create /tn \"T1053_005_OnStartup\" /sc onstart /ru system /tr \"cmd.exe /c calc.exe\"\" </Data></EventData></Event>"}}
{"preview":false,"result":{"_time":"2020-12-07T12:36:14.480007500Z","EventRecordID":"4456","_raw":"<Event xmlns='http://schemas.microsoft.com/win/2004/08/events/event'><System><Provider Name='Microsoft-Windows-Sysmon' Guid='{5770385F-C22A-43E0-BF4C-06F5698FFBD9}'/><EventID>1</EventID><Version>5</Version><Level>4</Level><Task>1</Task><Opcode>0</Opcode><Keywords>0x8000000000000000</Keywords><TimeCreated SystemTime='2020-12-07T12:36:14.480007500Z'/><EventRecordID>4456</EventRecordID><Correlation/><Execution ProcessID='3184' ThreadID='3588'/><Channel>Microsoft-Windows-Sysmon/Operational</Channel><Computer>win-dc-893.attackrange.local</Computer><Security UserID='S-1-5-18'/></System><EventData><Data Name='RuleName'>-</Data><Data Name='UtcTime'>2020-12-07 12:36:14.478</Data><Data Name='ProcessGuid'>{40924FE2-21BE-5FCE-ED00-000000009101}</Data><Data Name='ProcessId'>4840</Data><Data Name='Image'>C:\\Windows\\System32\\schtasks.exe</Data><Data Name='FileVersion'>10.0.14393.0 (rs1_release.160715-1616)</Data><Data Name='Description'>Task Scheduler Configuration Tool</Data><Data Name='Product'>Microsoft® Windows® Operating System</Data><Data Name='Company'>Microsoft Corporation</Data><Data Name='OriginalFileName'>sctasks.exe</Data><Data Name='CommandLine'>schtasks  /create /tn \"T1053_005_OnStartup\" /sc onstart /ru system /tr \"cmd.exe /c calc.exe\" </Data><Data Name='CurrentDirectory'>C:\\Users\\ADMINI~1\\AppData\\Local\\Temp\\</Data><Data Name='User'>ATTACKRANGE\\Administrator</Data><Data Name='LogonGuid'>{40924FE2-21BC-5FCE-3A8D-080000000000}</Data><Data Name='LogonId'>0x88d3a</Data><Data Name='TerminalSessionId'>0</Data><Data Name='IntegrityLevel'>High</Data><Data Name='Hashes'>MD5=EEB7A2162E4DBE32B56BEB84658483AE,SHA256=A9A4FD9C1BB7C5CF8F77F761CAE60F4AC4AFB8DAEEBB46B3AD6983D5E599CDC1,IMPHASH=8AC94113AD25518D369E4EE37BEDAB4F</Data><Data Name='ParentProcessGuid'>{40924FE2-21BE-5FCE-EB00-000000009101}</Data><Data Name='ParentProcessId'>5064</Data><Data Name='ParentImage'>C:\\Windows\\System32\\cmd.exe</Data><Data Name='ParentCommandLine'>\"C:\\Windows\\system32\\cmd.exe\" /c \"schtasks /create /tn \"T1053_005_OnLogon\" /sc onlogon /tr \"cmd.exe /c calc.exe\" &amp; schtasks /create /tn \"T1053_005_OnStartup\" /sc onstart /ru system /tr \"cmd.exe /c calc.exe\"\" </Data></EventData></Event>"}}
{"preview":false,"result":{"_time":"2020-12-07T12:36:14.573106500Z","EventRecordID":"4487","_raw":"<Event xmlns='http://schemas.microsoft.com/win/2004/08/events/event'><System><Provider Name='Microsoft-Windows-Sysmon' Guid='{5770385F-C22A-43E0-BF4C-06F5698FFBD9}'/><EventID>1</EventID><Version>5</Version><Level>4</Level><Task>1</Task><Opcode>0</Opcode><Keywords>0x8000000000000000</Keywords><TimeCreated SystemTime='2020-12-07T12:36:14.573106500Z'/><EventRecordID>4487</EventRecordID><Correlation/><Execution ProcessID='3184' ThreadID='3588'/><Channel>Microsoft-Windows-Sysmon/Operational</Channel><Computer>win-dc-893.attackrange.local</Computer><Security UserID='S-1-5-18'/></System><EventData><Data Name='RuleName'>-</Data><Data Name='UtcTime'>2020-12-07 12:36:14.571</Data><Data Name='ProcessGuid'>{40924FE2-21BE-5FCE-EF00-000000009101}</Data><Data Name='ProcessId'>5012</Data><Data Name='Image'>C:\\Windows\\System32\\schtasks.exe</Data><Data Name='FileVersion'>10.0.14393.0 (rs1_release.160715-1616)</Data><Data Name='Description'>Task Scheduler Configuration Tool</Data><Data Name='Product'>Microsoft® Windows® Operating System</Data><Data Name='Company'>Microsoft Corporation</Data><Data Name='OriginalFileName'>sctasks.exe</Data><Data Name='CommandLine'>SCHTASKS  /Create /SC ONCE /TN spawn /TR C:\\windows\\system32\\cmd.exe /ST 20:10 </Data><Data Name='CurrentDirectory'>C:\\Users\\ADMINI~1\\AppData\\Local\\Temp\\</Data><Data Name='User'>ATTACKRANGE\\Administrator</Data><Data Name='LogonGuid'>{40924FE2-21BC-5FCE-3A8D-080000000000}</Data><Data Name='LogonId'>0x88d3a</Data><Data Name='TerminalSessionId'>0</Data><Data Name='IntegrityLevel'>High</Data><Data Name='Hashes'>MD5=EEB7A2162E4DBE32B56BEB84658483AE,SHA256=A9A4FD9C1BB7C5CF8F77F761CAE60F4AC4AFB8DAEEBB46B3AD6983D5E599CDC1,IMPHASH=8AC94113AD25518D369E4EE37BEDAB4F</Data><Data Name='ParentProcessGuid'>{40924FE2-21BE-5FCE-EE00-000000009101}</Data><Data Name='ParentProcessId'>5060</Data><Data Name='ParentImage'>C:\\Windows\\System32\\cmd.exe</Data><Data Name='ParentCommandLine'>\"C:\\Windows\\system32\\cmd.exe\" /c \"SCHTASKS /Create /SC ONCE /TN spawn /TR C:\\windows\\system32\\cmd.exe /ST 20:10\" </Data></EventData></Event>"}}
{"preview":false,"result":{"_time":"2020-12-07T12:36:14.627004800Z","EventRecordID":"4518","_raw":"<Event xmlns='http://schemas.microsoft.com/win/2004/08/events/event'><System><Provider Name='Microsoft-Windows-Sysmon' Guid='{5770385F-C22A-43E0-BF4C-06F5698FFBD9}'/><EventID>1</EventID><Version>5</Version><Level>4</Level><Task>1</Task><Opcode>0</Opcode><Keywords>0x8000000000000000</Keywords><TimeCreated SystemTime='2020-12-07T12:36:14.627004800Z'/><EventRecordID>4518</EventRecordID><Correlation/><Execution ProcessID='3184' ThreadID='3588'/><Channel>Microsoft-Windows-Sysmon/Operational</Channel><Computer>win-dc-893.attackrange.local</Computer><Security UserID='S-1-5-18'/></System><EventData><Data Name='RuleName'>-</Data><Data Name='UtcTime'>2020-12-07 12:36:14.625</Data><Data Name='ProcessGuid'>{40924FE2-21BE-5FCE-F100-000000009101}</Data><Data Name='ProcessId'>4764</Data><Data Name='Image'>C:\\Windows\\System32\\schtasks.exe</Data><Data Name='FileVersion'>10.0.14393.0 (rs1_release.160715-1616)</Data><Data Name='Description'>Task Scheduler Configuration Tool</Data><Data Name='Product'>Microsoft® Windows® Operating System</Data><Data Name='Company'>Microsoft Corporation</Data><Data Name='OriginalFileName'>sctasks.exe</Data><Data Name='CommandLine'>SCHTASKS  /Create /S localhost /RU DOMAIN\\user /RP At0micStrong /TN \"Atomic task\" /TR \"C:\\windows\\system32\\cmd.exe\" /SC daily /ST 20:10 </Data><Data Name='CurrentDirectory'>C:\\Users\\ADMINI~1\\AppData\\Local\\Temp\\</Data><Data Name='User'>ATTACKRANGE\\Administrator</Data><Data Name='LogonGuid'>{40924FE2-21BC-5FCE-3A8D-080000000000}</Data><Data Name='LogonId'>0x88d3a</Data><Data Name='TerminalSessionId'>0</Data><Data Name='IntegrityLevel'>High</Data><Data Name='Hashes'>MD5=EEB7A2162E4DBE32B56BEB84658483AE,SHA256=A9A4FD9C1BB7C5CF8F77F761CAE60F4AC4AFB8DAEEBB46B3AD6983D5E599CDC1,IMPHASH=8AC94113AD25518D369E4EE37BEDAB4F</Data><Data Name='ParentProcessGuid'>{40924FE2-21BE-5FCE-F000-000000009101}</Data><Data Name='ParentProcessId'>4856</Data><Data Name='ParentImage'>C:\\Windows\\System32\\cmd.exe</Data><Data Name='ParentCommandLine'>\"C:\\Windows\\system32\\cmd.exe\" /c \"SCHTASKS /Create /S localhost /RU DOMAIN\\user /RP At0micStrong /TN \"Atomic task\" /TR \"C:\\windows\\system32\\cmd.exe\" /SC daily /ST 20:10\" </Data></EventData></Event>"}}
{"preview":false,"result":{"_time":"2020-12-07T12:36:14.682144500Z","EventRecordID":"4534","_raw":"<Event xmlns='http://schemas.microsoft.com/win/2004/08/events/event'><System><Provider Name='Microsoft-Windows-Sysmon' Guid='{5770385F-C22A-43E0-BF4C-06F5698FFBD9}'/><EventID>1</EventID><Version>5</Version><Level>4</Level><Task>1</Task><Opcode>0</Opcode><Keywords>0x8000000000000000</Keywords><TimeCreated SystemTime='2020-12-07T12:36:14.682144500Z'/><EventRecordID>4534</EventRecordID><Correlation/><Execution ProcessID='3184' ThreadID='3588'/><Channel>Microsoft-Windows-Sysmon/Operational</Channel><Computer>win-dc-893.attackrange.local</Computer><Security UserID='S-1-5-18'/></System><EventData><Data Name='RuleName'>-</Data><Data Name='UtcTime'>2020-12-07 12:36:14.680</Data><Data Name='ProcessGuid'>{40924FE2-21BE-5FCE-F200-000000009101}</Data><Data Name='ProcessId'>1172</Data><Data Name='Image'>C:\\Windows\\System32\\WindowsPowerShell\\v1.0\\powershell.exe</Data><Data Name='FileVersion'>10.0.14393.206 (rs1_release.160915-0644)</Data><Data Name='Description'>Windows PowerShell</Data><Data Name='Product'>Microsoft® Windows® Operating System</Data><Data Name='Company'>Microsoft Corporation</Data><Data Name='OriginalFileName'>PowerShell.EXE</Data><Data Name='CommandLine'>\"C:\\Windows\\System32\\WindowsPowerShell\\v1.0\\powershell.exe\" &amp; {$Action = New-ScheduledTaskAction -Execute \\\"\"calc.exe\\\"\"\n$Trigger = New-ScheduledTaskTrigger -AtLogon\n$User = New-ScheduledTaskPrincipal -GroupId \\\"\"BUILTIN\\Administrators\\\"\" -RunLevel Highest\n$Set = New-ScheduledTaskSettingsSet\n$object = New-ScheduledTask -Action $Action -Principal $User -Trigger $Trigger -Settings $Set\nRegister-ScheduledTask AtomicTask -InputObject $object} </Data><Data Name='CurrentDirectory'>C:\\Users\\ADMINI~1\\AppData\\Local\\Temp\\</Data><Data Name='User'>ATTACKRANGE\\Administrator</Data><Data Name='LogonGuid'>{40924FE2-21BC-5FCE-3A8D-080000000000}</Data><Data Name='LogonId'>0x88d3a</Data><Data Name='TerminalSessionId'>0</Data><Data Name='IntegrityLevel'>High</Data><Data Name='Hashes'>MD5=097CE5761C89434367598B34FE32893B,SHA256=BA4038FD20E474C047BE8AAD5BFACDB1BFC1DDBE12F803F473B7918D8D819436,IMPHASH=CAEE994F79D85E47C06E5FA9CDEAE453</Data><Data Name='ParentProcessGuid'>{40924FE2-21BD-5FCE-E600-000000009101}</Data><Data Name='ParentProcessId'>5084</Data><Data Name='ParentImage'>C:\\Windows\\System32\\WindowsPowerShell\\v1.0\\powershell.exe</Data><Data Name='ParentCommandLine'>\"powershell.exe\" -noninteractive -encodedcommand WwBDAG8AbgBzAG8AbABlAF0AOgA6AEkAbgBwAHUAdABFAG4AYwBvAGQAaQBuAGcAIAA9ACAATgBlAHcALQBPAGIAagBlAGMAdAAgAFQAZQB4AHQALgBVAFQARgA4AEUAbgBjAG8AZABpAG4AZwAgACQAZgBhAGwAcwBlADsAIABJAG0AcABvAHIAdAAtAE0AbwBkAHUAbABlACAAIgBDADoAXABBAHQAbwBtAGkAYwBSAGUAZABUAGUAYQBtAFwAaQBuAHYAbwBrAGUALQBhAHQAbwBtAGkAYwByAGUAZAB0AGUAYQBtAFwASQBuAHYAbwBrAGUALQBBAHQAbwBtAGkAYwBSAGUAZABUAGUAYQBtAC4AcABzAGQAMQAiACAALQBGAG8AcgBjAGUACgBJAG4AdgBvAGsAZQAtAEEAdABvAG0AaQBjAFQAZQBzAHQAIAAiAFQAMQAwADUAMwAuADAAMAA1ACIAIAAtAEMAbwBuAGYAaQByAG0AOgAkAGYAYQBsAHMAZQAgAC0AVABpAG0AZQBvAHUAdABTAGUAYwBvAG4AZABzACAAMwAwADAAIAAtAEUAeABlAGMAdQB0AGkAbwBuAEwAbwBnAFAAYQB0AGgAIABDADoAXABBAHQAbwBtAGkAYwBSAGUAZABUAGUAYQBtAFwAYQB0AGMAXwBlAHgAZQBjAHUAdABpAG8AbgAuAGMAcwB2AA==</Data></EventData></Event>"}}
{"preview":false,"result":{"_time":"2020-12-07T12:36:17.899055800Z","EventRecordID":"4770","_raw":"<Event xmlns='http://schemas.microsoft.com/win/2004/08/events/event'><System><Provider Name='Microsoft-Windows-Sysmon' Guid='{5770385F-C22A-43E0-BF4C-06F5698FFBD9}'/><EventID>1</EventID><Version>5</Version><Level>4</Level><Task>1</Task><Opcode>0</Opcode><Keywords>0x8000000000000000</Keywords><TimeCreated SystemTime='2020-12-07T12:36:17.899055800Z'/><EventRecordID>4770</EventRecordID><Correlation/><Execution ProcessID='3184' ThreadID='3588'/><Channel>Microsoft-Windows-Sysmon/Operational</Channel><Computer>win-dc-893.attackrange.local</Computer><Security UserID='S-1-5-18'/></System><EventData><Data Name='RuleName'>-</Data><Data Name='UtcTime'>2020-12-07 12:36:17.897</Data><Data Name='ProcessGuid'>{40924FE2-21C1-5FCE-0101-000000009101}</Data><Data Name='ProcessId'>4552</Data><Data Name='Image'>C:\\Windows\\System32\\schtasks.exe</Data><Data Name='FileVersion'>10.0.14393.0 (rs1_release.160715-1616)</Data><Data Name='Description'>Task Scheduler Configuration Tool</Data><Data Name='Product'>Microsoft® Windows® Operating System</Data><Data Name='Company'>Microsoft Corporation</Data><Data Name='OriginalFileName'>sctasks.exe</Data><Data Name='CommandLine'>schtasks  /delete /tn \"T1053_005_OnLogon\" /f  </Data><Data Name='CurrentDirectory'>C:\\Users\\ADMINI~1\\AppData\\Local\\Temp\\</Data><Data Name='User'>ATTACKRANGE\\Administrator</Data><Data Name='LogonGuid'>{40924FE2-21BF-5FCE-9104-090000000000}</Data><Data Name='LogonId'>0x90491</Data><Data Name='TerminalSessionId'>0</Data><Data Name='IntegrityLevel'>High</Data><Data Name='Hashes'>MD5=EEB7A2162E4DBE32B56BEB84658483AE,SHA256=A9A4FD9C1BB7C5CF8F77F761CAE60F4AC4AFB8DAEEBB46B3AD6983D5E599CDC1,IMPHASH=8AC94113AD25518D369E4EE37BEDAB4F</Data><Data Name='ParentProcessGuid'>{40924FE2-21C1-5FCE-0001-000000009101}</Data><Data Name='ParentProcessId'>3304</Data><Data Name='ParentImage'>C:\\Windows\\System32\\cmd.exe</Data><Data Name='ParentCommandLine'>\"C:\\Windows\\system32\\cmd.exe\" /c \"schtasks /delete /tn \"T1053_005_OnLogon\" /f &gt;nul 2&gt;&amp;1 &amp; schtasks /delete /tn \"T1053_005_OnStartup\" /f &gt;nul 2&gt;&amp;1\" </Data></EventData></Event>"}}
{"preview":false,"result":{"_time":"2020-12-07T12:36:17.917062600Z","EventRecordID":"4786","_raw":"<Event xmlns='http://schemas.microsoft.com/win/2004/08/events/event'><System><Provider Name='Microsoft-Windows-Sysmon' Guid='{5770385F-C22A-43E0-BF4C-06F5698FFBD9}'/><EventID>1</EventID><Version>5</Version><Level>4</Level><Task>1</Task><Opcode>0</Opcode><Keywords>0x8000000000000000</Keywords><TimeCreated SystemTime='2020-12-07T12:36:17.917062600Z'/><EventRecordID>4786</EventRecordID><Correlation/><Execution ProcessID='3184' ThreadID='3588'/><Channel>Microsoft-Windows-Sysmon/Operational</Channel><Computer>win-dc-893.attackrange.local</Computer><Security UserID='S-1-5-18'/></System><EventData><Data Name='RuleName'>-</Data><Data Name='UtcTime'>2020-12-07 12:36:17.915</Data><Data Name='ProcessGuid'>{40924FE2-21C1-5FCE-0201-000000009101}</Data><Data Name='ProcessId'>2444</Data><Data Name='Image'>C:\\Windows\\System32\\schtasks.exe</Data><Data Name='FileVersion'>10.0.14393.0 (rs1_release.160715-1616)</Data><Data Name='Description'>Task Scheduler Configuration Tool</Data><Data Name='Product'>Microsoft® Windows® Operating System</Data><Data Name='Company'>Microsoft Corporation</Data><Data Name='OriginalFileName'>sctasks.exe</Data><Data Name='CommandLine'>schtasks  /delete /tn \"T1053_005_OnStartup\" /f  </Data><Data Name='CurrentDirectory'>C:\\Users\\ADMINI~1\\AppData\\Local\\Temp\\</Data><Data Name='User'>ATTACKRANGE\\Administrator</Data><Data Name='LogonGuid'>{40924FE2-21BF-5FCE-9104-090000000000}</Data><Data Name='LogonId'>0x90491</Data><Data Name='TerminalSessionId'>0</Data><Data Name='IntegrityLevel'>High</Data><Data Name='Hashes'>MD5=EEB7A2162E4DBE32B56BEB84658483AE,SHA256=A9A4FD9C1BB7C5CF8F77F761CAE60F4AC4AFB8DAEEBB46B3AD6983D5E599CDC1,IMPHASH=8AC94113AD25518D369E4EE37BEDAB4F</Data><Data Name='ParentProcessGuid'>{40924FE2-21C1-5FCE-0001-000000009101}</Data><Data Name='ParentProcessId'>3304</Data><Data Name='ParentImage'>C:\\Windows\\System32\\cmd.exe</Data><Data Name='ParentCommandLine'>\"C:\\Windows\\system32\\cmd.exe\" /c \"schtasks /delete /tn \"T1053_005_OnLogon\" /f &gt;nul 2&gt;&amp;1 &amp; schtasks /delete /tn \"T1053_005_OnStartup\" /f &gt;nul 2&gt;&amp;1\" </Data></EventData></Event>"}}
{"preview":false,"result":{"_time":"2020-12-07T12:36:17.983476900Z","EventRecordID":"4816","_raw":"<Event xmlns='http://schemas.microsoft.com/win/2004/08/events/event'><System><Provider Name='Microsoft-Windows-Sysmon' Guid='{5770385F-C22A-43E0-BF4C-06F5698FFBD9}'/><EventID>1</EventID><Version>5</Version><Level>4</Level><Task>1</Task><Opcode>0</Opcode><Keywords>0x8000000000000000</Keywords><TimeCreated SystemTime='2020-12-07T12:36:17.983476900Z'/><EventRecordID>4816</EventRecordID><Correlation/><Execution ProcessID='3184' ThreadID='3588'/><Channel>Microsoft-Windows-Sysmon/Operational</Channel><Computer>win-dc-893.attackrange.local</Computer><Security UserID='S-1-5-18'/></System><EventData><Data Name='RuleName'>-</Data><Data Name='UtcTime'>2020-12-07 12:36:17.981</Data><Data Name='ProcessGuid'>{40924FE2-21C1-5FCE-0401-000000009101}</Data><Data Name='ProcessId'>4328</Data><Data Name='Image'>C:\\Windows\\System32\\schtasks.exe</Data><Data Name='FileVersion'>10.0.14393.0 (rs1_release.160715-1616)</Data><Data Name='Description'>Task Scheduler Configuration Tool</Data><Data Name='Product'>Microsoft® Windows® Operating System</Data><Data Name='Company'>Microsoft Corporation</Data><Data Name='OriginalFileName'>sctasks.exe</Data><Data Name='CommandLine'>SCHTASKS  /Delete /TN spawn /F  </Data><Data Name='CurrentDirectory'>C:\\Users\\ADMINI~1\\AppData\\Local\\Temp\\</Data><Data Name='User'>ATTACKRANGE\\Administrator</Data><Data Name='LogonGuid'>{40924FE2-21BF-5FCE-9104-090000000000}</Data><Data Name='LogonId'>0x90491</Data><Data Name='TerminalSessionId'>0</Data><Data Name='IntegrityLevel'>High</Data><Data Name='Hashes'>MD5=EEB7A2162E4DBE32B56BEB84658483AE,SHA256=A9A4FD9C1BB7C5CF8F77F761CAE60F4AC4AFB8DAEEBB46B3AD6983D5E599CDC1,IMPHASH=8AC94113AD25518D369E4EE37BEDAB4F</Data><Data Name='ParentProcessGuid'>{40924FE2-21C1-5FCE-0301-000000009101}</Data><Data Name='ParentProcessId'>4360</Data><Data Name='ParentImage'>C:\\Windows\\System32\\cmd.exe</Data><Data Name='ParentCommandLine'>\"C:\\Windows\\system32\\cmd.exe\" /c \"SCHTASKS /Delete /TN spawn /F &gt;nul 2&gt;&amp;1\" </Data></EventData></Event>"}}
{"preview":false,"result":{"_time":"2020-12-07T12:36:18.028106800Z","EventRecordID":"4846","_raw":"<Event xmlns='http://schemas.microsoft.com/win/2004/08/events/event'><System><Provider Name='Microsoft-Windows-Sysmon' Guid='{5770385F-C22A-43E0-BF4C-06F5698FFBD9}'/><EventID>1</EventID><Version>5</Version><Level>4</Level><Task>1</Task><Opcode>0</Opcode><Keywords>0x8000000000000000</Keywords><TimeCreated SystemTime='2020-12-07T12:36:18.028106800Z'/><EventRecordID>4846</EventRecordID><Correlation/><Execution ProcessID='3184' ThreadID='3588'/><Channel>Microsoft-Windows-Sysmon/Operational</Channel><Computer>win-dc-893.attackrange.local</Computer><Security UserID='S-1-5-18'/></System><EventData><Data Name='RuleName'>-</Data><Data Name='UtcTime'>2020-12-07 12:36:18.026</Data><Data Name='ProcessGuid'>{40924FE2-21C2-5FCE-0601-000000009101}</Data><Data Name='ProcessId'>3840</Data><Data Name='Image'>C:\\Windows\\System32\\schtasks.exe</Data><Data Name='FileVersion'>10.0.14393.0 (rs1_release.160715-1616)</Data><Data Name='Description'>Task Scheduler Configuration Tool</Data><Data Name='Product'>Microsoft® Windows® Operating System</Data><Data Name='Company'>Microsoft Corporation</Data><Data Name='OriginalFileName'>sctasks.exe</Data><Data Name='CommandLine'>SCHTASKS  /Delete /S localhost /RU DOMAIN\\user /RP At0micStrong /TN \"Atomic task\" /F  </Data><Data Name='CurrentDirectory'>C:\\Users\\ADMINI~1\\AppData\\Local\\Temp\\</Data><Data Name='User'>ATTACKRANGE\\Administrator</Data><Data Name='LogonGuid'>{40924FE2-21BF-5FCE-9104-090000000000}</Data><Data Name='LogonId'>0x90491</Data><Data Name='TerminalSessionId'>0</Data><Data Name='IntegrityLevel'>High</Data><Data Name='Hashes'>MD5=EEB7A2162E4DBE32B56BEB84658483AE,SHA256=A9A4FD9C1BB7C5CF8F77F761CAE60F4AC4AFB8DAEEBB46B3AD6983D5E599CDC1,IMPHASH=8AC94113AD25518D369E4EE37BEDAB4F</Data><Data Name='ParentProcessGuid'>{40924FE2-21C2-5FCE-0501-000000009101}</Data><Data Name='ParentProcessId'>1116</Data><Data Name='ParentImage'>C:\\Windows\\System32\\cmd.exe</Data><Data Name='ParentCommandLine'>\"C:\\Windows\\system32\\cmd.exe\" /c \"SCHTASKS /Delete /S localhost /RU DOMAIN\\user /RP At0micStrong /TN \"Atomic task\" /F &gt;nul 2&gt;&amp;1\" </Data></EventData></Event>"}}
{"preview":false,"result":{"_time":"2020-12-07T12:36:18.058359600Z","EventRecordID":"4859","_raw":"<Event xmlns='http://schemas.microsoft.com/win/2004/08/events/event'><System><Provider Name='Microsoft-Windows-Sysmon' Guid='{5770385F-C22A-43E0-BF4C-06F5698FFBD9}'/><EventID>1</EventID><Version>5</Version><Level>4</Level><Task>1</Task><Opcode>0</Opcode><Keywords>0x8000000000000000</Keywords><TimeCreated SystemTime='2020-12-07T12:36:18.058359600Z'/><EventRecordID>4859</EventRecordID><Correlation/><Execution ProcessID='3184' ThreadID='3588'/><Channel>Microsoft-Windows-Sysmon/Operational</Channel><Computer>win-dc-893.attackrange.local</Computer><Security UserID='S-1-5-18'/></System><EventData><Data Name='RuleName'>-</Data><Data Name='UtcTime'>2020-12-07 12:36:18.056</Data><Data Name='ProcessGuid'>{40924FE2-21C2-5FCE-0701-000000009101}</Data><Data Name='ProcessId'>868</Data><Data Name='Image'>C:\\Windows\\System32\\WindowsPowerShell\\v1.0\\powershell.exe</Data><Data Name='FileVersion'>10.0.14393.206 (rs1_release.160915-0644)</Data><Data Name='Description'>Windows PowerShell</Data><Data Name='Product'>Microsoft® Windows® Operating System</Data><Data Name='Company'>Microsoft Corporation</Data><Data Name='OriginalFileName'>PowerShell.EXE</Data><Data Name='CommandLine'>\"C:\\Windows\\System32\\WindowsPowerShell\\v1.0\\powershell.exe\" &amp; {Unregister-ScheduledTask -TaskName \\\"\"AtomicTask\\\"\" -confirm:$false &gt;$null 2&gt;&amp;1} </Data><Data Name='CurrentDirectory'>C:\\Users\\ADMINI~1\\AppData\\Local\\Temp\\</Data><Data Name='User'>ATTACKRANGE\\Administrator</Data><Data Name='LogonGuid'>{40924FE2-21BF-5FCE-9104-090000000000}</Data><Data Name='LogonId'>0x90491</Data><Data Name='TerminalSessionId'>0</Data><Data Name='IntegrityLevel'>High</Data><Data Name='Hashes'>MD5=097CE5761C89434367598B34FE32893B,SHA256=BA4038FD20E474C047BE8AAD5BFACDB1BFC1DDBE12F803F473B7918D8D819436,IMPHASH=CAEE994F79D85E47C06E5FA9CDEAE453</Data><Data Name='ParentProcessGuid'>{40924FE2-21C0-5FCE-FB00-000000009101}</Data><Data Name='ParentProcessId'>4432</Data><Data Name='ParentImage'>C:\\Windows\\System32\\WindowsPowerShell\\v1.0\\powershell.exe</Data><Data Name='ParentCommandLine'>\"powershell.exe\" -noninteractive -encodedcommand WwBDAG8AbgBzAG8AbABlAF0AOgA6AEkAbgBwAHUAdABFAG4AYwBvAGQAaQBuAGcAIAA9ACAATgBlAHcALQBPAGIAagBlAGMAdAAgAFQAZQB4AHQALgBVAFQARgA4AEUAbgBjAG8AZABpAG4AZwAgACQAZgBhAGwAcwBlADsAIABJAG0AcABvAHIAdAAtAE0AbwBkAHUAbABlACAAIgBDADoAXABBAHQAbwBtAGkAYwBSAGUAZABUAGUAYQBtAFwAaQBuAHYAbwBrAGUALQBhAHQAbwBtAGkAYwByAGUAZAB0AGUAYQBtAFwASQBuAHYAbwBrAGUALQBBAHQAbwBtAGkAYwBSAGUAZABUAGUAYQBtAC4AcABzAGQAMQAiACAALQBGAG8AcgBjAGUACgBJAG4AdgBvAGsAZQAtAEEAdABvAG0AaQBjAFQAZQBzAHQAIAAiAFQAMQAwADUAMwAuADAAMAA1ACIAIAAtAEMAbABlAGEAbgB1AHAA</Data></EventData></Event>"},"lastrow":true}
