{"preview":false,"result":{"_time":"2021-08-24T21:37:13.448+0400","EventRecordID":"30727364","_raw":"<Event xmlns='http://schemas.microsoft.com/win/2004/08/events/event'><System><Provider Name='Microsoft-Windows-Sysmon' Guid='{5770385F-C22A-43E0-BF4C-06F5698FFBD9}'/><EventID>1</EventID><Version>5</Version><Level>4</Level><Task>1</Task><Opcode>0</Opcode><Keywords>0x8000000000000000</Keywords><TimeCreated SystemTime='2021-08-24T21:37:13.448227800Z'/><EventRecordID>30727364</EventRecordID><Correlation/><Execution ProcessID='1820' ThreadID='3036'/><Channel>Microsoft-Windows-Sysmon/Operational</Channel><Computer>win-host-987.attackrange.local</Computer><Security UserID='S-1-5-18'/></System><EventData><Data Name='RuleName'>-</Data><Data Name='UtcTime'>2021-08-24 21:37:13.446</Data><Data Name='ProcessGuid'>{B81B27B7-6689-6125-C300-01000000C801}</Data><Data Name='ProcessId'>7096</Data><Data Name='Image'>C:\\Windows\\System32\\cmd.exe</Data><Data Name='FileVersion'>10.0.14393.0 (rs1_release.160715-1616)</Data><Data Name='Description'>Windows Command Processor</Data><Data Name='Product'>Microsoft® Windows® Operating System</Data><Data Name='Company'>Microsoft Corporation</Data><Data Name='OriginalFileName'>Cmd.Exe</Data><Data Name='CommandLine'>cmd.exe  /c powershell.exe Get-LocalUser</Data><Data Name='CurrentDirectory'>C:\\Users\\reed_schmidt\\</Data><Data Name='User'>ATTACKRANGE\\REED_SCHMIDT</Data><Data Name='LogonGuid'>{B81B27B7-4132-611D-4F05-090000000000}</Data><Data Name='LogonId'>0x9054f</Data><Data Name='TerminalSessionId'>2</Data><Data Name='IntegrityLevel'>Medium</Data><Data Name='Hashes'>MD5=F4F684066175B77E0C3A000549D2922C,SHA256=935C1861DF1F4018D698E8B65ABFA02D7E9037D8F68CA3C2065B6CA165D44AD2,IMPHASH=3062ED732D4B25D1C64F084DAC97D37A</Data><Data Name='ParentProcessGuid'>{B81B27B7-6638-6125-B000-01000000C801}</Data><Data Name='ParentProcessId'>1208</Data><Data Name='ParentImage'>C:\\Windows\\System32\\cmd.exe</Data><Data Name='ParentCommandLine'>\"C:\\Windows\\system32\\cmd.exe\" </Data></EventData></Event>"}}
{"preview":false,"result":{"_time":"2021-08-24T21:37:13.455+0400","EventRecordID":"30727372","_raw":"<Event xmlns='http://schemas.microsoft.com/win/2004/08/events/event'><System><Provider Name='Microsoft-Windows-Sysmon' Guid='{5770385F-C22A-43E0-BF4C-06F5698FFBD9}'/><EventID>1</EventID><Version>5</Version><Level>4</Level><Task>1</Task><Opcode>0</Opcode><Keywords>0x8000000000000000</Keywords><TimeCreated SystemTime='2021-08-24T21:37:13.455304000Z'/><EventRecordID>30727372</EventRecordID><Correlation/><Execution ProcessID='1820' ThreadID='3036'/><Channel>Microsoft-Windows-Sysmon/Operational</Channel><Computer>win-host-987.attackrange.local</Computer><Security UserID='S-1-5-18'/></System><EventData><Data Name='RuleName'>-</Data><Data Name='UtcTime'>2021-08-24 21:37:13.453</Data><Data Name='ProcessGuid'>{B81B27B7-6689-6125-C400-01000000C801}</Data><Data Name='ProcessId'>6160</Data><Data Name='Image'>C:\\Windows\\System32\\WindowsPowerShell\\v1.0\\powershell.exe</Data><Data Name='FileVersion'>10.0.14393.206 (rs1_release.160915-0644)</Data><Data Name='Description'>Windows PowerShell</Data><Data Name='Product'>Microsoft® Windows® Operating System</Data><Data Name='Company'>Microsoft Corporation</Data><Data Name='OriginalFileName'>PowerShell.EXE</Data><Data Name='CommandLine'>powershell.exe  Get-LocalUser</Data><Data Name='CurrentDirectory'>C:\\Users\\reed_schmidt\\</Data><Data Name='User'>ATTACKRANGE\\REED_SCHMIDT</Data><Data Name='LogonGuid'>{B81B27B7-4132-611D-4F05-090000000000}</Data><Data Name='LogonId'>0x9054f</Data><Data Name='TerminalSessionId'>2</Data><Data Name='IntegrityLevel'>Medium</Data><Data Name='Hashes'>MD5=097CE5761C89434367598B34FE32893B,SHA256=BA4038FD20E474C047BE8AAD5BFACDB1BFC1DDBE12F803F473B7918D8D819436,IMPHASH=CAEE994F79D85E47C06E5FA9CDEAE453</Data><Data Name='ParentProcessGuid'>{B81B27B7-6689-6125-C300-01000000C801}</Data><Data Name='ParentProcessId'>7096</Data><Data Name='ParentImage'>C:\\Windows\\System32\\cmd.exe</Data><Data Name='ParentCommandLine'>cmd.exe  /c powershell.exe Get-LocalUser</Data></EventData></Event>"}}
{"preview":false,"result":{"_time":"2021-08-24T21:37:22.657+0400","EventRecordID":"30727454","_raw":"<Event xmlns='http://schemas.microsoft.com/win/2004/08/events/event'><System><Provider Name='Microsoft-Windows-Sysmon' Guid='{5770385F-C22A-43E0-BF4C-06F5698FFBD9}'/><EventID>1</EventID><Version>5</Version><Level>4</Level><Task>1</Task><Opcode>0</Opcode><Keywords>0x8000000000000000</Keywords><TimeCreated SystemTime='2021-08-24T21:37:22.657541900Z'/><EventRecordID>30727454</EventRecordID><Correlation/><Execution ProcessID='1820' ThreadID='3036'/><Channel>Microsoft-Windows-Sysmon/Operational</Channel><Computer>win-host-987.attackrange.local</Computer><Security UserID='S-1-5-18'/></System><EventData><Data Name='RuleName'>-</Data><Data Name='UtcTime'>2021-08-24 21:37:22.655</Data><Data Name='ProcessGuid'>{B81B27B7-6692-6125-C800-01000000C801}</Data><Data Name='ProcessId'>1288</Data><Data Name='Image'>C:\\Windows\\System32\\cmd.exe</Data><Data Name='FileVersion'>10.0.14393.0 (rs1_release.160715-1616)</Data><Data Name='Description'>Windows Command Processor</Data><Data Name='Product'>Microsoft® Windows® Operating System</Data><Data Name='Company'>Microsoft Corporation</Data><Data Name='OriginalFileName'>Cmd.Exe</Data><Data Name='CommandLine'>cmd.exe  /c powershell.exe Get-WmiObject Win32_UserAccount</Data><Data Name='CurrentDirectory'>C:\\Users\\reed_schmidt\\</Data><Data Name='User'>ATTACKRANGE\\REED_SCHMIDT</Data><Data Name='LogonGuid'>{B81B27B7-4132-611D-4F05-090000000000}</Data><Data Name='LogonId'>0x9054f</Data><Data Name='TerminalSessionId'>2</Data><Data Name='IntegrityLevel'>Medium</Data><Data Name='Hashes'>MD5=F4F684066175B77E0C3A000549D2922C,SHA256=935C1861DF1F4018D698E8B65ABFA02D7E9037D8F68CA3C2065B6CA165D44AD2,IMPHASH=3062ED732D4B25D1C64F084DAC97D37A</Data><Data Name='ParentProcessGuid'>{B81B27B7-6638-6125-B000-01000000C801}</Data><Data Name='ParentProcessId'>1208</Data><Data Name='ParentImage'>C:\\Windows\\System32\\cmd.exe</Data><Data Name='ParentCommandLine'>\"C:\\Windows\\system32\\cmd.exe\" </Data></EventData></Event>"}}
{"preview":false,"result":{"_time":"2021-08-24T21:37:22.665+0400","EventRecordID":"30727462","_raw":"<Event xmlns='http://schemas.microsoft.com/win/2004/08/events/event'><System><Provider Name='Microsoft-Windows-Sysmon' Guid='{5770385F-C22A-43E0-BF4C-06F5698FFBD9}'/><EventID>1</EventID><Version>5</Version><Level>4</Level><Task>1</Task><Opcode>0</Opcode><Keywords>0x8000000000000000</Keywords><TimeCreated SystemTime='2021-08-24T21:37:22.665376000Z'/><EventRecordID>30727462</EventRecordID><Correlation/><Execution ProcessID='1820' ThreadID='3036'/><Channel>Microsoft-Windows-Sysmon/Operational</Channel><Computer>win-host-987.attackrange.local</Computer><Security UserID='S-1-5-18'/></System><EventData><Data Name='RuleName'>-</Data><Data Name='UtcTime'>2021-08-24 21:37:22.663</Data><Data Name='ProcessGuid'>{B81B27B7-6692-6125-C900-01000000C801}</Data><Data Name='ProcessId'>5308</Data><Data Name='Image'>C:\\Windows\\System32\\WindowsPowerShell\\v1.0\\powershell.exe</Data><Data Name='FileVersion'>10.0.14393.206 (rs1_release.160915-0644)</Data><Data Name='Description'>Windows PowerShell</Data><Data Name='Product'>Microsoft® Windows® Operating System</Data><Data Name='Company'>Microsoft Corporation</Data><Data Name='OriginalFileName'>PowerShell.EXE</Data><Data Name='CommandLine'>powershell.exe  Get-WmiObject Win32_UserAccount</Data><Data Name='CurrentDirectory'>C:\\Users\\reed_schmidt\\</Data><Data Name='User'>ATTACKRANGE\\REED_SCHMIDT</Data><Data Name='LogonGuid'>{B81B27B7-4132-611D-4F05-090000000000}</Data><Data Name='LogonId'>0x9054f</Data><Data Name='TerminalSessionId'>2</Data><Data Name='IntegrityLevel'>Medium</Data><Data Name='Hashes'>MD5=097CE5761C89434367598B34FE32893B,SHA256=BA4038FD20E474C047BE8AAD5BFACDB1BFC1DDBE12F803F473B7918D8D819436,IMPHASH=CAEE994F79D85E47C06E5FA9CDEAE453</Data><Data Name='ParentProcessGuid'>{B81B27B7-6692-6125-C800-01000000C801}</Data><Data Name='ParentProcessId'>1288</Data><Data Name='ParentImage'>C:\\Windows\\System32\\cmd.exe</Data><Data Name='ParentCommandLine'>cmd.exe  /c powershell.exe Get-WmiObject Win32_UserAccount</Data></EventData></Event>"},"lastrow":true}
