[
  {
    "_time": "2020-12-09T08:46:06.881605900Z",
    "EventRecordID": "60",
    "_raw": "<Event xmlns='http://schemas.microsoft.com/win/2004/08/events/event'><System><Provider Name='Microsoft-Windows-Sysmon' Guid='{5770385F-C22A-43E0-BF4C-06F5698FFBD9}'/><EventID>1</EventID><Version>5</Version><Level>4</Level><Task>1</Task><Opcode>0</Opcode><Keywords>0x8000000000000000</Keywords><TimeCreated SystemTime='2020-12-09T08:46:06.881605900Z'/><EventRecordID>60</EventRecordID><Correlation/><Execution ProcessID='4360' ThreadID='3712'/><Channel>Microsoft-Windows-Sysmon/Operational</Channel><Computer>win-dc-235.attackrange.local</Computer><Security UserID='S-1-5-18'/></System><EventData><Data Name='RuleName'></Data><Data Name='UtcTime'>2020-12-09 08:46:06.874</Data><Data Name='ProcessGuid'>{2935EF20-8ECE-5FD0-0000-00109F6C1000}</Data><Data Name='ProcessId'>5048</Data><Data Name='Image'>C:\\Windows\\System32\\cmd.exe</Data><Data Name='FileVersion'>10.0.14393.0 (rs1_release.160715-1616)</Data><Data Name='Description'>Windows Command Processor</Data><Data Name='Product'>Microsoft\u00ae Windows\u00ae Operating System</Data><Data Name='Company'>Microsoft Corporation</Data><Data Name='OriginalFileName'>Cmd.Exe</Data><Data Name='CommandLine'>C:\\Windows\\system32\\cmd.exe /C PowerShell -NoProfile -NonInteractive -ExecutionPolicy Unrestricted -EncodedCommand UABvAHcAZQByAFMAaABlAGwAbAAgAC0ATgBvAFAAcgBvAGYAaQBsAGUAIAAtAE4AbwBuAEkAbgB0AGUAcgBhAGMAdABpAHYAZQAgAC0ARQB4AGUAYwB1AHQAaQBvAG4AUABvAGwAaQBjAHkAIABVAG4AcgBlAHMAdAByAGkAYwB0AGUAZAAgAC0ARQBuAGMAbwBkAGUAZABDAG8AbQBtAGEAbgBkACAASgBnAEIAagBBAEcAZwBBAFkAdwBCAHcAQQBDADQAQQBZAHcAQgB2AEEARwAwAEEASQBBAEEAMgBBAEQAVQBBAE0AQQBBAHcAQQBEAEUAQQBJAEEAQQArAEEAQwBBAEEASgBBAEIAdQBBAEgAVQBBAGIAQQBCAHMAQQBBAG8AQQBKAEEAQgBsAEEASABnAEEAWgBRAEIAagBBAEYAOABBAGQAdwBCAHkAQQBHAEUAQQBjAEEAQgB3AEEARwBVAEEAYwBnAEIAZgBBAEgATQBBAGQAQQBCAHkAQQBDAEEAQQBQAFEAQQBnAEEAQwBRAEEAYQBRAEIAdQBBAEgAQQBBAGQAUQBCADAAQQBDAEEAQQBmAEEAQQBnAEEARQA4AEEAZABRAEIAMABBAEMAMABBAFUAdwBCADAAQQBIAEkAQQBhAFEAQgB1AEEARwBjAEEAQwBnAEEAawBBAEgATQBBAGMAQQBCAHMAQQBHAGsAQQBkAEEAQgBmAEEASABBAEEAWQBRAEIAeQBBAEgAUQBBAGMAdwBBAGcAQQBEADAAQQBJAEEAQQBrAEEARwBVAEEAZQBBAEIAbABBAEcATQBBAFgAdwBCADMAQQBIAEkAQQBZAFEAQgB3AEEASABBAEEAWgBRAEIAeQBBAEYAOABBAGMAdwBCADAAQQBIAEkAQQBMAGcAQgBUAEEASABBAEEAYgBBAEIAcABBAEgAUQBBAEsAQQBCAEEAQQBDAGcAQQBJAGcAQgBnAEEARABBAEEAWQBBAEEAdwBBAEcAQQBBAE0AQQBCAGcAQQBEAEEAQQBJAGcAQQBwAEEAQwB3AEEASQBBAEEAeQBBAEMAdwBBAEkAQQBCAGIAQQBGAE0AQQBkAEEAQgB5AEEARwBrAEEAYgBnAEIAbgBBAEYATQBBAGMAQQBCAHMAQQBHAGsAQQBkAEEAQgBQAEEASABBAEEAZABBAEIAcABBAEcAOABBAGIAZwBCAHoAQQBGADAAQQBPAGcAQQA2AEEARgBJAEEAWgBRAEIAdABBAEcAOABBAGQAZwBCAGwAQQBFAFUAQQBiAFEAQgB3AEEASABRAEEAZQBRAEIARgBBAEcANABBAGQAQQBCAHkAQQBHAGsAQQBaAFEAQgB6AEEAQwBrAEEAQwBnAEIASgBBAEcAWQBBAEkAQQBBAG8AQQBDADAAQQBiAGcAQgB2AEEASABRAEEASQBBAEEAawBBAEgATQBBAGMAQQBCAHMAQQBHAGsAQQBkAEEAQgBmAEEASABBAEEAWQBRAEIAeQBBAEgAUQBBAGMAdwBBAHUAQQBFAHcAQQBaAFEAQgB1AEEARwBjAEEAZABBAEIAbwBBAEMAQQBBAEwAUQBCAGwAQQBIAEUAQQBJAEEAQQB5AEEAQwBrAEEASQBBAEIANwBBAEMAQQBBAGQAQQBCAG8AQQBIAEkAQQBiAHcAQgAzAEEAQwBBAEEASQBnAEIAcABBAEcANABBAGQAZwBCAGgAQQBHAHcAQQBhAFEAQgBrAEEAQwBBAEEAYwBBAEIAaABBAEgAawBBAGIAQQBCAHYAQQBHAEUAQQBaAEEAQQBpAEEAQwBBAEEAZgBRAEEASwBBAEYATQBBAFoAUQBCADAAQQBDADAAQQBWAGcAQgBoAEEASABJAEEAYQBRAEIAaABBAEcASQBBAGIAQQBCAGwAQQBDAEEAQQBMAFEAQgBPAEEARwBFAEEAYgBRAEIAbABBAEMAQQBBAGEAZwBCAHoAQQBHADgAQQBiAGcAQgBmAEEASABJAEEAWQBRAEIAMwBBAEMAQQBBAEwAUQBCAFcAQQBHAEUAQQBiAEEAQgAxAEEARwBVAEEASQBBAEEAawBBAEgATQBBAGMAQQBCAHMAQQBHAGsAQQBkAEEAQgBmAEEASABBAEEAWQBRAEIAeQBBAEgAUQBBAGMAdwBCAGIAQQBEAEUAQQBYAFEAQQBLAEEAQwBRAEEAWgBRAEIANABBAEcAVQBBAFkAdwBCAGYAQQBIAGMAQQBjAGcAQgBoAEEASABBAEEAYwBBAEIAbABBAEgASQBBAEkAQQBBADkAQQBDAEEAQQBXAHcAQgBUAEEARwBNAEEAYwBnAEIAcABBAEgAQQBBAGQAQQBCAEMAQQBHAHcAQQBiAHcAQgBqAEEARwBzAEEAWABRAEEANgBBAEQAbwBBAFEAdwBCAHkAQQBHAFUAQQBZAFEAQgAwAEEARwBVAEEASwBBAEEAawBBAEgATQBBAGMAQQBCAHMAQQBHAGsAQQBkAEEAQgBmAEEASABBAEEAWQBRAEIAeQBBAEgAUQBBAGMAdwBCAGIAQQBEAEEAQQBYAFEAQQBwAEEAQQBvAEEASgBnAEEAawBBAEcAVQBBAGUAQQBCAGwAQQBHAE0AQQBYAHcAQgAzAEEASABJAEEAWQBRAEIAdwBBAEgAQQBBAFoAUQBCAHkAQQBBAD0APQA=</Data><Data Name='CurrentDirectory'>C:\\Users\\Administrator\\</Data><Data Name='User'>ATTACKRANGE\\Administrator</Data><Data Name='LogonGuid'>{2935EF20-8ECE-5FD0-0000-0020A1691000}</Data><Data Name='LogonId'>0x1069a1</Data><Data Name='TerminalSessionId'>0</Data><Data Name='IntegrityLevel'>High</Data><Data Name='Hashes'>MD5=F4F684066175B77E0C3A000549D2922C,SHA256=935C1861DF1F4018D698E8B65ABFA02D7E9037D8F68CA3C2065B6CA165D44AD2,IMPHASH=3062ED732D4B25D1C64F084DAC97D37A</Data><Data Name='ParentProcessGuid'>{2935EF20-8ECE-5FD0-0000-0010D1691000}</Data><Data Name='ParentProcessId'>3384</Data><Data Name='ParentImage'>C:\\Windows\\System32\\winrshost.exe</Data><Data Name='ParentCommandLine'>C:\\Windows\\system32\\WinrsHost.exe -Embedding</Data></EventData></Event>"
  },
  {
    "_time": "2020-12-09T08:46:06.894936400Z",
    "EventRecordID": "73",
    "_raw": "<Event xmlns='http://schemas.microsoft.com/win/2004/08/events/event'><System><Provider Name='Microsoft-Windows-Sysmon' Guid='{5770385F-C22A-43E0-BF4C-06F5698FFBD9}'/><EventID>1</EventID><Version>5</Version><Level>4</Level><Task>1</Task><Opcode>0</Opcode><Keywords>0x8000000000000000</Keywords><TimeCreated SystemTime='2020-12-09T08:46:06.894936400Z'/><EventRecordID>73</EventRecordID><Correlation/><Execution ProcessID='4360' ThreadID='3712'/><Channel>Microsoft-Windows-Sysmon/Operational</Channel><Computer>win-dc-235.attackrange.local</Computer><Security UserID='S-1-5-18'/></System><EventData><Data Name='RuleName'></Data><Data Name='UtcTime'>2020-12-09 08:46:06.885</Data><Data Name='ProcessGuid'>{2935EF20-8ECE-5FD0-0000-00106A6D1000}</Data><Data Name='ProcessId'>5044</Data><Data Name='Image'>C:\\Windows\\System32\\WindowsPowerShell\\v1.0\\powershell.exe</Data><Data Name='FileVersion'>10.0.14393.206 (rs1_release.160915-0644)</Data><Data Name='Description'>Windows PowerShell</Data><Data Name='Product'>Microsoft\u00ae Windows\u00ae Operating System</Data><Data Name='Company'>Microsoft Corporation</Data><Data Name='OriginalFileName'>PowerShell.EXE</Data><Data Name='CommandLine'>PowerShell  -NoProfile -NonInteractive -ExecutionPolicy Unrestricted -EncodedCommand UABvAHcAZQByAFMAaABlAGwAbAAgAC0ATgBvAFAAcgBvAGYAaQBsAGUAIAAtAE4AbwBuAEkAbgB0AGUAcgBhAGMAdABpAHYAZQAgAC0ARQB4AGUAYwB1AHQAaQBvAG4AUABvAGwAaQBjAHkAIABVAG4AcgBlAHMAdAByAGkAYwB0AGUAZAAgAC0ARQBuAGMAbwBkAGUAZABDAG8AbQBtAGEAbgBkACAASgBnAEIAagBBAEcAZwBBAFkAdwBCAHcAQQBDADQAQQBZAHcAQgB2AEEARwAwAEEASQBBAEEAMgBBAEQAVQBBAE0AQQBBAHcAQQBEAEUAQQBJAEEAQQArAEEAQwBBAEEASgBBAEIAdQBBAEgAVQBBAGIAQQBCAHMAQQBBAG8AQQBKAEEAQgBsAEEASABnAEEAWgBRAEIAagBBAEYAOABBAGQAdwBCAHkAQQBHAEUAQQBjAEEAQgB3AEEARwBVAEEAYwBnAEIAZgBBAEgATQBBAGQAQQBCAHkAQQBDAEEAQQBQAFEAQQBnAEEAQwBRAEEAYQBRAEIAdQBBAEgAQQBBAGQAUQBCADAAQQBDAEEAQQBmAEEAQQBnAEEARQA4AEEAZABRAEIAMABBAEMAMABBAFUAdwBCADAAQQBIAEkAQQBhAFEAQgB1AEEARwBjAEEAQwBnAEEAawBBAEgATQBBAGMAQQBCAHMAQQBHAGsAQQBkAEEAQgBmAEEASABBAEEAWQBRAEIAeQBBAEgAUQBBAGMAdwBBAGcAQQBEADAAQQBJAEEAQQBrAEEARwBVAEEAZQBBAEIAbABBAEcATQBBAFgAdwBCADMAQQBIAEkAQQBZAFEAQgB3AEEASABBAEEAWgBRAEIAeQBBAEYAOABBAGMAdwBCADAAQQBIAEkAQQBMAGcAQgBUAEEASABBAEEAYgBBAEIAcABBAEgAUQBBAEsAQQBCAEEAQQBDAGcAQQBJAGcAQgBnAEEARABBAEEAWQBBAEEAdwBBAEcAQQBBAE0AQQBCAGcAQQBEAEEAQQBJAGcAQQBwAEEAQwB3AEEASQBBAEEAeQBBAEMAdwBBAEkAQQBCAGIAQQBGAE0AQQBkAEEAQgB5AEEARwBrAEEAYgBnAEIAbgBBAEYATQBBAGMAQQBCAHMAQQBHAGsAQQBkAEEAQgBQAEEASABBAEEAZABBAEIAcABBAEcAOABBAGIAZwBCAHoAQQBGADAAQQBPAGcAQQA2AEEARgBJAEEAWgBRAEIAdABBAEcAOABBAGQAZwBCAGwAQQBFAFUAQQBiAFEAQgB3AEEASABRAEEAZQBRAEIARgBBAEcANABBAGQAQQBCAHkAQQBHAGsAQQBaAFEAQgB6AEEAQwBrAEEAQwBnAEIASgBBAEcAWQBBAEkAQQBBAG8AQQBDADAAQQBiAGcAQgB2AEEASABRAEEASQBBAEEAawBBAEgATQBBAGMAQQBCAHMAQQBHAGsAQQBkAEEAQgBmAEEASABBAEEAWQBRAEIAeQBBAEgAUQBBAGMAdwBBAHUAQQBFAHcAQQBaAFEAQgB1AEEARwBjAEEAZABBAEIAbwBBAEMAQQBBAEwAUQBCAGwAQQBIAEUAQQBJAEEAQQB5AEEAQwBrAEEASQBBAEIANwBBAEMAQQBBAGQAQQBCAG8AQQBIAEkAQQBiAHcAQgAzAEEAQwBBAEEASQBnAEIAcABBAEcANABBAGQAZwBCAGgAQQBHAHcAQQBhAFEAQgBrAEEAQwBBAEEAYwBBAEIAaABBAEgAawBBAGIAQQBCAHYAQQBHAEUAQQBaAEEAQQBpAEEAQwBBAEEAZgBRAEEASwBBAEYATQBBAFoAUQBCADAAQQBDADAAQQBWAGcAQgBoAEEASABJAEEAYQBRAEIAaABBAEcASQBBAGIAQQBCAGwAQQBDAEEAQQBMAFEAQgBPAEEARwBFAEEAYgBRAEIAbABBAEMAQQBBAGEAZwBCAHoAQQBHADgAQQBiAGcAQgBmAEEASABJAEEAWQBRAEIAMwBBAEMAQQBBAEwAUQBCAFcAQQBHAEUAQQBiAEEAQgAxAEEARwBVAEEASQBBAEEAawBBAEgATQBBAGMAQQBCAHMAQQBHAGsAQQBkAEEAQgBmAEEASABBAEEAWQBRAEIAeQBBAEgAUQBBAGMAdwBCAGIAQQBEAEUAQQBYAFEAQQBLAEEAQwBRAEEAWgBRAEIANABBAEcAVQBBAFkAdwBCAGYAQQBIAGMAQQBjAGcAQgBoAEEASABBAEEAYwBBAEIAbABBAEgASQBBAEkAQQBBADkAQQBDAEEAQQBXAHcAQgBUAEEARwBNAEEAYwBnAEIAcABBAEgAQQBBAGQAQQBCAEMAQQBHAHcAQQBiAHcAQgBqAEEARwBzAEEAWABRAEEANgBBAEQAbwBBAFEAdwBCAHkAQQBHAFUAQQBZAFEAQgAwAEEARwBVAEEASwBBAEEAawBBAEgATQBBAGMAQQBCAHMAQQBHAGsAQQBkAEEAQgBmAEEASABBAEEAWQBRAEIAeQBBAEgAUQBBAGMAdwBCAGIAQQBEAEEAQQBYAFEAQQBwAEEAQQBvAEEASgBnAEEAawBBAEcAVQBBAGUAQQBCAGwAQQBHAE0AQQBYAHcAQgAzAEEASABJAEEAWQBRAEIAdwBBAEgAQQBBAFoAUQBCAHkAQQBBAD0APQA=</Data><Data Name='CurrentDirectory'>C:\\Users\\Administrator\\</Data><Data Name='User'>ATTACKRANGE\\Administrator</Data><Data Name='LogonGuid'>{2935EF20-8ECE-5FD0-0000-0020A1691000}</Data><Data Name='LogonId'>0x1069a1</Data><Data Name='TerminalSessionId'>0</Data><Data Name='IntegrityLevel'>High</Data><Data Name='Hashes'>MD5=097CE5761C89434367598B34FE32893B,SHA256=BA4038FD20E474C047BE8AAD5BFACDB1BFC1DDBE12F803F473B7918D8D819436,IMPHASH=CAEE994F79D85E47C06E5FA9CDEAE453</Data><Data Name='ParentProcessGuid'>{2935EF20-8ECE-5FD0-0000-00109F6C1000}</Data><Data Name='ParentProcessId'>5048</Data><Data Name='ParentImage'>C:\\Windows\\System32\\cmd.exe</Data><Data Name='ParentCommandLine'>C:\\Windows\\system32\\cmd.exe /C PowerShell -NoProfile -NonInteractive -ExecutionPolicy Unrestricted -EncodedCommand UABvAHcAZQByAFMAaABlAGwAbAAgAC0ATgBvAFAAcgBvAGYAaQBsAGUAIAAtAE4AbwBuAEkAbgB0AGUAcgBhAGMAdABpAHYAZQAgAC0ARQB4AGUAYwB1AHQAaQBvAG4AUABvAGwAaQBjAHkAIABVAG4AcgBlAHMAdAByAGkAYwB0AGUAZAAgAC0ARQBuAGMAbwBkAGUAZABDAG8AbQBtAGEAbgBkACAASgBnAEIAagBBAEcAZwBBAFkAdwBCAHcAQQBDADQAQQBZAHcAQgB2AEEARwAwAEEASQBBAEEAMgBBAEQAVQBBAE0AQQBBAHcAQQBEAEUAQQBJAEEAQQArAEEAQwBBAEEASgBBAEIAdQBBAEgAVQBBAGIAQQBCAHMAQQBBAG8AQQBKAEEAQgBsAEEASABnAEEAWgBRAEIAagBBAEYAOABBAGQAdwBCAHkAQQBHAEUAQQBjAEEAQgB3AEEARwBVAEEAYwBnAEIAZgBBAEgATQBBAGQAQQBCAHkAQQBDAEEAQQBQAFEAQQBnAEEAQwBRAEEAYQBRAEIAdQBBAEgAQQBBAGQAUQBCADAAQQBDAEEAQQBmAEEAQQBnAEEARQA4AEEAZABRAEIAMABBAEMAMABBAFUAdwBCADAAQQBIAEkAQQBhAFEAQgB1AEEARwBjAEEAQwBnAEEAawBBAEgATQBBAGMAQQBCAHMAQQBHAGsAQQBkAEEAQgBmAEEASABBAEEAWQBRAEIAeQBBAEgAUQBBAGMAdwBBAGcAQQBEADAAQQBJAEEAQQBrAEEARwBVAEEAZQBBAEIAbABBAEcATQBBAFgAdwBCADMAQQBIAEkAQQBZAFEAQgB3AEEASABBAEEAWgBRAEIAeQBBAEYAOABBAGMAdwBCADAAQQBIAEkAQQBMAGcAQgBUAEEASABBAEEAYgBBAEIAcABBAEgAUQBBAEsAQQBCAEEAQQBDAGcAQQBJAGcAQgBnAEEARABBAEEAWQBBAEEAdwBBAEcAQQBBAE0AQQBCAGcAQQBEAEEAQQBJAGcAQQBwAEEAQwB3AEEASQBBAEEAeQBBAEMAdwBBAEkAQQBCAGIAQQBGAE0AQQBkAEEAQgB5AEEARwBrAEEAYgBnAEIAbgBBAEYATQBBAGMAQQBCAHMAQQBHAGsAQQBkAEEAQgBQAEEASABBAEEAZABBAEIAcABBAEcAOABBAGIAZwBCAHoAQQBGADAAQQBPAGcAQQA2AEEARgBJAEEAWgBRAEIAdABBAEcAOABBAGQAZwBCAGwAQQBFAFUAQQBiAFEAQgB3AEEASABRAEEAZQBRAEIARgBBAEcANABBAGQAQQBCAHkAQQBHAGsAQQBaAFEAQgB6AEEAQwBrAEEAQwBnAEIASgBBAEcAWQBBAEkAQQBBAG8AQQBDADAAQQBiAGcAQgB2AEEASABRAEEASQBBAEEAawBBAEgATQBBAGMAQQBCAHMAQQBHAGsAQQBkAEEAQgBmAEEASABBAEEAWQBRAEIAeQBBAEgAUQBBAGMAdwBBAHUAQQBFAHcAQQBaAFEAQgB1AEEARwBjAEEAZABBAEIAbwBBAEMAQQBBAEwAUQBCAGwAQQBIAEUAQQBJAEEAQQB5AEEAQwBrAEEASQBBAEIANwBBAEMAQQBBAGQAQQBCAG8AQQBIAEkAQQBiAHcAQgAzAEEAQwBBAEEASQBnAEIAcABBAEcANABBAGQAZwBCAGgAQQBHAHcAQQBhAFEAQgBrAEEAQwBBAEEAYwBBAEIAaABBAEgAawBBAGIAQQBCAHYAQQBHAEUAQQBaAEEAQQBpAEEAQwBBAEEAZgBRAEEASwBBAEYATQBBAFoAUQBCADAAQQBDADAAQQBWAGcAQgBoAEEASABJAEEAYQBRAEIAaABBAEcASQBBAGIAQQBCAGwAQQBDAEEAQQBMAFEAQgBPAEEARwBFAEEAYgBRAEIAbABBAEMAQQBBAGEAZwBCAHoAQQBHADgAQQBiAGcAQgBmAEEASABJAEEAWQBRAEIAMwBBAEMAQQBBAEwAUQBCAFcAQQBHAEUAQQBiAEEAQgAxAEEARwBVAEEASQBBAEEAawBBAEgATQBBAGMAQQBCAHMAQQBHAGsAQQBkAEEAQgBmAEEASABBAEEAWQBRAEIAeQBBAEgAUQBBAGMAdwBCAGIAQQBEAEUAQQBYAFEAQQBLAEEAQwBRAEEAWgBRAEIANABBAEcAVQBBAFkAdwBCAGYAQQBIAGMAQQBjAGcAQgBoAEEASABBAEEAYwBBAEIAbABBAEgASQBBAEkAQQBBADkAQQBDAEEAQQBXAHcAQgBUAEEARwBNAEEAYwBnAEIAcABBAEgAQQBBAGQAQQBCAEMAQQBHAHcAQQBiAHcAQgBqAEEARwBzAEEAWABRAEEANgBBAEQAbwBBAFEAdwBCAHkAQQBHAFUAQQBZAFEAQgAwAEEARwBVAEEASwBBAEEAawBBAEgATQBBAGMAQQBCAHMAQQBHAGsAQQBkAEEAQgBmAEEASABBAEEAWQBRAEIAeQBBAEgAUQBBAGMAdwBCAGIAQQBEAEEAQQBYAFEAQQBwAEEAQQBvAEEASgBnAEEAawBBAEcAVQBBAGUAQQBCAGwAQQBHAE0AQQBYAHcAQgAzAEEASABJAEEAWQBRAEIAdwBBAEgAQQBBAFoAUQBCAHkAQQBBAD0APQA=</Data></EventData></Event>"
  },
  {
    "_time": "2020-12-09T08:46:06.932786100Z",
    "EventRecordID": "87",
    "_raw": "<Event xmlns='http://schemas.microsoft.com/win/2004/08/events/event'><System><Provider Name='Microsoft-Windows-Sysmon' Guid='{5770385F-C22A-43E0-BF4C-06F5698FFBD9}'/><EventID>11</EventID><Version>2</Version><Level>4</Level><Task>11</Task><Opcode>0</Opcode><Keywords>0x8000000000000000</Keywords><TimeCreated SystemTime='2020-12-09T08:46:06.932786100Z'/><EventRecordID>87</EventRecordID><Correlation/><Execution ProcessID='4360' ThreadID='3712'/><Channel>Microsoft-Windows-Sysmon/Operational</Channel><Computer>win-dc-235.attackrange.local</Computer><Security UserID='S-1-5-18'/></System><EventData><Data Name='RuleName'></Data><Data Name='UtcTime'>2020-12-09 08:46:06.930</Data><Data Name='ProcessGuid'>{2935EF20-8ECE-5FD0-0000-00106A6D1000}</Data><Data Name='ProcessId'>5044</Data><Data Name='Image'>C:\\Windows\\System32\\WindowsPowerShell\\v1.0\\powershell.exe</Data><Data Name='TargetFilename'>C:\\Users\\Administrator\\AppData\\Local\\Temp\\__PSScriptPolicyTest_tcx1ebrq.k5e.ps1</Data><Data Name='CreationUtcTime'>2020-12-09 08:46:06.930</Data></EventData></Event>"
  },
  {
    "_time": "2020-12-09T08:46:06.970593600Z",
    "EventRecordID": "88",
    "_raw": "<Event xmlns='http://schemas.microsoft.com/win/2004/08/events/event'><System><Provider Name='Microsoft-Windows-Sysmon' Guid='{5770385F-C22A-43E0-BF4C-06F5698FFBD9}'/><EventID>10</EventID><Version>3</Version><Level>4</Level><Task>10</Task><Opcode>0</Opcode><Keywords>0x8000000000000000</Keywords><TimeCreated SystemTime='2020-12-09T08:46:06.970593600Z'/><EventRecordID>88</EventRecordID><Correlation/><Execution ProcessID='4360' ThreadID='3712'/><Channel>Microsoft-Windows-Sysmon/Operational</Channel><Computer>win-dc-235.attackrange.local</Computer><Security UserID='S-1-5-18'/></System><EventData><Data Name='RuleName'></Data><Data Name='UtcTime'>2020-12-09 08:46:06.961</Data><Data Name='SourceProcessGUID'>{2935EF20-8D4E-5FD0-0000-0010D54A0000}</Data><Data Name='SourceProcessId'>860</Data><Data Name='SourceThreadId'>2840</Data><Data Name='SourceImage'>C:\\Windows\\system32\\lsass.exe</Data><Data Name='TargetProcessGUID'>{2935EF20-8ECE-5FD0-0000-00106A6D1000}</Data><Data Name='TargetProcessId'>5044</Data><Data Name='TargetImage'>C:\\Windows\\System32\\WindowsPowerShell\\v1.0\\powershell.exe</Data><Data Name='GrantedAccess'>0x1000</Data><Data Name='CallTrace'>C:\\Windows\\SYSTEM32\\ntdll.dll+a6624|C:\\Windows\\System32\\RPCRT4.dll+4a8bf|C:\\Windows\\system32\\lsasrv.dll+25add|C:\\Windows\\SYSTEM32\\SspiSrv.dll+11a2|C:\\Windows\\System32\\RPCRT4.dll+78693|C:\\Windows\\System32\\RPCRT4.dll+d96bd|C:\\Windows\\System32\\RPCRT4.dll+6145c|C:\\Windows\\System32\\RPCRT4.dll+52964|C:\\Windows\\System32\\RPCRT4.dll+5187d|C:\\Windows\\System32\\RPCRT4.dll+5212b|C:\\Windows\\System32\\RPCRT4.dll+2469c|C:\\Windows\\System32\\RPCRT4.dll+24b1c|C:\\Windows\\System32\\RPCRT4.dll+111bc|C:\\Windows\\System32\\RPCRT4.dll+12a1b|C:\\Windows\\System32\\RPCRT4.dll+1e12a|C:\\Windows\\SYSTEM32\\ntdll.dll+1d34e|C:\\Windows\\SYSTEM32\\ntdll.dll+1ecb9|C:\\Windows\\System32\\KERNEL32.DLL+84d4|C:\\Windows\\SYSTEM32\\ntdll.dll+51791</Data></EventData></Event>"
  },
  {
    "_time": "2020-12-09T08:46:06.970733200Z",
    "EventRecordID": "89",
    "_raw": "<Event xmlns='http://schemas.microsoft.com/win/2004/08/events/event'><System><Provider Name='Microsoft-Windows-Sysmon' Guid='{5770385F-C22A-43E0-BF4C-06F5698FFBD9}'/><EventID>10</EventID><Version>3</Version><Level>4</Level><Task>10</Task><Opcode>0</Opcode><Keywords>0x8000000000000000</Keywords><TimeCreated SystemTime='2020-12-09T08:46:06.970733200Z'/><EventRecordID>89</EventRecordID><Correlation/><Execution ProcessID='4360' ThreadID='3712'/><Channel>Microsoft-Windows-Sysmon/Operational</Channel><Computer>win-dc-235.attackrange.local</Computer><Security UserID='S-1-5-18'/></System><EventData><Data Name='RuleName'></Data><Data Name='UtcTime'>2020-12-09 08:46:06.961</Data><Data Name='SourceProcessGUID'>{2935EF20-8D4E-5FD0-0000-0010D54A0000}</Data><Data Name='SourceProcessId'>860</Data><Data Name='SourceThreadId'>2840</Data><Data Name='SourceImage'>C:\\Windows\\system32\\lsass.exe</Data><Data Name='TargetProcessGUID'>{2935EF20-8ECE-5FD0-0000-00106A6D1000}</Data><Data Name='TargetProcessId'>5044</Data><Data Name='TargetImage'>C:\\Windows\\System32\\WindowsPowerShell\\v1.0\\powershell.exe</Data><Data Name='GrantedAccess'>0x1478</Data><Data Name='CallTrace'>C:\\Windows\\SYSTEM32\\ntdll.dll+a5a94|C:\\Windows\\system32\\lsasrv.dll+25d17|C:\\Windows\\system32\\lsasrv.dll+26ded|C:\\Windows\\system32\\lsasrv.dll+25b95|C:\\Windows\\SYSTEM32\\SspiSrv.dll+11a2|C:\\Windows\\System32\\RPCRT4.dll+78693|C:\\Windows\\System32\\RPCRT4.dll+d96bd|C:\\Windows\\System32\\RPCRT4.dll+6145c|C:\\Windows\\System32\\RPCRT4.dll+52964|C:\\Windows\\System32\\RPCRT4.dll+5187d|C:\\Windows\\System32\\RPCRT4.dll+5212b|C:\\Windows\\System32\\RPCRT4.dll+2469c|C:\\Windows\\System32\\RPCRT4.dll+24b1c|C:\\Windows\\System32\\RPCRT4.dll+111bc|C:\\Windows\\System32\\RPCRT4.dll+12a1b|C:\\Windows\\System32\\RPCRT4.dll+1e12a|C:\\Windows\\SYSTEM32\\ntdll.dll+1d34e|C:\\Windows\\SYSTEM32\\ntdll.dll+1ecb9|C:\\Windows\\System32\\KERNEL32.DLL+84d4|C:\\Windows\\SYSTEM32\\ntdll.dll+51791</Data></EventData></Event>"
  },
  {
    "_time": "2020-12-09T08:46:07.024510300Z",
    "EventRecordID": "93",
    "_raw": "<Event xmlns='http://schemas.microsoft.com/win/2004/08/events/event'><System><Provider Name='Microsoft-Windows-Sysmon' Guid='{5770385F-C22A-43E0-BF4C-06F5698FFBD9}'/><EventID>1</EventID><Version>5</Version><Level>4</Level><Task>1</Task><Opcode>0</Opcode><Keywords>0x8000000000000000</Keywords><TimeCreated SystemTime='2020-12-09T08:46:07.024510300Z'/><EventRecordID>93</EventRecordID><Correlation/><Execution ProcessID='4360' ThreadID='3712'/><Channel>Microsoft-Windows-Sysmon/Operational</Channel><Computer>win-dc-235.attackrange.local</Computer><Security UserID='S-1-5-18'/></System><EventData><Data Name='RuleName'></Data><Data Name='UtcTime'>2020-12-09 08:46:07.022</Data><Data Name='ProcessGuid'>{2935EF20-8ECF-5FD0-0000-001039791000}</Data><Data Name='ProcessId'>3724</Data><Data Name='Image'>C:\\Windows\\System32\\WindowsPowerShell\\v1.0\\powershell.exe</Data><Data Name='FileVersion'>10.0.14393.206 (rs1_release.160915-0644)</Data><Data Name='Description'>Windows PowerShell</Data><Data Name='Product'>Microsoft\u00ae Windows\u00ae Operating System</Data><Data Name='Company'>Microsoft Corporation</Data><Data Name='OriginalFileName'>PowerShell.EXE</Data><Data Name='CommandLine'>\"C:\\Windows\\System32\\WindowsPowerShell\\v1.0\\powershell.exe\" -NoProfile -NonInteractive -ExecutionPolicy Unrestricted -EncodedCommand JgBjAGgAYwBwAC4AYwBvAG0AIAA2ADUAMAAwADEAIAA+ACAAJABuAHUAbABsAAoAJABlAHgAZQBjAF8AdwByAGEAcABwAGUAcgBfAHMAdAByACAAPQAgACQAaQBuAHAAdQB0ACAAfAAgAE8AdQB0AC0AUwB0AHIAaQBuAGcACgAkAHMAcABsAGkAdABfAHAAYQByAHQAcwAgAD0AIAAkAGUAeABlAGMAXwB3AHIAYQBwAHAAZQByAF8AcwB0AHIALgBTAHAAbABpAHQAKABAACgAIgBgADAAYAAwAGAAMABgADAAIgApACwAIAAyACwAIABbAFMAdAByAGkAbgBnAFMAcABsAGkAdABPAHAAdABpAG8AbgBzAF0AOgA6AFIAZQBtAG8AdgBlAEUAbQBwAHQAeQBFAG4AdAByAGkAZQBzACkACgBJAGYAIAAoAC0AbgBvAHQAIAAkAHMAcABsAGkAdABfAHAAYQByAHQAcwAuAEwAZQBuAGcAdABoACAALQBlAHEAIAAyACkAIAB7ACAAdABoAHIAbwB3ACAAIgBpAG4AdgBhAGwAaQBkACAAcABhAHkAbABvAGEAZAAiACAAfQAKAFMAZQB0AC0AVgBhAHIAaQBhAGIAbABlACAALQBOAGEAbQBlACAAagBzAG8AbgBfAHIAYQB3ACAALQBWAGEAbAB1AGUAIAAkAHMAcABsAGkAdABfAHAAYQByAHQAcwBbADEAXQAKACQAZQB4AGUAYwBfAHcAcgBhAHAAcABlAHIAIAA9ACAAWwBTAGMAcgBpAHAAdABCAGwAbwBjAGsAXQA6ADoAQwByAGUAYQB0AGUAKAAkAHMAcABsAGkAdABfAHAAYQByAHQAcwBbADAAXQApAAoAJgAkAGUAeABlAGMAXwB3AHIAYQBwAHAAZQByAA==</Data><Data Name='CurrentDirectory'>C:\\Users\\Administrator\\</Data><Data Name='User'>ATTACKRANGE\\Administrator</Data><Data Name='LogonGuid'>{2935EF20-8ECE-5FD0-0000-0020A1691000}</Data><Data Name='LogonId'>0x1069a1</Data><Data Name='TerminalSessionId'>0</Data><Data Name='IntegrityLevel'>High</Data><Data Name='Hashes'>MD5=097CE5761C89434367598B34FE32893B,SHA256=BA4038FD20E474C047BE8AAD5BFACDB1BFC1DDBE12F803F473B7918D8D819436,IMPHASH=CAEE994F79D85E47C06E5FA9CDEAE453</Data><Data Name='ParentProcessGuid'>{2935EF20-8ECE-5FD0-0000-00106A6D1000}</Data><Data Name='ParentProcessId'>5044</Data><Data Name='ParentImage'>C:\\Windows\\System32\\WindowsPowerShell\\v1.0\\powershell.exe</Data><Data Name='ParentCommandLine'>PowerShell  -NoProfile -NonInteractive -ExecutionPolicy Unrestricted -EncodedCommand UABvAHcAZQByAFMAaABlAGwAbAAgAC0ATgBvAFAAcgBvAGYAaQBsAGUAIAAtAE4AbwBuAEkAbgB0AGUAcgBhAGMAdABpAHYAZQAgAC0ARQB4AGUAYwB1AHQAaQBvAG4AUABvAGwAaQBjAHkAIABVAG4AcgBlAHMAdAByAGkAYwB0AGUAZAAgAC0ARQBuAGMAbwBkAGUAZABDAG8AbQBtAGEAbgBkACAASgBnAEIAagBBAEcAZwBBAFkAdwBCAHcAQQBDADQAQQBZAHcAQgB2AEEARwAwAEEASQBBAEEAMgBBAEQAVQBBAE0AQQBBAHcAQQBEAEUAQQBJAEEAQQArAEEAQwBBAEEASgBBAEIAdQBBAEgAVQBBAGIAQQBCAHMAQQBBAG8AQQBKAEEAQgBsAEEASABnAEEAWgBRAEIAagBBAEYAOABBAGQAdwBCAHkAQQBHAEUAQQBjAEEAQgB3AEEARwBVAEEAYwBnAEIAZgBBAEgATQBBAGQAQQBCAHkAQQBDAEEAQQBQAFEAQQBnAEEAQwBRAEEAYQBRAEIAdQBBAEgAQQBBAGQAUQBCADAAQQBDAEEAQQBmAEEAQQBnAEEARQA4AEEAZABRAEIAMABBAEMAMABBAFUAdwBCADAAQQBIAEkAQQBhAFEAQgB1AEEARwBjAEEAQwBnAEEAawBBAEgATQBBAGMAQQBCAHMAQQBHAGsAQQBkAEEAQgBmAEEASABBAEEAWQBRAEIAeQBBAEgAUQBBAGMAdwBBAGcAQQBEADAAQQBJAEEAQQBrAEEARwBVAEEAZQBBAEIAbABBAEcATQBBAFgAdwBCADMAQQBIAEkAQQBZAFEAQgB3AEEASABBAEEAWgBRAEIAeQBBAEYAOABBAGMAdwBCADAAQQBIAEkAQQBMAGcAQgBUAEEASABBAEEAYgBBAEIAcABBAEgAUQBBAEsAQQBCAEEAQQBDAGcAQQBJAGcAQgBnAEEARABBAEEAWQBBAEEAdwBBAEcAQQBBAE0AQQBCAGcAQQBEAEEAQQBJAGcAQQBwAEEAQwB3AEEASQBBAEEAeQBBAEMAdwBBAEkAQQBCAGIAQQBGAE0AQQBkAEEAQgB5AEEARwBrAEEAYgBnAEIAbgBBAEYATQBBAGMAQQBCAHMAQQBHAGsAQQBkAEEAQgBQAEEASABBAEEAZABBAEIAcABBAEcAOABBAGIAZwBCAHoAQQBGADAAQQBPAGcAQQA2AEEARgBJAEEAWgBRAEIAdABBAEcAOABBAGQAZwBCAGwAQQBFAFUAQQBiAFEAQgB3AEEASABRAEEAZQBRAEIARgBBAEcANABBAGQAQQBCAHkAQQBHAGsAQQBaAFEAQgB6AEEAQwBrAEEAQwBnAEIASgBBAEcAWQBBAEkAQQBBAG8AQQBDADAAQQBiAGcAQgB2AEEASABRAEEASQBBAEEAawBBAEgATQBBAGMAQQBCAHMAQQBHAGsAQQBkAEEAQgBmAEEASABBAEEAWQBRAEIAeQBBAEgAUQBBAGMAdwBBAHUAQQBFAHcAQQBaAFEAQgB1AEEARwBjAEEAZABBAEIAbwBBAEMAQQBBAEwAUQBCAGwAQQBIAEUAQQBJAEEAQQB5AEEAQwBrAEEASQBBAEIANwBBAEMAQQBBAGQAQQBCAG8AQQBIAEkAQQBiAHcAQgAzAEEAQwBBAEEASQBnAEIAcABBAEcANABBAGQAZwBCAGgAQQBHAHcAQQBhAFEAQgBrAEEAQwBBAEEAYwBBAEIAaABBAEgAawBBAGIAQQBCAHYAQQBHAEUAQQBaAEEAQQBpAEEAQwBBAEEAZgBRAEEASwBBAEYATQBBAFoAUQBCADAAQQBDADAAQQBWAGcAQgBoAEEASABJAEEAYQBRAEIAaABBAEcASQBBAGIAQQBCAGwAQQBDAEEAQQBMAFEAQgBPAEEARwBFAEEAYgBRAEIAbABBAEMAQQBBAGEAZwBCAHoAQQBHADgAQQBiAGcAQgBmAEEASABJAEEAWQBRAEIAMwBBAEMAQQBBAEwAUQBCAFcAQQBHAEUAQQBiAEEAQgAxAEEARwBVAEEASQBBAEEAawBBAEgATQBBAGMAQQBCAHMAQQBHAGsAQQBkAEEAQgBmAEEASABBAEEAWQBRAEIAeQBBAEgAUQBBAGMAdwBCAGIAQQBEAEUAQQBYAFEAQQBLAEEAQwBRAEEAWgBRAEIANABBAEcAVQBBAFkAdwBCAGYAQQBIAGMAQQBjAGcAQgBoAEEASABBAEEAYwBBAEIAbABBAEgASQBBAEkAQQBBADkAQQBDAEEAQQBXAHcAQgBUAEEARwBNAEEAYwBnAEIAcABBAEgAQQBBAGQAQQBCAEMAQQBHAHcAQQBiAHcAQgBqAEEARwBzAEEAWABRAEEANgBBAEQAbwBBAFEAdwBCAHkAQQBHAFUAQQBZAFEAQgAwAEEARwBVAEEASwBBAEEAawBBAEgATQBBAGMAQQBCAHMAQQBHAGsAQQBkAEEAQgBmAEEASABBAEEAWQBRAEIAeQBBAEgAUQBBAGMAdwBCAGIAQQBEAEEAQQBYAFEAQQBwAEEAQQBvAEEASgBnAEEAawBBAEcAVQBBAGUAQQBCAGwAQQBHAE0AQQBYAHcAQgAzAEEASABJAEEAWQBRAEIAdwBBAEgAQQBBAFoAUQBCAHkAQQBBAD0APQA=</Data></EventData></Event>"
  },
  {
    "_time": "2020-12-09T08:46:07.062720700Z",
    "EventRecordID": "107",
    "_raw": "<Event xmlns='http://schemas.microsoft.com/win/2004/08/events/event'><System><Provider Name='Microsoft-Windows-Sysmon' Guid='{5770385F-C22A-43E0-BF4C-06F5698FFBD9}'/><EventID>11</EventID><Version>2</Version><Level>4</Level><Task>11</Task><Opcode>0</Opcode><Keywords>0x8000000000000000</Keywords><TimeCreated SystemTime='2020-12-09T08:46:07.062720700Z'/><EventRecordID>107</EventRecordID><Correlation/><Execution ProcessID='4360' ThreadID='3712'/><Channel>Microsoft-Windows-Sysmon/Operational</Channel><Computer>win-dc-235.attackrange.local</Computer><Security UserID='S-1-5-18'/></System><EventData><Data Name='RuleName'></Data><Data Name='UtcTime'>2020-12-09 08:46:07.055</Data><Data Name='ProcessGuid'>{2935EF20-8ECF-5FD0-0000-001039791000}</Data><Data Name='ProcessId'>3724</Data><Data Name='Image'>C:\\Windows\\System32\\WindowsPowerShell\\v1.0\\powershell.exe</Data><Data Name='TargetFilename'>C:\\Users\\Administrator\\AppData\\Local\\Temp\\__PSScriptPolicyTest_vlxg1qje.eod.ps1</Data><Data Name='CreationUtcTime'>2020-12-09 08:46:07.055</Data></EventData></Event>"
  },
  {
    "_time": "2020-12-09T08:46:07.098935000Z",
    "EventRecordID": "108",
    "_raw": "<Event xmlns='http://schemas.microsoft.com/win/2004/08/events/event'><System><Provider Name='Microsoft-Windows-Sysmon' Guid='{5770385F-C22A-43E0-BF4C-06F5698FFBD9}'/><EventID>10</EventID><Version>3</Version><Level>4</Level><Task>10</Task><Opcode>0</Opcode><Keywords>0x8000000000000000</Keywords><TimeCreated SystemTime='2020-12-09T08:46:07.098935000Z'/><EventRecordID>108</EventRecordID><Correlation/><Execution ProcessID='4360' ThreadID='3712'/><Channel>Microsoft-Windows-Sysmon/Operational</Channel><Computer>win-dc-235.attackrange.local</Computer><Security UserID='S-1-5-18'/></System><EventData><Data Name='RuleName'></Data><Data Name='UtcTime'>2020-12-09 08:46:07.086</Data><Data Name='SourceProcessGUID'>{2935EF20-8D4E-5FD0-0000-0010D54A0000}</Data><Data Name='SourceProcessId'>860</Data><Data Name='SourceThreadId'>2840</Data><Data Name='SourceImage'>C:\\Windows\\system32\\lsass.exe</Data><Data Name='TargetProcessGUID'>{2935EF20-8ECF-5FD0-0000-001039791000}</Data><Data Name='TargetProcessId'>3724</Data><Data Name='TargetImage'>C:\\Windows\\System32\\WindowsPowerShell\\v1.0\\powershell.exe</Data><Data Name='GrantedAccess'>0x1000</Data><Data Name='CallTrace'>C:\\Windows\\SYSTEM32\\ntdll.dll+a6624|C:\\Windows\\System32\\RPCRT4.dll+4a8bf|C:\\Windows\\system32\\lsasrv.dll+25add|C:\\Windows\\SYSTEM32\\SspiSrv.dll+11a2|C:\\Windows\\System32\\RPCRT4.dll+78693|C:\\Windows\\System32\\RPCRT4.dll+d96bd|C:\\Windows\\System32\\RPCRT4.dll+6145c|C:\\Windows\\System32\\RPCRT4.dll+52964|C:\\Windows\\System32\\RPCRT4.dll+5187d|C:\\Windows\\System32\\RPCRT4.dll+5212b|C:\\Windows\\System32\\RPCRT4.dll+2469c|C:\\Windows\\System32\\RPCRT4.dll+24b1c|C:\\Windows\\System32\\RPCRT4.dll+111bc|C:\\Windows\\System32\\RPCRT4.dll+12a1b|C:\\Windows\\System32\\RPCRT4.dll+1e12a|C:\\Windows\\SYSTEM32\\ntdll.dll+1d34e|C:\\Windows\\SYSTEM32\\ntdll.dll+1ecb9|C:\\Windows\\System32\\KERNEL32.DLL+84d4|C:\\Windows\\SYSTEM32\\ntdll.dll+51791</Data></EventData></Event>"
  },
  {
    "_time": "2020-12-09T08:46:07.099063100Z",
    "EventRecordID": "109",
    "_raw": "<Event xmlns='http://schemas.microsoft.com/win/2004/08/events/event'><System><Provider Name='Microsoft-Windows-Sysmon' Guid='{5770385F-C22A-43E0-BF4C-06F5698FFBD9}'/><EventID>10</EventID><Version>3</Version><Level>4</Level><Task>10</Task><Opcode>0</Opcode><Keywords>0x8000000000000000</Keywords><TimeCreated SystemTime='2020-12-09T08:46:07.099063100Z'/><EventRecordID>109</EventRecordID><Correlation/><Execution ProcessID='4360' ThreadID='3712'/><Channel>Microsoft-Windows-Sysmon/Operational</Channel><Computer>win-dc-235.attackrange.local</Computer><Security UserID='S-1-5-18'/></System><EventData><Data Name='RuleName'></Data><Data Name='UtcTime'>2020-12-09 08:46:07.086</Data><Data Name='SourceProcessGUID'>{2935EF20-8D4E-5FD0-0000-0010D54A0000}</Data><Data Name='SourceProcessId'>860</Data><Data Name='SourceThreadId'>2840</Data><Data Name='SourceImage'>C:\\Windows\\system32\\lsass.exe</Data><Data Name='TargetProcessGUID'>{2935EF20-8ECF-5FD0-0000-001039791000}</Data><Data Name='TargetProcessId'>3724</Data><Data Name='TargetImage'>C:\\Windows\\System32\\WindowsPowerShell\\v1.0\\powershell.exe</Data><Data Name='GrantedAccess'>0x1478</Data><Data Name='CallTrace'>C:\\Windows\\SYSTEM32\\ntdll.dll+a5a94|C:\\Windows\\system32\\lsasrv.dll+25d17|C:\\Windows\\system32\\lsasrv.dll+26ded|C:\\Windows\\system32\\lsasrv.dll+25b95|C:\\Windows\\SYSTEM32\\SspiSrv.dll+11a2|C:\\Windows\\System32\\RPCRT4.dll+78693|C:\\Windows\\System32\\RPCRT4.dll+d96bd|C:\\Windows\\System32\\RPCRT4.dll+6145c|C:\\Windows\\System32\\RPCRT4.dll+52964|C:\\Windows\\System32\\RPCRT4.dll+5187d|C:\\Windows\\System32\\RPCRT4.dll+5212b|C:\\Windows\\System32\\RPCRT4.dll+2469c|C:\\Windows\\System32\\RPCRT4.dll+24b1c|C:\\Windows\\System32\\RPCRT4.dll+111bc|C:\\Windows\\System32\\RPCRT4.dll+12a1b|C:\\Windows\\System32\\RPCRT4.dll+1e12a|C:\\Windows\\SYSTEM32\\ntdll.dll+1d34e|C:\\Windows\\SYSTEM32\\ntdll.dll+1ecb9|C:\\Windows\\System32\\KERNEL32.DLL+84d4|C:\\Windows\\SYSTEM32\\ntdll.dll+51791</Data></EventData></Event>"
  },
  {
    "_time": "2020-12-09T08:46:07.157914900Z",
    "EventRecordID": "110",
    "_raw": "<Event xmlns='http://schemas.microsoft.com/win/2004/08/events/event'><System><Provider Name='Microsoft-Windows-Sysmon' Guid='{5770385F-C22A-43E0-BF4C-06F5698FFBD9}'/><EventID>1</EventID><Version>5</Version><Level>4</Level><Task>1</Task><Opcode>0</Opcode><Keywords>0x8000000000000000</Keywords><TimeCreated SystemTime='2020-12-09T08:46:07.157914900Z'/><EventRecordID>110</EventRecordID><Correlation/><Execution ProcessID='4360' ThreadID='3712'/><Channel>Microsoft-Windows-Sysmon/Operational</Channel><Computer>win-dc-235.attackrange.local</Computer><Security UserID='S-1-5-18'/></System><EventData><Data Name='RuleName'></Data><Data Name='UtcTime'>2020-12-09 08:46:07.155</Data><Data Name='ProcessGuid'>{2935EF20-8ECF-5FD0-0000-0010DA841000}</Data><Data Name='ProcessId'>4584</Data><Data Name='Image'>C:\\Windows\\System32\\chcp.com</Data><Data Name='FileVersion'>10.0.14393.0 (rs1_release.160715-1616)</Data><Data Name='Description'>Change CodePage Utility</Data><Data Name='Product'>Microsoft\u00ae Windows\u00ae Operating System</Data><Data Name='Company'>Microsoft Corporation</Data><Data Name='OriginalFileName'>CHCP.COM</Data><Data Name='CommandLine'>\"C:\\Windows\\system32\\chcp.com\" 65001</Data><Data Name='CurrentDirectory'>C:\\Users\\Administrator\\</Data><Data Name='User'>ATTACKRANGE\\Administrator</Data><Data Name='LogonGuid'>{2935EF20-8ECE-5FD0-0000-0020A1691000}</Data><Data Name='LogonId'>0x1069a1</Data><Data Name='TerminalSessionId'>0</Data><Data Name='IntegrityLevel'>High</Data><Data Name='Hashes'>MD5=BA6FD5B883C0899785D17CEBE66A25F6,SHA256=9FDBDF88CF2BB2794C416E3083553F2898AC9DC92DFAC2478B4C1DF667DF7C74,IMPHASH=4FB30D6E330F3FB3DB61550BD7FA7CCD</Data><Data Name='ParentProcessGuid'>{2935EF20-8ECF-5FD0-0000-001039791000}</Data><Data Name='ParentProcessId'>3724</Data><Data Name='ParentImage'>C:\\Windows\\System32\\WindowsPowerShell\\v1.0\\powershell.exe</Data><Data Name='ParentCommandLine'>\"C:\\Windows\\System32\\WindowsPowerShell\\v1.0\\powershell.exe\" -NoProfile -NonInteractive -ExecutionPolicy Unrestricted -EncodedCommand JgBjAGgAYwBwAC4AYwBvAG0AIAA2ADUAMAAwADEAIAA+ACAAJABuAHUAbABsAAoAJABlAHgAZQBjAF8AdwByAGEAcABwAGUAcgBfAHMAdAByACAAPQAgACQAaQBuAHAAdQB0ACAAfAAgAE8AdQB0AC0AUwB0AHIAaQBuAGcACgAkAHMAcABsAGkAdABfAHAAYQByAHQAcwAgAD0AIAAkAGUAeABlAGMAXwB3AHIAYQBwAHAAZQByAF8AcwB0AHIALgBTAHAAbABpAHQAKABAACgAIgBgADAAYAAwAGAAMABgADAAIgApACwAIAAyACwAIABbAFMAdAByAGkAbgBnAFMAcABsAGkAdABPAHAAdABpAG8AbgBzAF0AOgA6AFIAZQBtAG8AdgBlAEUAbQBwAHQAeQBFAG4AdAByAGkAZQBzACkACgBJAGYAIAAoAC0AbgBvAHQAIAAkAHMAcABsAGkAdABfAHAAYQByAHQAcwAuAEwAZQBuAGcAdABoACAALQBlAHEAIAAyACkAIAB7ACAAdABoAHIAbwB3ACAAIgBpAG4AdgBhAGwAaQBkACAAcABhAHkAbABvAGEAZAAiACAAfQAKAFMAZQB0AC0AVgBhAHIAaQBhAGIAbABlACAALQBOAGEAbQBlACAAagBzAG8AbgBfAHIAYQB3ACAALQBWAGEAbAB1AGUAIAAkAHMAcABsAGkAdABfAHAAYQByAHQAcwBbADEAXQAKACQAZQB4AGUAYwBfAHcAcgBhAHAAcABlAHIAIAA9ACAAWwBTAGMAcgBpAHAAdABCAGwAbwBjAGsAXQA6ADoAQwByAGUAYQB0AGUAKAAkAHMAcABsAGkAdABfAHAAYQByAHQAcwBbADAAXQApAAoAJgAkAGUAeABlAGMAXwB3AHIAYQBwAHAAZQByAA==</Data></EventData></Event>"
  },
  {
    "_time": "2020-12-09T08:46:08.510216300Z",
    "EventRecordID": "126",
    "_raw": "<Event xmlns='http://schemas.microsoft.com/win/2004/08/events/event'><System><Provider Name='Microsoft-Windows-Sysmon' Guid='{5770385F-C22A-43E0-BF4C-06F5698FFBD9}'/><EventID>11</EventID><Version>2</Version><Level>4</Level><Task>11</Task><Opcode>0</Opcode><Keywords>0x8000000000000000</Keywords><TimeCreated SystemTime='2020-12-09T08:46:08.510216300Z'/><EventRecordID>126</EventRecordID><Correlation/><Execution ProcessID='4360' ThreadID='3712'/><Channel>Microsoft-Windows-Sysmon/Operational</Channel><Computer>win-dc-235.attackrange.local</Computer><Security UserID='S-1-5-18'/></System><EventData><Data Name='RuleName'>DLL</Data><Data Name='UtcTime'>2020-12-09 08:46:08.508</Data><Data Name='ProcessGuid'>{2935EF20-8ECF-5FD0-0000-001039791000}</Data><Data Name='ProcessId'>3724</Data><Data Name='Image'>C:\\Windows\\System32\\WindowsPowerShell\\v1.0\\powershell.exe</Data><Data Name='TargetFilename'>C:\\Users\\Administrator\\AppData\\Local\\Temp\\40sjawwp.dll</Data><Data Name='CreationUtcTime'>2020-12-09 08:46:08.508</Data></EventData></Event>"
  },
  {
    "_time": "2020-12-09T08:46:08.510811300Z",
    "EventRecordID": "127",
    "_raw": "<Event xmlns='http://schemas.microsoft.com/win/2004/08/events/event'><System><Provider Name='Microsoft-Windows-Sysmon' Guid='{5770385F-C22A-43E0-BF4C-06F5698FFBD9}'/><EventID>11</EventID><Version>2</Version><Level>4</Level><Task>11</Task><Opcode>0</Opcode><Keywords>0x8000000000000000</Keywords><TimeCreated SystemTime='2020-12-09T08:46:08.510811300Z'/><EventRecordID>127</EventRecordID><Correlation/><Execution ProcessID='4360' ThreadID='3712'/><Channel>Microsoft-Windows-Sysmon/Operational</Channel><Computer>win-dc-235.attackrange.local</Computer><Security UserID='S-1-5-18'/></System><EventData><Data Name='RuleName'></Data><Data Name='UtcTime'>2020-12-09 08:46:08.508</Data><Data Name='ProcessGuid'>{2935EF20-8ECF-5FD0-0000-001039791000}</Data><Data Name='ProcessId'>3724</Data><Data Name='Image'>C:\\Windows\\System32\\WindowsPowerShell\\v1.0\\powershell.exe</Data><Data Name='TargetFilename'>C:\\Users\\Administrator\\AppData\\Local\\Temp\\40sjawwp.cmdline</Data><Data Name='CreationUtcTime'>2020-12-09 08:46:08.508</Data></EventData></Event>"
  },
  {
    "_time": "2020-12-09T08:46:08.547665100Z",
    "EventRecordID": "128",
    "_raw": "<Event xmlns='http://schemas.microsoft.com/win/2004/08/events/event'><System><Provider Name='Microsoft-Windows-Sysmon' Guid='{5770385F-C22A-43E0-BF4C-06F5698FFBD9}'/><EventID>1</EventID><Version>5</Version><Level>4</Level><Task>1</Task><Opcode>0</Opcode><Keywords>0x8000000000000000</Keywords><TimeCreated SystemTime='2020-12-09T08:46:08.547665100Z'/><EventRecordID>128</EventRecordID><Correlation/><Execution ProcessID='4360' ThreadID='3712'/><Channel>Microsoft-Windows-Sysmon/Operational</Channel><Computer>win-dc-235.attackrange.local</Computer><Security UserID='S-1-5-18'/></System><EventData><Data Name='RuleName'></Data><Data Name='UtcTime'>2020-12-09 08:46:08.512</Data><Data Name='ProcessGuid'>{2935EF20-8ED0-5FD0-0000-0010AB921000}</Data><Data Name='ProcessId'>3904</Data><Data Name='Image'>C:\\Windows\\Microsoft.NET\\Framework64\\v4.0.30319\\csc.exe</Data><Data Name='FileVersion'>4.7.2053.0 built by: NET47REL1</Data><Data Name='Description'>Visual C# Command Line Compiler</Data><Data Name='Product'>Microsoft\u00ae .NET Framework</Data><Data Name='Company'>Microsoft Corporation</Data><Data Name='OriginalFileName'>csc.exe</Data><Data Name='CommandLine'>\"C:\\Windows\\Microsoft.NET\\Framework64\\v4.0.30319\\csc.exe\" /noconfig /fullpaths @\"C:\\Users\\ADMINI~1\\AppData\\Local\\Temp\\40sjawwp.cmdline\"</Data><Data Name='CurrentDirectory'>C:\\Users\\Administrator\\</Data><Data Name='User'>ATTACKRANGE\\Administrator</Data><Data Name='LogonGuid'>{2935EF20-8ECE-5FD0-0000-0020A1691000}</Data><Data Name='LogonId'>0x1069a1</Data><Data Name='TerminalSessionId'>0</Data><Data Name='IntegrityLevel'>High</Data><Data Name='Hashes'>MD5=4360A98D8785625667D2574D2DD5C988,SHA256=F7DB25AA420C14C514690C1E943EC1E729596973E911B3445DFAD42FE958711D,IMPHASH=ED2AE001A3FDD84BDC04C99A98883A52</Data><Data Name='ParentProcessGuid'>{2935EF20-8ECF-5FD0-0000-001039791000}</Data><Data Name='ParentProcessId'>3724</Data><Data Name='ParentImage'>C:\\Windows\\System32\\WindowsPowerShell\\v1.0\\powershell.exe</Data><Data Name='ParentCommandLine'>\"C:\\Windows\\System32\\WindowsPowerShell\\v1.0\\powershell.exe\" -NoProfile -NonInteractive -ExecutionPolicy Unrestricted -EncodedCommand JgBjAGgAYwBwAC4AYwBvAG0AIAA2ADUAMAAwADEAIAA+ACAAJABuAHUAbABsAAoAJABlAHgAZQBjAF8AdwByAGEAcABwAGUAcgBfAHMAdAByACAAPQAgACQAaQBuAHAAdQB0ACAAfAAgAE8AdQB0AC0AUwB0AHIAaQBuAGcACgAkAHMAcABsAGkAdABfAHAAYQByAHQAcwAgAD0AIAAkAGUAeABlAGMAXwB3AHIAYQBwAHAAZQByAF8AcwB0AHIALgBTAHAAbABpAHQAKABAACgAIgBgADAAYAAwAGAAMABgADAAIgApACwAIAAyACwAIABbAFMAdAByAGkAbgBnAFMAcABsAGkAdABPAHAAdABpAG8AbgBzAF0AOgA6AFIAZQBtAG8AdgBlAEUAbQBwAHQAeQBFAG4AdAByAGkAZQBzACkACgBJAGYAIAAoAC0AbgBvAHQAIAAkAHMAcABsAGkAdABfAHAAYQByAHQAcwAuAEwAZQBuAGcAdABoACAALQBlAHEAIAAyACkAIAB7ACAAdABoAHIAbwB3ACAAIgBpAG4AdgBhAGwAaQBkACAAcABhAHkAbABvAGEAZAAiACAAfQAKAFMAZQB0AC0AVgBhAHIAaQBhAGIAbABlACAALQBOAGEAbQBlACAAagBzAG8AbgBfAHIAYQB3ACAALQBWAGEAbAB1AGUAIAAkAHMAcABsAGkAdABfAHAAYQByAHQAcwBbADEAXQAKACQAZQB4AGUAYwBfAHcAcgBhAHAAcABlAHIAIAA9ACAAWwBTAGMAcgBpAHAAdABCAGwAbwBjAGsAXQA6ADoAQwByAGUAYQB0AGUAKAAkAHMAcABsAGkAdABfAHAAYQByAHQAcwBbADAAXQApAAoAJgAkAGUAeABlAGMAXwB3AHIAYQBwAHAAZQByAA==</Data></EventData></Event>"
  },
  {
    "_time": "2020-12-09T08:46:08.646946000Z",
    "EventRecordID": "154",
    "_raw": "<Event xmlns='http://schemas.microsoft.com/win/2004/08/events/event'><System><Provider Name='Microsoft-Windows-Sysmon' Guid='{5770385F-C22A-43E0-BF4C-06F5698FFBD9}'/><EventID>11</EventID><Version>2</Version><Level>4</Level><Task>11</Task><Opcode>0</Opcode><Keywords>0x8000000000000000</Keywords><TimeCreated SystemTime='2020-12-09T08:46:08.646946000Z'/><EventRecordID>154</EventRecordID><Correlation/><Execution ProcessID='4360' ThreadID='3712'/><Channel>Microsoft-Windows-Sysmon/Operational</Channel><Computer>win-dc-235.attackrange.local</Computer><Security UserID='S-1-5-18'/></System><EventData><Data Name='RuleName'>DLL</Data><Data Name='UtcTime'>2020-12-09 08:46:08.633</Data><Data Name='ProcessGuid'>{2935EF20-8ED0-5FD0-0000-0010AB921000}</Data><Data Name='ProcessId'>3904</Data><Data Name='Image'>C:\\Windows\\Microsoft.NET\\Framework64\\v4.0.30319\\csc.exe</Data><Data Name='TargetFilename'>C:\\Users\\Administrator\\AppData\\Local\\Temp\\40sjawwp.dll</Data><Data Name='CreationUtcTime'>2020-12-09 08:46:08.508</Data></EventData></Event>"
  }
]