{"preview":false,"result":{"_time":"2022-04-13T19:46:54.963+0400","EventRecordID":"309958","_raw":"<Event xmlns='http://schemas.microsoft.com/win/2004/08/events/event'><System><Provider Name='Microsoft-Windows-Security-Auditing' Guid='{54849625-5478-4994-A5BA-3E3B0328C30D}'/><EventID>5145</EventID><Version>0</Version><Level>0</Level><Task>12811</Task><Opcode>0</Opcode><Keywords>0x8020000000000000</Keywords><TimeCreated SystemTime='2022-04-13T19:46:54.963916000Z'/><EventRecordID>309958</EventRecordID><Correlation/><Execution ProcessID='4' ThreadID='336'/><Channel>Security</Channel><Computer>win-dc-testuser-46070-486.attackrange.local</Computer><Security/></System><EventData><Data Name='SubjectUserSid'>NT AUTHORITY\\NETWORK SERVICE</Data><Data Name='SubjectUserName'>WIN-DC-TESTUSER-4$</Data><Data Name='SubjectDomainName'>ATTACKRANGE</Data><Data Name='SubjectLogonId'>0x3e4</Data><Data Name='ObjectType'>File</Data><Data Name='IpAddress'>fe80::655e:8688:355e:91f1</Data><Data Name='IpPort'>49677</Data><Data Name='ShareName'>\\\\*\\IPC$</Data><Data Name='ShareLocalPath'></Data><Data Name='RelativeTargetName'>lsarpc</Data><Data Name='AccessMask'>0x12019f</Data><Data Name='AccessList'>%%1538\r\n\t\t\t\t%%1541\r\n\t\t\t\t%%4416\r\n\t\t\t\t%%4417\r\n\t\t\t\t%%4418\r\n\t\t\t\t%%4419\r\n\t\t\t\t%%4420\r\n\t\t\t\t%%4423\r\n\t\t\t\t%%4424\r\n\t\t\t\t</Data><Data Name='AccessReason'>-</Data></EventData></Event>"}}
{"preview":false,"result":{"_time":"2022-04-13T19:47:42.229+0400","EventRecordID":"310058","_raw":"<Event xmlns='http://schemas.microsoft.com/win/2004/08/events/event'><System><Provider Name='Microsoft-Windows-Security-Auditing' Guid='{54849625-5478-4994-A5BA-3E3B0328C30D}'/><EventID>5145</EventID><Version>0</Version><Level>0</Level><Task>12811</Task><Opcode>0</Opcode><Keywords>0x8020000000000000</Keywords><TimeCreated SystemTime='2022-04-13T19:47:42.229530300Z'/><EventRecordID>310058</EventRecordID><Correlation/><Execution ProcessID='4' ThreadID='2524'/><Channel>Security</Channel><Computer>win-dc-testuser-46070-486.attackrange.local</Computer><Security/></System><EventData><Data Name='SubjectUserSid'>NT AUTHORITY\\SYSTEM</Data><Data Name='SubjectUserName'>WIN-DC-TESTUSER-4$</Data><Data Name='SubjectDomainName'>ATTACKRANGE</Data><Data Name='SubjectLogonId'>0x76c8a</Data><Data Name='ObjectType'>File</Data><Data Name='IpAddress'>fe80::655e:8688:355e:91f1</Data><Data Name='IpPort'>49721</Data><Data Name='ShareName'>\\\\*\\SYSVOL</Data><Data Name='ShareLocalPath'>\\??\\C:\\Windows\\SYSVOL\\sysvol</Data><Data Name='RelativeTargetName'>\\</Data><Data Name='AccessMask'>0x100081</Data><Data Name='AccessList'>%%1541\r\n\t\t\t\t%%4416\r\n\t\t\t\t%%4423\r\n\t\t\t\t</Data><Data Name='AccessReason'>%%1541:\t%%1801\tD:(A;;0x1200a9;;;WD)\r\n\t\t\t\t%%4416:\t%%1801\tD:(A;;0x1200a9;;;WD)\r\n\t\t\t\t%%4423:\t%%1801\tD:(A;;0x1200a9;;;WD)\r\n\t\t\t\t</Data></EventData></Event>"}}
{"preview":false,"result":{"_time":"2022-04-13T19:47:42.336+0400","EventRecordID":"310068","_raw":"<Event xmlns='http://schemas.microsoft.com/win/2004/08/events/event'><System><Provider Name='Microsoft-Windows-Security-Auditing' Guid='{54849625-5478-4994-A5BA-3E3B0328C30D}'/><EventID>5145</EventID><Version>0</Version><Level>0</Level><Task>12811</Task><Opcode>0</Opcode><Keywords>0x8020000000000000</Keywords><TimeCreated SystemTime='2022-04-13T19:47:42.336265100Z'/><EventRecordID>310068</EventRecordID><Correlation/><Execution ProcessID='4' ThreadID='2524'/><Channel>Security</Channel><Computer>win-dc-testuser-46070-486.attackrange.local</Computer><Security/></System><EventData><Data Name='SubjectUserSid'>NT AUTHORITY\\SYSTEM</Data><Data Name='SubjectUserName'>WIN-DC-TESTUSER-4$</Data><Data Name='SubjectDomainName'>ATTACKRANGE</Data><Data Name='SubjectLogonId'>0x76c8a</Data><Data Name='ObjectType'>File</Data><Data Name='IpAddress'>fe80::655e:8688:355e:91f1</Data><Data Name='IpPort'>49721</Data><Data Name='ShareName'>\\\\*\\SYSVOL</Data><Data Name='ShareLocalPath'>\\??\\C:\\Windows\\SYSVOL\\sysvol</Data><Data Name='RelativeTargetName'>attackrange.local\\Policies\\{31B2F340-016D-11D2-945F-00C04FB984F9}\\gpt.ini</Data><Data Name='AccessMask'>0x120089</Data><Data Name='AccessList'>%%1538\r\n\t\t\t\t%%1541\r\n\t\t\t\t%%4416\r\n\t\t\t\t%%4419\r\n\t\t\t\t%%4423\r\n\t\t\t\t</Data><Data Name='AccessReason'>%%1538:\t%%1804\r\n\t\t\t\t%%1541:\t%%1801\tD:(A;;0x1200a9;;;WD)\r\n\t\t\t\t%%4416:\t%%1801\tD:(A;;0x1200a9;;;WD)\r\n\t\t\t\t%%4419:\t%%1801\tD:(A;;0x1200a9;;;WD)\r\n\t\t\t\t%%4423:\t%%1801\tD:(A;;0x1200a9;;;WD)\r\n\t\t\t\t</Data></EventData></Event>"}}
{"preview":false,"result":{"_time":"2022-04-13T19:47:42.337+0400","EventRecordID":"310069","_raw":"<Event xmlns='http://schemas.microsoft.com/win/2004/08/events/event'><System><Provider Name='Microsoft-Windows-Security-Auditing' Guid='{54849625-5478-4994-A5BA-3E3B0328C30D}'/><EventID>5145</EventID><Version>0</Version><Level>0</Level><Task>12811</Task><Opcode>0</Opcode><Keywords>0x8020000000000000</Keywords><TimeCreated SystemTime='2022-04-13T19:47:42.337397200Z'/><EventRecordID>310069</EventRecordID><Correlation/><Execution ProcessID='4' ThreadID='2524'/><Channel>Security</Channel><Computer>win-dc-testuser-46070-486.attackrange.local</Computer><Security/></System><EventData><Data Name='SubjectUserSid'>NT AUTHORITY\\SYSTEM</Data><Data Name='SubjectUserName'>WIN-DC-TESTUSER-4$</Data><Data Name='SubjectDomainName'>ATTACKRANGE</Data><Data Name='SubjectLogonId'>0x76c8a</Data><Data Name='ObjectType'>File</Data><Data Name='IpAddress'>fe80::655e:8688:355e:91f1</Data><Data Name='IpPort'>49721</Data><Data Name='ShareName'>\\\\*\\SYSVOL</Data><Data Name='ShareLocalPath'>\\??\\C:\\Windows\\SYSVOL\\sysvol</Data><Data Name='RelativeTargetName'>attackrange.local\\Policies\\{6AC1786C-016F-11D2-945F-00C04fB984F9}\\gpt.ini</Data><Data Name='AccessMask'>0x120089</Data><Data Name='AccessList'>%%1538\r\n\t\t\t\t%%1541\r\n\t\t\t\t%%4416\r\n\t\t\t\t%%4419\r\n\t\t\t\t%%4423\r\n\t\t\t\t</Data><Data Name='AccessReason'>%%1538:\t%%1804\r\n\t\t\t\t%%1541:\t%%1801\tD:(A;;0x1200a9;;;WD)\r\n\t\t\t\t%%4416:\t%%1801\tD:(A;;0x1200a9;;;WD)\r\n\t\t\t\t%%4419:\t%%1801\tD:(A;;0x1200a9;;;WD)\r\n\t\t\t\t%%4423:\t%%1801\tD:(A;;0x1200a9;;;WD)\r\n\t\t\t\t</Data></EventData></Event>"}}
{"preview":false,"result":{"_time":"2022-04-13T19:47:51.581+0400","EventRecordID":"310079","_raw":"<Event xmlns='http://schemas.microsoft.com/win/2004/08/events/event'><System><Provider Name='Microsoft-Windows-Security-Auditing' Guid='{54849625-5478-4994-A5BA-3E3B0328C30D}'/><EventID>5145</EventID><Version>0</Version><Level>0</Level><Task>12811</Task><Opcode>0</Opcode><Keywords>0x8020000000000000</Keywords><TimeCreated SystemTime='2022-04-13T19:47:51.581699200Z'/><EventRecordID>310079</EventRecordID><Correlation/><Execution ProcessID='4' ThreadID='336'/><Channel>Security</Channel><Computer>win-dc-testuser-46070-486.attackrange.local</Computer><Security/></System><EventData><Data Name='SubjectUserSid'>NT AUTHORITY\\NETWORK SERVICE</Data><Data Name='SubjectUserName'>WIN-DC-TESTUSER-4$</Data><Data Name='SubjectDomainName'>ATTACKRANGE</Data><Data Name='SubjectLogonId'>0x3e4</Data><Data Name='ObjectType'>File</Data><Data Name='IpAddress'>fe80::655e:8688:355e:91f1</Data><Data Name='IpPort'>49726</Data><Data Name='ShareName'>\\\\*\\IPC$</Data><Data Name='ShareLocalPath'></Data><Data Name='RelativeTargetName'>lsarpc</Data><Data Name='AccessMask'>0x12019f</Data><Data Name='AccessList'>%%1538\r\n\t\t\t\t%%1541\r\n\t\t\t\t%%4416\r\n\t\t\t\t%%4417\r\n\t\t\t\t%%4418\r\n\t\t\t\t%%4419\r\n\t\t\t\t%%4420\r\n\t\t\t\t%%4423\r\n\t\t\t\t%%4424\r\n\t\t\t\t</Data><Data Name='AccessReason'>-</Data></EventData></Event>"}}
{"preview":false,"result":{"_time":"2022-04-13T19:47:51.592+0400","EventRecordID":"310080","_raw":"<Event xmlns='http://schemas.microsoft.com/win/2004/08/events/event'><System><Provider Name='Microsoft-Windows-Security-Auditing' Guid='{54849625-5478-4994-A5BA-3E3B0328C30D}'/><EventID>5145</EventID><Version>0</Version><Level>0</Level><Task>12811</Task><Opcode>0</Opcode><Keywords>0x8020000000000000</Keywords><TimeCreated SystemTime='2022-04-13T19:47:51.592295500Z'/><EventRecordID>310080</EventRecordID><Correlation/><Execution ProcessID='4' ThreadID='136'/><Channel>Security</Channel><Computer>win-dc-testuser-46070-486.attackrange.local</Computer><Security/></System><EventData><Data Name='SubjectUserSid'>NT AUTHORITY\\NETWORK SERVICE</Data><Data Name='SubjectUserName'>WIN-DC-TESTUSER-4$</Data><Data Name='SubjectDomainName'>ATTACKRANGE</Data><Data Name='SubjectLogonId'>0x3e4</Data><Data Name='ObjectType'>File</Data><Data Name='IpAddress'>fe80::655e:8688:355e:91f1</Data><Data Name='IpPort'>49726</Data><Data Name='ShareName'>\\\\*\\IPC$</Data><Data Name='ShareLocalPath'></Data><Data Name='RelativeTargetName'>lsarpc</Data><Data Name='AccessMask'>0x12019f</Data><Data Name='AccessList'>%%1538\r\n\t\t\t\t%%1541\r\n\t\t\t\t%%4416\r\n\t\t\t\t%%4417\r\n\t\t\t\t%%4418\r\n\t\t\t\t%%4419\r\n\t\t\t\t%%4420\r\n\t\t\t\t%%4423\r\n\t\t\t\t%%4424\r\n\t\t\t\t</Data><Data Name='AccessReason'>-</Data></EventData></Event>"}}
{"preview":false,"result":{"_time":"2022-04-13T19:47:51.602+0400","EventRecordID":"310081","_raw":"<Event xmlns='http://schemas.microsoft.com/win/2004/08/events/event'><System><Provider Name='Microsoft-Windows-Security-Auditing' Guid='{54849625-5478-4994-A5BA-3E3B0328C30D}'/><EventID>5145</EventID><Version>0</Version><Level>0</Level><Task>12811</Task><Opcode>0</Opcode><Keywords>0x8020000000000000</Keywords><TimeCreated SystemTime='2022-04-13T19:47:51.602092300Z'/><EventRecordID>310081</EventRecordID><Correlation/><Execution ProcessID='4' ThreadID='136'/><Channel>Security</Channel><Computer>win-dc-testuser-46070-486.attackrange.local</Computer><Security/></System><EventData><Data Name='SubjectUserSid'>NT AUTHORITY\\NETWORK SERVICE</Data><Data Name='SubjectUserName'>WIN-DC-TESTUSER-4$</Data><Data Name='SubjectDomainName'>ATTACKRANGE</Data><Data Name='SubjectLogonId'>0x3e4</Data><Data Name='ObjectType'>File</Data><Data Name='IpAddress'>fe80::655e:8688:355e:91f1</Data><Data Name='IpPort'>49726</Data><Data Name='ShareName'>\\\\*\\IPC$</Data><Data Name='ShareLocalPath'></Data><Data Name='RelativeTargetName'>lsarpc</Data><Data Name='AccessMask'>0x12019f</Data><Data Name='AccessList'>%%1538\r\n\t\t\t\t%%1541\r\n\t\t\t\t%%4416\r\n\t\t\t\t%%4417\r\n\t\t\t\t%%4418\r\n\t\t\t\t%%4419\r\n\t\t\t\t%%4420\r\n\t\t\t\t%%4423\r\n\t\t\t\t%%4424\r\n\t\t\t\t</Data><Data Name='AccessReason'>-</Data></EventData></Event>"}}
{"preview":false,"result":{"_time":"2022-04-13T19:47:51.610+0400","EventRecordID":"310082","_raw":"<Event xmlns='http://schemas.microsoft.com/win/2004/08/events/event'><System><Provider Name='Microsoft-Windows-Security-Auditing' Guid='{54849625-5478-4994-A5BA-3E3B0328C30D}'/><EventID>5145</EventID><Version>0</Version><Level>0</Level><Task>12811</Task><Opcode>0</Opcode><Keywords>0x8020000000000000</Keywords><TimeCreated SystemTime='2022-04-13T19:47:51.610114800Z'/><EventRecordID>310082</EventRecordID><Correlation/><Execution ProcessID='4' ThreadID='136'/><Channel>Security</Channel><Computer>win-dc-testuser-46070-486.attackrange.local</Computer><Security/></System><EventData><Data Name='SubjectUserSid'>NT AUTHORITY\\NETWORK SERVICE</Data><Data Name='SubjectUserName'>WIN-DC-TESTUSER-4$</Data><Data Name='SubjectDomainName'>ATTACKRANGE</Data><Data Name='SubjectLogonId'>0x3e4</Data><Data Name='ObjectType'>File</Data><Data Name='IpAddress'>fe80::655e:8688:355e:91f1</Data><Data Name='IpPort'>49726</Data><Data Name='ShareName'>\\\\*\\IPC$</Data><Data Name='ShareLocalPath'></Data><Data Name='RelativeTargetName'>lsarpc</Data><Data Name='AccessMask'>0x12019f</Data><Data Name='AccessList'>%%1538\r\n\t\t\t\t%%1541\r\n\t\t\t\t%%4416\r\n\t\t\t\t%%4417\r\n\t\t\t\t%%4418\r\n\t\t\t\t%%4419\r\n\t\t\t\t%%4420\r\n\t\t\t\t%%4423\r\n\t\t\t\t%%4424\r\n\t\t\t\t</Data><Data Name='AccessReason'>-</Data></EventData></Event>"},"lastrow":true}
