{"preview":false,"result":{"_time":"2023-02-21T22:02:30.627+0400","EventRecordID":"15275575","_raw":"<Event xmlns='http://schemas.microsoft.com/win/2004/08/events/event'><System><Provider Name='Microsoft-Windows-Sysmon' Guid='{5770385F-C22A-43E0-BF4C-06F5698FFBD9}'/><EventID>1</EventID><Version>5</Version><Level>4</Level><Task>1</Task><Opcode>0</Opcode><Keywords>0x8000000000000000</Keywords><TimeCreated SystemTime='2023-02-21T22:02:30.627782400Z'/><EventRecordID>15275575</EventRecordID><Correlation/><Execution ProcessID='2692' ThreadID='3440'/><Channel>Microsoft-Windows-Sysmon/Operational</Channel><Computer>win-dc-mhaag-attack-range-84.attackrange.local</Computer><Security UserID='S-1-5-18'/></System><EventData><Data Name='RuleName'>-</Data><Data Name='UtcTime'>2023-02-21 22:02:30.619</Data><Data Name='ProcessGuid'>{0F9A6540-3F76-63F5-A609-00000000C102}</Data><Data Name='ProcessId'>6496</Data><Data Name='Image'>C:\\Windows\\System32\\notepad.exe</Data><Data Name='FileVersion'>10.0.14393.4169 (rs1_release.210107-1130)</Data><Data Name='Description'>Notepad</Data><Data Name='Product'>Microsoft® Windows® Operating System</Data><Data Name='Company'>Microsoft Corporation</Data><Data Name='OriginalFileName'>NOTEPAD.EXE</Data><Data Name='CommandLine'>c:\\windows\\system32\\notepad.exe \"\"</Data><Data Name='CurrentDirectory'>C:\\Users\\Administrator\\Downloads\\</Data><Data Name='User'>ATTACKRANGE\\Administrator</Data><Data Name='LogonGuid'>{0F9A6540-FC4D-63F4-EFF2-260000000000}</Data><Data Name='LogonId'>0x26f2ef</Data><Data Name='TerminalSessionId'>2</Data><Data Name='IntegrityLevel'>Medium</Data><Data Name='Hashes'>MD5=BA78FCF8CA9D806C6C047357E31748DE,SHA256=34A07759492E31AEC2A009505FE8DFB50242375C4308AD4657B2872F4F75A077,IMPHASH=968239BE2020F1C0DAFFDCDBD49E9C82</Data><Data Name='ParentProcessGuid'>{0F9A6540-3D66-63F5-5C09-00000000C102}</Data><Data Name='ParentProcessId'>6596</Data><Data Name='ParentImage'>C:\\Users\\Administrator\\Downloads\\ILL_UNBLINKING.exe</Data><Data Name='ParentCommandLine'>\"C:\\Users\\Administrator\\Downloads\\ILL_UNBLINKING.exe\" </Data></EventData></Event>"}}
{"preview":false,"result":{"_time":"2023-02-21T22:02:30.635+0400","EventRecordID":"15275583","_raw":"<Event xmlns='http://schemas.microsoft.com/win/2004/08/events/event'><System><Provider Name='Microsoft-Windows-Sysmon' Guid='{5770385F-C22A-43E0-BF4C-06F5698FFBD9}'/><EventID>8</EventID><Version>2</Version><Level>4</Level><Task>8</Task><Opcode>0</Opcode><Keywords>0x8000000000000000</Keywords><TimeCreated SystemTime='2023-02-21T22:02:30.635369500Z'/><EventRecordID>15275583</EventRecordID><Correlation/><Execution ProcessID='2692' ThreadID='3440'/><Channel>Microsoft-Windows-Sysmon/Operational</Channel><Computer>win-dc-mhaag-attack-range-84.attackrange.local</Computer><Security UserID='S-1-5-18'/></System><EventData><Data Name='RuleName'>-</Data><Data Name='UtcTime'>2023-02-21 22:02:30.635</Data><Data Name='SourceProcessGuid'>{0F9A6540-3D66-63F5-5C09-00000000C102}</Data><Data Name='SourceProcessId'>6596</Data><Data Name='SourceImage'>C:\\Users\\Administrator\\Downloads\\ILL_UNBLINKING.exe</Data><Data Name='TargetProcessGuid'>{0F9A6540-3F76-63F5-A609-00000000C102}</Data><Data Name='TargetProcessId'>6496</Data><Data Name='TargetImage'>C:\\Windows\\System32\\notepad.exe</Data><Data Name='NewThreadId'>6952</Data><Data Name='StartAddress'>0x00000195319B0000</Data><Data Name='StartModule'>-</Data><Data Name='StartFunction'>-</Data></EventData></Event>"}}
{"preview":false,"result":{"_time":"2023-02-21T22:03:00.652+0400","EventRecordID":"15275927","_raw":"<Event xmlns='http://schemas.microsoft.com/win/2004/08/events/event'><System><Provider Name='Microsoft-Windows-Sysmon' Guid='{5770385F-C22A-43E0-BF4C-06F5698FFBD9}'/><EventID>1</EventID><Version>5</Version><Level>4</Level><Task>1</Task><Opcode>0</Opcode><Keywords>0x8000000000000000</Keywords><TimeCreated SystemTime='2023-02-21T22:03:00.652965200Z'/><EventRecordID>15275927</EventRecordID><Correlation/><Execution ProcessID='2692' ThreadID='3440'/><Channel>Microsoft-Windows-Sysmon/Operational</Channel><Computer>win-dc-mhaag-attack-range-84.attackrange.local</Computer><Security UserID='S-1-5-18'/></System><EventData><Data Name='RuleName'>-</Data><Data Name='UtcTime'>2023-02-21 22:03:00.650</Data><Data Name='ProcessGuid'>{0F9A6540-3F94-63F5-A709-00000000C102}</Data><Data Name='ProcessId'>5480</Data><Data Name='Image'>C:\\Windows\\System32\\notepad.exe</Data><Data Name='FileVersion'>10.0.14393.4169 (rs1_release.210107-1130)</Data><Data Name='Description'>Notepad</Data><Data Name='Product'>Microsoft® Windows® Operating System</Data><Data Name='Company'>Microsoft Corporation</Data><Data Name='OriginalFileName'>NOTEPAD.EXE</Data><Data Name='CommandLine'>c:\\windows\\system32\\notepad.exe \"\"</Data><Data Name='CurrentDirectory'>C:\\Users\\Administrator\\Downloads\\</Data><Data Name='User'>ATTACKRANGE\\Administrator</Data><Data Name='LogonGuid'>{0F9A6540-FC4D-63F4-EFF2-260000000000}</Data><Data Name='LogonId'>0x26f2ef</Data><Data Name='TerminalSessionId'>2</Data><Data Name='IntegrityLevel'>Medium</Data><Data Name='Hashes'>MD5=BA78FCF8CA9D806C6C047357E31748DE,SHA256=34A07759492E31AEC2A009505FE8DFB50242375C4308AD4657B2872F4F75A077,IMPHASH=968239BE2020F1C0DAFFDCDBD49E9C82</Data><Data Name='ParentProcessGuid'>{0F9A6540-3D66-63F5-5C09-00000000C102}</Data><Data Name='ParentProcessId'>6596</Data><Data Name='ParentImage'>C:\\Users\\Administrator\\Downloads\\ILL_UNBLINKING.exe</Data><Data Name='ParentCommandLine'>\"C:\\Users\\Administrator\\Downloads\\ILL_UNBLINKING.exe\" </Data></EventData></Event>"}}
{"preview":false,"result":{"_time":"2023-02-21T22:03:00.655+0400","EventRecordID":"15275935","_raw":"<Event xmlns='http://schemas.microsoft.com/win/2004/08/events/event'><System><Provider Name='Microsoft-Windows-Sysmon' Guid='{5770385F-C22A-43E0-BF4C-06F5698FFBD9}'/><EventID>8</EventID><Version>2</Version><Level>4</Level><Task>8</Task><Opcode>0</Opcode><Keywords>0x8000000000000000</Keywords><TimeCreated SystemTime='2023-02-21T22:03:00.655571800Z'/><EventRecordID>15275935</EventRecordID><Correlation/><Execution ProcessID='2692' ThreadID='3440'/><Channel>Microsoft-Windows-Sysmon/Operational</Channel><Computer>win-dc-mhaag-attack-range-84.attackrange.local</Computer><Security UserID='S-1-5-18'/></System><EventData><Data Name='RuleName'>-</Data><Data Name='UtcTime'>2023-02-21 22:03:00.651</Data><Data Name='SourceProcessGuid'>{0F9A6540-3D66-63F5-5C09-00000000C102}</Data><Data Name='SourceProcessId'>6596</Data><Data Name='SourceImage'>C:\\Users\\Administrator\\Downloads\\ILL_UNBLINKING.exe</Data><Data Name='TargetProcessGuid'>{0F9A6540-3F94-63F5-A709-00000000C102}</Data><Data Name='TargetProcessId'>5480</Data><Data Name='TargetImage'>C:\\Windows\\System32\\notepad.exe</Data><Data Name='NewThreadId'>1032</Data><Data Name='StartAddress'>0x000002BB84710000</Data><Data Name='StartModule'>-</Data><Data Name='StartFunction'>-</Data></EventData></Event>"}}
{"preview":false,"result":{"_time":"2023-02-21T22:05:20.686+0400","EventRecordID":"15277465","_raw":"<Event xmlns='http://schemas.microsoft.com/win/2004/08/events/event'><System><Provider Name='Microsoft-Windows-Sysmon' Guid='{5770385F-C22A-43E0-BF4C-06F5698FFBD9}'/><EventID>1</EventID><Version>5</Version><Level>4</Level><Task>1</Task><Opcode>0</Opcode><Keywords>0x8000000000000000</Keywords><TimeCreated SystemTime='2023-02-21T22:05:20.686664400Z'/><EventRecordID>15277465</EventRecordID><Correlation/><Execution ProcessID='2692' ThreadID='3440'/><Channel>Microsoft-Windows-Sysmon/Operational</Channel><Computer>win-dc-mhaag-attack-range-84.attackrange.local</Computer><Security UserID='S-1-5-18'/></System><EventData><Data Name='RuleName'>-</Data><Data Name='UtcTime'>2023-02-21 22:05:20.682</Data><Data Name='ProcessGuid'>{0F9A6540-4020-63F5-B809-00000000C102}</Data><Data Name='ProcessId'>5940</Data><Data Name='Image'>C:\\Windows\\System32\\notepad.exe</Data><Data Name='FileVersion'>10.0.14393.4169 (rs1_release.210107-1130)</Data><Data Name='Description'>Notepad</Data><Data Name='Product'>Microsoft® Windows® Operating System</Data><Data Name='Company'>Microsoft Corporation</Data><Data Name='OriginalFileName'>NOTEPAD.EXE</Data><Data Name='CommandLine'>c:\\windows\\system32\\notepad.exe \"\"</Data><Data Name='CurrentDirectory'>C:\\Users\\Administrator\\Downloads\\</Data><Data Name='User'>ATTACKRANGE\\Administrator</Data><Data Name='LogonGuid'>{0F9A6540-FC4D-63F4-EFF2-260000000000}</Data><Data Name='LogonId'>0x26f2ef</Data><Data Name='TerminalSessionId'>2</Data><Data Name='IntegrityLevel'>Medium</Data><Data Name='Hashes'>MD5=BA78FCF8CA9D806C6C047357E31748DE,SHA256=34A07759492E31AEC2A009505FE8DFB50242375C4308AD4657B2872F4F75A077,IMPHASH=968239BE2020F1C0DAFFDCDBD49E9C82</Data><Data Name='ParentProcessGuid'>{0F9A6540-3D66-63F5-5C09-00000000C102}</Data><Data Name='ParentProcessId'>6596</Data><Data Name='ParentImage'>C:\\Users\\Administrator\\Downloads\\ILL_UNBLINKING.exe</Data><Data Name='ParentCommandLine'>\"C:\\Users\\Administrator\\Downloads\\ILL_UNBLINKING.exe\" </Data></EventData></Event>"}}
{"preview":false,"result":{"_time":"2023-02-21T22:05:20.691+0400","EventRecordID":"15277473","_raw":"<Event xmlns='http://schemas.microsoft.com/win/2004/08/events/event'><System><Provider Name='Microsoft-Windows-Sysmon' Guid='{5770385F-C22A-43E0-BF4C-06F5698FFBD9}'/><EventID>8</EventID><Version>2</Version><Level>4</Level><Task>8</Task><Opcode>0</Opcode><Keywords>0x8000000000000000</Keywords><TimeCreated SystemTime='2023-02-21T22:05:20.691621000Z'/><EventRecordID>15277473</EventRecordID><Correlation/><Execution ProcessID='2692' ThreadID='3440'/><Channel>Microsoft-Windows-Sysmon/Operational</Channel><Computer>win-dc-mhaag-attack-range-84.attackrange.local</Computer><Security UserID='S-1-5-18'/></System><EventData><Data Name='RuleName'>-</Data><Data Name='UtcTime'>2023-02-21 22:05:20.685</Data><Data Name='SourceProcessGuid'>{0F9A6540-3D66-63F5-5C09-00000000C102}</Data><Data Name='SourceProcessId'>6596</Data><Data Name='SourceImage'>C:\\Users\\Administrator\\Downloads\\ILL_UNBLINKING.exe</Data><Data Name='TargetProcessGuid'>{0F9A6540-4020-63F5-B809-00000000C102}</Data><Data Name='TargetProcessId'>5940</Data><Data Name='TargetImage'>C:\\Windows\\System32\\notepad.exe</Data><Data Name='NewThreadId'>6912</Data><Data Name='StartAddress'>0x0000017DACD70000</Data><Data Name='StartModule'>-</Data><Data Name='StartFunction'>-</Data></EventData></Event>"},"lastrow":true}
