{"preview":false,"result":{"_time":"2020-11-27T08:47:42.301+0400","EventRecordID":"4403","_raw":"<Event xmlns='http://schemas.microsoft.com/win/2004/08/events/event'><System><Provider Name='Microsoft-Windows-Sysmon' Guid='{5770385F-C22A-43E0-BF4C-06F5698FFBD9}'/><EventID>1</EventID><Version>5</Version><Level>4</Level><Task>1</Task><Opcode>0</Opcode><Keywords>0x8000000000000000</Keywords><TimeCreated SystemTime='2020-11-27T08:47:42.301334500Z'/><EventRecordID>4403</EventRecordID><Correlation/><Execution ProcessID='3124' ThreadID='3608'/><Channel>Microsoft-Windows-Sysmon/Operational</Channel><Computer>win-dc-942.attackrange.local</Computer><Security UserID='S-1-5-18'/></System><EventData><Data Name='RuleName'>-</Data><Data Name='UtcTime'>2020-11-27 08:47:42.299</Data><Data Name='ProcessGuid'>{3368E97D-BD2E-5FC0-E800-000000009101}</Data><Data Name='ProcessId'>640</Data><Data Name='Image'>C:\\Windows\\System32\\cmd.exe</Data><Data Name='FileVersion'>10.0.14393.0 (rs1_release.160715-1616)</Data><Data Name='Description'>Windows Command Processor</Data><Data Name='Product'>Microsoft® Windows® Operating System</Data><Data Name='Company'>Microsoft Corporation</Data><Data Name='OriginalFileName'>Cmd.Exe</Data><Data Name='CommandLine'>\"C:\\Windows\\system32\\cmd.exe\" /c \"REG ADD \"HKCU\\SOFTWARE\\Microsoft\\Windows\\CurrentVersion\\Run\" /V \"Atomic Red Team\" /t REG_SZ /F /D \"C:\\Path\\AtomicRedTeam.exe\"\" </Data><Data Name='CurrentDirectory'>C:\\Users\\ADMINI~1\\AppData\\Local\\Temp\\</Data><Data Name='User'>ATTACKRANGE\\Administrator</Data><Data Name='LogonGuid'>{3368E97D-BD2C-5FC0-989A-080000000000}</Data><Data Name='LogonId'>0x89a98</Data><Data Name='TerminalSessionId'>0</Data><Data Name='IntegrityLevel'>High</Data><Data Name='Hashes'>MD5=F4F684066175B77E0C3A000549D2922C,SHA256=935C1861DF1F4018D698E8B65ABFA02D7E9037D8F68CA3C2065B6CA165D44AD2,IMPHASH=3062ED732D4B25D1C64F084DAC97D37A</Data><Data Name='ParentProcessGuid'>{3368E97D-BD2D-5FC0-E300-000000009101}</Data><Data Name='ParentProcessId'>4484</Data><Data Name='ParentImage'>C:\\Windows\\System32\\WindowsPowerShell\\v1.0\\powershell.exe</Data><Data Name='ParentCommandLine'>\"powershell.exe\" -noninteractive -encodedcommand WwBDAG8AbgBzAG8AbABlAF0AOgA6AEkAbgBwAHUAdABFAG4AYwBvAGQAaQBuAGcAIAA9ACAATgBlAHcALQBPAGIAagBlAGMAdAAgAFQAZQB4AHQALgBVAFQARgA4AEUAbgBjAG8AZABpAG4AZwAgACQAZgBhAGwAcwBlADsAIABJAG0AcABvAHIAdAAtAE0AbwBkAHUAbABlACAAIgBDADoAXABBAHQAbwBtAGkAYwBSAGUAZABUAGUAYQBtAFwAaQBuAHYAbwBrAGUALQBhAHQAbwBtAGkAYwByAGUAZAB0AGUAYQBtAFwASQBuAHYAbwBrAGUALQBBAHQAbwBtAGkAYwBSAGUAZABUAGUAYQBtAC4AcABzAGQAMQAiACAALQBGAG8AcgBjAGUACgBJAG4AdgBvAGsAZQAtAEEAdABvAG0AaQBjAFQAZQBzAHQAIAAiAFQAMQA1ADQANwAuADAAMAAxACIAIAAtAEMAbwBuAGYAaQByAG0AOgAkAGYAYQBsAHMAZQAgAC0AVABpAG0AZQBvAHUAdABTAGUAYwBvAG4AZABzACAAMwAwADAAIAAtAEUAeABlAGMAdQB0AGkAbwBuAEwAbwBnAFAAYQB0AGgAIABDADoAXABBAHQAbwBtAGkAYwBSAGUAZABUAGUAYQBtAFwAYQB0AGMAXwBlAHgAZQBjAHUAdABpAG8AbgAuAGMAcwB2AA==</Data></EventData></Event>"}}
{"preview":false,"result":{"_time":"2020-11-27T08:47:42.307+0400","EventRecordID":"4417","_raw":"<Event xmlns='http://schemas.microsoft.com/win/2004/08/events/event'><System><Provider Name='Microsoft-Windows-Sysmon' Guid='{5770385F-C22A-43E0-BF4C-06F5698FFBD9}'/><EventID>1</EventID><Version>5</Version><Level>4</Level><Task>1</Task><Opcode>0</Opcode><Keywords>0x8000000000000000</Keywords><TimeCreated SystemTime='2020-11-27T08:47:42.307488000Z'/><EventRecordID>4417</EventRecordID><Correlation/><Execution ProcessID='3124' ThreadID='3608'/><Channel>Microsoft-Windows-Sysmon/Operational</Channel><Computer>win-dc-942.attackrange.local</Computer><Security UserID='S-1-5-18'/></System><EventData><Data Name='RuleName'>-</Data><Data Name='UtcTime'>2020-11-27 08:47:42.305</Data><Data Name='ProcessGuid'>{3368E97D-BD2E-5FC0-E900-000000009101}</Data><Data Name='ProcessId'>1116</Data><Data Name='Image'>C:\\Windows\\System32\\reg.exe</Data><Data Name='FileVersion'>10.0.14393.0 (rs1_release.160715-1616)</Data><Data Name='Description'>Registry Console Tool</Data><Data Name='Product'>Microsoft® Windows® Operating System</Data><Data Name='Company'>Microsoft Corporation</Data><Data Name='OriginalFileName'>reg.exe</Data><Data Name='CommandLine'>REG  ADD \"HKCU\\SOFTWARE\\Microsoft\\Windows\\CurrentVersion\\Run\" /V \"Atomic Red Team\" /t REG_SZ /F /D \"C:\\Path\\AtomicRedTeam.exe\" </Data><Data Name='CurrentDirectory'>C:\\Users\\ADMINI~1\\AppData\\Local\\Temp\\</Data><Data Name='User'>ATTACKRANGE\\Administrator</Data><Data Name='LogonGuid'>{3368E97D-BD2C-5FC0-989A-080000000000}</Data><Data Name='LogonId'>0x89a98</Data><Data Name='TerminalSessionId'>0</Data><Data Name='IntegrityLevel'>High</Data><Data Name='Hashes'>MD5=59A22FA6CF85026BB6BC69A1ADD75C50,SHA256=9E28034CE3AEEA6951F790F8997DF44CFBF80BEFF9FB17413DBA317016A716AD,IMPHASH=EE7EB7FA7D163340753B7223ADA14352</Data><Data Name='ParentProcessGuid'>{3368E97D-BD2E-5FC0-E800-000000009101}</Data><Data Name='ParentProcessId'>640</Data><Data Name='ParentImage'>C:\\Windows\\System32\\cmd.exe</Data><Data Name='ParentCommandLine'>\"C:\\Windows\\system32\\cmd.exe\" /c \"REG ADD \"HKCU\\SOFTWARE\\Microsoft\\Windows\\CurrentVersion\\Run\" /V \"Atomic Red Team\" /t REG_SZ /F /D \"C:\\Path\\AtomicRedTeam.exe\"\" </Data></EventData></Event>"}}
{"preview":false,"result":{"_time":"2020-11-27T08:47:42.310+0400","EventRecordID":"4430","_raw":"<Event xmlns='http://schemas.microsoft.com/win/2004/08/events/event'><System><Provider Name='Microsoft-Windows-Sysmon' Guid='{5770385F-C22A-43E0-BF4C-06F5698FFBD9}'/><EventID>13</EventID><Version>2</Version><Level>4</Level><Task>13</Task><Opcode>0</Opcode><Keywords>0x8000000000000000</Keywords><TimeCreated SystemTime='2020-11-27T08:47:42.310441600Z'/><EventRecordID>4430</EventRecordID><Correlation/><Execution ProcessID='3124' ThreadID='3608'/><Channel>Microsoft-Windows-Sysmon/Operational</Channel><Computer>win-dc-942.attackrange.local</Computer><Security UserID='S-1-5-18'/></System><EventData><Data Name='RuleName'>T1060,RunKey</Data><Data Name='EventType'>SetValue</Data><Data Name='UtcTime'>2020-11-27 08:47:42.306</Data><Data Name='ProcessGuid'>{3368E97D-BD2E-5FC0-E900-000000009101}</Data><Data Name='ProcessId'>1116</Data><Data Name='Image'>C:\\Windows\\system32\\reg.exe</Data><Data Name='TargetObject'>HKU\\S-1-5-21-3050610357-2573237788-2544563163-500\\SOFTWARE\\Microsoft\\Windows\\CurrentVersion\\Run\\Atomic Red Team</Data><Data Name='Details'>C:\\Path\\AtomicRedTeam.exe</Data></EventData></Event>"}}
{"preview":false,"result":{"_time":"2020-11-27T08:47:46.219+0400","EventRecordID":"4820","_raw":"<Event xmlns='http://schemas.microsoft.com/win/2004/08/events/event'><System><Provider Name='Microsoft-Windows-Sysmon' Guid='{5770385F-C22A-43E0-BF4C-06F5698FFBD9}'/><EventID>1</EventID><Version>5</Version><Level>4</Level><Task>1</Task><Opcode>0</Opcode><Keywords>0x8000000000000000</Keywords><TimeCreated SystemTime='2020-11-27T08:47:46.219253600Z'/><EventRecordID>4820</EventRecordID><Correlation/><Execution ProcessID='3124' ThreadID='3608'/><Channel>Microsoft-Windows-Sysmon/Operational</Channel><Computer>win-dc-942.attackrange.local</Computer><Security UserID='S-1-5-18'/></System><EventData><Data Name='RuleName'>-</Data><Data Name='UtcTime'>2020-11-27 08:47:46.217</Data><Data Name='ProcessGuid'>{3368E97D-BD32-5FC0-0501-000000009101}</Data><Data Name='ProcessId'>876</Data><Data Name='Image'>C:\\Windows\\System32\\cmd.exe</Data><Data Name='FileVersion'>10.0.14393.0 (rs1_release.160715-1616)</Data><Data Name='Description'>Windows Command Processor</Data><Data Name='Product'>Microsoft® Windows® Operating System</Data><Data Name='Company'>Microsoft Corporation</Data><Data Name='OriginalFileName'>Cmd.Exe</Data><Data Name='CommandLine'>\"C:\\Windows\\system32\\cmd.exe\" /c \"REG DELETE \"HKCU\\SOFTWARE\\Microsoft\\Windows\\CurrentVersion\\Run\" /V \"Atomic Red Team\" /f &gt;nul 2&gt;&amp;1\" </Data><Data Name='CurrentDirectory'>C:\\Users\\ADMINI~1\\AppData\\Local\\Temp\\</Data><Data Name='User'>ATTACKRANGE\\Administrator</Data><Data Name='LogonGuid'>{3368E97D-BD30-5FC0-0E44-090000000000}</Data><Data Name='LogonId'>0x9440e</Data><Data Name='TerminalSessionId'>0</Data><Data Name='IntegrityLevel'>High</Data><Data Name='Hashes'>MD5=F4F684066175B77E0C3A000549D2922C,SHA256=935C1861DF1F4018D698E8B65ABFA02D7E9037D8F68CA3C2065B6CA165D44AD2,IMPHASH=3062ED732D4B25D1C64F084DAC97D37A</Data><Data Name='ParentProcessGuid'>{3368E97D-BD31-5FC0-0001-000000009101}</Data><Data Name='ParentProcessId'>3900</Data><Data Name='ParentImage'>C:\\Windows\\System32\\WindowsPowerShell\\v1.0\\powershell.exe</Data><Data Name='ParentCommandLine'>\"powershell.exe\" -noninteractive -encodedcommand WwBDAG8AbgBzAG8AbABlAF0AOgA6AEkAbgBwAHUAdABFAG4AYwBvAGQAaQBuAGcAIAA9ACAATgBlAHcALQBPAGIAagBlAGMAdAAgAFQAZQB4AHQALgBVAFQARgA4AEUAbgBjAG8AZABpAG4AZwAgACQAZgBhAGwAcwBlADsAIABJAG0AcABvAHIAdAAtAE0AbwBkAHUAbABlACAAIgBDADoAXABBAHQAbwBtAGkAYwBSAGUAZABUAGUAYQBtAFwAaQBuAHYAbwBrAGUALQBhAHQAbwBtAGkAYwByAGUAZAB0AGUAYQBtAFwASQBuAHYAbwBrAGUALQBBAHQAbwBtAGkAYwBSAGUAZABUAGUAYQBtAC4AcABzAGQAMQAiACAALQBGAG8AcgBjAGUACgBJAG4AdgBvAGsAZQAtAEEAdABvAG0AaQBjAFQAZQBzAHQAIAAiAFQAMQA1ADQANwAuADAAMAAxACIAIAAtAEMAbABlAGEAbgB1AHAA</Data></EventData></Event>"}}
{"preview":false,"result":{"_time":"2020-11-27T08:47:46.225+0400","EventRecordID":"4834","_raw":"<Event xmlns='http://schemas.microsoft.com/win/2004/08/events/event'><System><Provider Name='Microsoft-Windows-Sysmon' Guid='{5770385F-C22A-43E0-BF4C-06F5698FFBD9}'/><EventID>1</EventID><Version>5</Version><Level>4</Level><Task>1</Task><Opcode>0</Opcode><Keywords>0x8000000000000000</Keywords><TimeCreated SystemTime='2020-11-27T08:47:46.225542300Z'/><EventRecordID>4834</EventRecordID><Correlation/><Execution ProcessID='3124' ThreadID='3608'/><Channel>Microsoft-Windows-Sysmon/Operational</Channel><Computer>win-dc-942.attackrange.local</Computer><Security UserID='S-1-5-18'/></System><EventData><Data Name='RuleName'>-</Data><Data Name='UtcTime'>2020-11-27 08:47:46.223</Data><Data Name='ProcessGuid'>{3368E97D-BD32-5FC0-0601-000000009101}</Data><Data Name='ProcessId'>2676</Data><Data Name='Image'>C:\\Windows\\System32\\reg.exe</Data><Data Name='FileVersion'>10.0.14393.0 (rs1_release.160715-1616)</Data><Data Name='Description'>Registry Console Tool</Data><Data Name='Product'>Microsoft® Windows® Operating System</Data><Data Name='Company'>Microsoft Corporation</Data><Data Name='OriginalFileName'>reg.exe</Data><Data Name='CommandLine'>REG  DELETE \"HKCU\\SOFTWARE\\Microsoft\\Windows\\CurrentVersion\\Run\" /V \"Atomic Red Team\" /f  </Data><Data Name='CurrentDirectory'>C:\\Users\\ADMINI~1\\AppData\\Local\\Temp\\</Data><Data Name='User'>ATTACKRANGE\\Administrator</Data><Data Name='LogonGuid'>{3368E97D-BD30-5FC0-0E44-090000000000}</Data><Data Name='LogonId'>0x9440e</Data><Data Name='TerminalSessionId'>0</Data><Data Name='IntegrityLevel'>High</Data><Data Name='Hashes'>MD5=59A22FA6CF85026BB6BC69A1ADD75C50,SHA256=9E28034CE3AEEA6951F790F8997DF44CFBF80BEFF9FB17413DBA317016A716AD,IMPHASH=EE7EB7FA7D163340753B7223ADA14352</Data><Data Name='ParentProcessGuid'>{3368E97D-BD32-5FC0-0501-000000009101}</Data><Data Name='ParentProcessId'>876</Data><Data Name='ParentImage'>C:\\Windows\\System32\\cmd.exe</Data><Data Name='ParentCommandLine'>\"C:\\Windows\\system32\\cmd.exe\" /c \"REG DELETE \"HKCU\\SOFTWARE\\Microsoft\\Windows\\CurrentVersion\\Run\" /V \"Atomic Red Team\" /f &gt;nul 2&gt;&amp;1\" </Data></EventData></Event>"}}
{"preview":false,"result":{"_time":"2020-11-27T08:47:46.229+0400","EventRecordID":"4847","_raw":"<Event xmlns='http://schemas.microsoft.com/win/2004/08/events/event'><System><Provider Name='Microsoft-Windows-Sysmon' Guid='{5770385F-C22A-43E0-BF4C-06F5698FFBD9}'/><EventID>12</EventID><Version>2</Version><Level>4</Level><Task>12</Task><Opcode>0</Opcode><Keywords>0x8000000000000000</Keywords><TimeCreated SystemTime='2020-11-27T08:47:46.229911500Z'/><EventRecordID>4847</EventRecordID><Correlation/><Execution ProcessID='3124' ThreadID='3608'/><Channel>Microsoft-Windows-Sysmon/Operational</Channel><Computer>win-dc-942.attackrange.local</Computer><Security UserID='S-1-5-18'/></System><EventData><Data Name='RuleName'>T1060,RunKey</Data><Data Name='EventType'>DeleteValue</Data><Data Name='UtcTime'>2020-11-27 08:47:46.217</Data><Data Name='ProcessGuid'>{3368E97D-BD32-5FC0-0601-000000009101}</Data><Data Name='ProcessId'>2676</Data><Data Name='Image'>C:\\Windows\\system32\\reg.exe</Data><Data Name='TargetObject'>HKU\\S-1-5-21-3050610357-2573237788-2544563163-500\\SOFTWARE\\Microsoft\\Windows\\CurrentVersion\\Run\\Atomic Red Team</Data></EventData></Event>"},"lastrow":true}
