{"preview":false,"result":{"_time":"2021-08-24T09:32:05.897+0400","EventRecordID":"48627","_raw":"<Event xmlns='http://schemas.microsoft.com/win/2004/08/events/event'><System><Provider Name='Microsoft-Windows-Sysmon' Guid='{5770385F-C22A-43E0-BF4C-06F5698FFBD9}'/><EventID>1</EventID><Version>5</Version><Level>4</Level><Task>1</Task><Opcode>0</Opcode><Keywords>0x8000000000000000</Keywords><TimeCreated SystemTime='2021-08-24T09:32:05.897869500Z'/><EventRecordID>48627</EventRecordID><Correlation/><Execution ProcessID='2148' ThreadID='2320'/><Channel>Microsoft-Windows-Sysmon/Operational</Channel><Computer>win-dc-391.attackrange.local</Computer><Security UserID='S-1-5-18'/></System><EventData><Data Name='RuleName'>-</Data><Data Name='UtcTime'>2021-08-24 09:32:05.894</Data><Data Name='ProcessGuid'>{80A11F3A-BC95-6124-7609-00000000F001}</Data><Data Name='ProcessId'>7144</Data><Data Name='Image'>C:\\Windows\\System32\\net.exe</Data><Data Name='FileVersion'>10.0.14393.2430 (rs1_release_inmarket_aim.180806-1810)</Data><Data Name='Description'>Net Command</Data><Data Name='Product'>Microsoft® Windows® Operating System</Data><Data Name='Company'>Microsoft Corporation</Data><Data Name='OriginalFileName'>net.exe</Data><Data Name='CommandLine'>net  user /domain</Data><Data Name='CurrentDirectory'>C:\\Temp\\</Data><Data Name='User'>ATTACKRANGE\\Administrator</Data><Data Name='LogonGuid'>{80A11F3A-A44C-6124-23D7-2F0000000000}</Data><Data Name='LogonId'>0x2fd723</Data><Data Name='TerminalSessionId'>2</Data><Data Name='IntegrityLevel'>High</Data><Data Name='Hashes'>MD5=C6B6DAA95CEA707F8D986D933E4A9596,SHA256=FDDC5F29F779A6EF73D70A2C551397FDEE63F549F2BCE4FE6A7AEEDC11F4F72E,IMPHASH=C41B15F592DE4589047CE5119CE87468</Data><Data Name='ParentProcessGuid'>{80A11F3A-B9A5-6124-1609-00000000F001}</Data><Data Name='ParentProcessId'>4404</Data><Data Name='ParentImage'>C:\\Windows\\System32\\cmd.exe</Data><Data Name='ParentCommandLine'>\"cmd.exe\" /s /k pushd \"C:\\Temp\"</Data></EventData></Event>"}}
{"preview":false,"result":{"_time":"2021-08-24T09:32:05.997+0400","EventRecordID":"48659","_raw":"<Event xmlns='http://schemas.microsoft.com/win/2004/08/events/event'><System><Provider Name='Microsoft-Windows-Sysmon' Guid='{5770385F-C22A-43E0-BF4C-06F5698FFBD9}'/><EventID>1</EventID><Version>5</Version><Level>4</Level><Task>1</Task><Opcode>0</Opcode><Keywords>0x8000000000000000</Keywords><TimeCreated SystemTime='2021-08-24T09:32:05.997526700Z'/><EventRecordID>48659</EventRecordID><Correlation/><Execution ProcessID='2148' ThreadID='2320'/><Channel>Microsoft-Windows-Sysmon/Operational</Channel><Computer>win-dc-391.attackrange.local</Computer><Security UserID='S-1-5-18'/></System><EventData><Data Name='RuleName'>-</Data><Data Name='UtcTime'>2021-08-24 09:32:05.991</Data><Data Name='ProcessGuid'>{80A11F3A-BC95-6124-7A09-00000000F001}</Data><Data Name='ProcessId'>2332</Data><Data Name='Image'>C:\\Windows\\System32\\net.exe</Data><Data Name='FileVersion'>10.0.14393.2430 (rs1_release_inmarket_aim.180806-1810)</Data><Data Name='Description'>Net Command</Data><Data Name='Product'>Microsoft® Windows® Operating System</Data><Data Name='Company'>Microsoft Corporation</Data><Data Name='OriginalFileName'>net.exe</Data><Data Name='CommandLine'>net  users /domain</Data><Data Name='CurrentDirectory'>C:\\Temp\\</Data><Data Name='User'>ATTACKRANGE\\Administrator</Data><Data Name='LogonGuid'>{80A11F3A-A44C-6124-23D7-2F0000000000}</Data><Data Name='LogonId'>0x2fd723</Data><Data Name='TerminalSessionId'>2</Data><Data Name='IntegrityLevel'>High</Data><Data Name='Hashes'>MD5=C6B6DAA95CEA707F8D986D933E4A9596,SHA256=FDDC5F29F779A6EF73D70A2C551397FDEE63F549F2BCE4FE6A7AEEDC11F4F72E,IMPHASH=C41B15F592DE4589047CE5119CE87468</Data><Data Name='ParentProcessGuid'>{80A11F3A-B9A5-6124-1609-00000000F001}</Data><Data Name='ParentProcessId'>4404</Data><Data Name='ParentImage'>C:\\Windows\\System32\\cmd.exe</Data><Data Name='ParentCommandLine'>\"cmd.exe\" /s /k pushd \"C:\\Temp\"</Data></EventData></Event>"}}
{"preview":false,"result":{"_time":"2021-08-24T09:32:06.063+0400","EventRecordID":"48675","_raw":"<Event xmlns='http://schemas.microsoft.com/win/2004/08/events/event'><System><Provider Name='Microsoft-Windows-Sysmon' Guid='{5770385F-C22A-43E0-BF4C-06F5698FFBD9}'/><EventID>1</EventID><Version>5</Version><Level>4</Level><Task>1</Task><Opcode>0</Opcode><Keywords>0x8000000000000000</Keywords><TimeCreated SystemTime='2021-08-24T09:32:06.063229700Z'/><EventRecordID>48675</EventRecordID><Correlation/><Execution ProcessID='2148' ThreadID='2320'/><Channel>Microsoft-Windows-Sysmon/Operational</Channel><Computer>win-dc-391.attackrange.local</Computer><Security UserID='S-1-5-18'/></System><EventData><Data Name='RuleName'>-</Data><Data Name='UtcTime'>2021-08-24 09:32:06.059</Data><Data Name='ProcessGuid'>{80A11F3A-BC96-6124-7C09-00000000F001}</Data><Data Name='ProcessId'>4508</Data><Data Name='Image'>C:\\Windows\\System32\\dsquery.exe</Data><Data Name='FileVersion'>10.0.14393.0 (rs1_release.160715-1616)</Data><Data Name='Description'>Microsoft AD DS/LDS query command line utility</Data><Data Name='Product'>Microsoft® Windows® Operating System</Data><Data Name='Company'>Microsoft Corporation</Data><Data Name='OriginalFileName'>dsquery.exe</Data><Data Name='CommandLine'>dsquery  user</Data><Data Name='CurrentDirectory'>C:\\Temp\\</Data><Data Name='User'>ATTACKRANGE\\Administrator</Data><Data Name='LogonGuid'>{80A11F3A-A44C-6124-23D7-2F0000000000}</Data><Data Name='LogonId'>0x2fd723</Data><Data Name='TerminalSessionId'>2</Data><Data Name='IntegrityLevel'>High</Data><Data Name='Hashes'>MD5=0F173F934D6FED9B140763559F70DF65,SHA256=3201CC050F642D0B3AD759EDCF57287082200831A258FBC2F17B4C96B53A28A7,IMPHASH=D442E29184F60B794AD2B7508D569FC3</Data><Data Name='ParentProcessGuid'>{80A11F3A-B9A5-6124-1609-00000000F001}</Data><Data Name='ParentProcessId'>4404</Data><Data Name='ParentImage'>C:\\Windows\\System32\\cmd.exe</Data><Data Name='ParentCommandLine'>\"cmd.exe\" /s /k pushd \"C:\\Temp\"</Data></EventData></Event>"}}
{"preview":false,"result":{"_time":"2021-08-24T09:32:06.285+0400","EventRecordID":"48691","_raw":"<Event xmlns='http://schemas.microsoft.com/win/2004/08/events/event'><System><Provider Name='Microsoft-Windows-Sysmon' Guid='{5770385F-C22A-43E0-BF4C-06F5698FFBD9}'/><EventID>1</EventID><Version>5</Version><Level>4</Level><Task>1</Task><Opcode>0</Opcode><Keywords>0x8000000000000000</Keywords><TimeCreated SystemTime='2021-08-24T09:32:06.285180800Z'/><EventRecordID>48691</EventRecordID><Correlation/><Execution ProcessID='2148' ThreadID='2320'/><Channel>Microsoft-Windows-Sysmon/Operational</Channel><Computer>win-dc-391.attackrange.local</Computer><Security UserID='S-1-5-18'/></System><EventData><Data Name='RuleName'>-</Data><Data Name='UtcTime'>2021-08-24 09:32:06.278</Data><Data Name='ProcessGuid'>{80A11F3A-BC96-6124-7D09-00000000F001}</Data><Data Name='ProcessId'>2664</Data><Data Name='Image'>C:\\Windows\\System32\\wbem\\WMIC.exe</Data><Data Name='FileVersion'>10.0.14393.0 (rs1_release.160715-1616)</Data><Data Name='Description'>WMI Commandline Utility</Data><Data Name='Product'>Microsoft® Windows® Operating System</Data><Data Name='Company'>Microsoft Corporation</Data><Data Name='OriginalFileName'>wmic.exe</Data><Data Name='CommandLine'>wmic  /NAMESPACE:\\\\root\\directory\\ldap PATH ds_user GET ds_samaccountname /VALUE</Data><Data Name='CurrentDirectory'>C:\\Temp\\</Data><Data Name='User'>ATTACKRANGE\\Administrator</Data><Data Name='LogonGuid'>{80A11F3A-A44C-6124-23D7-2F0000000000}</Data><Data Name='LogonId'>0x2fd723</Data><Data Name='TerminalSessionId'>2</Data><Data Name='IntegrityLevel'>High</Data><Data Name='Hashes'>MD5=2CEE7F1AD77D8817E0F043E5E5ED1C83,SHA256=6679EA8FBEB539B5852CE8838420471FED0600F5050F3370DBB355DAC76BF072,IMPHASH=1B1A3F43BF37B5BFE60751F2EE2F326E</Data><Data Name='ParentProcessGuid'>{80A11F3A-B9A5-6124-1609-00000000F001}</Data><Data Name='ParentProcessId'>4404</Data><Data Name='ParentImage'>C:\\Windows\\System32\\cmd.exe</Data><Data Name='ParentCommandLine'>\"cmd.exe\" /s /k pushd \"C:\\Temp\"</Data></EventData></Event>"}}
{"preview":false,"result":{"_time":"2021-08-24T09:32:06.614+0400","EventRecordID":"48727","_raw":"<Event xmlns='http://schemas.microsoft.com/win/2004/08/events/event'><System><Provider Name='Microsoft-Windows-Sysmon' Guid='{5770385F-C22A-43E0-BF4C-06F5698FFBD9}'/><EventID>1</EventID><Version>5</Version><Level>4</Level><Task>1</Task><Opcode>0</Opcode><Keywords>0x8000000000000000</Keywords><TimeCreated SystemTime='2021-08-24T09:32:06.614546300Z'/><EventRecordID>48727</EventRecordID><Correlation/><Execution ProcessID='2148' ThreadID='2320'/><Channel>Microsoft-Windows-Sysmon/Operational</Channel><Computer>win-dc-391.attackrange.local</Computer><Security UserID='S-1-5-18'/></System><EventData><Data Name='RuleName'>-</Data><Data Name='UtcTime'>2021-08-24 09:32:06.610</Data><Data Name='ProcessGuid'>{80A11F3A-BC96-6124-8009-00000000F001}</Data><Data Name='ProcessId'>6424</Data><Data Name='Image'>C:\\Windows\\System32\\WindowsPowerShell\\v1.0\\powershell.exe</Data><Data Name='FileVersion'>10.0.14393.206 (rs1_release.160915-0644)</Data><Data Name='Description'>Windows PowerShell</Data><Data Name='Product'>Microsoft® Windows® Operating System</Data><Data Name='Company'>Microsoft Corporation</Data><Data Name='OriginalFileName'>PowerShell.EXE</Data><Data Name='CommandLine'>powershell.exe  get-wmiobject -class ds_user -namespace root\\directory\\ldap</Data><Data Name='CurrentDirectory'>C:\\Temp\\</Data><Data Name='User'>ATTACKRANGE\\Administrator</Data><Data Name='LogonGuid'>{80A11F3A-A44C-6124-23D7-2F0000000000}</Data><Data Name='LogonId'>0x2fd723</Data><Data Name='TerminalSessionId'>2</Data><Data Name='IntegrityLevel'>High</Data><Data Name='Hashes'>MD5=097CE5761C89434367598B34FE32893B,SHA256=BA4038FD20E474C047BE8AAD5BFACDB1BFC1DDBE12F803F473B7918D8D819436,IMPHASH=CAEE994F79D85E47C06E5FA9CDEAE453</Data><Data Name='ParentProcessGuid'>{80A11F3A-BC96-6124-7F09-00000000F001}</Data><Data Name='ParentProcessId'>4688</Data><Data Name='ParentImage'>C:\\Windows\\System32\\cmd.exe</Data><Data Name='ParentCommandLine'>cmd.exe  /c powershell.exe get-wmiobject -class ds_user -namespace root\\directory\\ldap</Data></EventData></Event>"}}
{"preview":false,"result":{"_time":"2021-08-24T09:32:09.470+0400","EventRecordID":"48785","_raw":"<Event xmlns='http://schemas.microsoft.com/win/2004/08/events/event'><System><Provider Name='Microsoft-Windows-Sysmon' Guid='{5770385F-C22A-43E0-BF4C-06F5698FFBD9}'/><EventID>1</EventID><Version>5</Version><Level>4</Level><Task>1</Task><Opcode>0</Opcode><Keywords>0x8000000000000000</Keywords><TimeCreated SystemTime='2021-08-24T09:32:09.470305500Z'/><EventRecordID>48785</EventRecordID><Correlation/><Execution ProcessID='2148' ThreadID='2320'/><Channel>Microsoft-Windows-Sysmon/Operational</Channel><Computer>win-dc-391.attackrange.local</Computer><Security UserID='S-1-5-18'/></System><EventData><Data Name='RuleName'>-</Data><Data Name='UtcTime'>2021-08-24 09:32:09.468</Data><Data Name='ProcessGuid'>{80A11F3A-BC99-6124-8209-00000000F001}</Data><Data Name='ProcessId'>3396</Data><Data Name='Image'>C:\\Windows\\System32\\WindowsPowerShell\\v1.0\\powershell.exe</Data><Data Name='FileVersion'>10.0.14393.206 (rs1_release.160915-0644)</Data><Data Name='Description'>Windows PowerShell</Data><Data Name='Product'>Microsoft® Windows® Operating System</Data><Data Name='Company'>Microsoft Corporation</Data><Data Name='OriginalFileName'>PowerShell.EXE</Data><Data Name='CommandLine'>powershell.exe  Get-ADUser -Filter *</Data><Data Name='CurrentDirectory'>C:\\Temp\\</Data><Data Name='User'>ATTACKRANGE\\Administrator</Data><Data Name='LogonGuid'>{80A11F3A-A44C-6124-23D7-2F0000000000}</Data><Data Name='LogonId'>0x2fd723</Data><Data Name='TerminalSessionId'>2</Data><Data Name='IntegrityLevel'>High</Data><Data Name='Hashes'>MD5=097CE5761C89434367598B34FE32893B,SHA256=BA4038FD20E474C047BE8AAD5BFACDB1BFC1DDBE12F803F473B7918D8D819436,IMPHASH=CAEE994F79D85E47C06E5FA9CDEAE453</Data><Data Name='ParentProcessGuid'>{80A11F3A-BC99-6124-8109-00000000F001}</Data><Data Name='ParentProcessId'>6396</Data><Data Name='ParentImage'>C:\\Windows\\System32\\cmd.exe</Data><Data Name='ParentCommandLine'>cmd.exe  /c powershell.exe Get-ADUser -Filter *</Data></EventData></Event>"},"lastrow":true}
