{"preview":false,"result":{"_time":"2023-04-21T16:19:13.353+0400","EventRecordID":"117767","_raw":"<Event xmlns='http://schemas.microsoft.com/win/2004/08/events/event'><System><Provider Name='Microsoft-Windows-Sysmon' Guid='{5770385F-C22A-43E0-BF4C-06F5698FFBD9}'/><EventID>1</EventID><Version>5</Version><Level>4</Level><Task>1</Task><Opcode>0</Opcode><Keywords>0x8000000000000000</Keywords><TimeCreated SystemTime='2023-04-21T16:19:13.353470200Z'/><EventRecordID>117767</EventRecordID><Correlation/><Execution ProcessID='1984' ThreadID='2512'/><Channel>Microsoft-Windows-Sysmon/Operational</Channel><Computer>ar-win-2.attackrange.local</Computer><Security UserID='S-1-5-18'/></System><EventData><Data Name='RuleName'>-</Data><Data Name='UtcTime'>2023-04-21 16:19:13.351</Data><Data Name='ProcessGuid'>{F02F376E-B781-6442-563B-00000000D902}</Data><Data Name='ProcessId'>4048</Data><Data Name='Image'>C:\\Windows\\System32\\cmd.exe</Data><Data Name='FileVersion'>10.0.14393.0 (rs1_release.160715-1616)</Data><Data Name='Description'>Windows Command Processor</Data><Data Name='Product'>Microsoft® Windows® Operating System</Data><Data Name='Company'>Microsoft Corporation</Data><Data Name='OriginalFileName'>Cmd.Exe</Data><Data Name='CommandLine'>cmd.exe /Q /c cd \\ 1&gt; \\\\127.0.0.1\\ADMIN$\\__1682093952.9918194 2&gt;&amp;1</Data><Data Name='CurrentDirectory'>C:\\</Data><Data Name='User'>ATTACKRANGE\\Administrator</Data><Data Name='LogonGuid'>{F02F376E-B781-6442-438F-370600000000}</Data><Data Name='LogonId'>0x6378f43</Data><Data Name='TerminalSessionId'>0</Data><Data Name='IntegrityLevel'>High</Data><Data Name='Hashes'>MD5=F4F684066175B77E0C3A000549D2922C,SHA256=935C1861DF1F4018D698E8B65ABFA02D7E9037D8F68CA3C2065B6CA165D44AD2,IMPHASH=3062ED732D4B25D1C64F084DAC97D37A</Data><Data Name='ParentProcessGuid'>{F02F376E-1673-6440-3B00-00000000D902}</Data><Data Name='ParentProcessId'>2860</Data><Data Name='ParentImage'>C:\\Windows\\System32\\wbem\\WmiPrvSE.exe</Data><Data Name='ParentCommandLine'>C:\\Windows\\system32\\wbem\\wmiprvse.exe -secured -Embedding</Data><Data Name='ParentUser'>NT AUTHORITY\\NETWORK SERVICE</Data></EventData></Event>\n\r\n"}}
{"preview":false,"result":{"_time":"2023-04-21T16:19:15.475+0400","EventRecordID":"117769","_raw":"<Event xmlns='http://schemas.microsoft.com/win/2004/08/events/event'><System><Provider Name='Microsoft-Windows-Sysmon' Guid='{5770385F-C22A-43E0-BF4C-06F5698FFBD9}'/><EventID>1</EventID><Version>5</Version><Level>4</Level><Task>1</Task><Opcode>0</Opcode><Keywords>0x8000000000000000</Keywords><TimeCreated SystemTime='2023-04-21T16:19:15.475533900Z'/><EventRecordID>117769</EventRecordID><Correlation/><Execution ProcessID='1984' ThreadID='2512'/><Channel>Microsoft-Windows-Sysmon/Operational</Channel><Computer>ar-win-2.attackrange.local</Computer><Security UserID='S-1-5-18'/></System><EventData><Data Name='RuleName'>-</Data><Data Name='UtcTime'>2023-04-21 16:19:15.473</Data><Data Name='ProcessGuid'>{F02F376E-B783-6442-5A3B-00000000D902}</Data><Data Name='ProcessId'>5432</Data><Data Name='Image'>C:\\Windows\\System32\\cmd.exe</Data><Data Name='FileVersion'>10.0.14393.0 (rs1_release.160715-1616)</Data><Data Name='Description'>Windows Command Processor</Data><Data Name='Product'>Microsoft® Windows® Operating System</Data><Data Name='Company'>Microsoft Corporation</Data><Data Name='OriginalFileName'>Cmd.Exe</Data><Data Name='CommandLine'>cmd.exe /Q /c calc.exe 1&gt; \\\\127.0.0.1\\ADMIN$\\__1682093952.9918194 2&gt;&amp;1</Data><Data Name='CurrentDirectory'>C:\\</Data><Data Name='User'>ATTACKRANGE\\Administrator</Data><Data Name='LogonGuid'>{F02F376E-B781-6442-438F-370600000000}</Data><Data Name='LogonId'>0x6378f43</Data><Data Name='TerminalSessionId'>0</Data><Data Name='IntegrityLevel'>High</Data><Data Name='Hashes'>MD5=F4F684066175B77E0C3A000549D2922C,SHA256=935C1861DF1F4018D698E8B65ABFA02D7E9037D8F68CA3C2065B6CA165D44AD2,IMPHASH=3062ED732D4B25D1C64F084DAC97D37A</Data><Data Name='ParentProcessGuid'>{F02F376E-1673-6440-3B00-00000000D902}</Data><Data Name='ParentProcessId'>2860</Data><Data Name='ParentImage'>C:\\Windows\\System32\\wbem\\WmiPrvSE.exe</Data><Data Name='ParentCommandLine'>C:\\Windows\\system32\\wbem\\wmiprvse.exe -secured -Embedding</Data><Data Name='ParentUser'>NT AUTHORITY\\NETWORK SERVICE</Data></EventData></Event>"}}
{"preview":false,"result":{"_time":"2023-04-21T16:19:15.504+0400","EventRecordID":"117770","_raw":"<Event xmlns='http://schemas.microsoft.com/win/2004/08/events/event'><System><Provider Name='Microsoft-Windows-Sysmon' Guid='{5770385F-C22A-43E0-BF4C-06F5698FFBD9}'/><EventID>1</EventID><Version>5</Version><Level>4</Level><Task>1</Task><Opcode>0</Opcode><Keywords>0x8000000000000000</Keywords><TimeCreated SystemTime='2023-04-21T16:19:15.504935200Z'/><EventRecordID>117770</EventRecordID><Correlation/><Execution ProcessID='1984' ThreadID='2512'/><Channel>Microsoft-Windows-Sysmon/Operational</Channel><Computer>ar-win-2.attackrange.local</Computer><Security UserID='S-1-5-18'/></System><EventData><Data Name='RuleName'>-</Data><Data Name='UtcTime'>2023-04-21 16:19:15.503</Data><Data Name='ProcessGuid'>{F02F376E-B783-6442-5C3B-00000000D902}</Data><Data Name='ProcessId'>5832</Data><Data Name='Image'>C:\\Windows\\System32\\calc.exe</Data><Data Name='FileVersion'>10.0.14393.4169 (rs1_release.210107-1130)</Data><Data Name='Description'>Windows Calculator</Data><Data Name='Product'>Microsoft® Windows® Operating System</Data><Data Name='Company'>Microsoft Corporation</Data><Data Name='OriginalFileName'>CALC.EXE</Data><Data Name='CommandLine'>calc.exe  </Data><Data Name='CurrentDirectory'>C:\\</Data><Data Name='User'>ATTACKRANGE\\Administrator</Data><Data Name='LogonGuid'>{F02F376E-B781-6442-438F-370600000000}</Data><Data Name='LogonId'>0x6378f43</Data><Data Name='TerminalSessionId'>0</Data><Data Name='IntegrityLevel'>High</Data><Data Name='Hashes'>MD5=2A5CC198FEFC04C2B6B95207A91D3668,SHA256=04FA16D1FBB5F047E7BF9756E8DDC1365AFEAAB22DD4A2C3F03E067B75BED8EA,IMPHASH=3843C3D4A5A7D1045ABE9A4BFCFAAB28</Data><Data Name='ParentProcessGuid'>{F02F376E-B783-6442-5A3B-00000000D902}</Data><Data Name='ParentProcessId'>5432</Data><Data Name='ParentImage'>C:\\Windows\\System32\\cmd.exe</Data><Data Name='ParentCommandLine'>cmd.exe /Q /c calc.exe 1&gt; \\\\127.0.0.1\\ADMIN$\\__1682093952.9918194 2&gt;&amp;1</Data><Data Name='ParentUser'>ATTACKRANGE\\Administrator</Data></EventData></Event>"}}
{"preview":false,"result":{"_time":"2023-04-21T16:20:37.489+0400","EventRecordID":"117779","_raw":"<Event xmlns='http://schemas.microsoft.com/win/2004/08/events/event'><System><Provider Name='Microsoft-Windows-Sysmon' Guid='{5770385F-C22A-43E0-BF4C-06F5698FFBD9}'/><EventID>1</EventID><Version>5</Version><Level>4</Level><Task>1</Task><Opcode>0</Opcode><Keywords>0x8000000000000000</Keywords><TimeCreated SystemTime='2023-04-21T16:20:37.489170400Z'/><EventRecordID>117779</EventRecordID><Correlation/><Execution ProcessID='1984' ThreadID='2512'/><Channel>Microsoft-Windows-Sysmon/Operational</Channel><Computer>ar-win-2.attackrange.local</Computer><Security UserID='S-1-5-18'/></System><EventData><Data Name='RuleName'>-</Data><Data Name='UtcTime'>2023-04-21 16:20:37.488</Data><Data Name='ProcessGuid'>{F02F376E-B7D5-6442-663B-00000000D902}</Data><Data Name='ProcessId'>3132</Data><Data Name='Image'>C:\\Windows\\System32\\cmd.exe</Data><Data Name='FileVersion'>10.0.14393.0 (rs1_release.160715-1616)</Data><Data Name='Description'>Windows Command Processor</Data><Data Name='Product'>Microsoft® Windows® Operating System</Data><Data Name='Company'>Microsoft Corporation</Data><Data Name='OriginalFileName'>Cmd.Exe</Data><Data Name='CommandLine'>cmd.exe /Q /c cd \\ 1&gt; \\\\127.0.0.1\\ADMIN$\\__1682094037.0726507 2&gt;&amp;1</Data><Data Name='CurrentDirectory'>C:\\</Data><Data Name='User'>ATTACKRANGE\\Administrator</Data><Data Name='LogonGuid'>{F02F376E-B7D5-6442-8067-380600000000}</Data><Data Name='LogonId'>0x6386780</Data><Data Name='TerminalSessionId'>0</Data><Data Name='IntegrityLevel'>High</Data><Data Name='Hashes'>MD5=F4F684066175B77E0C3A000549D2922C,SHA256=935C1861DF1F4018D698E8B65ABFA02D7E9037D8F68CA3C2065B6CA165D44AD2,IMPHASH=3062ED732D4B25D1C64F084DAC97D37A</Data><Data Name='ParentProcessGuid'>{F02F376E-1673-6440-3B00-00000000D902}</Data><Data Name='ParentProcessId'>2860</Data><Data Name='ParentImage'>C:\\Windows\\System32\\wbem\\WmiPrvSE.exe</Data><Data Name='ParentCommandLine'>C:\\Windows\\system32\\wbem\\wmiprvse.exe -secured -Embedding</Data><Data Name='ParentUser'>NT AUTHORITY\\NETWORK SERVICE</Data></EventData></Event>"}}
{"preview":false,"result":{"_time":"2023-04-21T16:20:56.306+0400","EventRecordID":"117785","_raw":"<Event xmlns='http://schemas.microsoft.com/win/2004/08/events/event'><System><Provider Name='Microsoft-Windows-Sysmon' Guid='{5770385F-C22A-43E0-BF4C-06F5698FFBD9}'/><EventID>13</EventID><Version>2</Version><Level>4</Level><Task>13</Task><Opcode>0</Opcode><Keywords>0x8000000000000000</Keywords><TimeCreated SystemTime='2023-04-21T16:20:56.306274200Z'/><EventRecordID>117785</EventRecordID><Correlation/><Execution ProcessID='1984' ThreadID='2512'/><Channel>Microsoft-Windows-Sysmon/Operational</Channel><Computer>ar-win-2.attackrange.local</Computer><Security UserID='S-1-5-18'/></System><EventData><Data Name='RuleName'>T1031,T1050</Data><Data Name='EventType'>SetValue</Data><Data Name='UtcTime'>2023-04-21 16:20:56.295</Data><Data Name='ProcessGuid'>{F02F376E-166E-6440-0A00-00000000D902}</Data><Data Name='ProcessId'>588</Data><Data Name='Image'>C:\\Windows\\system32\\services.exe</Data><Data Name='TargetObject'>HKLM\\System\\CurrentControlSet\\Services\\BTOBTO\\ImagePath</Data><Data Name='Details'>%%COMSPEC%% /Q /c echo cd  ^&gt; \\\\127.0.0.1\\C$\\__output 2^&gt;^&amp;1 &gt; %%SYSTEMROOT%%\\rIIBPrqF.bat &amp; %%COMSPEC%% /Q /c %%SYSTEMROOT%%\\rIIBPrqF.bat &amp; del %%SYSTEMROOT%%\\rIIBPrqF.bat</Data><Data Name='User'>NT AUTHORITY\\SYSTEM</Data></EventData></Event>"}}
{"preview":false,"result":{"_time":"2023-04-21T16:20:56.312+0400","EventRecordID":"117786","_raw":"<Event xmlns='http://schemas.microsoft.com/win/2004/08/events/event'><System><Provider Name='Microsoft-Windows-Sysmon' Guid='{5770385F-C22A-43E0-BF4C-06F5698FFBD9}'/><EventID>1</EventID><Version>5</Version><Level>4</Level><Task>1</Task><Opcode>0</Opcode><Keywords>0x8000000000000000</Keywords><TimeCreated SystemTime='2023-04-21T16:20:56.312151900Z'/><EventRecordID>117786</EventRecordID><Correlation/><Execution ProcessID='1984' ThreadID='2512'/><Channel>Microsoft-Windows-Sysmon/Operational</Channel><Computer>ar-win-2.attackrange.local</Computer><Security UserID='S-1-5-18'/></System><EventData><Data Name='RuleName'>-</Data><Data Name='UtcTime'>2023-04-21 16:20:56.311</Data><Data Name='ProcessGuid'>{F02F376E-B7E8-6442-6D3B-00000000D902}</Data><Data Name='ProcessId'>4012</Data><Data Name='Image'>C:\\Windows\\System32\\cmd.exe</Data><Data Name='FileVersion'>10.0.14393.0 (rs1_release.160715-1616)</Data><Data Name='Description'>Windows Command Processor</Data><Data Name='Product'>Microsoft® Windows® Operating System</Data><Data Name='Company'>Microsoft Corporation</Data><Data Name='OriginalFileName'>Cmd.Exe</Data><Data Name='CommandLine'>C:\\Windows\\system32\\cmd.exe /Q /c echo cd  ^&gt; \\\\127.0.0.1\\C$\\__output 2^&gt;^&amp;1 &gt; C:\\Windows\\rIIBPrqF.bat &amp; C:\\Windows\\system32\\cmd.exe /Q /c C:\\Windows\\rIIBPrqF.bat &amp; del C:\\Windows\\rIIBPrqF.bat</Data><Data Name='CurrentDirectory'>C:\\Windows\\system32\\</Data><Data Name='User'>NT AUTHORITY\\SYSTEM</Data><Data Name='LogonGuid'>{F02F376E-166E-6440-E703-000000000000}</Data><Data Name='LogonId'>0x3e7</Data><Data Name='TerminalSessionId'>0</Data><Data Name='IntegrityLevel'>System</Data><Data Name='Hashes'>MD5=F4F684066175B77E0C3A000549D2922C,SHA256=935C1861DF1F4018D698E8B65ABFA02D7E9037D8F68CA3C2065B6CA165D44AD2,IMPHASH=3062ED732D4B25D1C64F084DAC97D37A</Data><Data Name='ParentProcessGuid'>{F02F376E-166E-6440-0A00-00000000D902}</Data><Data Name='ParentProcessId'>588</Data><Data Name='ParentImage'>C:\\Windows\\System32\\services.exe</Data><Data Name='ParentCommandLine'>C:\\Windows\\system32\\services.exe</Data><Data Name='ParentUser'>NT AUTHORITY\\SYSTEM</Data></EventData></Event>"}}
{"preview":false,"result":{"_time":"2023-04-21T16:20:56.324+0400","EventRecordID":"117788","_raw":"<Event xmlns='http://schemas.microsoft.com/win/2004/08/events/event'><System><Provider Name='Microsoft-Windows-Sysmon' Guid='{5770385F-C22A-43E0-BF4C-06F5698FFBD9}'/><EventID>1</EventID><Version>5</Version><Level>4</Level><Task>1</Task><Opcode>0</Opcode><Keywords>0x8000000000000000</Keywords><TimeCreated SystemTime='2023-04-21T16:20:56.324884400Z'/><EventRecordID>117788</EventRecordID><Correlation/><Execution ProcessID='1984' ThreadID='2512'/><Channel>Microsoft-Windows-Sysmon/Operational</Channel><Computer>ar-win-2.attackrange.local</Computer><Security UserID='S-1-5-18'/></System><EventData><Data Name='RuleName'>-</Data><Data Name='UtcTime'>2023-04-21 16:20:56.323</Data><Data Name='ProcessGuid'>{F02F376E-B7E8-6442-6E3B-00000000D902}</Data><Data Name='ProcessId'>2396</Data><Data Name='Image'>C:\\Windows\\System32\\cmd.exe</Data><Data Name='FileVersion'>10.0.14393.0 (rs1_release.160715-1616)</Data><Data Name='Description'>Windows Command Processor</Data><Data Name='Product'>Microsoft® Windows® Operating System</Data><Data Name='Company'>Microsoft Corporation</Data><Data Name='OriginalFileName'>Cmd.Exe</Data><Data Name='CommandLine'>C:\\Windows\\system32\\cmd.exe  /Q /c C:\\Windows\\rIIBPrqF.bat </Data><Data Name='CurrentDirectory'>C:\\Windows\\system32\\</Data><Data Name='User'>NT AUTHORITY\\SYSTEM</Data><Data Name='LogonGuid'>{F02F376E-166E-6440-E703-000000000000}</Data><Data Name='LogonId'>0x3e7</Data><Data Name='TerminalSessionId'>0</Data><Data Name='IntegrityLevel'>System</Data><Data Name='Hashes'>MD5=F4F684066175B77E0C3A000549D2922C,SHA256=935C1861DF1F4018D698E8B65ABFA02D7E9037D8F68CA3C2065B6CA165D44AD2,IMPHASH=3062ED732D4B25D1C64F084DAC97D37A</Data><Data Name='ParentProcessGuid'>{F02F376E-B7E8-6442-6D3B-00000000D902}</Data><Data Name='ParentProcessId'>4012</Data><Data Name='ParentImage'>C:\\Windows\\System32\\cmd.exe</Data><Data Name='ParentCommandLine'>C:\\Windows\\system32\\cmd.exe /Q /c echo cd  ^&gt; \\\\127.0.0.1\\C$\\__output 2^&gt;^&amp;1 &gt; C:\\Windows\\rIIBPrqF.bat &amp; C:\\Windows\\system32\\cmd.exe /Q /c C:\\Windows\\rIIBPrqF.bat &amp; del C:\\Windows\\rIIBPrqF.bat</Data><Data Name='ParentUser'>NT AUTHORITY\\SYSTEM</Data></EventData></Event>"},"lastrow":true}
